--------------- Build Started: 01/16/2021 23:23:24 Project: TM_Mesh_System, Configuration: ARM GCC 5.4-2016-q2-update Debug ---------------
The code generation step is up to date.
arm-none-eabi-gcc.exe -mcpu=cortex-m0 -mthumb -I. -IGenerated_Source\PSoC4 -Wa,-alh=.\CortexM0\ARM_GCC_541\Debug/ble_process.lst -g -D DEBUG -Wall -ffunction-sections -ffat-lto-objects -O0 -c ..\..\..\PSoC-4-BLE-master\100_Projects_in_100_Days\Day049_BLE_Mesh_Flood\Mesh_Flood\Mesh_Flood_PSoC4BLE.cydsn\ble_process.c -o .\CortexM0\ARM_GCC_541\Debug\ble_process.o
..\..\..\PSoC-4-BLE-master\100_Projects_in_100_Days\Day049_BLE_Mesh_Flood\Mesh_Flood\Mesh_Flood_PSoC4BLE.cydsn\ble_process.c: In function 'GenericEventHandler':
..\..\..\PSoC-4-BLE-master\100_Projects_in_100_Days\Day049_BLE_Mesh_Flood\Mesh_Flood\Mesh_Flood_PSoC4BLE.cydsn\ble_process.c:412:41: warning: assignment from incompatible pointer type [-Wincompatible-pointer-types]
           writeADVcounterdata.value.val = &dataADVCounter;
                                         ^
..\..\..\PSoC-4-BLE-master\100_Projects_in_100_Days\Day049_BLE_Mesh_Flood\Mesh_Flood\Mesh_Flood_PSoC4BLE.cydsn\ble_process.c:103:7: warning: 'apiResult' may be used uninitialized in this function [-Wmaybe-uninitialized]
     if(apiResult == CYBLE_ERROR_OK)
       ^
arm-none-eabi-ar.exe -rs .\CortexM0\ARM_GCC_541\Debug\TM_Mesh_System.a .\CortexM0\ARM_GCC_541\Debug\OneWire.o .\CortexM0\ARM_GCC_541\Debug\PinLED.o .\CortexM0\ARM_GCC_541\Debug\PinLED_PM.o .\CortexM0\ARM_GCC_541\Debug\isr_Timer.o .\CortexM0\ARM_GCC_541\Debug\Clock_ReportTimer.o .\CortexM0\ARM_GCC_541\Debug\OneWire_ControlReg_DRV.o .\CortexM0\ARM_GCC_541\Debug\OneWire_ControlReg_DRV_PM.o .\CortexM0\ARM_GCC_541\Debug\OneWire_StatusReg_BUS.o .\CortexM0\ARM_GCC_541\Debug\OneWire_TimerDelay.o .\CortexM0\ARM_GCC_541\Debug\OneWire_TimerDelay_PM.o .\CortexM0\ARM_GCC_541\Debug\OneWire_ControlReg_SEL.o .\CortexM0\ARM_GCC_541\Debug\OneWire_ControlReg_SEL_PM.o .\CortexM0\ARM_GCC_541\Debug\OneWire_clock_delay.o .\CortexM0\ARM_GCC_541\Debug\OneWire_Trigger.o .\CortexM0\ARM_GCC_541\Debug\OneWire_Trigger_PM.o .\CortexM0\ARM_GCC_541\Debug\OneWire_isr_DataReady.o .\CortexM0\ARM_GCC_541\Debug\CyFlash.o .\CortexM0\ARM_GCC_541\Debug\CyLib.o .\CortexM0\ARM_GCC_541\Debug\cyPm.o .\CortexM0\ARM_GCC_541\Debug\cyutils.o .\CortexM0\ARM_GCC_541\Debug\Pin_0.o .\CortexM0\ARM_GCC_541\Debug\Pin_0_PM.o .\CortexM0\ARM_GCC_541\Debug\CyDMA.o .\CortexM0\ARM_GCC_541\Debug\CyLFClk.o .\CortexM0\ARM_GCC_541\Debug\cy_em_eeprom.o .\CortexM0\ARM_GCC_541\Debug\BLE.o .\CortexM0\ARM_GCC_541\Debug\BLE_gatt.o .\CortexM0\ARM_GCC_541\Debug\BLE_eventHandler.o .\CortexM0\ARM_GCC_541\Debug\BLE_HAL_INT.o .\CortexM0\ARM_GCC_541\Debug\BLE_HAL_PVT.o .\CortexM0\ARM_GCC_541\Debug\BLE_hts.o .\CortexM0\ARM_GCC_541\Debug\BLE_custom.o .\CortexM0\ARM_GCC_541\Debug\BLE_bless_isr.o .\CortexM0\ARM_GCC_541\Debug\isr_WDT.o .\CortexM0\ARM_GCC_541\Debug\UART.o .\CortexM0\ARM_GCC_541\Debug\UART_SPI_UART.o .\CortexM0\ARM_GCC_541\Debug\UART_SPI_UART_INT.o .\CortexM0\ARM_GCC_541\Debug\UART_PM.o .\CortexM0\ARM_GCC_541\Debug\UART_UART.o .\CortexM0\ARM_GCC_541\Debug\UART_BOOT.o .\CortexM0\ARM_GCC_541\Debug\UART_UART_BOOT.o .\CortexM0\ARM_GCC_541\Debug\UART_SCBCLK.o .\CortexM0\ARM_GCC_541\Debug\UART_tx.o .\CortexM0\ARM_GCC_541\Debug\UART_tx_PM.o .\CortexM0\ARM_GCC_541\Debug\UART_rx.o .\CortexM0\ARM_GCC_541\Debug\UART_rx_PM.o .\CortexM0\ARM_GCC_541\Debug\GREEN_LED_Pin.o .\CortexM0\ARM_GCC_541\Debug\GREEN_LED_Pin_PM.o .\CortexM0\ARM_GCC_541\Debug\CyBootAsmGnu.o
arm-none-eabi-ar.exe: creating .\CortexM0\ARM_GCC_541\Debug\TM_Mesh_System.a
arm-none-eabi-gcc.exe -Wl,--start-group -o C:\Users\User\Desktop\Hi\Demo1\TM_Mesh_System.cydsn\CortexM0\ARM_GCC_541\Debug\TM_Mesh_System.elf .\CortexM0\ARM_GCC_541\Debug\main.o .\CortexM0\ARM_GCC_541\Debug\CommonFunctions.o .\CortexM0\ARM_GCC_541\Debug\Temperature.o .\CortexM0\ARM_GCC_541\Debug\ble_process.o .\CortexM0\ARM_GCC_541\Debug\debug.o .\CortexM0\ARM_GCC_541\Debug\WDT.o .\CortexM0\ARM_GCC_541\Debug\cyfitter_cfg.o .\CortexM0\ARM_GCC_541\Debug\cymetadata.o .\CortexM0\ARM_GCC_541\Debug\Cm0Start.o .\CortexM0\ARM_GCC_541\Debug\TM_Mesh_System.a "..\..\..\..\Documents\PSoC Creator\4.2\Downloads ( 4.2).cylib\BLE_v3_66\Library\gccCyBLEStack_BLE_SOC_CENTRAL_PERIPHERAL.a" -mcpu=cortex-m0 -mthumb -L Generated_Source\PSoC4 -Wl,-Map,.\CortexM0\ARM_GCC_541\Debug/TM_Mesh_System.map -T Generated_Source\PSoC4\cm0gcc.ld -specs=nano.specs -Wl,--gc-sections -g -ffunction-sections -O0 -ffat-lto-objects -Wl,--end-group
cyelftool.exe -C C:\Users\User\Desktop\Hi\Demo1\TM_Mesh_System.cydsn\CortexM0\ARM_GCC_541\Debug\TM_Mesh_System.elf --flash_row_size 256 --flash_size 262144 --flash_offset 0x00000000
No ELF section .cychecksum found, creating one
Application checksum calculated and stored in ELF section .cychecksum
Checksum calculated and stored in ELF section .cymeta
cyelftool.exe -S C:\Users\User\Desktop\Hi\Demo1\TM_Mesh_System.cydsn\CortexM0\ARM_GCC_541\Debug\TM_Mesh_System.elf
Flash used: 117222 of 262144 bytes (44,7%).
SRAM used: 29864 of 32768 bytes (91,1%). Stack: 16384 bytes. Heap: 4096 bytes.
--------------- Build Succeeded: 01/16/2021 23:23:28 ---------------
