--------------- Rebuild Started: 01/09/2021 14:22:44 Project: TM_Mesh_System, Configuration: ARM GCC 5.4-2016-q2-update Debug ---------------
Deleting file ".\CortexM0\ARM_GCC_541\Debug\TM_Mesh_System.hex"
Deleting file ".\TM_Mesh_System.cycdx"
Deleting file ".\TM_Mesh_System.svd"
Deleting file ".\TM_Mesh_System.rpt"
Deleting file ".\TM_Mesh_System_timing.html"
cydsfit.exe -.appdatapath "C:\Users\User\AppData\Local\Cypress Semiconductor\PSoC Creator\4.2" -.fdsnotice -.fdswarpdepfile=warp_dependencies.txt -.fdselabdepfile=elab_dependencies.txt -.fdsbldfile=generated_files.txt -.fdsreffile=referenced_files.txt -p C:\Users\User\Desktop\Hi\Demo1\TM_Mesh_System.cydsn\TM_Mesh_System.cyprj -d CY8C4248LQI-BL583 -s C:\Users\User\Desktop\Hi\Demo1\TM_Mesh_System.cydsn\Generated_Source\PSoC4 -- -yv2 -q10 -ygs -o2 -v3 -.fftcfgtype=LE
Elaborating Design...
HDL Generation...
Synthesis...
Tech Mapping...
Info: plm.M0038: The pin named Pin_0(0) at location P3[4] prevents usage of special purposes: SCB[1].uart_rx. (App=cydsfit)
Info: plm.M0038: The pin named Pin_0(0) at location P3[4] prevents usage of special purposes: SCB[1].i2c_sda. (App=cydsfit)
Analog Placement...
Analog Routing...
Analog Code Generation...
Digital Placement...
Digital Routing...
Bitstream Generation...
Bitstream Verification...
Static timing analysis...
API Generation...
Dependency Generation...
Cleanup...
arm-none-eabi-gcc.exe -mcpu=cortex-m0 -mthumb -I. -IGenerated_Source\PSoC4 -Wa,-alh=.\CortexM0\ARM_GCC_541\Debug/main.lst -g -D DEBUG -Wall -ffunction-sections -ffat-lto-objects -O0 -c main.c -o .\CortexM0\ARM_GCC_541\Debug\main.o
main.c:12:19: fatal error: debug.h: No such file or directory
compilation terminated.
The command 'arm-none-eabi-gcc.exe' failed with exit code '1'.
--------------- Rebuild Failed: 01/09/2021 14:22:59 ---------------
