ARM GAS  C:\Users\User\AppData\Local\Temp\ccvGjkir.s 			page 1


   1              		.syntax unified
   2              		.cpu cortex-m0
   3              		.fpu softvfp
   4              		.eabi_attribute 20, 1
   5              		.eabi_attribute 21, 1
   6              		.eabi_attribute 23, 3
   7              		.eabi_attribute 24, 1
   8              		.eabi_attribute 25, 1
   9              		.eabi_attribute 26, 1
  10              		.eabi_attribute 30, 6
  11              		.eabi_attribute 34, 0
  12              		.eabi_attribute 18, 4
  13              		.thumb
  14              		.syntax unified
  15              		.file	"BLE_HAL_INT.c"
  16              		.text
  17              	.Ltext0:
  18              		.cfi_sections	.debug_frame
  19              		.section	.text.CyBLE_Bless_Interrupt,"ax",%progbits
  20              		.align	2
  21              		.global	CyBLE_Bless_Interrupt
  22              		.code	16
  23              		.thumb_func
  24              		.type	CyBLE_Bless_Interrupt, %function
  25              	CyBLE_Bless_Interrupt:
  26              	.LFB2:
  27              		.file 1 "Generated_Source\\PSoC4\\BLE_HAL_INT.c"
   1:Generated_Source\PSoC4/BLE_HAL_INT.c **** /***************************************************************************//**
   2:Generated_Source\PSoC4/BLE_HAL_INT.c **** * \file BLE_HAL_INT.c
   3:Generated_Source\PSoC4/BLE_HAL_INT.c **** * \version 3.30
   4:Generated_Source\PSoC4/BLE_HAL_INT.c **** *
   5:Generated_Source\PSoC4/BLE_HAL_INT.c **** * \brief
   6:Generated_Source\PSoC4/BLE_HAL_INT.c **** *  This file contains the source code for the Interrupt Service Routine for the
   7:Generated_Source\PSoC4/BLE_HAL_INT.c **** *  HAL section of the BLE component
   8:Generated_Source\PSoC4/BLE_HAL_INT.c **** *
   9:Generated_Source\PSoC4/BLE_HAL_INT.c **** ********************************************************************************
  10:Generated_Source\PSoC4/BLE_HAL_INT.c **** * \copyright
  11:Generated_Source\PSoC4/BLE_HAL_INT.c **** * Copyright 2014-2016, Cypress Semiconductor Corporation.  All rights reserved.
  12:Generated_Source\PSoC4/BLE_HAL_INT.c **** * You may use this file only in accordance with the license, terms, conditions,
  13:Generated_Source\PSoC4/BLE_HAL_INT.c **** * disclaimers, and limitations in the end user license agreement accompanying
  14:Generated_Source\PSoC4/BLE_HAL_INT.c **** * the software package with which this file was provided.
  15:Generated_Source\PSoC4/BLE_HAL_INT.c **** *******************************************************************************/
  16:Generated_Source\PSoC4/BLE_HAL_INT.c **** 
  17:Generated_Source\PSoC4/BLE_HAL_INT.c **** #include "BLE_HAL_PVT.h"
  18:Generated_Source\PSoC4/BLE_HAL_INT.c **** 
  19:Generated_Source\PSoC4/BLE_HAL_INT.c **** 
  20:Generated_Source\PSoC4/BLE_HAL_INT.c **** /*******************************************************************************
  21:Generated_Source\PSoC4/BLE_HAL_INT.c **** * Function Name: CyBLE_Bless_Interrupt
  22:Generated_Source\PSoC4/BLE_HAL_INT.c **** ****************************************************************************//**
  23:Generated_Source\PSoC4/BLE_HAL_INT.c **** *
  24:Generated_Source\PSoC4/BLE_HAL_INT.c **** *  Handles the Interrupt Service Routine for the BLE sub-system.
  25:Generated_Source\PSoC4/BLE_HAL_INT.c **** *
  26:Generated_Source\PSoC4/BLE_HAL_INT.c **** * \return
  27:Generated_Source\PSoC4/BLE_HAL_INT.c **** *  None
  28:Generated_Source\PSoC4/BLE_HAL_INT.c **** *
  29:Generated_Source\PSoC4/BLE_HAL_INT.c **** *******************************************************************************/
  30:Generated_Source\PSoC4/BLE_HAL_INT.c **** CY_ISR(CyBLE_Bless_Interrupt)
ARM GAS  C:\Users\User\AppData\Local\Temp\ccvGjkir.s 			page 2


  31:Generated_Source\PSoC4/BLE_HAL_INT.c **** {
  28              		.loc 1 31 0
  29              		.cfi_startproc
  30              		@ args = 0, pretend = 0, frame = 0
  31              		@ frame_needed = 1, uses_anonymous_args = 0
  32 0000 80B5     		push	{r7, lr}
  33              		.cfi_def_cfa_offset 8
  34              		.cfi_offset 7, -8
  35              		.cfi_offset 14, -4
  36 0002 00AF     		add	r7, sp, #0
  37              		.cfi_def_cfa_register 7
  32:Generated_Source\PSoC4/BLE_HAL_INT.c ****     #if(CYBLE_STACK_MODE_DEBUG)
  33:Generated_Source\PSoC4/BLE_HAL_INT.c ****         CyBle_ApplCallback(CYBLE_DEBUG_EVT_BLESS_INT, NULL);
  34:Generated_Source\PSoC4/BLE_HAL_INT.c ****     #endif /* CYBLE_STACK_MODE_DEBUG */
  35:Generated_Source\PSoC4/BLE_HAL_INT.c **** 
  36:Generated_Source\PSoC4/BLE_HAL_INT.c ****     /* Call stack manager bless function handler */
  37:Generated_Source\PSoC4/BLE_HAL_INT.c ****     CyBLE_pf_bless_event_hdlr();
  38              		.loc 1 37 0
  39 0004 FFF7FEFF 		bl	CyBle_BleSSInterruptHandler
  38:Generated_Source\PSoC4/BLE_HAL_INT.c ****     /* Host stack takes care of clearing interrupts */
  39:Generated_Source\PSoC4/BLE_HAL_INT.c **** }
  40              		.loc 1 39 0
  41 0008 C046     		nop
  42 000a BD46     		mov	sp, r7
  43              		@ sp needed
  44 000c 80BD     		pop	{r7, pc}
  45              		.cfi_endproc
  46              	.LFE2:
  47              		.size	CyBLE_Bless_Interrupt, .-CyBLE_Bless_Interrupt
  48 000e C046     		.text
  49              	.Letext0:
  50              		.section	.debug_info,"",%progbits
  51              	.Ldebug_info0:
  52 0000 9C000000 		.4byte	0x9c
  53 0004 0400     		.2byte	0x4
  54 0006 00000000 		.4byte	.Ldebug_abbrev0
  55 000a 04       		.byte	0x4
  56 000b 01       		.uleb128 0x1
  57 000c 94010000 		.4byte	.LASF14
  58 0010 0C       		.byte	0xc
  59 0011 1B000000 		.4byte	.LASF15
  60 0015 69000000 		.4byte	.LASF16
  61 0019 00000000 		.4byte	.Ldebug_ranges0+0
  62 001d 00000000 		.4byte	0
  63 0021 00000000 		.4byte	.Ldebug_line0
  64 0025 02       		.uleb128 0x2
  65 0026 01       		.byte	0x1
  66 0027 06       		.byte	0x6
  67 0028 6C010000 		.4byte	.LASF0
  68 002c 02       		.uleb128 0x2
  69 002d 01       		.byte	0x1
  70 002e 08       		.byte	0x8
  71 002f 20010000 		.4byte	.LASF1
  72 0033 02       		.uleb128 0x2
  73 0034 02       		.byte	0x2
  74 0035 05       		.byte	0x5
  75 0036 8A010000 		.4byte	.LASF2
ARM GAS  C:\Users\User\AppData\Local\Temp\ccvGjkir.s 			page 3


  76 003a 02       		.uleb128 0x2
  77 003b 02       		.byte	0x2
  78 003c 07       		.byte	0x7
  79 003d 59010000 		.4byte	.LASF3
  80 0041 02       		.uleb128 0x2
  81 0042 04       		.byte	0x4
  82 0043 05       		.byte	0x5
  83 0044 33010000 		.4byte	.LASF4
  84 0048 02       		.uleb128 0x2
  85 0049 04       		.byte	0x4
  86 004a 07       		.byte	0x7
  87 004b 40000000 		.4byte	.LASF5
  88 004f 02       		.uleb128 0x2
  89 0050 08       		.byte	0x8
  90 0051 05       		.byte	0x5
  91 0052 00000000 		.4byte	.LASF6
  92 0056 02       		.uleb128 0x2
  93 0057 08       		.byte	0x8
  94 0058 07       		.byte	0x7
  95 0059 52000000 		.4byte	.LASF7
  96 005d 03       		.uleb128 0x3
  97 005e 04       		.byte	0x4
  98 005f 05       		.byte	0x5
  99 0060 696E7400 		.ascii	"int\000"
 100 0064 02       		.uleb128 0x2
 101 0065 04       		.byte	0x4
 102 0066 07       		.byte	0x7
 103 0067 0E000000 		.4byte	.LASF8
 104 006b 02       		.uleb128 0x2
 105 006c 04       		.byte	0x4
 106 006d 04       		.byte	0x4
 107 006e 84010000 		.4byte	.LASF9
 108 0072 02       		.uleb128 0x2
 109 0073 08       		.byte	0x8
 110 0074 04       		.byte	0x4
 111 0075 52010000 		.4byte	.LASF10
 112 0079 02       		.uleb128 0x2
 113 007a 01       		.byte	0x1
 114 007b 08       		.byte	0x8
 115 007c 2E010000 		.4byte	.LASF11
 116 0080 02       		.uleb128 0x2
 117 0081 08       		.byte	0x8
 118 0082 04       		.byte	0x4
 119 0083 78010000 		.4byte	.LASF12
 120 0087 02       		.uleb128 0x2
 121 0088 04       		.byte	0x4
 122 0089 07       		.byte	0x7
 123 008a 22020000 		.4byte	.LASF13
 124 008e 04       		.uleb128 0x4
 125 008f 3C010000 		.4byte	.LASF17
 126 0093 01       		.byte	0x1
 127 0094 1E       		.byte	0x1e
 128 0095 00000000 		.4byte	.LFB2
 129 0099 0E000000 		.4byte	.LFE2-.LFB2
 130 009d 01       		.uleb128 0x1
 131 009e 9C       		.byte	0x9c
 132 009f 00       		.byte	0
ARM GAS  C:\Users\User\AppData\Local\Temp\ccvGjkir.s 			page 4


 133              		.section	.debug_abbrev,"",%progbits
 134              	.Ldebug_abbrev0:
 135 0000 01       		.uleb128 0x1
 136 0001 11       		.uleb128 0x11
 137 0002 01       		.byte	0x1
 138 0003 25       		.uleb128 0x25
 139 0004 0E       		.uleb128 0xe
 140 0005 13       		.uleb128 0x13
 141 0006 0B       		.uleb128 0xb
 142 0007 03       		.uleb128 0x3
 143 0008 0E       		.uleb128 0xe
 144 0009 1B       		.uleb128 0x1b
 145 000a 0E       		.uleb128 0xe
 146 000b 55       		.uleb128 0x55
 147 000c 17       		.uleb128 0x17
 148 000d 11       		.uleb128 0x11
 149 000e 01       		.uleb128 0x1
 150 000f 10       		.uleb128 0x10
 151 0010 17       		.uleb128 0x17
 152 0011 00       		.byte	0
 153 0012 00       		.byte	0
 154 0013 02       		.uleb128 0x2
 155 0014 24       		.uleb128 0x24
 156 0015 00       		.byte	0
 157 0016 0B       		.uleb128 0xb
 158 0017 0B       		.uleb128 0xb
 159 0018 3E       		.uleb128 0x3e
 160 0019 0B       		.uleb128 0xb
 161 001a 03       		.uleb128 0x3
 162 001b 0E       		.uleb128 0xe
 163 001c 00       		.byte	0
 164 001d 00       		.byte	0
 165 001e 03       		.uleb128 0x3
 166 001f 24       		.uleb128 0x24
 167 0020 00       		.byte	0
 168 0021 0B       		.uleb128 0xb
 169 0022 0B       		.uleb128 0xb
 170 0023 3E       		.uleb128 0x3e
 171 0024 0B       		.uleb128 0xb
 172 0025 03       		.uleb128 0x3
 173 0026 08       		.uleb128 0x8
 174 0027 00       		.byte	0
 175 0028 00       		.byte	0
 176 0029 04       		.uleb128 0x4
 177 002a 2E       		.uleb128 0x2e
 178 002b 00       		.byte	0
 179 002c 3F       		.uleb128 0x3f
 180 002d 19       		.uleb128 0x19
 181 002e 03       		.uleb128 0x3
 182 002f 0E       		.uleb128 0xe
 183 0030 3A       		.uleb128 0x3a
 184 0031 0B       		.uleb128 0xb
 185 0032 3B       		.uleb128 0x3b
 186 0033 0B       		.uleb128 0xb
 187 0034 27       		.uleb128 0x27
 188 0035 19       		.uleb128 0x19
 189 0036 11       		.uleb128 0x11
ARM GAS  C:\Users\User\AppData\Local\Temp\ccvGjkir.s 			page 5


 190 0037 01       		.uleb128 0x1
 191 0038 12       		.uleb128 0x12
 192 0039 06       		.uleb128 0x6
 193 003a 40       		.uleb128 0x40
 194 003b 18       		.uleb128 0x18
 195 003c 9642     		.uleb128 0x2116
 196 003e 19       		.uleb128 0x19
 197 003f 00       		.byte	0
 198 0040 00       		.byte	0
 199 0041 00       		.byte	0
 200              		.section	.debug_aranges,"",%progbits
 201 0000 1C000000 		.4byte	0x1c
 202 0004 0200     		.2byte	0x2
 203 0006 00000000 		.4byte	.Ldebug_info0
 204 000a 04       		.byte	0x4
 205 000b 00       		.byte	0
 206 000c 0000     		.2byte	0
 207 000e 0000     		.2byte	0
 208 0010 00000000 		.4byte	.LFB2
 209 0014 0E000000 		.4byte	.LFE2-.LFB2
 210 0018 00000000 		.4byte	0
 211 001c 00000000 		.4byte	0
 212              		.section	.debug_ranges,"",%progbits
 213              	.Ldebug_ranges0:
 214 0000 00000000 		.4byte	.LFB2
 215 0004 0E000000 		.4byte	.LFE2
 216 0008 00000000 		.4byte	0
 217 000c 00000000 		.4byte	0
 218              		.section	.debug_line,"",%progbits
 219              	.Ldebug_line0:
 220 0000 52000000 		.section	.debug_str,"MS",%progbits,1
 220      02003B00 
 220      00000201 
 220      FB0E0D00 
 220      01010101 
 221              	.LASF6:
 222 0000 6C6F6E67 		.ascii	"long long int\000"
 222      206C6F6E 
 222      6720696E 
 222      7400
 223              	.LASF8:
 224 000e 756E7369 		.ascii	"unsigned int\000"
 224      676E6564 
 224      20696E74 
 224      00
 225              	.LASF15:
 226 001b 47656E65 		.ascii	"Generated_Source\\PSoC4\\BLE_HAL_INT.c\000"
 226      72617465 
 226      645F536F 
 226      75726365 
 226      5C50536F 
 227              	.LASF5:
 228 0040 6C6F6E67 		.ascii	"long unsigned int\000"
 228      20756E73 
 228      69676E65 
 228      6420696E 
 228      7400
ARM GAS  C:\Users\User\AppData\Local\Temp\ccvGjkir.s 			page 6


 229              	.LASF7:
 230 0052 6C6F6E67 		.ascii	"long long unsigned int\000"
 230      206C6F6E 
 230      6720756E 
 230      7369676E 
 230      65642069 
 231              	.LASF16:
 232 0069 433A5C55 		.ascii	"C:\\Users\\User\\Documents\\PSoC Creator\\PSoC4-MCU"
 232      73657273 
 232      5C557365 
 232      725C446F 
 232      63756D65 
 233 0097 2D424C45 		.ascii	"-BLE-Connectivity-Designs-master\\PSoC4-MCU-BLE-Con"
 233      2D436F6E 
 233      6E656374 
 233      69766974 
 233      792D4465 
 234 00c9 6E656374 		.ascii	"nectivity-Designs-master\\BLE_Temperature_Measureme"
 234      69766974 
 234      792D4465 
 234      7369676E 
 234      732D6D61 
 235 00fb 6E745C42 		.ascii	"nt\\BLE_Temperature_Measurement.cydsn\000"
 235      4C455F54 
 235      656D7065 
 235      72617475 
 235      72655F4D 
 236              	.LASF1:
 237 0120 756E7369 		.ascii	"unsigned char\000"
 237      676E6564 
 237      20636861 
 237      7200
 238              	.LASF11:
 239 012e 63686172 		.ascii	"char\000"
 239      00
 240              	.LASF4:
 241 0133 6C6F6E67 		.ascii	"long int\000"
 241      20696E74 
 241      00
 242              	.LASF17:
 243 013c 4379424C 		.ascii	"CyBLE_Bless_Interrupt\000"
 243      455F426C 
 243      6573735F 
 243      496E7465 
 243      72727570 
 244              	.LASF10:
 245 0152 646F7562 		.ascii	"double\000"
 245      6C6500
 246              	.LASF3:
 247 0159 73686F72 		.ascii	"short unsigned int\000"
 247      7420756E 
 247      7369676E 
 247      65642069 
 247      6E7400
 248              	.LASF0:
 249 016c 7369676E 		.ascii	"signed char\000"
 249      65642063 
ARM GAS  C:\Users\User\AppData\Local\Temp\ccvGjkir.s 			page 7


 249      68617200 
 250              	.LASF12:
 251 0178 6C6F6E67 		.ascii	"long double\000"
 251      20646F75 
 251      626C6500 
 252              	.LASF9:
 253 0184 666C6F61 		.ascii	"float\000"
 253      7400
 254              	.LASF2:
 255 018a 73686F72 		.ascii	"short int\000"
 255      7420696E 
 255      7400
 256              	.LASF14:
 257 0194 474E5520 		.ascii	"GNU C11 5.4.1 20160609 (release) [ARM/embedded-5-br"
 257      43313120 
 257      352E342E 
 257      31203230 
 257      31363036 
 258 01c7 616E6368 		.ascii	"anch revision 237715] -mcpu=cortex-m0 -mthumb -g -O"
 258      20726576 
 258      6973696F 
 258      6E203233 
 258      37373135 
 259 01fa 30202D66 		.ascii	"0 -ffunction-sections -ffat-lto-objects\000"
 259      66756E63 
 259      74696F6E 
 259      2D736563 
 259      74696F6E 
 260              	.LASF13:
 261 0222 73697A65 		.ascii	"sizetype\000"
 261      74797065 
 261      00
 262              		.ident	"GCC: (GNU Tools for ARM Embedded Processors) 5.4.1 20160609 (release) [ARM/embedded-5-bran
