ARM GAS  C:\Users\User\AppData\Local\Temp\ccOXi1zV.s 			page 1


   1              		.syntax unified
   2              		.cpu cortex-m0
   3              		.fpu softvfp
   4              		.eabi_attribute 20, 1
   5              		.eabi_attribute 21, 1
   6              		.eabi_attribute 23, 3
   7              		.eabi_attribute 24, 1
   8              		.eabi_attribute 25, 1
   9              		.eabi_attribute 26, 1
  10              		.eabi_attribute 30, 6
  11              		.eabi_attribute 34, 0
  12              		.eabi_attribute 18, 4
  13              		.thumb
  14              		.syntax unified
  15              		.file	"cyfitter_cfg.c"
  16              		.text
  17              	.Ltext0:
  18              		.cfi_sections	.debug_frame
  19              		.section	.text.CYMEMZERO,"ax",%progbits
  20              		.align	2
  21              		.code	16
  22              		.thumb_func
  23              		.type	CYMEMZERO, %function
  24              	CYMEMZERO:
  25              	.LFB2:
  26              		.file 1 "Generated_Source\\PSoC4\\cyfitter_cfg.c"
   1:Generated_Source\PSoC4/cyfitter_cfg.c **** 
   2:Generated_Source\PSoC4/cyfitter_cfg.c **** /*******************************************************************************
   3:Generated_Source\PSoC4/cyfitter_cfg.c **** * File Name: cyfitter_cfg.c
   4:Generated_Source\PSoC4/cyfitter_cfg.c **** * 
   5:Generated_Source\PSoC4/cyfitter_cfg.c **** * PSoC Creator  4.2
   6:Generated_Source\PSoC4/cyfitter_cfg.c **** *
   7:Generated_Source\PSoC4/cyfitter_cfg.c **** * Description:
   8:Generated_Source\PSoC4/cyfitter_cfg.c **** * This file contains device initialization code.
   9:Generated_Source\PSoC4/cyfitter_cfg.c **** * Except for the user defined sections in CyClockStartupError(), this file should not be modified.
  10:Generated_Source\PSoC4/cyfitter_cfg.c **** * This file is automatically generated by PSoC Creator.
  11:Generated_Source\PSoC4/cyfitter_cfg.c **** *
  12:Generated_Source\PSoC4/cyfitter_cfg.c **** ********************************************************************************
  13:Generated_Source\PSoC4/cyfitter_cfg.c **** * Copyright (c) 2007-2018 Cypress Semiconductor.  All rights reserved.
  14:Generated_Source\PSoC4/cyfitter_cfg.c **** * You may use this file only in accordance with the license, terms, conditions, 
  15:Generated_Source\PSoC4/cyfitter_cfg.c **** * disclaimers, and limitations in the end user license agreement accompanying 
  16:Generated_Source\PSoC4/cyfitter_cfg.c **** * the software package with which this file was provided.
  17:Generated_Source\PSoC4/cyfitter_cfg.c **** ********************************************************************************/
  18:Generated_Source\PSoC4/cyfitter_cfg.c **** 
  19:Generated_Source\PSoC4/cyfitter_cfg.c **** #include <string.h>
  20:Generated_Source\PSoC4/cyfitter_cfg.c **** #include "cytypes.h"
  21:Generated_Source\PSoC4/cyfitter_cfg.c **** #include "cydevice_trm.h"
  22:Generated_Source\PSoC4/cyfitter_cfg.c **** #include "cyfitter.h"
  23:Generated_Source\PSoC4/cyfitter_cfg.c **** #include "CyLib.h"
  24:Generated_Source\PSoC4/cyfitter_cfg.c **** #include "cyfitter_cfg.h"
  25:Generated_Source\PSoC4/cyfitter_cfg.c **** 
  26:Generated_Source\PSoC4/cyfitter_cfg.c **** 
  27:Generated_Source\PSoC4/cyfitter_cfg.c **** #if defined(__GNUC__) || defined(__ARMCC_VERSION)
  28:Generated_Source\PSoC4/cyfitter_cfg.c ****     #define CYPACKED 
  29:Generated_Source\PSoC4/cyfitter_cfg.c ****     #define CYPACKED_ATTR __attribute__ ((packed))
  30:Generated_Source\PSoC4/cyfitter_cfg.c ****     #define CYALIGNED __attribute__ ((aligned))
  31:Generated_Source\PSoC4/cyfitter_cfg.c ****     #define CY_CFG_UNUSED __attribute__ ((unused))
ARM GAS  C:\Users\User\AppData\Local\Temp\ccOXi1zV.s 			page 2


  32:Generated_Source\PSoC4/cyfitter_cfg.c ****     #ifndef CY_CFG_SECTION
  33:Generated_Source\PSoC4/cyfitter_cfg.c ****         #define CY_CFG_SECTION __attribute__ ((section(".psocinit")))
  34:Generated_Source\PSoC4/cyfitter_cfg.c ****     #endif
  35:Generated_Source\PSoC4/cyfitter_cfg.c ****     
  36:Generated_Source\PSoC4/cyfitter_cfg.c ****     #if defined(__ARMCC_VERSION)
  37:Generated_Source\PSoC4/cyfitter_cfg.c ****         #define CY_CFG_MEMORY_BARRIER() __memory_changed()
  38:Generated_Source\PSoC4/cyfitter_cfg.c ****     #else
  39:Generated_Source\PSoC4/cyfitter_cfg.c ****         #define CY_CFG_MEMORY_BARRIER() __sync_synchronize()
  40:Generated_Source\PSoC4/cyfitter_cfg.c ****     #endif
  41:Generated_Source\PSoC4/cyfitter_cfg.c ****     
  42:Generated_Source\PSoC4/cyfitter_cfg.c **** #elif defined(__ICCARM__)
  43:Generated_Source\PSoC4/cyfitter_cfg.c ****     #include <intrinsics.h>
  44:Generated_Source\PSoC4/cyfitter_cfg.c **** 
  45:Generated_Source\PSoC4/cyfitter_cfg.c ****     #define CYPACKED __packed
  46:Generated_Source\PSoC4/cyfitter_cfg.c ****     #define CYPACKED_ATTR 
  47:Generated_Source\PSoC4/cyfitter_cfg.c ****     #define CYALIGNED _Pragma("data_alignment=4")
  48:Generated_Source\PSoC4/cyfitter_cfg.c ****     #define CY_CFG_UNUSED _Pragma("diag_suppress=Pe177")
  49:Generated_Source\PSoC4/cyfitter_cfg.c ****     #define CY_CFG_SECTION _Pragma("location=\".psocinit\"")
  50:Generated_Source\PSoC4/cyfitter_cfg.c ****     
  51:Generated_Source\PSoC4/cyfitter_cfg.c ****     #define CY_CFG_MEMORY_BARRIER() __DMB()
  52:Generated_Source\PSoC4/cyfitter_cfg.c ****     
  53:Generated_Source\PSoC4/cyfitter_cfg.c **** #else
  54:Generated_Source\PSoC4/cyfitter_cfg.c ****     #error Unsupported toolchain
  55:Generated_Source\PSoC4/cyfitter_cfg.c **** #endif
  56:Generated_Source\PSoC4/cyfitter_cfg.c **** 
  57:Generated_Source\PSoC4/cyfitter_cfg.c **** #ifndef CYCODE
  58:Generated_Source\PSoC4/cyfitter_cfg.c ****     #define CYCODE
  59:Generated_Source\PSoC4/cyfitter_cfg.c **** #endif
  60:Generated_Source\PSoC4/cyfitter_cfg.c **** #ifndef CYDATA
  61:Generated_Source\PSoC4/cyfitter_cfg.c ****     #define CYDATA
  62:Generated_Source\PSoC4/cyfitter_cfg.c **** #endif
  63:Generated_Source\PSoC4/cyfitter_cfg.c **** #ifndef CYFAR
  64:Generated_Source\PSoC4/cyfitter_cfg.c ****     #define CYFAR
  65:Generated_Source\PSoC4/cyfitter_cfg.c **** #endif
  66:Generated_Source\PSoC4/cyfitter_cfg.c **** #ifndef CYXDATA
  67:Generated_Source\PSoC4/cyfitter_cfg.c ****     #define CYXDATA
  68:Generated_Source\PSoC4/cyfitter_cfg.c **** #endif
  69:Generated_Source\PSoC4/cyfitter_cfg.c **** 
  70:Generated_Source\PSoC4/cyfitter_cfg.c **** 
  71:Generated_Source\PSoC4/cyfitter_cfg.c **** CY_CFG_UNUSED
  72:Generated_Source\PSoC4/cyfitter_cfg.c **** static void CYMEMZERO(void *s, size_t n);
  73:Generated_Source\PSoC4/cyfitter_cfg.c **** CY_CFG_UNUSED
  74:Generated_Source\PSoC4/cyfitter_cfg.c **** static void CYMEMZERO(void *s, size_t n)
  75:Generated_Source\PSoC4/cyfitter_cfg.c **** {
  27              		.loc 1 75 0
  28              		.cfi_startproc
  29              		@ args = 0, pretend = 0, frame = 8
  30              		@ frame_needed = 1, uses_anonymous_args = 0
  31 0000 80B5     		push	{r7, lr}
  32              		.cfi_def_cfa_offset 8
  33              		.cfi_offset 7, -8
  34              		.cfi_offset 14, -4
  35 0002 82B0     		sub	sp, sp, #8
  36              		.cfi_def_cfa_offset 16
  37 0004 00AF     		add	r7, sp, #0
  38              		.cfi_def_cfa_register 7
  39 0006 7860     		str	r0, [r7, #4]
ARM GAS  C:\Users\User\AppData\Local\Temp\ccOXi1zV.s 			page 3


  40 0008 3960     		str	r1, [r7]
  76:Generated_Source\PSoC4/cyfitter_cfg.c **** 	(void)memset(s, 0, n);
  41              		.loc 1 76 0
  42 000a 3A68     		ldr	r2, [r7]
  43 000c 7B68     		ldr	r3, [r7, #4]
  44 000e 0021     		movs	r1, #0
  45 0010 1800     		movs	r0, r3
  46 0012 FFF7FEFF 		bl	memset
  77:Generated_Source\PSoC4/cyfitter_cfg.c **** }
  47              		.loc 1 77 0
  48 0016 C046     		nop
  49 0018 BD46     		mov	sp, r7
  50 001a 02B0     		add	sp, sp, #8
  51              		@ sp needed
  52 001c 80BD     		pop	{r7, pc}
  53              		.cfi_endproc
  54              	.LFE2:
  55              		.size	CYMEMZERO, .-CYMEMZERO
  56 001e C046     		.section	.text.CYCONFIGCPY,"ax",%progbits
  57              		.align	2
  58              		.code	16
  59              		.thumb_func
  60              		.type	CYCONFIGCPY, %function
  61              	CYCONFIGCPY:
  62              	.LFB3:
  78:Generated_Source\PSoC4/cyfitter_cfg.c **** CY_CFG_UNUSED
  79:Generated_Source\PSoC4/cyfitter_cfg.c **** static void CYCONFIGCPY(void *dest, const void *src, size_t n);
  80:Generated_Source\PSoC4/cyfitter_cfg.c **** CY_CFG_UNUSED
  81:Generated_Source\PSoC4/cyfitter_cfg.c **** static void CYCONFIGCPY(void *dest, const void *src, size_t n)
  82:Generated_Source\PSoC4/cyfitter_cfg.c **** {
  63              		.loc 1 82 0
  64              		.cfi_startproc
  65              		@ args = 0, pretend = 0, frame = 16
  66              		@ frame_needed = 1, uses_anonymous_args = 0
  67 0000 80B5     		push	{r7, lr}
  68              		.cfi_def_cfa_offset 8
  69              		.cfi_offset 7, -8
  70              		.cfi_offset 14, -4
  71 0002 84B0     		sub	sp, sp, #16
  72              		.cfi_def_cfa_offset 24
  73 0004 00AF     		add	r7, sp, #0
  74              		.cfi_def_cfa_register 7
  75 0006 F860     		str	r0, [r7, #12]
  76 0008 B960     		str	r1, [r7, #8]
  77 000a 7A60     		str	r2, [r7, #4]
  83:Generated_Source\PSoC4/cyfitter_cfg.c **** 	(void)memcpy(dest, src, n);
  78              		.loc 1 83 0
  79 000c 7A68     		ldr	r2, [r7, #4]
  80 000e B968     		ldr	r1, [r7, #8]
  81 0010 FB68     		ldr	r3, [r7, #12]
  82 0012 1800     		movs	r0, r3
  83 0014 FFF7FEFF 		bl	memcpy
  84:Generated_Source\PSoC4/cyfitter_cfg.c **** }
  84              		.loc 1 84 0
  85 0018 C046     		nop
  86 001a BD46     		mov	sp, r7
  87 001c 04B0     		add	sp, sp, #16
ARM GAS  C:\Users\User\AppData\Local\Temp\ccOXi1zV.s 			page 4


  88              		@ sp needed
  89 001e 80BD     		pop	{r7, pc}
  90              		.cfi_endproc
  91              	.LFE3:
  92              		.size	CYCONFIGCPY, .-CYCONFIGCPY
  93              		.section	.text.CYCONFIGCPYCODE,"ax",%progbits
  94              		.align	2
  95              		.code	16
  96              		.thumb_func
  97              		.type	CYCONFIGCPYCODE, %function
  98              	CYCONFIGCPYCODE:
  99              	.LFB4:
  85:Generated_Source\PSoC4/cyfitter_cfg.c **** CY_CFG_UNUSED
  86:Generated_Source\PSoC4/cyfitter_cfg.c **** static void CYCONFIGCPYCODE(void *dest, const void *src, size_t n);
  87:Generated_Source\PSoC4/cyfitter_cfg.c **** CY_CFG_UNUSED
  88:Generated_Source\PSoC4/cyfitter_cfg.c **** static void CYCONFIGCPYCODE(void *dest, const void *src, size_t n)
  89:Generated_Source\PSoC4/cyfitter_cfg.c **** {
 100              		.loc 1 89 0
 101              		.cfi_startproc
 102              		@ args = 0, pretend = 0, frame = 16
 103              		@ frame_needed = 1, uses_anonymous_args = 0
 104 0000 80B5     		push	{r7, lr}
 105              		.cfi_def_cfa_offset 8
 106              		.cfi_offset 7, -8
 107              		.cfi_offset 14, -4
 108 0002 84B0     		sub	sp, sp, #16
 109              		.cfi_def_cfa_offset 24
 110 0004 00AF     		add	r7, sp, #0
 111              		.cfi_def_cfa_register 7
 112 0006 F860     		str	r0, [r7, #12]
 113 0008 B960     		str	r1, [r7, #8]
 114 000a 7A60     		str	r2, [r7, #4]
  90:Generated_Source\PSoC4/cyfitter_cfg.c **** 	(void)memcpy(dest, src, n);
 115              		.loc 1 90 0
 116 000c 7A68     		ldr	r2, [r7, #4]
 117 000e B968     		ldr	r1, [r7, #8]
 118 0010 FB68     		ldr	r3, [r7, #12]
 119 0012 1800     		movs	r0, r3
 120 0014 FFF7FEFF 		bl	memcpy
  91:Generated_Source\PSoC4/cyfitter_cfg.c **** }
 121              		.loc 1 91 0
 122 0018 C046     		nop
 123 001a BD46     		mov	sp, r7
 124 001c 04B0     		add	sp, sp, #16
 125              		@ sp needed
 126 001e 80BD     		pop	{r7, pc}
 127              		.cfi_endproc
 128              	.LFE4:
 129              		.size	CYCONFIGCPYCODE, .-CYCONFIGCPYCODE
 130              		.section	.psocinit,"ax",%progbits
 131              		.align	2
 132              		.code	16
 133              		.thumb_func
 134              		.type	ClockSetup, %function
 135              	ClockSetup:
 136              	.LFB5:
  92:Generated_Source\PSoC4/cyfitter_cfg.c **** 
ARM GAS  C:\Users\User\AppData\Local\Temp\ccOXi1zV.s 			page 5


  93:Generated_Source\PSoC4/cyfitter_cfg.c **** 
  94:Generated_Source\PSoC4/cyfitter_cfg.c **** 
  95:Generated_Source\PSoC4/cyfitter_cfg.c **** 
  96:Generated_Source\PSoC4/cyfitter_cfg.c **** /* Clock startup error codes                                                   */
  97:Generated_Source\PSoC4/cyfitter_cfg.c **** #define CYCLOCKSTART_NO_ERROR    0u
  98:Generated_Source\PSoC4/cyfitter_cfg.c **** #define CYCLOCKSTART_XTAL_ERROR  1u
  99:Generated_Source\PSoC4/cyfitter_cfg.c **** #define CYCLOCKSTART_32KHZ_ERROR 2u
 100:Generated_Source\PSoC4/cyfitter_cfg.c **** #define CYCLOCKSTART_PLL_ERROR   3u
 101:Generated_Source\PSoC4/cyfitter_cfg.c **** #define CYCLOCKSTART_FLL_ERROR   4u
 102:Generated_Source\PSoC4/cyfitter_cfg.c **** #define CYCLOCKSTART_WCO_ERROR   5u
 103:Generated_Source\PSoC4/cyfitter_cfg.c **** 
 104:Generated_Source\PSoC4/cyfitter_cfg.c **** 
 105:Generated_Source\PSoC4/cyfitter_cfg.c **** #ifdef CY_NEED_CYCLOCKSTARTUPERROR
 106:Generated_Source\PSoC4/cyfitter_cfg.c **** /*******************************************************************************
 107:Generated_Source\PSoC4/cyfitter_cfg.c **** * Function Name: CyClockStartupError
 108:Generated_Source\PSoC4/cyfitter_cfg.c **** ********************************************************************************
 109:Generated_Source\PSoC4/cyfitter_cfg.c **** * Summary:
 110:Generated_Source\PSoC4/cyfitter_cfg.c **** *  If an error is encountered during clock configuration (crystal startup error,
 111:Generated_Source\PSoC4/cyfitter_cfg.c **** *  PLL lock error, etc.), the system will end up here.  Unless reimplemented by
 112:Generated_Source\PSoC4/cyfitter_cfg.c **** *  the customer, this function will stop in an infinite loop.
 113:Generated_Source\PSoC4/cyfitter_cfg.c **** *
 114:Generated_Source\PSoC4/cyfitter_cfg.c **** * Parameters:
 115:Generated_Source\PSoC4/cyfitter_cfg.c **** *   void
 116:Generated_Source\PSoC4/cyfitter_cfg.c **** *
 117:Generated_Source\PSoC4/cyfitter_cfg.c **** * Return:
 118:Generated_Source\PSoC4/cyfitter_cfg.c **** *   void
 119:Generated_Source\PSoC4/cyfitter_cfg.c **** *
 120:Generated_Source\PSoC4/cyfitter_cfg.c **** *******************************************************************************/
 121:Generated_Source\PSoC4/cyfitter_cfg.c **** CY_CFG_UNUSED
 122:Generated_Source\PSoC4/cyfitter_cfg.c **** static void CyClockStartupError(uint8 errorCode);
 123:Generated_Source\PSoC4/cyfitter_cfg.c **** CY_CFG_UNUSED
 124:Generated_Source\PSoC4/cyfitter_cfg.c **** static void CyClockStartupError(uint8 errorCode)
 125:Generated_Source\PSoC4/cyfitter_cfg.c **** {
 126:Generated_Source\PSoC4/cyfitter_cfg.c ****     /* To remove the compiler warning if errorCode not used.                */
 127:Generated_Source\PSoC4/cyfitter_cfg.c ****     errorCode = errorCode;
 128:Generated_Source\PSoC4/cyfitter_cfg.c **** 
 129:Generated_Source\PSoC4/cyfitter_cfg.c ****     /* If we have a clock startup error (bad MHz crystal, PLL lock, etc.),  */
 130:Generated_Source\PSoC4/cyfitter_cfg.c ****     /* we will end up here to allow the customer to implement something to  */
 131:Generated_Source\PSoC4/cyfitter_cfg.c ****     /* deal with the clock condition.                                       */
 132:Generated_Source\PSoC4/cyfitter_cfg.c **** 
 133:Generated_Source\PSoC4/cyfitter_cfg.c **** #ifdef CY_CFG_CLOCK_STARTUP_ERROR_CALLBACK
 134:Generated_Source\PSoC4/cyfitter_cfg.c ****     CY_CFG_Clock_Startup_ErrorCallback();
 135:Generated_Source\PSoC4/cyfitter_cfg.c **** #else
 136:Generated_Source\PSoC4/cyfitter_cfg.c ****     /*  If not using CY_CFG_CLOCK_STARTUP_ERROR_CALLBACK, place your clock startup code here. */
 137:Generated_Source\PSoC4/cyfitter_cfg.c ****     /* `#START CyClockStartupError` */
 138:Generated_Source\PSoC4/cyfitter_cfg.c **** 
 139:Generated_Source\PSoC4/cyfitter_cfg.c **** 
 140:Generated_Source\PSoC4/cyfitter_cfg.c **** 
 141:Generated_Source\PSoC4/cyfitter_cfg.c ****     /* `#END` */
 142:Generated_Source\PSoC4/cyfitter_cfg.c **** 
 143:Generated_Source\PSoC4/cyfitter_cfg.c ****     while(1) {}
 144:Generated_Source\PSoC4/cyfitter_cfg.c **** #endif /* CY_CFG_CLOCK_STARTUP_ERROR_CALLBACK */
 145:Generated_Source\PSoC4/cyfitter_cfg.c **** }
 146:Generated_Source\PSoC4/cyfitter_cfg.c **** #endif
 147:Generated_Source\PSoC4/cyfitter_cfg.c **** 
 148:Generated_Source\PSoC4/cyfitter_cfg.c **** 
 149:Generated_Source\PSoC4/cyfitter_cfg.c **** 
ARM GAS  C:\Users\User\AppData\Local\Temp\ccOXi1zV.s 			page 6


 150:Generated_Source\PSoC4/cyfitter_cfg.c **** /*******************************************************************************
 151:Generated_Source\PSoC4/cyfitter_cfg.c **** * Function Name: ClockSetup
 152:Generated_Source\PSoC4/cyfitter_cfg.c **** ********************************************************************************
 153:Generated_Source\PSoC4/cyfitter_cfg.c **** *
 154:Generated_Source\PSoC4/cyfitter_cfg.c **** * Summary:
 155:Generated_Source\PSoC4/cyfitter_cfg.c **** *   Performs the initialization of all of the clocks in the device based on the
 156:Generated_Source\PSoC4/cyfitter_cfg.c **** *   settings in the Clock tab of the DWR.  This includes enabling the requested
 157:Generated_Source\PSoC4/cyfitter_cfg.c **** *   clocks and setting the necessary dividers to produce the desired frequency. 
 158:Generated_Source\PSoC4/cyfitter_cfg.c **** *
 159:Generated_Source\PSoC4/cyfitter_cfg.c **** * Parameters:
 160:Generated_Source\PSoC4/cyfitter_cfg.c **** *   void
 161:Generated_Source\PSoC4/cyfitter_cfg.c **** *
 162:Generated_Source\PSoC4/cyfitter_cfg.c **** * Return:
 163:Generated_Source\PSoC4/cyfitter_cfg.c **** *   void
 164:Generated_Source\PSoC4/cyfitter_cfg.c **** *
 165:Generated_Source\PSoC4/cyfitter_cfg.c **** *******************************************************************************/
 166:Generated_Source\PSoC4/cyfitter_cfg.c **** static void ClockSetup(void);
 167:Generated_Source\PSoC4/cyfitter_cfg.c **** CY_CFG_SECTION
 168:Generated_Source\PSoC4/cyfitter_cfg.c **** static void ClockSetup(void)
 169:Generated_Source\PSoC4/cyfitter_cfg.c **** {
 137              		.loc 1 169 0
 138              		.cfi_startproc
 139              		@ args = 0, pretend = 0, frame = 0
 140              		@ frame_needed = 1, uses_anonymous_args = 0
 141 0000 80B5     		push	{r7, lr}
 142              		.cfi_def_cfa_offset 8
 143              		.cfi_offset 7, -8
 144              		.cfi_offset 14, -4
 145 0002 00AF     		add	r7, sp, #0
 146              		.cfi_def_cfa_register 7
 170:Generated_Source\PSoC4/cyfitter_cfg.c **** 
 171:Generated_Source\PSoC4/cyfitter_cfg.c **** 	/* Set Flash Cycles based on max possible frequency in case a glitch occurs during ClockSetup(). *
 172:Generated_Source\PSoC4/cyfitter_cfg.c **** 	CY_SET_REG32((void CYXDATA *)(CYREG_CPUSS_FLASH_CTL), (0x0012u));
 147              		.loc 1 172 0
 148 0004 294B     		ldr	r3, .L5
 149 0006 1222     		movs	r2, #18
 150 0008 1A60     		str	r2, [r3]
 173:Generated_Source\PSoC4/cyfitter_cfg.c **** 
 174:Generated_Source\PSoC4/cyfitter_cfg.c **** 	/* Start the WCO */
 175:Generated_Source\PSoC4/cyfitter_cfg.c **** 	CySysClkWcoStart();
 151              		.loc 1 175 0
 152 000a FFF7FEFF 		bl	CySysClkWcoStart
 176:Generated_Source\PSoC4/cyfitter_cfg.c **** 	CyDelayCycles(12000000u); /* WCO may take up to 500ms to start */
 153              		.loc 1 176 0
 154 000e 284B     		ldr	r3, .L5+4
 155 0010 1800     		movs	r0, r3
 156 0012 FFF7FEFF 		bl	CyDelayCycles
 177:Generated_Source\PSoC4/cyfitter_cfg.c **** 	(void)CySysClkWcoSetPowerMode(CY_SYS_CLK_WCO_LPM);    /* Switch to the low power mode */
 157              		.loc 1 177 0
 158 0016 0120     		movs	r0, #1
 159 0018 FFF7FEFF 		bl	CySysClkWcoSetPowerMode
 178:Generated_Source\PSoC4/cyfitter_cfg.c **** 
 179:Generated_Source\PSoC4/cyfitter_cfg.c **** 	/* Setup and trim IMO based on desired frequency. */
 180:Generated_Source\PSoC4/cyfitter_cfg.c **** 	CySysClkWriteImoFreq(48u);
 160              		.loc 1 180 0
 161 001c 3020     		movs	r0, #48
 162 001e FFF7FEFF 		bl	CySysClkWriteImoFreq
ARM GAS  C:\Users\User\AppData\Local\Temp\ccOXi1zV.s 			page 7


 181:Generated_Source\PSoC4/cyfitter_cfg.c **** 	/* CYDEV_CLK_ILO_CONFIG Starting address: CYDEV_CLK_ILO_CONFIG */
 182:Generated_Source\PSoC4/cyfitter_cfg.c **** 	CY_SET_REG32((void *)(CYREG_CLK_ILO_CONFIG), 0x80000006u);
 163              		.loc 1 182 0
 164 0022 244B     		ldr	r3, .L5+8
 165 0024 244A     		ldr	r2, .L5+12
 166 0026 1A60     		str	r2, [r3]
 183:Generated_Source\PSoC4/cyfitter_cfg.c **** 
 184:Generated_Source\PSoC4/cyfitter_cfg.c **** 	/* CYDEV_WDT_CONFIG Starting address: CYDEV_WDT_CONFIG */
 185:Generated_Source\PSoC4/cyfitter_cfg.c **** 	CY_SET_REG32((void *)(CYREG_WDT_CONFIG), 0x40000000u);
 167              		.loc 1 185 0
 168 0028 244B     		ldr	r3, .L5+16
 169 002a 8022     		movs	r2, #128
 170 002c D205     		lsls	r2, r2, #23
 171 002e 1A60     		str	r2, [r3]
 186:Generated_Source\PSoC4/cyfitter_cfg.c **** 
 187:Generated_Source\PSoC4/cyfitter_cfg.c **** 
 188:Generated_Source\PSoC4/cyfitter_cfg.c **** 	/* Enable fast start mode for XO */
 189:Generated_Source\PSoC4/cyfitter_cfg.c **** 	CY_SET_REG32((void*)CYREG_BLE_BLERD_BB_XO, CY_GET_REG32((void*)CYREG_BLE_BLERD_BB_XO) | (uint32)0x
 172              		.loc 1 189 0
 173 0030 234B     		ldr	r3, .L5+20
 174 0032 234A     		ldr	r2, .L5+20
 175 0034 1268     		ldr	r2, [r2]
 176 0036 0221     		movs	r1, #2
 177 0038 0A43     		orrs	r2, r1
 178 003a 1A60     		str	r2, [r3]
 190:Generated_Source\PSoC4/cyfitter_cfg.c **** 	CY_SET_REG32((void *)(CYREG_BLE_BLERD_BB_XO_CAPTRIM), 0x00002D6Au);
 179              		.loc 1 190 0
 180 003c 214B     		ldr	r3, .L5+24
 181 003e 224A     		ldr	r2, .L5+28
 182 0040 1A60     		str	r2, [r3]
 191:Generated_Source\PSoC4/cyfitter_cfg.c **** 	/*Set XTAL(ECO) divider*/
 192:Generated_Source\PSoC4/cyfitter_cfg.c **** 	CY_SET_REG32((void *)(CYREG_BLE_BLESS_XTAL_CLK_DIV_CONFIG), 0x00000000u);
 183              		.loc 1 192 0
 184 0042 224B     		ldr	r3, .L5+32
 185 0044 0022     		movs	r2, #0
 186 0046 1A60     		str	r2, [r3]
 193:Generated_Source\PSoC4/cyfitter_cfg.c **** 	/* Disable Crystal Stable Interrupt before enabling ECO */
 194:Generated_Source\PSoC4/cyfitter_cfg.c **** 	CY_SET_REG32((void*)CYREG_BLE_BLESS_LL_DSM_CTRL, CY_GET_REG32((void*)CYREG_BLE_BLESS_LL_DSM_CTRL) 
 187              		.loc 1 194 0
 188 0048 214B     		ldr	r3, .L5+36
 189 004a 214A     		ldr	r2, .L5+36
 190 004c 1268     		ldr	r2, [r2]
 191 004e 0821     		movs	r1, #8
 192 0050 8A43     		bics	r2, r1
 193 0052 1A60     		str	r2, [r3]
 195:Generated_Source\PSoC4/cyfitter_cfg.c **** 	/* Start the ECO and do not check status since it is not needed for HFCLK */
 196:Generated_Source\PSoC4/cyfitter_cfg.c **** 	(void)CySysClkEcoStart(2000u);
 194              		.loc 1 196 0
 195 0054 FA23     		movs	r3, #250
 196 0056 DB00     		lsls	r3, r3, #3
 197 0058 1800     		movs	r0, r3
 198 005a FFF7FEFF 		bl	CySysClkEcoStart
 197:Generated_Source\PSoC4/cyfitter_cfg.c **** 	CyDelayUs(1500u); /* Wait to stabilize */
 199              		.loc 1 197 0
 200 005e 1D4B     		ldr	r3, .L5+40
 201 0060 1800     		movs	r0, r3
 202 0062 FFF7FEFF 		bl	CyDelayUs
ARM GAS  C:\Users\User\AppData\Local\Temp\ccOXi1zV.s 			page 8


 198:Generated_Source\PSoC4/cyfitter_cfg.c **** 
 199:Generated_Source\PSoC4/cyfitter_cfg.c **** 	/* Setup phase aligned clocks */
 200:Generated_Source\PSoC4/cyfitter_cfg.c **** 	CY_SET_REG32((void *)CYREG_PERI_DIV_16_CTL1, 0x00001D00u);
 203              		.loc 1 200 0
 204 0066 1C4B     		ldr	r3, .L5+44
 205 0068 E822     		movs	r2, #232
 206 006a 5201     		lsls	r2, r2, #5
 207 006c 1A60     		str	r2, [r3]
 201:Generated_Source\PSoC4/cyfitter_cfg.c **** 	CY_SET_REG32((void *)CYREG_PERI_DIV_CMD, 0x8000FF41u);
 208              		.loc 1 201 0
 209 006e 1B4B     		ldr	r3, .L5+48
 210 0070 1B4A     		ldr	r2, .L5+52
 211 0072 1A60     		str	r2, [r3]
 202:Generated_Source\PSoC4/cyfitter_cfg.c **** 	CY_SET_REG32((void *)CYREG_PERI_DIV_16_CTL0, 0x00001900u);
 212              		.loc 1 202 0
 213 0074 1B4B     		ldr	r3, .L5+56
 214 0076 C822     		movs	r2, #200
 215 0078 5201     		lsls	r2, r2, #5
 216 007a 1A60     		str	r2, [r3]
 203:Generated_Source\PSoC4/cyfitter_cfg.c **** 	CY_SET_REG32((void *)CYREG_PERI_DIV_CMD, 0x8000FF40u);
 217              		.loc 1 203 0
 218 007c 174B     		ldr	r3, .L5+48
 219 007e 1A4A     		ldr	r2, .L5+60
 220 0080 1A60     		str	r2, [r3]
 204:Generated_Source\PSoC4/cyfitter_cfg.c **** 
 205:Generated_Source\PSoC4/cyfitter_cfg.c **** 	/* CYDEV_CLK_IMO_CONFIG Starting address: CYDEV_CLK_IMO_CONFIG */
 206:Generated_Source\PSoC4/cyfitter_cfg.c **** 	CY_SET_REG32((void *)(CYREG_CLK_IMO_CONFIG), 0x82000000u);
 221              		.loc 1 206 0
 222 0082 1A4B     		ldr	r3, .L5+64
 223 0084 8222     		movs	r2, #130
 224 0086 1206     		lsls	r2, r2, #24
 225 0088 1A60     		str	r2, [r3]
 207:Generated_Source\PSoC4/cyfitter_cfg.c **** 
 208:Generated_Source\PSoC4/cyfitter_cfg.c **** 	/* CYDEV_CLK_SELECT Starting address: CYDEV_CLK_SELECT */
 209:Generated_Source\PSoC4/cyfitter_cfg.c **** 	CY_SET_REG32((void *)(CYREG_CLK_SELECT), 0x00080000u);
 226              		.loc 1 209 0
 227 008a 194B     		ldr	r3, .L5+68
 228 008c 8022     		movs	r2, #128
 229 008e 1203     		lsls	r2, r2, #12
 230 0090 1A60     		str	r2, [r3]
 210:Generated_Source\PSoC4/cyfitter_cfg.c **** 
 211:Generated_Source\PSoC4/cyfitter_cfg.c **** 	/* CYDEV_PERI_PCLK_CTL6 Starting address: CYDEV_PERI_PCLK_CTL6 */
 212:Generated_Source\PSoC4/cyfitter_cfg.c **** 	CY_SET_REG32((void *)(CYREG_PERI_PCLK_CTL6), 0x00000041u);
 231              		.loc 1 212 0
 232 0092 184B     		ldr	r3, .L5+72
 233 0094 4122     		movs	r2, #65
 234 0096 1A60     		str	r2, [r3]
 213:Generated_Source\PSoC4/cyfitter_cfg.c **** 
 214:Generated_Source\PSoC4/cyfitter_cfg.c **** 	/* CYDEV_PERI_PCLK_CTL1 Starting address: CYDEV_PERI_PCLK_CTL1 */
 215:Generated_Source\PSoC4/cyfitter_cfg.c **** 	CY_SET_REG32((void *)(CYREG_PERI_PCLK_CTL1), 0x00000040u);
 235              		.loc 1 215 0
 236 0098 174B     		ldr	r3, .L5+76
 237 009a 4022     		movs	r2, #64
 238 009c 1A60     		str	r2, [r3]
 216:Generated_Source\PSoC4/cyfitter_cfg.c **** 
 217:Generated_Source\PSoC4/cyfitter_cfg.c **** 	CY_SET_REG32((void *)(CYREG_WDT_CONFIG), 0x40000000u);
 239              		.loc 1 217 0
ARM GAS  C:\Users\User\AppData\Local\Temp\ccOXi1zV.s 			page 9


 240 009e 074B     		ldr	r3, .L5+16
 241 00a0 8022     		movs	r2, #128
 242 00a2 D205     		lsls	r2, r2, #23
 243 00a4 1A60     		str	r2, [r3]
 218:Generated_Source\PSoC4/cyfitter_cfg.c **** }
 244              		.loc 1 218 0
 245 00a6 C046     		nop
 246 00a8 BD46     		mov	sp, r7
 247              		@ sp needed
 248 00aa 80BD     		pop	{r7, pc}
 249              	.L6:
 250              		.align	2
 251              	.L5:
 252 00ac 30001040 		.word	1074790448
 253 00b0 001BB700 		.word	12000000
 254 00b4 04010B40 		.word	1074462980
 255 00b8 06000080 		.word	-2147483642
 256 00bc 0C020B40 		.word	1074463244
 257 00c0 78002E40 		.word	1076756600
 258 00c4 7C002E40 		.word	1076756604
 259 00c8 6A2D0000 		.word	11626
 260 00cc 64F02E40 		.word	1076818020
 261 00d0 6CF02E40 		.word	1076818028
 262 00d4 DC050000 		.word	1500
 263 00d8 04030140 		.word	1073808132
 264 00dc 00000140 		.word	1073807360
 265 00e0 41FF0080 		.word	-2147418303
 266 00e4 00030140 		.word	1073808128
 267 00e8 40FF0080 		.word	-2147418304
 268 00ec 08010B40 		.word	1074462984
 269 00f0 00010B40 		.word	1074462976
 270 00f4 18010140 		.word	1073807640
 271 00f8 04010140 		.word	1073807620
 272              		.cfi_endproc
 273              	.LFE5:
 274              		.size	ClockSetup, .-ClockSetup
 275              		.section	.text.AnalogSetDefault,"ax",%progbits
 276              		.align	2
 277              		.code	16
 278              		.thumb_func
 279              		.type	AnalogSetDefault, %function
 280              	AnalogSetDefault:
 281              	.LFB6:
 219:Generated_Source\PSoC4/cyfitter_cfg.c **** 
 220:Generated_Source\PSoC4/cyfitter_cfg.c **** 
 221:Generated_Source\PSoC4/cyfitter_cfg.c **** /* Analog API Functions */
 222:Generated_Source\PSoC4/cyfitter_cfg.c **** 
 223:Generated_Source\PSoC4/cyfitter_cfg.c **** 
 224:Generated_Source\PSoC4/cyfitter_cfg.c **** /*******************************************************************************
 225:Generated_Source\PSoC4/cyfitter_cfg.c **** * Function Name: AnalogSetDefault
 226:Generated_Source\PSoC4/cyfitter_cfg.c **** ********************************************************************************
 227:Generated_Source\PSoC4/cyfitter_cfg.c **** *
 228:Generated_Source\PSoC4/cyfitter_cfg.c **** * Summary:
 229:Generated_Source\PSoC4/cyfitter_cfg.c **** *  Sets up the analog portions of the chip to default values based on chip
 230:Generated_Source\PSoC4/cyfitter_cfg.c **** *  configuration options from the project.
 231:Generated_Source\PSoC4/cyfitter_cfg.c **** *
 232:Generated_Source\PSoC4/cyfitter_cfg.c **** * Parameters:
ARM GAS  C:\Users\User\AppData\Local\Temp\ccOXi1zV.s 			page 10


 233:Generated_Source\PSoC4/cyfitter_cfg.c **** *  void
 234:Generated_Source\PSoC4/cyfitter_cfg.c **** *
 235:Generated_Source\PSoC4/cyfitter_cfg.c **** * Return:
 236:Generated_Source\PSoC4/cyfitter_cfg.c **** *  void
 237:Generated_Source\PSoC4/cyfitter_cfg.c **** *
 238:Generated_Source\PSoC4/cyfitter_cfg.c **** *******************************************************************************/
 239:Generated_Source\PSoC4/cyfitter_cfg.c **** static void AnalogSetDefault(void);
 240:Generated_Source\PSoC4/cyfitter_cfg.c **** static void AnalogSetDefault(void)
 241:Generated_Source\PSoC4/cyfitter_cfg.c **** {
 282              		.loc 1 241 0
 283              		.cfi_startproc
 284              		@ args = 0, pretend = 0, frame = 0
 285              		@ frame_needed = 1, uses_anonymous_args = 0
 286 0000 80B5     		push	{r7, lr}
 287              		.cfi_def_cfa_offset 8
 288              		.cfi_offset 7, -8
 289              		.cfi_offset 14, -4
 290 0002 00AF     		add	r7, sp, #0
 291              		.cfi_def_cfa_register 7
 242:Generated_Source\PSoC4/cyfitter_cfg.c **** 	CY_SET_XTND_REG32((void CYFAR *)CYREG_CTBM0_DFT_CTRL, 0x00000003u);
 292              		.loc 1 242 0
 293 0004 0C4B     		ldr	r3, .L8
 294 0006 0322     		movs	r2, #3
 295 0008 1A60     		str	r2, [r3]
 243:Generated_Source\PSoC4/cyfitter_cfg.c **** 	CY_SET_XTND_REG32((void CYFAR *)CYREG_CTBM1_DFT_CTRL, 0x00000003u);
 296              		.loc 1 243 0
 297 000a 0C4B     		ldr	r3, .L8+4
 298 000c 0322     		movs	r2, #3
 299 000e 1A60     		str	r2, [r3]
 244:Generated_Source\PSoC4/cyfitter_cfg.c **** 	CY_SET_XTND_REG32((void CYFAR *)CYREG_SAR_CTRL, 0x80000000u);
 300              		.loc 1 244 0
 301 0010 0B4B     		ldr	r3, .L8+8
 302 0012 8022     		movs	r2, #128
 303 0014 1206     		lsls	r2, r2, #24
 304 0016 1A60     		str	r2, [r3]
 245:Generated_Source\PSoC4/cyfitter_cfg.c **** 	CY_SET_XTND_REG32((void CYFAR *)CYREG_SAR_MUX_SWITCH0, 0x00030001u);
 305              		.loc 1 245 0
 306 0018 0A4B     		ldr	r3, .L8+12
 307 001a 0B4A     		ldr	r2, .L8+16
 308 001c 1A60     		str	r2, [r3]
 246:Generated_Source\PSoC4/cyfitter_cfg.c **** 	CY_SET_XTND_REG32((void CYFAR *)CYREG_SAR_MUX_SWITCH_HW_CTRL, 0x00030001u);
 309              		.loc 1 246 0
 310 001e 0B4B     		ldr	r3, .L8+20
 311 0020 094A     		ldr	r2, .L8+16
 312 0022 1A60     		str	r2, [r3]
 247:Generated_Source\PSoC4/cyfitter_cfg.c **** 	CY_SET_XTND_REG32((void CYFAR *)CYREG_PASS_DSAB_DSAB_CTRL, 0x00000000u);
 313              		.loc 1 247 0
 314 0024 0A4B     		ldr	r3, .L8+24
 315 0026 0022     		movs	r2, #0
 316 0028 1A60     		str	r2, [r3]
 248:Generated_Source\PSoC4/cyfitter_cfg.c **** 	SetAnalogRoutingPumps(1);
 317              		.loc 1 248 0
 318 002a 0120     		movs	r0, #1
 319 002c FFF7FEFF 		bl	SetAnalogRoutingPumps
 249:Generated_Source\PSoC4/cyfitter_cfg.c **** }
 320              		.loc 1 249 0
 321 0030 C046     		nop
ARM GAS  C:\Users\User\AppData\Local\Temp\ccOXi1zV.s 			page 11


 322 0032 BD46     		mov	sp, r7
 323              		@ sp needed
 324 0034 80BD     		pop	{r7, pc}
 325              	.L9:
 326 0036 C046     		.align	2
 327              	.L8:
 328 0038 30003040 		.word	1076887600
 329 003c 30003140 		.word	1076953136
 330 0040 00003A40 		.word	1077542912
 331 0044 00033A40 		.word	1077543680
 332 0048 01000300 		.word	196609
 333 004c 40033A40 		.word	1077543744
 334 0050 000E3F40 		.word	1077874176
 335              		.cfi_endproc
 336              	.LFE6:
 337              		.size	AnalogSetDefault, .-AnalogSetDefault
 338              		.section	.text.SetAnalogRoutingPumps,"ax",%progbits
 339              		.align	2
 340              		.global	SetAnalogRoutingPumps
 341              		.code	16
 342              		.thumb_func
 343              		.type	SetAnalogRoutingPumps, %function
 344              	SetAnalogRoutingPumps:
 345              	.LFB7:
 250:Generated_Source\PSoC4/cyfitter_cfg.c **** 
 251:Generated_Source\PSoC4/cyfitter_cfg.c **** 
 252:Generated_Source\PSoC4/cyfitter_cfg.c **** /*******************************************************************************
 253:Generated_Source\PSoC4/cyfitter_cfg.c **** * Function Name: SetAnalogRoutingPumps
 254:Generated_Source\PSoC4/cyfitter_cfg.c **** ********************************************************************************
 255:Generated_Source\PSoC4/cyfitter_cfg.c **** *
 256:Generated_Source\PSoC4/cyfitter_cfg.c **** * Summary:
 257:Generated_Source\PSoC4/cyfitter_cfg.c **** * Enables or disables the analog pumps feeding analog routing switches.
 258:Generated_Source\PSoC4/cyfitter_cfg.c **** * Intended to be called at startup, based on the Vdda system configuration;
 259:Generated_Source\PSoC4/cyfitter_cfg.c **** * may be called during operation when the user informs us that the Vdda voltage crossed the pump th
 260:Generated_Source\PSoC4/cyfitter_cfg.c **** *
 261:Generated_Source\PSoC4/cyfitter_cfg.c **** * Parameters:
 262:Generated_Source\PSoC4/cyfitter_cfg.c **** *  enabled - 1 to enable the pumps, 0 to disable the pumps
 263:Generated_Source\PSoC4/cyfitter_cfg.c **** *
 264:Generated_Source\PSoC4/cyfitter_cfg.c **** * Return:
 265:Generated_Source\PSoC4/cyfitter_cfg.c **** *  void
 266:Generated_Source\PSoC4/cyfitter_cfg.c **** *
 267:Generated_Source\PSoC4/cyfitter_cfg.c **** *******************************************************************************/
 268:Generated_Source\PSoC4/cyfitter_cfg.c **** void SetAnalogRoutingPumps(uint8 enabled)
 269:Generated_Source\PSoC4/cyfitter_cfg.c **** {
 346              		.loc 1 269 0
 347              		.cfi_startproc
 348              		@ args = 0, pretend = 0, frame = 16
 349              		@ frame_needed = 1, uses_anonymous_args = 0
 350 0000 80B5     		push	{r7, lr}
 351              		.cfi_def_cfa_offset 8
 352              		.cfi_offset 7, -8
 353              		.cfi_offset 14, -4
 354 0002 84B0     		sub	sp, sp, #16
 355              		.cfi_def_cfa_offset 24
 356 0004 00AF     		add	r7, sp, #0
 357              		.cfi_def_cfa_register 7
 358 0006 0200     		movs	r2, r0
ARM GAS  C:\Users\User\AppData\Local\Temp\ccOXi1zV.s 			page 12


 359 0008 FB1D     		adds	r3, r7, #7
 360 000a 1A70     		strb	r2, [r3]
 270:Generated_Source\PSoC4/cyfitter_cfg.c **** 	uint32 regValue = CY_GET_XTND_REG32((void *)(CYREG_SAR_PUMP_CTRL));
 361              		.loc 1 270 0
 362 000c 0B4B     		ldr	r3, .L13
 363 000e 1B68     		ldr	r3, [r3]
 364 0010 FB60     		str	r3, [r7, #12]
 271:Generated_Source\PSoC4/cyfitter_cfg.c **** 	if (enabled != 0u)
 365              		.loc 1 271 0
 366 0012 FB1D     		adds	r3, r7, #7
 367 0014 1B78     		ldrb	r3, [r3]
 368 0016 002B     		cmp	r3, #0
 369 0018 05D0     		beq	.L11
 272:Generated_Source\PSoC4/cyfitter_cfg.c **** 	{
 273:Generated_Source\PSoC4/cyfitter_cfg.c **** 		regValue |= 0x80000000u;
 370              		.loc 1 273 0
 371 001a FB68     		ldr	r3, [r7, #12]
 372 001c 8022     		movs	r2, #128
 373 001e 1206     		lsls	r2, r2, #24
 374 0020 1343     		orrs	r3, r2
 375 0022 FB60     		str	r3, [r7, #12]
 376 0024 03E0     		b	.L12
 377              	.L11:
 274:Generated_Source\PSoC4/cyfitter_cfg.c **** 	}
 275:Generated_Source\PSoC4/cyfitter_cfg.c **** 	else
 276:Generated_Source\PSoC4/cyfitter_cfg.c **** 	{
 277:Generated_Source\PSoC4/cyfitter_cfg.c **** 		regValue &= ~0x80000000u;
 378              		.loc 1 277 0
 379 0026 FB68     		ldr	r3, [r7, #12]
 380 0028 5B00     		lsls	r3, r3, #1
 381 002a 5B08     		lsrs	r3, r3, #1
 382 002c FB60     		str	r3, [r7, #12]
 383              	.L12:
 278:Generated_Source\PSoC4/cyfitter_cfg.c **** 	}
 279:Generated_Source\PSoC4/cyfitter_cfg.c **** 	CY_SET_XTND_REG32((void *)(CYREG_SAR_PUMP_CTRL), regValue);
 384              		.loc 1 279 0
 385 002e 034B     		ldr	r3, .L13
 386 0030 FA68     		ldr	r2, [r7, #12]
 387 0032 1A60     		str	r2, [r3]
 280:Generated_Source\PSoC4/cyfitter_cfg.c **** }
 388              		.loc 1 280 0
 389 0034 C046     		nop
 390 0036 BD46     		mov	sp, r7
 391 0038 04B0     		add	sp, sp, #16
 392              		@ sp needed
 393 003a 80BD     		pop	{r7, pc}
 394              	.L14:
 395              		.align	2
 396              	.L13:
 397 003c 80033A40 		.word	1077543808
 398              		.cfi_endproc
 399              	.LFE7:
 400              		.size	SetAnalogRoutingPumps, .-SetAnalogRoutingPumps
 401              		.section	.psocinit
 402              		.align	2
 403              		.global	cyfitter_cfg
 404              		.code	16
ARM GAS  C:\Users\User\AppData\Local\Temp\ccOXi1zV.s 			page 13


 405              		.thumb_func
 406              		.type	cyfitter_cfg, %function
 407              	cyfitter_cfg:
 408              	.LFB8:
 281:Generated_Source\PSoC4/cyfitter_cfg.c **** 
 282:Generated_Source\PSoC4/cyfitter_cfg.c **** 
 283:Generated_Source\PSoC4/cyfitter_cfg.c **** 
 284:Generated_Source\PSoC4/cyfitter_cfg.c **** 
 285:Generated_Source\PSoC4/cyfitter_cfg.c **** /*******************************************************************************
 286:Generated_Source\PSoC4/cyfitter_cfg.c **** * Function Name: cyfitter_cfg
 287:Generated_Source\PSoC4/cyfitter_cfg.c **** ********************************************************************************
 288:Generated_Source\PSoC4/cyfitter_cfg.c **** * Summary:
 289:Generated_Source\PSoC4/cyfitter_cfg.c **** *  This function is called by the start-up code for the selected device. It
 290:Generated_Source\PSoC4/cyfitter_cfg.c **** *  performs all of the necessary device configuration based on the design
 291:Generated_Source\PSoC4/cyfitter_cfg.c **** *  settings.  This includes settings from the Design Wide Resources (DWR) such
 292:Generated_Source\PSoC4/cyfitter_cfg.c **** *  as Clocks and Pins as well as any component configuration that is necessary.
 293:Generated_Source\PSoC4/cyfitter_cfg.c **** *
 294:Generated_Source\PSoC4/cyfitter_cfg.c **** * Parameters:
 295:Generated_Source\PSoC4/cyfitter_cfg.c **** *   void
 296:Generated_Source\PSoC4/cyfitter_cfg.c **** *
 297:Generated_Source\PSoC4/cyfitter_cfg.c **** * Return:
 298:Generated_Source\PSoC4/cyfitter_cfg.c **** *   void
 299:Generated_Source\PSoC4/cyfitter_cfg.c **** *
 300:Generated_Source\PSoC4/cyfitter_cfg.c **** *******************************************************************************/
 301:Generated_Source\PSoC4/cyfitter_cfg.c **** CY_CFG_SECTION
 302:Generated_Source\PSoC4/cyfitter_cfg.c **** void cyfitter_cfg(void)
 303:Generated_Source\PSoC4/cyfitter_cfg.c **** {
 409              		.loc 1 303 0
 410              		.cfi_startproc
 411              		@ args = 0, pretend = 0, frame = 8
 412              		@ frame_needed = 1, uses_anonymous_args = 0
 413 00fc 80B5     		push	{r7, lr}
 414              		.cfi_def_cfa_offset 8
 415              		.cfi_offset 7, -8
 416              		.cfi_offset 14, -4
 417 00fe 82B0     		sub	sp, sp, #8
 418              		.cfi_def_cfa_offset 16
 419 0100 00AF     		add	r7, sp, #0
 420              		.cfi_def_cfa_register 7
 304:Generated_Source\PSoC4/cyfitter_cfg.c **** 	/* Disable interrupts by default. Let user enable if/when they want. */
 305:Generated_Source\PSoC4/cyfitter_cfg.c **** 	CyGlobalIntDisable;
 421              		.loc 1 305 0
 422              		.syntax divided
 423              	@ 305 "Generated_Source\PSoC4\cyfitter_cfg.c" 1
 424 0102 72B6     		CPSID   i
 425              	@ 0 "" 2
 306:Generated_Source\PSoC4/cyfitter_cfg.c **** 
 307:Generated_Source\PSoC4/cyfitter_cfg.c **** 	CY_SET_REG32((void *)(CYREG_BLE_BLESS_LL_DSM_CTRL), 0x00000000u);
 426              		.loc 1 307 0
 427              		.thumb
 428              		.syntax unified
 429 0104 3C4B     		ldr	r3, .L18
 430 0106 0022     		movs	r2, #0
 431 0108 1A60     		str	r2, [r3]
 432              	.LBB2:
 308:Generated_Source\PSoC4/cyfitter_cfg.c **** 
 309:Generated_Source\PSoC4/cyfitter_cfg.c **** 	{
ARM GAS  C:\Users\User\AppData\Local\Temp\ccOXi1zV.s 			page 14


 310:Generated_Source\PSoC4/cyfitter_cfg.c **** 
 311:Generated_Source\PSoC4/cyfitter_cfg.c **** 		CYPACKED typedef struct {
 312:Generated_Source\PSoC4/cyfitter_cfg.c **** 			void CYFAR *address;
 313:Generated_Source\PSoC4/cyfitter_cfg.c **** 			uint16 size;
 314:Generated_Source\PSoC4/cyfitter_cfg.c **** 		} CYPACKED_ATTR cfg_memset_t;
 315:Generated_Source\PSoC4/cyfitter_cfg.c **** 
 316:Generated_Source\PSoC4/cyfitter_cfg.c **** 		static const cfg_memset_t CYCODE cfg_memset_list[] = {
 317:Generated_Source\PSoC4/cyfitter_cfg.c **** 			/* address, size */
 318:Generated_Source\PSoC4/cyfitter_cfg.c **** 			{(void CYFAR *)(CYDEV_UDB_P0_U0_BASE), 1024u},
 319:Generated_Source\PSoC4/cyfitter_cfg.c **** 			{(void CYFAR *)(CYDEV_UDB_DSI0_BASE), 1024u},
 320:Generated_Source\PSoC4/cyfitter_cfg.c **** 		};
 321:Generated_Source\PSoC4/cyfitter_cfg.c **** 
 322:Generated_Source\PSoC4/cyfitter_cfg.c **** 		uint8 CYDATA i;
 323:Generated_Source\PSoC4/cyfitter_cfg.c **** 
 324:Generated_Source\PSoC4/cyfitter_cfg.c **** 		/* Zero out critical memory blocks before beginning configuration */
 325:Generated_Source\PSoC4/cyfitter_cfg.c **** 		for (i = 0u; i < (sizeof(cfg_memset_list)/sizeof(cfg_memset_list[0])); i++)
 433              		.loc 1 325 0
 434 010a FB1D     		adds	r3, r7, #7
 435 010c 0022     		movs	r2, #0
 436 010e 1A70     		strb	r2, [r3]
 437 0110 22E0     		b	.L16
 438              	.L17:
 439              	.LBB3:
 326:Generated_Source\PSoC4/cyfitter_cfg.c **** 		{
 327:Generated_Source\PSoC4/cyfitter_cfg.c **** 			const cfg_memset_t CYCODE * CYDATA ms = &cfg_memset_list[i];
 440              		.loc 1 327 0 discriminator 3
 441 0112 FB1D     		adds	r3, r7, #7
 442 0114 1A78     		ldrb	r2, [r3]
 443 0116 1300     		movs	r3, r2
 444 0118 5B00     		lsls	r3, r3, #1
 445 011a 9B18     		adds	r3, r3, r2
 446 011c 5B00     		lsls	r3, r3, #1
 447 011e 374A     		ldr	r2, .L18+4
 448 0120 9B18     		adds	r3, r3, r2
 449 0122 3B60     		str	r3, [r7]
 328:Generated_Source\PSoC4/cyfitter_cfg.c **** 			CYMEMZERO(ms->address, (size_t)(uint32)(ms->size));
 450              		.loc 1 328 0 discriminator 3
 451 0124 3B68     		ldr	r3, [r7]
 452 0126 1A78     		ldrb	r2, [r3]
 453 0128 5978     		ldrb	r1, [r3, #1]
 454 012a 0902     		lsls	r1, r1, #8
 455 012c 0A43     		orrs	r2, r1
 456 012e 9978     		ldrb	r1, [r3, #2]
 457 0130 0904     		lsls	r1, r1, #16
 458 0132 0A43     		orrs	r2, r1
 459 0134 DB78     		ldrb	r3, [r3, #3]
 460 0136 1B06     		lsls	r3, r3, #24
 461 0138 1343     		orrs	r3, r2
 462 013a 1800     		movs	r0, r3
 463 013c 3B68     		ldr	r3, [r7]
 464 013e 1A79     		ldrb	r2, [r3, #4]
 465 0140 5B79     		ldrb	r3, [r3, #5]
 466 0142 1B02     		lsls	r3, r3, #8
 467 0144 1343     		orrs	r3, r2
 468 0146 9BB2     		uxth	r3, r3
 469 0148 1900     		movs	r1, r3
 470 014a FFF7FEFF 		bl	CYMEMZERO
ARM GAS  C:\Users\User\AppData\Local\Temp\ccOXi1zV.s 			page 15


 471              	.LBE3:
 325:Generated_Source\PSoC4/cyfitter_cfg.c **** 		{
 472              		.loc 1 325 0 discriminator 3
 473 014e FB1D     		adds	r3, r7, #7
 474 0150 1A78     		ldrb	r2, [r3]
 475 0152 FB1D     		adds	r3, r7, #7
 476 0154 0132     		adds	r2, r2, #1
 477 0156 1A70     		strb	r2, [r3]
 478              	.L16:
 325:Generated_Source\PSoC4/cyfitter_cfg.c **** 		{
 479              		.loc 1 325 0 is_stmt 0 discriminator 1
 480 0158 FB1D     		adds	r3, r7, #7
 481 015a 1B78     		ldrb	r3, [r3]
 482 015c 012B     		cmp	r3, #1
 483 015e D8D9     		bls	.L17
 329:Generated_Source\PSoC4/cyfitter_cfg.c **** 		}
 330:Generated_Source\PSoC4/cyfitter_cfg.c **** 
 331:Generated_Source\PSoC4/cyfitter_cfg.c **** 		/* HSIOM Starting address: CYDEV_HSIOM_BASE */
 332:Generated_Source\PSoC4/cyfitter_cfg.c **** 		CY_SET_REG32((void *)(CYDEV_HSIOM_BASE), 0xEE000000u);
 484              		.loc 1 332 0 is_stmt 1
 485 0160 274B     		ldr	r3, .L18+8
 486 0162 EE22     		movs	r2, #238
 487 0164 1206     		lsls	r2, r2, #24
 488 0166 1A60     		str	r2, [r3]
 333:Generated_Source\PSoC4/cyfitter_cfg.c **** 		CY_SET_REG32((void *)(CYREG_HSIOM_PORT_SEL1), 0x00990000u);
 489              		.loc 1 333 0
 490 0168 264B     		ldr	r3, .L18+12
 491 016a 9922     		movs	r2, #153
 492 016c 1204     		lsls	r2, r2, #16
 493 016e 1A60     		str	r2, [r3]
 334:Generated_Source\PSoC4/cyfitter_cfg.c **** 
 335:Generated_Source\PSoC4/cyfitter_cfg.c **** 		/* UDB_PA_0 Starting address: CYDEV_UDB_PA0_BASE */
 336:Generated_Source\PSoC4/cyfitter_cfg.c **** 		CY_SET_REG32((void *)(CYDEV_UDB_PA0_BASE), 0x00990000u);
 494              		.loc 1 336 0
 495 0170 254B     		ldr	r3, .L18+16
 496 0172 9922     		movs	r2, #153
 497 0174 1204     		lsls	r2, r2, #16
 498 0176 1A60     		str	r2, [r3]
 337:Generated_Source\PSoC4/cyfitter_cfg.c **** 
 338:Generated_Source\PSoC4/cyfitter_cfg.c **** 		/* UDB_PA_1 Starting address: CYDEV_UDB_PA1_BASE */
 339:Generated_Source\PSoC4/cyfitter_cfg.c **** 		CY_SET_REG32((void *)(CYDEV_UDB_PA1_BASE), 0x00990000u);
 499              		.loc 1 339 0
 500 0178 244B     		ldr	r3, .L18+20
 501 017a 9922     		movs	r2, #153
 502 017c 1204     		lsls	r2, r2, #16
 503 017e 1A60     		str	r2, [r3]
 340:Generated_Source\PSoC4/cyfitter_cfg.c **** 
 341:Generated_Source\PSoC4/cyfitter_cfg.c **** 		/* UDB_PA_2 Starting address: CYDEV_UDB_PA2_BASE */
 342:Generated_Source\PSoC4/cyfitter_cfg.c **** 		CY_SET_REG32((void *)(CYDEV_UDB_PA2_BASE), 0x00990000u);
 504              		.loc 1 342 0
 505 0180 234B     		ldr	r3, .L18+24
 506 0182 9922     		movs	r2, #153
 507 0184 1204     		lsls	r2, r2, #16
 508 0186 1A60     		str	r2, [r3]
 343:Generated_Source\PSoC4/cyfitter_cfg.c **** 
 344:Generated_Source\PSoC4/cyfitter_cfg.c **** 		/* UDB_PA_3 Starting address: CYDEV_UDB_PA3_BASE */
 345:Generated_Source\PSoC4/cyfitter_cfg.c **** 		CY_SET_REG32((void *)(CYDEV_UDB_PA3_BASE), 0x00990000u);
ARM GAS  C:\Users\User\AppData\Local\Temp\ccOXi1zV.s 			page 16


 509              		.loc 1 345 0
 510 0188 224B     		ldr	r3, .L18+28
 511 018a 9922     		movs	r2, #153
 512 018c 1204     		lsls	r2, r2, #16
 513 018e 1A60     		str	r2, [r3]
 346:Generated_Source\PSoC4/cyfitter_cfg.c **** 
 347:Generated_Source\PSoC4/cyfitter_cfg.c **** 		/* Enable digital routing */
 348:Generated_Source\PSoC4/cyfitter_cfg.c **** 		CY_SET_XTND_REG8((void *)CYREG_UDB_UDBIF_BANK_CTL, (uint8)(CY_GET_XTND_REG8((void *)CYREG_UDB_UDB
 514              		.loc 1 348 0
 515 0190 214A     		ldr	r2, .L18+32
 516 0192 214B     		ldr	r3, .L18+32
 517 0194 1B78     		ldrb	r3, [r3]
 518 0196 DBB2     		uxtb	r3, r3
 519 0198 0621     		movs	r1, #6
 520 019a 0B43     		orrs	r3, r1
 521 019c DBB2     		uxtb	r3, r3
 522 019e 1370     		strb	r3, [r2]
 523              	.LBE2:
 349:Generated_Source\PSoC4/cyfitter_cfg.c **** 	}
 350:Generated_Source\PSoC4/cyfitter_cfg.c **** 
 351:Generated_Source\PSoC4/cyfitter_cfg.c **** 	/* Perform second pass device configuration. These items must be configured in specific order afte
 352:Generated_Source\PSoC4/cyfitter_cfg.c **** 	/* IOPINS0_0 Starting address: CYDEV_GPIO_PRT0_BASE */
 353:Generated_Source\PSoC4/cyfitter_cfg.c **** 	CY_SET_REG32((void *)(CYREG_GPIO_PRT0_PC), 0x00D80000u);
 524              		.loc 1 353 0
 525 01a0 1E4B     		ldr	r3, .L18+36
 526 01a2 D822     		movs	r2, #216
 527 01a4 1204     		lsls	r2, r2, #16
 528 01a6 1A60     		str	r2, [r3]
 354:Generated_Source\PSoC4/cyfitter_cfg.c **** 
 355:Generated_Source\PSoC4/cyfitter_cfg.c **** 	/* IOPINS0_1 Starting address: CYDEV_GPIO_PRT1_BASE */
 356:Generated_Source\PSoC4/cyfitter_cfg.c **** 	CY_SET_REG32((void *)(CYDEV_GPIO_PRT1_BASE), 0x00000020u);
 529              		.loc 1 356 0
 530 01a8 1D4B     		ldr	r3, .L18+40
 531 01aa 2022     		movs	r2, #32
 532 01ac 1A60     		str	r2, [r3]
 357:Generated_Source\PSoC4/cyfitter_cfg.c **** 	CY_SET_REG32((void *)(CYREG_GPIO_PRT1_PC), 0x00031000u);
 533              		.loc 1 357 0
 534 01ae 1D4B     		ldr	r3, .L18+44
 535 01b0 C422     		movs	r2, #196
 536 01b2 9202     		lsls	r2, r2, #10
 537 01b4 1A60     		str	r2, [r3]
 358:Generated_Source\PSoC4/cyfitter_cfg.c **** 	CY_SET_REG32((void *)(CYREG_GPIO_PRT1_PC2), 0x00000020u);
 538              		.loc 1 358 0
 539 01b6 1C4B     		ldr	r3, .L18+48
 540 01b8 2022     		movs	r2, #32
 541 01ba 1A60     		str	r2, [r3]
 359:Generated_Source\PSoC4/cyfitter_cfg.c **** 
 360:Generated_Source\PSoC4/cyfitter_cfg.c **** 	/* IOPINS0_2 Starting address: CYDEV_GPIO_PRT2_BASE */
 361:Generated_Source\PSoC4/cyfitter_cfg.c **** 	CY_SET_REG32((void *)(CYDEV_GPIO_PRT2_BASE), 0x000000C0u);
 542              		.loc 1 361 0
 543 01bc 1B4B     		ldr	r3, .L18+52
 544 01be C022     		movs	r2, #192
 545 01c0 1A60     		str	r2, [r3]
 362:Generated_Source\PSoC4/cyfitter_cfg.c **** 	CY_SET_REG32((void *)(CYREG_GPIO_PRT2_PC), 0x00580000u);
 546              		.loc 1 362 0
 547 01c2 1B4B     		ldr	r3, .L18+56
 548 01c4 B022     		movs	r2, #176
ARM GAS  C:\Users\User\AppData\Local\Temp\ccOXi1zV.s 			page 17


 549 01c6 D203     		lsls	r2, r2, #15
 550 01c8 1A60     		str	r2, [r3]
 363:Generated_Source\PSoC4/cyfitter_cfg.c **** 	CY_SET_REG32((void *)(CYREG_GPIO_PRT2_INTR_CFG), 0x00008000u);
 551              		.loc 1 363 0
 552 01ca 1A4B     		ldr	r3, .L18+60
 553 01cc 8022     		movs	r2, #128
 554 01ce 1202     		lsls	r2, r2, #8
 555 01d0 1A60     		str	r2, [r3]
 364:Generated_Source\PSoC4/cyfitter_cfg.c **** 
 365:Generated_Source\PSoC4/cyfitter_cfg.c **** 	/* IOPINS0_3 Starting address: CYDEV_GPIO_PRT3_BASE */
 366:Generated_Source\PSoC4/cyfitter_cfg.c **** 	CY_SET_REG32((void *)(CYDEV_GPIO_PRT3_BASE), 0x000000C1u);
 556              		.loc 1 366 0
 557 01d2 194B     		ldr	r3, .L18+64
 558 01d4 C122     		movs	r2, #193
 559 01d6 1A60     		str	r2, [r3]
 367:Generated_Source\PSoC4/cyfitter_cfg.c **** 	CY_SET_REG32((void *)(CYREG_GPIO_PRT3_PC), 0x00D80000u);
 560              		.loc 1 367 0
 561 01d8 184B     		ldr	r3, .L18+68
 562 01da D822     		movs	r2, #216
 563 01dc 1204     		lsls	r2, r2, #16
 564 01de 1A60     		str	r2, [r3]
 368:Generated_Source\PSoC4/cyfitter_cfg.c **** 	CY_SET_REG32((void *)(CYREG_GPIO_PRT3_PC2), 0x00000001u);
 565              		.loc 1 368 0
 566 01e0 174B     		ldr	r3, .L18+72
 567 01e2 0122     		movs	r2, #1
 568 01e4 1A60     		str	r2, [r3]
 369:Generated_Source\PSoC4/cyfitter_cfg.c **** 
 370:Generated_Source\PSoC4/cyfitter_cfg.c **** 
 371:Generated_Source\PSoC4/cyfitter_cfg.c **** 	/* Setup clocks based on selections from Clock DWR */
 372:Generated_Source\PSoC4/cyfitter_cfg.c **** 	ClockSetup();
 569              		.loc 1 372 0
 570 01e6 FFF70BFF 		bl	ClockSetup
 373:Generated_Source\PSoC4/cyfitter_cfg.c **** 
 374:Generated_Source\PSoC4/cyfitter_cfg.c **** 	/* Perform basic analog initialization to defaults */
 375:Generated_Source\PSoC4/cyfitter_cfg.c **** 	AnalogSetDefault();
 571              		.loc 1 375 0
 572 01ea FFF7FEFF 		bl	AnalogSetDefault
 376:Generated_Source\PSoC4/cyfitter_cfg.c **** 
 377:Generated_Source\PSoC4/cyfitter_cfg.c **** }
 573              		.loc 1 377 0
 574 01ee C046     		nop
 575 01f0 BD46     		mov	sp, r7
 576 01f2 02B0     		add	sp, sp, #8
 577              		@ sp needed
 578 01f4 80BD     		pop	{r7, pc}
 579              	.L19:
 580 01f6 C046     		.align	2
 581              	.L18:
 582 01f8 6CF02E40 		.word	1076818028
 583 01fc 00000000 		.word	cfg_memset_list.4899
 584 0200 00000240 		.word	1073872896
 585 0204 00010240 		.word	1073873152
 586 0208 00500F40 		.word	1074745344
 587 020c 10500F40 		.word	1074745360
 588 0210 20500F40 		.word	1074745376
 589 0214 30500F40 		.word	1074745392
 590 0218 00700F40 		.word	1074753536
ARM GAS  C:\Users\User\AppData\Local\Temp\ccOXi1zV.s 			page 18


 591 021c 08000440 		.word	1074003976
 592 0220 00010440 		.word	1074004224
 593 0224 08010440 		.word	1074004232
 594 0228 18010440 		.word	1074004248
 595 022c 00020440 		.word	1074004480
 596 0230 08020440 		.word	1074004488
 597 0234 0C020440 		.word	1074004492
 598 0238 00030440 		.word	1074004736
 599 023c 08030440 		.word	1074004744
 600 0240 18030440 		.word	1074004760
 601              		.cfi_endproc
 602              	.LFE8:
 603              		.size	cyfitter_cfg, .-cyfitter_cfg
 604              		.section	.rodata
 605              		.align	2
 606              		.type	cfg_memset_list.4899, %object
 607              		.size	cfg_memset_list.4899, 12
 608              	cfg_memset_list.4899:
 609 0000 00300F40 		.word	1074737152
 610 0004 0004     		.short	1024
 611 0006 00400F40 		.4byte	1074741248
 612 000a 0004     		.short	1024
 613              		.text
 614              	.Letext0:
 615              		.file 2 "c:\\program files (x86)\\cypress\\psoc creator\\4.2\\psoc creator\\import\\gnu\\arm\\5.4.
 616              		.file 3 "Generated_Source\\PSoC4\\cytypes.h"
 617              		.section	.debug_info,"",%progbits
 618              	.Ldebug_info0:
 619 0000 8A020000 		.4byte	0x28a
 620 0004 0400     		.2byte	0x4
 621 0006 00000000 		.4byte	.Ldebug_abbrev0
 622 000a 04       		.byte	0x4
 623 000b 01       		.uleb128 0x1
 624 000c 93000000 		.4byte	.LASF32
 625 0010 0C       		.byte	0xc
 626 0011 A6020000 		.4byte	.LASF33
 627 0015 A0010000 		.4byte	.LASF34
 628 0019 00000000 		.4byte	.Ldebug_ranges0+0
 629 001d 00000000 		.4byte	0
 630 0021 00000000 		.4byte	.Ldebug_line0
 631 0025 02       		.uleb128 0x2
 632 0026 04       		.byte	0x4
 633 0027 05       		.byte	0x5
 634 0028 696E7400 		.ascii	"int\000"
 635 002c 03       		.uleb128 0x3
 636 002d 16000000 		.4byte	.LASF12
 637 0031 02       		.byte	0x2
 638 0032 D8       		.byte	0xd8
 639 0033 37000000 		.4byte	0x37
 640 0037 04       		.uleb128 0x4
 641 0038 04       		.byte	0x4
 642 0039 07       		.byte	0x7
 643 003a 67010000 		.4byte	.LASF0
 644 003e 04       		.uleb128 0x4
 645 003f 08       		.byte	0x8
 646 0040 05       		.byte	0x5
 647 0041 60020000 		.4byte	.LASF1
ARM GAS  C:\Users\User\AppData\Local\Temp\ccOXi1zV.s 			page 19


 648 0045 04       		.uleb128 0x4
 649 0046 08       		.byte	0x8
 650 0047 04       		.byte	0x4
 651 0048 8E020000 		.4byte	.LASF2
 652 004c 04       		.uleb128 0x4
 653 004d 01       		.byte	0x1
 654 004e 06       		.byte	0x6
 655 004f 9A020000 		.4byte	.LASF3
 656 0053 04       		.uleb128 0x4
 657 0054 01       		.byte	0x1
 658 0055 08       		.byte	0x8
 659 0056 37010000 		.4byte	.LASF4
 660 005a 04       		.uleb128 0x4
 661 005b 02       		.byte	0x2
 662 005c 05       		.byte	0x5
 663 005d 73020000 		.4byte	.LASF5
 664 0061 04       		.uleb128 0x4
 665 0062 02       		.byte	0x2
 666 0063 07       		.byte	0x7
 667 0064 49000000 		.4byte	.LASF6
 668 0068 04       		.uleb128 0x4
 669 0069 04       		.byte	0x4
 670 006a 05       		.byte	0x5
 671 006b 85020000 		.4byte	.LASF7
 672 006f 04       		.uleb128 0x4
 673 0070 04       		.byte	0x4
 674 0071 07       		.byte	0x7
 675 0072 71000000 		.4byte	.LASF8
 676 0076 04       		.uleb128 0x4
 677 0077 08       		.byte	0x8
 678 0078 07       		.byte	0x7
 679 0079 7C010000 		.4byte	.LASF9
 680 007d 04       		.uleb128 0x4
 681 007e 04       		.byte	0x4
 682 007f 07       		.byte	0x7
 683 0080 57020000 		.4byte	.LASF10
 684 0084 05       		.uleb128 0x5
 685 0085 04       		.byte	0x4
 686 0086 04       		.uleb128 0x4
 687 0087 01       		.byte	0x1
 688 0088 08       		.byte	0x8
 689 0089 6E020000 		.4byte	.LASF11
 690 008d 06       		.uleb128 0x6
 691 008e 83000000 		.4byte	.LASF13
 692 0092 03       		.byte	0x3
 693 0093 D201     		.2byte	0x1d2
 694 0095 53000000 		.4byte	0x53
 695 0099 06       		.uleb128 0x6
 696 009a 59010000 		.4byte	.LASF14
 697 009e 03       		.byte	0x3
 698 009f D301     		.2byte	0x1d3
 699 00a1 61000000 		.4byte	0x61
 700 00a5 06       		.uleb128 0x6
 701 00a6 60010000 		.4byte	.LASF15
 702 00aa 03       		.byte	0x3
 703 00ab D401     		.2byte	0x1d4
 704 00ad 6F000000 		.4byte	0x6f
ARM GAS  C:\Users\User\AppData\Local\Temp\ccOXi1zV.s 			page 20


 705 00b1 04       		.uleb128 0x4
 706 00b2 04       		.byte	0x4
 707 00b3 04       		.byte	0x4
 708 00b4 5C000000 		.4byte	.LASF16
 709 00b8 04       		.uleb128 0x4
 710 00b9 08       		.byte	0x8
 711 00ba 04       		.byte	0x4
 712 00bb 45010000 		.4byte	.LASF17
 713 00bf 06       		.uleb128 0x6
 714 00c0 6C000000 		.4byte	.LASF18
 715 00c4 03       		.byte	0x3
 716 00c5 7C02     		.2byte	0x27c
 717 00c7 CB000000 		.4byte	0xcb
 718 00cb 07       		.uleb128 0x7
 719 00cc 8D000000 		.4byte	0x8d
 720 00d0 06       		.uleb128 0x6
 721 00d1 10000000 		.4byte	.LASF19
 722 00d5 03       		.byte	0x3
 723 00d6 7E02     		.2byte	0x27e
 724 00d8 DC000000 		.4byte	0xdc
 725 00dc 07       		.uleb128 0x7
 726 00dd A5000000 		.4byte	0xa5
 727 00e1 08       		.uleb128 0x8
 728 00e2 89000000 		.4byte	.LASF20
 729 00e6 01       		.byte	0x1
 730 00e7 4A       		.byte	0x4a
 731 00e8 00000000 		.4byte	.LFB2
 732 00ec 1E000000 		.4byte	.LFE2-.LFB2
 733 00f0 01       		.uleb128 0x1
 734 00f1 9C       		.byte	0x9c
 735 00f2 0F010000 		.4byte	0x10f
 736 00f6 09       		.uleb128 0x9
 737 00f7 7300     		.ascii	"s\000"
 738 00f9 01       		.byte	0x1
 739 00fa 4A       		.byte	0x4a
 740 00fb 84000000 		.4byte	0x84
 741 00ff 02       		.uleb128 0x2
 742 0100 91       		.byte	0x91
 743 0101 74       		.sleb128 -12
 744 0102 09       		.uleb128 0x9
 745 0103 6E00     		.ascii	"n\000"
 746 0105 01       		.byte	0x1
 747 0106 4A       		.byte	0x4a
 748 0107 2C000000 		.4byte	0x2c
 749 010b 02       		.uleb128 0x2
 750 010c 91       		.byte	0x91
 751 010d 70       		.sleb128 -16
 752 010e 00       		.byte	0
 753 010f 08       		.uleb128 0x8
 754 0110 D5020000 		.4byte	.LASF21
 755 0114 01       		.byte	0x1
 756 0115 51       		.byte	0x51
 757 0116 00000000 		.4byte	.LFB3
 758 011a 20000000 		.4byte	.LFE3-.LFB3
 759 011e 01       		.uleb128 0x1
 760 011f 9C       		.byte	0x9c
 761 0120 4D010000 		.4byte	0x14d
ARM GAS  C:\Users\User\AppData\Local\Temp\ccOXi1zV.s 			page 21


 762 0124 0A       		.uleb128 0xa
 763 0125 62000000 		.4byte	.LASF22
 764 0129 01       		.byte	0x1
 765 012a 51       		.byte	0x51
 766 012b 84000000 		.4byte	0x84
 767 012f 02       		.uleb128 0x2
 768 0130 91       		.byte	0x91
 769 0131 74       		.sleb128 -12
 770 0132 09       		.uleb128 0x9
 771 0133 73726300 		.ascii	"src\000"
 772 0137 01       		.byte	0x1
 773 0138 51       		.byte	0x51
 774 0139 4D010000 		.4byte	0x14d
 775 013d 02       		.uleb128 0x2
 776 013e 91       		.byte	0x91
 777 013f 70       		.sleb128 -16
 778 0140 09       		.uleb128 0x9
 779 0141 6E00     		.ascii	"n\000"
 780 0143 01       		.byte	0x1
 781 0144 51       		.byte	0x51
 782 0145 2C000000 		.4byte	0x2c
 783 0149 02       		.uleb128 0x2
 784 014a 91       		.byte	0x91
 785 014b 6C       		.sleb128 -20
 786 014c 00       		.byte	0
 787 014d 0B       		.uleb128 0xb
 788 014e 04       		.byte	0x4
 789 014f 53010000 		.4byte	0x153
 790 0153 0C       		.uleb128 0xc
 791 0154 08       		.uleb128 0x8
 792 0155 00000000 		.4byte	.LASF23
 793 0159 01       		.byte	0x1
 794 015a 58       		.byte	0x58
 795 015b 00000000 		.4byte	.LFB4
 796 015f 20000000 		.4byte	.LFE4-.LFB4
 797 0163 01       		.uleb128 0x1
 798 0164 9C       		.byte	0x9c
 799 0165 92010000 		.4byte	0x192
 800 0169 0A       		.uleb128 0xa
 801 016a 62000000 		.4byte	.LASF22
 802 016e 01       		.byte	0x1
 803 016f 58       		.byte	0x58
 804 0170 84000000 		.4byte	0x84
 805 0174 02       		.uleb128 0x2
 806 0175 91       		.byte	0x91
 807 0176 74       		.sleb128 -12
 808 0177 09       		.uleb128 0x9
 809 0178 73726300 		.ascii	"src\000"
 810 017c 01       		.byte	0x1
 811 017d 58       		.byte	0x58
 812 017e 4D010000 		.4byte	0x14d
 813 0182 02       		.uleb128 0x2
 814 0183 91       		.byte	0x91
 815 0184 70       		.sleb128 -16
 816 0185 09       		.uleb128 0x9
 817 0186 6E00     		.ascii	"n\000"
 818 0188 01       		.byte	0x1
ARM GAS  C:\Users\User\AppData\Local\Temp\ccOXi1zV.s 			page 22


 819 0189 58       		.byte	0x58
 820 018a 2C000000 		.4byte	0x2c
 821 018e 02       		.uleb128 0x2
 822 018f 91       		.byte	0x91
 823 0190 6C       		.sleb128 -20
 824 0191 00       		.byte	0
 825 0192 0D       		.uleb128 0xd
 826 0193 3E000000 		.4byte	.LASF24
 827 0197 01       		.byte	0x1
 828 0198 A8       		.byte	0xa8
 829 0199 00000000 		.4byte	.LFB5
 830 019d FC000000 		.4byte	.LFE5-.LFB5
 831 01a1 01       		.uleb128 0x1
 832 01a2 9C       		.byte	0x9c
 833 01a3 0D       		.uleb128 0xd
 834 01a4 1D000000 		.4byte	.LASF25
 835 01a8 01       		.byte	0x1
 836 01a9 F0       		.byte	0xf0
 837 01aa 00000000 		.4byte	.LFB6
 838 01ae 54000000 		.4byte	.LFE6-.LFB6
 839 01b2 01       		.uleb128 0x1
 840 01b3 9C       		.byte	0x9c
 841 01b4 0E       		.uleb128 0xe
 842 01b5 21010000 		.4byte	.LASF35
 843 01b9 01       		.byte	0x1
 844 01ba 0C01     		.2byte	0x10c
 845 01bc 00000000 		.4byte	.LFB7
 846 01c0 40000000 		.4byte	.LFE7-.LFB7
 847 01c4 01       		.uleb128 0x1
 848 01c5 9C       		.byte	0x9c
 849 01c6 E9010000 		.4byte	0x1e9
 850 01ca 0F       		.uleb128 0xf
 851 01cb 7D020000 		.4byte	.LASF26
 852 01cf 01       		.byte	0x1
 853 01d0 0C01     		.2byte	0x10c
 854 01d2 8D000000 		.4byte	0x8d
 855 01d6 02       		.uleb128 0x2
 856 01d7 91       		.byte	0x91
 857 01d8 6F       		.sleb128 -17
 858 01d9 10       		.uleb128 0x10
 859 01da CC020000 		.4byte	.LASF30
 860 01de 01       		.byte	0x1
 861 01df 0E01     		.2byte	0x10e
 862 01e1 A5000000 		.4byte	0xa5
 863 01e5 02       		.uleb128 0x2
 864 01e6 91       		.byte	0x91
 865 01e7 74       		.sleb128 -12
 866 01e8 00       		.byte	0
 867 01e9 11       		.uleb128 0x11
 868 01ea 4C010000 		.4byte	.LASF36
 869 01ee 01       		.byte	0x1
 870 01ef 2E01     		.2byte	0x12e
 871 01f1 FC000000 		.4byte	.LFB8
 872 01f5 48010000 		.4byte	.LFE8-.LFB8
 873 01f9 01       		.uleb128 0x1
 874 01fa 9C       		.byte	0x9c
 875 01fb 12       		.uleb128 0x12
ARM GAS  C:\Users\User\AppData\Local\Temp\ccOXi1zV.s 			page 23


 876 01fc 0A010000 		.4byte	.LBB2
 877 0200 96000000 		.4byte	.LBE2-.LBB2
 878 0204 13       		.uleb128 0x13
 879 0205 06       		.byte	0x6
 880 0206 01       		.byte	0x1
 881 0207 3701     		.2byte	0x137
 882 0209 28020000 		.4byte	0x228
 883 020d 14       		.uleb128 0x14
 884 020e 74010000 		.4byte	.LASF27
 885 0212 01       		.byte	0x1
 886 0213 3801     		.2byte	0x138
 887 0215 84000000 		.4byte	0x84
 888 0219 00       		.byte	0
 889 021a 14       		.uleb128 0x14
 890 021b 67000000 		.4byte	.LASF28
 891 021f 01       		.byte	0x1
 892 0220 3901     		.2byte	0x139
 893 0222 99000000 		.4byte	0x99
 894 0226 04       		.byte	0x4
 895 0227 00       		.byte	0
 896 0228 06       		.uleb128 0x6
 897 0229 93010000 		.4byte	.LASF29
 898 022d 01       		.byte	0x1
 899 022e 3A01     		.2byte	0x13a
 900 0230 04020000 		.4byte	0x204
 901 0234 15       		.uleb128 0x15
 902 0235 44020000 		.4byte	0x244
 903 0239 44020000 		.4byte	0x244
 904 023d 16       		.uleb128 0x16
 905 023e 7D000000 		.4byte	0x7d
 906 0242 01       		.byte	0x1
 907 0243 00       		.byte	0
 908 0244 17       		.uleb128 0x17
 909 0245 28020000 		.4byte	0x228
 910 0249 10       		.uleb128 0x10
 911 024a 2E000000 		.4byte	.LASF31
 912 024e 01       		.byte	0x1
 913 024f 3C01     		.2byte	0x13c
 914 0251 5B020000 		.4byte	0x25b
 915 0255 05       		.uleb128 0x5
 916 0256 03       		.byte	0x3
 917 0257 00000000 		.4byte	cfg_memset_list.4899
 918 025b 17       		.uleb128 0x17
 919 025c 34020000 		.4byte	0x234
 920 0260 18       		.uleb128 0x18
 921 0261 6900     		.ascii	"i\000"
 922 0263 01       		.byte	0x1
 923 0264 4201     		.2byte	0x142
 924 0266 8D000000 		.4byte	0x8d
 925 026a 02       		.uleb128 0x2
 926 026b 91       		.byte	0x91
 927 026c 77       		.sleb128 -9
 928 026d 12       		.uleb128 0x12
 929 026e 12010000 		.4byte	.LBB3
 930 0272 3C000000 		.4byte	.LBE3-.LBB3
 931 0276 18       		.uleb128 0x18
 932 0277 6D7300   		.ascii	"ms\000"
ARM GAS  C:\Users\User\AppData\Local\Temp\ccOXi1zV.s 			page 24


 933 027a 01       		.byte	0x1
 934 027b 4701     		.2byte	0x147
 935 027d 84020000 		.4byte	0x284
 936 0281 02       		.uleb128 0x2
 937 0282 91       		.byte	0x91
 938 0283 70       		.sleb128 -16
 939 0284 0B       		.uleb128 0xb
 940 0285 04       		.byte	0x4
 941 0286 44020000 		.4byte	0x244
 942 028a 00       		.byte	0
 943 028b 00       		.byte	0
 944 028c 00       		.byte	0
 945 028d 00       		.byte	0
 946              		.section	.debug_abbrev,"",%progbits
 947              	.Ldebug_abbrev0:
 948 0000 01       		.uleb128 0x1
 949 0001 11       		.uleb128 0x11
 950 0002 01       		.byte	0x1
 951 0003 25       		.uleb128 0x25
 952 0004 0E       		.uleb128 0xe
 953 0005 13       		.uleb128 0x13
 954 0006 0B       		.uleb128 0xb
 955 0007 03       		.uleb128 0x3
 956 0008 0E       		.uleb128 0xe
 957 0009 1B       		.uleb128 0x1b
 958 000a 0E       		.uleb128 0xe
 959 000b 55       		.uleb128 0x55
 960 000c 17       		.uleb128 0x17
 961 000d 11       		.uleb128 0x11
 962 000e 01       		.uleb128 0x1
 963 000f 10       		.uleb128 0x10
 964 0010 17       		.uleb128 0x17
 965 0011 00       		.byte	0
 966 0012 00       		.byte	0
 967 0013 02       		.uleb128 0x2
 968 0014 24       		.uleb128 0x24
 969 0015 00       		.byte	0
 970 0016 0B       		.uleb128 0xb
 971 0017 0B       		.uleb128 0xb
 972 0018 3E       		.uleb128 0x3e
 973 0019 0B       		.uleb128 0xb
 974 001a 03       		.uleb128 0x3
 975 001b 08       		.uleb128 0x8
 976 001c 00       		.byte	0
 977 001d 00       		.byte	0
 978 001e 03       		.uleb128 0x3
 979 001f 16       		.uleb128 0x16
 980 0020 00       		.byte	0
 981 0021 03       		.uleb128 0x3
 982 0022 0E       		.uleb128 0xe
 983 0023 3A       		.uleb128 0x3a
 984 0024 0B       		.uleb128 0xb
 985 0025 3B       		.uleb128 0x3b
 986 0026 0B       		.uleb128 0xb
 987 0027 49       		.uleb128 0x49
 988 0028 13       		.uleb128 0x13
 989 0029 00       		.byte	0
ARM GAS  C:\Users\User\AppData\Local\Temp\ccOXi1zV.s 			page 25


 990 002a 00       		.byte	0
 991 002b 04       		.uleb128 0x4
 992 002c 24       		.uleb128 0x24
 993 002d 00       		.byte	0
 994 002e 0B       		.uleb128 0xb
 995 002f 0B       		.uleb128 0xb
 996 0030 3E       		.uleb128 0x3e
 997 0031 0B       		.uleb128 0xb
 998 0032 03       		.uleb128 0x3
 999 0033 0E       		.uleb128 0xe
 1000 0034 00       		.byte	0
 1001 0035 00       		.byte	0
 1002 0036 05       		.uleb128 0x5
 1003 0037 0F       		.uleb128 0xf
 1004 0038 00       		.byte	0
 1005 0039 0B       		.uleb128 0xb
 1006 003a 0B       		.uleb128 0xb
 1007 003b 00       		.byte	0
 1008 003c 00       		.byte	0
 1009 003d 06       		.uleb128 0x6
 1010 003e 16       		.uleb128 0x16
 1011 003f 00       		.byte	0
 1012 0040 03       		.uleb128 0x3
 1013 0041 0E       		.uleb128 0xe
 1014 0042 3A       		.uleb128 0x3a
 1015 0043 0B       		.uleb128 0xb
 1016 0044 3B       		.uleb128 0x3b
 1017 0045 05       		.uleb128 0x5
 1018 0046 49       		.uleb128 0x49
 1019 0047 13       		.uleb128 0x13
 1020 0048 00       		.byte	0
 1021 0049 00       		.byte	0
 1022 004a 07       		.uleb128 0x7
 1023 004b 35       		.uleb128 0x35
 1024 004c 00       		.byte	0
 1025 004d 49       		.uleb128 0x49
 1026 004e 13       		.uleb128 0x13
 1027 004f 00       		.byte	0
 1028 0050 00       		.byte	0
 1029 0051 08       		.uleb128 0x8
 1030 0052 2E       		.uleb128 0x2e
 1031 0053 01       		.byte	0x1
 1032 0054 03       		.uleb128 0x3
 1033 0055 0E       		.uleb128 0xe
 1034 0056 3A       		.uleb128 0x3a
 1035 0057 0B       		.uleb128 0xb
 1036 0058 3B       		.uleb128 0x3b
 1037 0059 0B       		.uleb128 0xb
 1038 005a 27       		.uleb128 0x27
 1039 005b 19       		.uleb128 0x19
 1040 005c 11       		.uleb128 0x11
 1041 005d 01       		.uleb128 0x1
 1042 005e 12       		.uleb128 0x12
 1043 005f 06       		.uleb128 0x6
 1044 0060 40       		.uleb128 0x40
 1045 0061 18       		.uleb128 0x18
 1046 0062 9642     		.uleb128 0x2116
ARM GAS  C:\Users\User\AppData\Local\Temp\ccOXi1zV.s 			page 26


 1047 0064 19       		.uleb128 0x19
 1048 0065 01       		.uleb128 0x1
 1049 0066 13       		.uleb128 0x13
 1050 0067 00       		.byte	0
 1051 0068 00       		.byte	0
 1052 0069 09       		.uleb128 0x9
 1053 006a 05       		.uleb128 0x5
 1054 006b 00       		.byte	0
 1055 006c 03       		.uleb128 0x3
 1056 006d 08       		.uleb128 0x8
 1057 006e 3A       		.uleb128 0x3a
 1058 006f 0B       		.uleb128 0xb
 1059 0070 3B       		.uleb128 0x3b
 1060 0071 0B       		.uleb128 0xb
 1061 0072 49       		.uleb128 0x49
 1062 0073 13       		.uleb128 0x13
 1063 0074 02       		.uleb128 0x2
 1064 0075 18       		.uleb128 0x18
 1065 0076 00       		.byte	0
 1066 0077 00       		.byte	0
 1067 0078 0A       		.uleb128 0xa
 1068 0079 05       		.uleb128 0x5
 1069 007a 00       		.byte	0
 1070 007b 03       		.uleb128 0x3
 1071 007c 0E       		.uleb128 0xe
 1072 007d 3A       		.uleb128 0x3a
 1073 007e 0B       		.uleb128 0xb
 1074 007f 3B       		.uleb128 0x3b
 1075 0080 0B       		.uleb128 0xb
 1076 0081 49       		.uleb128 0x49
 1077 0082 13       		.uleb128 0x13
 1078 0083 02       		.uleb128 0x2
 1079 0084 18       		.uleb128 0x18
 1080 0085 00       		.byte	0
 1081 0086 00       		.byte	0
 1082 0087 0B       		.uleb128 0xb
 1083 0088 0F       		.uleb128 0xf
 1084 0089 00       		.byte	0
 1085 008a 0B       		.uleb128 0xb
 1086 008b 0B       		.uleb128 0xb
 1087 008c 49       		.uleb128 0x49
 1088 008d 13       		.uleb128 0x13
 1089 008e 00       		.byte	0
 1090 008f 00       		.byte	0
 1091 0090 0C       		.uleb128 0xc
 1092 0091 26       		.uleb128 0x26
 1093 0092 00       		.byte	0
 1094 0093 00       		.byte	0
 1095 0094 00       		.byte	0
 1096 0095 0D       		.uleb128 0xd
 1097 0096 2E       		.uleb128 0x2e
 1098 0097 00       		.byte	0
 1099 0098 03       		.uleb128 0x3
 1100 0099 0E       		.uleb128 0xe
 1101 009a 3A       		.uleb128 0x3a
 1102 009b 0B       		.uleb128 0xb
 1103 009c 3B       		.uleb128 0x3b
ARM GAS  C:\Users\User\AppData\Local\Temp\ccOXi1zV.s 			page 27


 1104 009d 0B       		.uleb128 0xb
 1105 009e 27       		.uleb128 0x27
 1106 009f 19       		.uleb128 0x19
 1107 00a0 11       		.uleb128 0x11
 1108 00a1 01       		.uleb128 0x1
 1109 00a2 12       		.uleb128 0x12
 1110 00a3 06       		.uleb128 0x6
 1111 00a4 40       		.uleb128 0x40
 1112 00a5 18       		.uleb128 0x18
 1113 00a6 9642     		.uleb128 0x2116
 1114 00a8 19       		.uleb128 0x19
 1115 00a9 00       		.byte	0
 1116 00aa 00       		.byte	0
 1117 00ab 0E       		.uleb128 0xe
 1118 00ac 2E       		.uleb128 0x2e
 1119 00ad 01       		.byte	0x1
 1120 00ae 3F       		.uleb128 0x3f
 1121 00af 19       		.uleb128 0x19
 1122 00b0 03       		.uleb128 0x3
 1123 00b1 0E       		.uleb128 0xe
 1124 00b2 3A       		.uleb128 0x3a
 1125 00b3 0B       		.uleb128 0xb
 1126 00b4 3B       		.uleb128 0x3b
 1127 00b5 05       		.uleb128 0x5
 1128 00b6 27       		.uleb128 0x27
 1129 00b7 19       		.uleb128 0x19
 1130 00b8 11       		.uleb128 0x11
 1131 00b9 01       		.uleb128 0x1
 1132 00ba 12       		.uleb128 0x12
 1133 00bb 06       		.uleb128 0x6
 1134 00bc 40       		.uleb128 0x40
 1135 00bd 18       		.uleb128 0x18
 1136 00be 9742     		.uleb128 0x2117
 1137 00c0 19       		.uleb128 0x19
 1138 00c1 01       		.uleb128 0x1
 1139 00c2 13       		.uleb128 0x13
 1140 00c3 00       		.byte	0
 1141 00c4 00       		.byte	0
 1142 00c5 0F       		.uleb128 0xf
 1143 00c6 05       		.uleb128 0x5
 1144 00c7 00       		.byte	0
 1145 00c8 03       		.uleb128 0x3
 1146 00c9 0E       		.uleb128 0xe
 1147 00ca 3A       		.uleb128 0x3a
 1148 00cb 0B       		.uleb128 0xb
 1149 00cc 3B       		.uleb128 0x3b
 1150 00cd 05       		.uleb128 0x5
 1151 00ce 49       		.uleb128 0x49
 1152 00cf 13       		.uleb128 0x13
 1153 00d0 02       		.uleb128 0x2
 1154 00d1 18       		.uleb128 0x18
 1155 00d2 00       		.byte	0
 1156 00d3 00       		.byte	0
 1157 00d4 10       		.uleb128 0x10
 1158 00d5 34       		.uleb128 0x34
 1159 00d6 00       		.byte	0
 1160 00d7 03       		.uleb128 0x3
ARM GAS  C:\Users\User\AppData\Local\Temp\ccOXi1zV.s 			page 28


 1161 00d8 0E       		.uleb128 0xe
 1162 00d9 3A       		.uleb128 0x3a
 1163 00da 0B       		.uleb128 0xb
 1164 00db 3B       		.uleb128 0x3b
 1165 00dc 05       		.uleb128 0x5
 1166 00dd 49       		.uleb128 0x49
 1167 00de 13       		.uleb128 0x13
 1168 00df 02       		.uleb128 0x2
 1169 00e0 18       		.uleb128 0x18
 1170 00e1 00       		.byte	0
 1171 00e2 00       		.byte	0
 1172 00e3 11       		.uleb128 0x11
 1173 00e4 2E       		.uleb128 0x2e
 1174 00e5 01       		.byte	0x1
 1175 00e6 3F       		.uleb128 0x3f
 1176 00e7 19       		.uleb128 0x19
 1177 00e8 03       		.uleb128 0x3
 1178 00e9 0E       		.uleb128 0xe
 1179 00ea 3A       		.uleb128 0x3a
 1180 00eb 0B       		.uleb128 0xb
 1181 00ec 3B       		.uleb128 0x3b
 1182 00ed 05       		.uleb128 0x5
 1183 00ee 27       		.uleb128 0x27
 1184 00ef 19       		.uleb128 0x19
 1185 00f0 11       		.uleb128 0x11
 1186 00f1 01       		.uleb128 0x1
 1187 00f2 12       		.uleb128 0x12
 1188 00f3 06       		.uleb128 0x6
 1189 00f4 40       		.uleb128 0x40
 1190 00f5 18       		.uleb128 0x18
 1191 00f6 9642     		.uleb128 0x2116
 1192 00f8 19       		.uleb128 0x19
 1193 00f9 00       		.byte	0
 1194 00fa 00       		.byte	0
 1195 00fb 12       		.uleb128 0x12
 1196 00fc 0B       		.uleb128 0xb
 1197 00fd 01       		.byte	0x1
 1198 00fe 11       		.uleb128 0x11
 1199 00ff 01       		.uleb128 0x1
 1200 0100 12       		.uleb128 0x12
 1201 0101 06       		.uleb128 0x6
 1202 0102 00       		.byte	0
 1203 0103 00       		.byte	0
 1204 0104 13       		.uleb128 0x13
 1205 0105 13       		.uleb128 0x13
 1206 0106 01       		.byte	0x1
 1207 0107 0B       		.uleb128 0xb
 1208 0108 0B       		.uleb128 0xb
 1209 0109 3A       		.uleb128 0x3a
 1210 010a 0B       		.uleb128 0xb
 1211 010b 3B       		.uleb128 0x3b
 1212 010c 05       		.uleb128 0x5
 1213 010d 01       		.uleb128 0x1
 1214 010e 13       		.uleb128 0x13
 1215 010f 00       		.byte	0
 1216 0110 00       		.byte	0
 1217 0111 14       		.uleb128 0x14
ARM GAS  C:\Users\User\AppData\Local\Temp\ccOXi1zV.s 			page 29


 1218 0112 0D       		.uleb128 0xd
 1219 0113 00       		.byte	0
 1220 0114 03       		.uleb128 0x3
 1221 0115 0E       		.uleb128 0xe
 1222 0116 3A       		.uleb128 0x3a
 1223 0117 0B       		.uleb128 0xb
 1224 0118 3B       		.uleb128 0x3b
 1225 0119 05       		.uleb128 0x5
 1226 011a 49       		.uleb128 0x49
 1227 011b 13       		.uleb128 0x13
 1228 011c 38       		.uleb128 0x38
 1229 011d 0B       		.uleb128 0xb
 1230 011e 00       		.byte	0
 1231 011f 00       		.byte	0
 1232 0120 15       		.uleb128 0x15
 1233 0121 01       		.uleb128 0x1
 1234 0122 01       		.byte	0x1
 1235 0123 49       		.uleb128 0x49
 1236 0124 13       		.uleb128 0x13
 1237 0125 01       		.uleb128 0x1
 1238 0126 13       		.uleb128 0x13
 1239 0127 00       		.byte	0
 1240 0128 00       		.byte	0
 1241 0129 16       		.uleb128 0x16
 1242 012a 21       		.uleb128 0x21
 1243 012b 00       		.byte	0
 1244 012c 49       		.uleb128 0x49
 1245 012d 13       		.uleb128 0x13
 1246 012e 2F       		.uleb128 0x2f
 1247 012f 0B       		.uleb128 0xb
 1248 0130 00       		.byte	0
 1249 0131 00       		.byte	0
 1250 0132 17       		.uleb128 0x17
 1251 0133 26       		.uleb128 0x26
 1252 0134 00       		.byte	0
 1253 0135 49       		.uleb128 0x49
 1254 0136 13       		.uleb128 0x13
 1255 0137 00       		.byte	0
 1256 0138 00       		.byte	0
 1257 0139 18       		.uleb128 0x18
 1258 013a 34       		.uleb128 0x34
 1259 013b 00       		.byte	0
 1260 013c 03       		.uleb128 0x3
 1261 013d 08       		.uleb128 0x8
 1262 013e 3A       		.uleb128 0x3a
 1263 013f 0B       		.uleb128 0xb
 1264 0140 3B       		.uleb128 0x3b
 1265 0141 05       		.uleb128 0x5
 1266 0142 49       		.uleb128 0x49
 1267 0143 13       		.uleb128 0x13
 1268 0144 02       		.uleb128 0x2
 1269 0145 18       		.uleb128 0x18
 1270 0146 00       		.byte	0
 1271 0147 00       		.byte	0
 1272 0148 00       		.byte	0
 1273              		.section	.debug_aranges,"",%progbits
 1274 0000 4C000000 		.4byte	0x4c
ARM GAS  C:\Users\User\AppData\Local\Temp\ccOXi1zV.s 			page 30


 1275 0004 0200     		.2byte	0x2
 1276 0006 00000000 		.4byte	.Ldebug_info0
 1277 000a 04       		.byte	0x4
 1278 000b 00       		.byte	0
 1279 000c 0000     		.2byte	0
 1280 000e 0000     		.2byte	0
 1281 0010 00000000 		.4byte	.LFB2
 1282 0014 1E000000 		.4byte	.LFE2-.LFB2
 1283 0018 00000000 		.4byte	.LFB3
 1284 001c 20000000 		.4byte	.LFE3-.LFB3
 1285 0020 00000000 		.4byte	.LFB4
 1286 0024 20000000 		.4byte	.LFE4-.LFB4
 1287 0028 00000000 		.4byte	.LFB5
 1288 002c FC000000 		.4byte	.LFE5-.LFB5
 1289 0030 00000000 		.4byte	.LFB6
 1290 0034 54000000 		.4byte	.LFE6-.LFB6
 1291 0038 00000000 		.4byte	.LFB7
 1292 003c 40000000 		.4byte	.LFE7-.LFB7
 1293 0040 FC000000 		.4byte	.LFB8
 1294 0044 48010000 		.4byte	.LFE8-.LFB8
 1295 0048 00000000 		.4byte	0
 1296 004c 00000000 		.4byte	0
 1297              		.section	.debug_ranges,"",%progbits
 1298              	.Ldebug_ranges0:
 1299 0000 00000000 		.4byte	.LFB2
 1300 0004 1E000000 		.4byte	.LFE2
 1301 0008 00000000 		.4byte	.LFB3
 1302 000c 20000000 		.4byte	.LFE3
 1303 0010 00000000 		.4byte	.LFB4
 1304 0014 20000000 		.4byte	.LFE4
 1305 0018 00000000 		.4byte	.LFB5
 1306 001c FC000000 		.4byte	.LFE5
 1307 0020 00000000 		.4byte	.LFB6
 1308 0024 54000000 		.4byte	.LFE6
 1309 0028 00000000 		.4byte	.LFB7
 1310 002c 40000000 		.4byte	.LFE7
 1311 0030 FC000000 		.4byte	.LFB8
 1312 0034 44020000 		.4byte	.LFE8
 1313 0038 00000000 		.4byte	0
 1314 003c 00000000 		.4byte	0
 1315              		.section	.debug_line,"",%progbits
 1316              	.Ldebug_line0:
 1317 0000 92010000 		.section	.debug_str,"MS",%progbits,1
 1317      0200CB00 
 1317      00000201 
 1317      FB0E0D00 
 1317      01010101 
 1318              	.LASF23:
 1319 0000 4359434F 		.ascii	"CYCONFIGCPYCODE\000"
 1319      4E464947 
 1319      43505943 
 1319      4F444500 
 1320              	.LASF19:
 1321 0010 72656733 		.ascii	"reg32\000"
 1321      3200
 1322              	.LASF12:
 1323 0016 73697A65 		.ascii	"size_t\000"
ARM GAS  C:\Users\User\AppData\Local\Temp\ccOXi1zV.s 			page 31


 1323      5F7400
 1324              	.LASF25:
 1325 001d 416E616C 		.ascii	"AnalogSetDefault\000"
 1325      6F675365 
 1325      74446566 
 1325      61756C74 
 1325      00
 1326              	.LASF31:
 1327 002e 6366675F 		.ascii	"cfg_memset_list\000"
 1327      6D656D73 
 1327      65745F6C 
 1327      69737400 
 1328              	.LASF24:
 1329 003e 436C6F63 		.ascii	"ClockSetup\000"
 1329      6B536574 
 1329      757000
 1330              	.LASF6:
 1331 0049 73686F72 		.ascii	"short unsigned int\000"
 1331      7420756E 
 1331      7369676E 
 1331      65642069 
 1331      6E7400
 1332              	.LASF16:
 1333 005c 666C6F61 		.ascii	"float\000"
 1333      7400
 1334              	.LASF22:
 1335 0062 64657374 		.ascii	"dest\000"
 1335      00
 1336              	.LASF28:
 1337 0067 73697A65 		.ascii	"size\000"
 1337      00
 1338              	.LASF18:
 1339 006c 72656738 		.ascii	"reg8\000"
 1339      00
 1340              	.LASF8:
 1341 0071 6C6F6E67 		.ascii	"long unsigned int\000"
 1341      20756E73 
 1341      69676E65 
 1341      6420696E 
 1341      7400
 1342              	.LASF13:
 1343 0083 75696E74 		.ascii	"uint8\000"
 1343      3800
 1344              	.LASF20:
 1345 0089 43594D45 		.ascii	"CYMEMZERO\000"
 1345      4D5A4552 
 1345      4F00
 1346              	.LASF32:
 1347 0093 474E5520 		.ascii	"GNU C11 5.4.1 20160609 (release) [ARM/embedded-5-br"
 1347      43313120 
 1347      352E342E 
 1347      31203230 
 1347      31363036 
 1348 00c6 616E6368 		.ascii	"anch revision 237715] -mcpu=cortex-m0 -mthumb -g -O"
 1348      20726576 
 1348      6973696F 
 1348      6E203233 
ARM GAS  C:\Users\User\AppData\Local\Temp\ccOXi1zV.s 			page 32


 1348      37373135 
 1349 00f9 30202D66 		.ascii	"0 -ffunction-sections -ffat-lto-objects\000"
 1349      66756E63 
 1349      74696F6E 
 1349      2D736563 
 1349      74696F6E 
 1350              	.LASF35:
 1351 0121 53657441 		.ascii	"SetAnalogRoutingPumps\000"
 1351      6E616C6F 
 1351      67526F75 
 1351      74696E67 
 1351      50756D70 
 1352              	.LASF4:
 1353 0137 756E7369 		.ascii	"unsigned char\000"
 1353      676E6564 
 1353      20636861 
 1353      7200
 1354              	.LASF17:
 1355 0145 646F7562 		.ascii	"double\000"
 1355      6C6500
 1356              	.LASF36:
 1357 014c 63796669 		.ascii	"cyfitter_cfg\000"
 1357      74746572 
 1357      5F636667 
 1357      00
 1358              	.LASF14:
 1359 0159 75696E74 		.ascii	"uint16\000"
 1359      313600
 1360              	.LASF15:
 1361 0160 75696E74 		.ascii	"uint32\000"
 1361      333200
 1362              	.LASF0:
 1363 0167 756E7369 		.ascii	"unsigned int\000"
 1363      676E6564 
 1363      20696E74 
 1363      00
 1364              	.LASF27:
 1365 0174 61646472 		.ascii	"address\000"
 1365      65737300 
 1366              	.LASF9:
 1367 017c 6C6F6E67 		.ascii	"long long unsigned int\000"
 1367      206C6F6E 
 1367      6720756E 
 1367      7369676E 
 1367      65642069 
 1368              	.LASF29:
 1369 0193 6366675F 		.ascii	"cfg_memset_t\000"
 1369      6D656D73 
 1369      65745F74 
 1369      00
 1370              	.LASF34:
 1371 01a0 433A5C55 		.ascii	"C:\\Users\\User\\Documents\\PSoC Creator\\PSoC4-MCU"
 1371      73657273 
 1371      5C557365 
 1371      725C446F 
 1371      63756D65 
 1372 01ce 2D424C45 		.ascii	"-BLE-Connectivity-Designs-master\\PSoC4-MCU-BLE-Con"
ARM GAS  C:\Users\User\AppData\Local\Temp\ccOXi1zV.s 			page 33


 1372      2D436F6E 
 1372      6E656374 
 1372      69766974 
 1372      792D4465 
 1373 0200 6E656374 		.ascii	"nectivity-Designs-master\\BLE_Temperature_Measureme"
 1373      69766974 
 1373      792D4465 
 1373      7369676E 
 1373      732D6D61 
 1374 0232 6E745C42 		.ascii	"nt\\BLE_Temperature_Measurement.cydsn\000"
 1374      4C455F54 
 1374      656D7065 
 1374      72617475 
 1374      72655F4D 
 1375              	.LASF10:
 1376 0257 73697A65 		.ascii	"sizetype\000"
 1376      74797065 
 1376      00
 1377              	.LASF1:
 1378 0260 6C6F6E67 		.ascii	"long long int\000"
 1378      206C6F6E 
 1378      6720696E 
 1378      7400
 1379              	.LASF11:
 1380 026e 63686172 		.ascii	"char\000"
 1380      00
 1381              	.LASF5:
 1382 0273 73686F72 		.ascii	"short int\000"
 1382      7420696E 
 1382      7400
 1383              	.LASF26:
 1384 027d 656E6162 		.ascii	"enabled\000"
 1384      6C656400 
 1385              	.LASF7:
 1386 0285 6C6F6E67 		.ascii	"long int\000"
 1386      20696E74 
 1386      00
 1387              	.LASF2:
 1388 028e 6C6F6E67 		.ascii	"long double\000"
 1388      20646F75 
 1388      626C6500 
 1389              	.LASF3:
 1390 029a 7369676E 		.ascii	"signed char\000"
 1390      65642063 
 1390      68617200 
 1391              	.LASF33:
 1392 02a6 47656E65 		.ascii	"Generated_Source\\PSoC4\\cyfitter_cfg.c\000"
 1392      72617465 
 1392      645F536F 
 1392      75726365 
 1392      5C50536F 
 1393              	.LASF30:
 1394 02cc 72656756 		.ascii	"regValue\000"
 1394      616C7565 
 1394      00
 1395              	.LASF21:
 1396 02d5 4359434F 		.ascii	"CYCONFIGCPY\000"
ARM GAS  C:\Users\User\AppData\Local\Temp\ccOXi1zV.s 			page 34


 1396      4E464947 
 1396      43505900 
 1397              		.ident	"GCC: (GNU Tools for ARM Embedded Processors) 5.4.1 20160609 (release) [ARM/embedded-5-bran
