ARM GAS  C:\Users\User\AppData\Local\Temp\ccWv9MEe.s 			page 1


   1              		.syntax unified
   2              		.cpu cortex-m0
   3              		.fpu softvfp
   4              		.eabi_attribute 20, 1
   5              		.eabi_attribute 21, 1
   6              		.eabi_attribute 23, 3
   7              		.eabi_attribute 24, 1
   8              		.eabi_attribute 25, 1
   9              		.eabi_attribute 26, 1
  10              		.eabi_attribute 30, 6
  11              		.eabi_attribute 34, 0
  12              		.eabi_attribute 18, 4
  13              		.thumb
  14              		.syntax unified
  15              		.file	"debug.c"
  16              		.text
  17              	.Ltext0:
  18              		.cfi_sections	.debug_frame
  19              		.section	.text._write,"ax",%progbits
  20              		.align	2
  21              		.global	_write
  22              		.code	16
  23              		.thumb_func
  24              		.type	_write, %function
  25              	_write:
  26              	.LFB36:
  27              		.file 1 "debug.c"
   1:debug.c       **** /*******************************************************************************
   2:debug.c       **** * File Name: debug.c
   3:debug.c       **** *
   4:debug.c       **** * Version: 1.0
   5:debug.c       **** *
   6:debug.c       **** * Description:
   7:debug.c       **** *  This file contains functions for printf functionality.
   8:debug.c       **** *
   9:debug.c       **** * Hardware Dependency:
  10:debug.c       **** *  CY8CKIT-042 BLE
  11:debug.c       **** * 
  12:debug.c       **** ********************************************************************************
  13:debug.c       **** * Copyright 2016, Cypress Semiconductor Corporation.  All rights reserved.
  14:debug.c       **** * You may use this file only in accordance with the license, terms, conditions,
  15:debug.c       **** * disclaimers, and limitations in the end user license agreement accompanying
  16:debug.c       **** * the software package with which this file was provided.
  17:debug.c       **** *******************************************************************************/
  18:debug.c       **** 
  19:debug.c       **** 
  20:debug.c       **** #include "common.h"
  21:debug.c       **** 
  22:debug.c       **** #if (DEBUG_UART_ENABLED == ENABLED)
  23:debug.c       **** 
  24:debug.c       **** #if defined(__ARMCC_VERSION)
  25:debug.c       ****     
  26:debug.c       **** /* For MDK/RVDS compiler revise fputc function for printf functionality */
  27:debug.c       **** struct __FILE 
  28:debug.c       **** {
  29:debug.c       ****     int handle;  
  30:debug.c       **** };
ARM GAS  C:\Users\User\AppData\Local\Temp\ccWv9MEe.s 			page 2


  31:debug.c       **** 
  32:debug.c       **** enum 
  33:debug.c       **** {
  34:debug.c       ****     STDIN_HANDLE,
  35:debug.c       ****     STDOUT_HANDLE,
  36:debug.c       ****     STDERR_HANDLE
  37:debug.c       **** };
  38:debug.c       **** 
  39:debug.c       **** FILE __stdin = {STDIN_HANDLE};
  40:debug.c       **** FILE __stdout = {STDOUT_HANDLE};
  41:debug.c       **** FILE __stderr = {STDERR_HANDLE};
  42:debug.c       **** 
  43:debug.c       **** int fputc(int ch, FILE *file) 
  44:debug.c       **** {
  45:debug.c       ****     int ret = EOF;
  46:debug.c       **** 
  47:debug.c       ****     switch( file->handle )
  48:debug.c       ****     {
  49:debug.c       ****         case STDOUT_HANDLE:
  50:debug.c       ****             UART_DEB_UartPutChar(ch);
  51:debug.c       ****             ret = ch ;
  52:debug.c       ****             break ;
  53:debug.c       **** 
  54:debug.c       ****         case STDERR_HANDLE:
  55:debug.c       ****             ret = ch ;
  56:debug.c       ****             break ;
  57:debug.c       **** 
  58:debug.c       ****         default:
  59:debug.c       ****             file = file;
  60:debug.c       ****             break ;
  61:debug.c       ****     }
  62:debug.c       ****     return ret ;
  63:debug.c       **** }
  64:debug.c       **** 
  65:debug.c       **** #elif defined (__ICCARM__)      /* IAR */
  66:debug.c       **** 
  67:debug.c       **** /* For IAR compiler revise __write() function for printf functionality */
  68:debug.c       **** size_t __write(int handle, const unsigned char * buffer, size_t size)
  69:debug.c       **** {
  70:debug.c       ****     size_t nChars = 0;
  71:debug.c       **** 
  72:debug.c       ****     if (buffer == 0)
  73:debug.c       ****     {
  74:debug.c       ****         /*
  75:debug.c       ****          * This means that we should flush internal buffers.  Since we
  76:debug.c       ****          * don't we just return.  (Remember, "handle" == -1 means that all
  77:debug.c       ****          * handles should be flushed.)
  78:debug.c       ****          */
  79:debug.c       ****         return (0);
  80:debug.c       ****     }
  81:debug.c       **** 
  82:debug.c       ****     for (/* Empty */; size != 0; --size)
  83:debug.c       ****     {
  84:debug.c       ****         UART_DEB_UartPutChar(*buffer++);
  85:debug.c       ****         ++nChars;
  86:debug.c       ****     }
  87:debug.c       **** 
ARM GAS  C:\Users\User\AppData\Local\Temp\ccWv9MEe.s 			page 3


  88:debug.c       ****     return (nChars);
  89:debug.c       **** }
  90:debug.c       **** 
  91:debug.c       **** #else  /* (__GNUC__)  GCC */
  92:debug.c       **** 
  93:debug.c       **** /* For GCC compiler revise _write() function for printf functionality */
  94:debug.c       **** int _write(int file, char *ptr, int len)
  95:debug.c       **** {
  28              		.loc 1 95 0
  29              		.cfi_startproc
  30              		@ args = 0, pretend = 0, frame = 24
  31              		@ frame_needed = 1, uses_anonymous_args = 0
  32 0000 80B5     		push	{r7, lr}
  33              		.cfi_def_cfa_offset 8
  34              		.cfi_offset 7, -8
  35              		.cfi_offset 14, -4
  36 0002 86B0     		sub	sp, sp, #24
  37              		.cfi_def_cfa_offset 32
  38 0004 00AF     		add	r7, sp, #0
  39              		.cfi_def_cfa_register 7
  40 0006 F860     		str	r0, [r7, #12]
  41 0008 B960     		str	r1, [r7, #8]
  42 000a 7A60     		str	r2, [r7, #4]
  96:debug.c       ****     int i;
  97:debug.c       ****     file = file;
  98:debug.c       ****     for (i = 0; i < len; i++)
  43              		.loc 1 98 0
  44 000c 0023     		movs	r3, #0
  45 000e 7B61     		str	r3, [r7, #20]
  46 0010 09E0     		b	.L2
  47              	.L3:
  99:debug.c       ****     {
 100:debug.c       ****         UART_DEB_UartPutChar(*ptr++);
  48              		.loc 1 100 0 discriminator 3
  49 0012 BB68     		ldr	r3, [r7, #8]
  50 0014 5A1C     		adds	r2, r3, #1
  51 0016 BA60     		str	r2, [r7, #8]
  52 0018 1B78     		ldrb	r3, [r3]
  53 001a 1800     		movs	r0, r3
  54 001c FFF7FEFF 		bl	UART_DEB_SpiUartWriteTxData
  98:debug.c       ****     {
  55              		.loc 1 98 0 discriminator 3
  56 0020 7B69     		ldr	r3, [r7, #20]
  57 0022 0133     		adds	r3, r3, #1
  58 0024 7B61     		str	r3, [r7, #20]
  59              	.L2:
  98:debug.c       ****     {
  60              		.loc 1 98 0 is_stmt 0 discriminator 1
  61 0026 7A69     		ldr	r2, [r7, #20]
  62 0028 7B68     		ldr	r3, [r7, #4]
  63 002a 9A42     		cmp	r2, r3
  64 002c F1DB     		blt	.L3
 101:debug.c       ****     }
 102:debug.c       ****     return len;
  65              		.loc 1 102 0 is_stmt 1
  66 002e 7B68     		ldr	r3, [r7, #4]
 103:debug.c       **** }
ARM GAS  C:\Users\User\AppData\Local\Temp\ccWv9MEe.s 			page 4


  67              		.loc 1 103 0
  68 0030 1800     		movs	r0, r3
  69 0032 BD46     		mov	sp, r7
  70 0034 06B0     		add	sp, sp, #24
  71              		@ sp needed
  72 0036 80BD     		pop	{r7, pc}
  73              		.cfi_endproc
  74              	.LFE36:
  75              		.size	_write, .-_write
  76              		.section	.rodata
  77              		.align	2
  78              	.LC0:
  79 0000 25322E32 		.ascii	"%2.2x \000"
  79      782000
  80 0007 00       		.align	2
  81              	.LC2:
  82 0008 0D00     		.ascii	"\015\000"
  83              		.section	.text.ShowValue,"ax",%progbits
  84              		.align	2
  85              		.global	ShowValue
  86              		.code	16
  87              		.thumb_func
  88              		.type	ShowValue, %function
  89              	ShowValue:
  90              	.LFB37:
 104:debug.c       **** 
 105:debug.c       **** 
 106:debug.c       **** #endif  /* (__ARMCC_VERSION) */   
 107:debug.c       **** 
 108:debug.c       **** #endif /* DEBUG_UART_ENABLED == ENABLED */
 109:debug.c       **** 
 110:debug.c       **** 
 111:debug.c       **** void ShowValue(CYBLE_GATT_VALUE_T *value)
 112:debug.c       **** {
  91              		.loc 1 112 0
  92              		.cfi_startproc
  93              		@ args = 0, pretend = 0, frame = 16
  94              		@ frame_needed = 1, uses_anonymous_args = 0
  95 0000 80B5     		push	{r7, lr}
  96              		.cfi_def_cfa_offset 8
  97              		.cfi_offset 7, -8
  98              		.cfi_offset 14, -4
  99 0002 84B0     		sub	sp, sp, #16
 100              		.cfi_def_cfa_offset 24
 101 0004 00AF     		add	r7, sp, #0
 102              		.cfi_def_cfa_register 7
 103 0006 7860     		str	r0, [r7, #4]
 113:debug.c       ****     int16 i;
 114:debug.c       ****     
 115:debug.c       ****     for(i = 0; i < value->len; i++)
 104              		.loc 1 115 0
 105 0008 0E23     		movs	r3, #14
 106 000a FB18     		adds	r3, r7, r3
 107 000c 0022     		movs	r2, #0
 108 000e 1A80     		strh	r2, [r3]
 109 0010 17E0     		b	.L6
 110              	.L7:
ARM GAS  C:\Users\User\AppData\Local\Temp\ccWv9MEe.s 			page 5


 116:debug.c       ****     {
 117:debug.c       ****         DBG_PRINTF("%2.2x ", value->val[i]);
 111              		.loc 1 117 0 discriminator 3
 112 0012 7B68     		ldr	r3, [r7, #4]
 113 0014 1A68     		ldr	r2, [r3]
 114 0016 0E23     		movs	r3, #14
 115 0018 FB18     		adds	r3, r7, r3
 116 001a 0021     		movs	r1, #0
 117 001c 5B5E     		ldrsh	r3, [r3, r1]
 118 001e D318     		adds	r3, r2, r3
 119 0020 1B78     		ldrb	r3, [r3]
 120 0022 1A00     		movs	r2, r3
 121 0024 0F4B     		ldr	r3, .L8
 122 0026 1100     		movs	r1, r2
 123 0028 1800     		movs	r0, r3
 124 002a FFF7FEFF 		bl	printf
 115:debug.c       ****     {
 125              		.loc 1 115 0 discriminator 3
 126 002e 0E23     		movs	r3, #14
 127 0030 FB18     		adds	r3, r7, r3
 128 0032 0022     		movs	r2, #0
 129 0034 9B5E     		ldrsh	r3, [r3, r2]
 130 0036 9BB2     		uxth	r3, r3
 131 0038 0133     		adds	r3, r3, #1
 132 003a 9AB2     		uxth	r2, r3
 133 003c 0E23     		movs	r3, #14
 134 003e FB18     		adds	r3, r7, r3
 135 0040 1A80     		strh	r2, [r3]
 136              	.L6:
 115:debug.c       ****     {
 137              		.loc 1 115 0 is_stmt 0 discriminator 1
 138 0042 0E23     		movs	r3, #14
 139 0044 FB18     		adds	r3, r7, r3
 140 0046 0022     		movs	r2, #0
 141 0048 9B5E     		ldrsh	r3, [r3, r2]
 142 004a 7A68     		ldr	r2, [r7, #4]
 143 004c 9288     		ldrh	r2, [r2, #4]
 144 004e 9342     		cmp	r3, r2
 145 0050 DFDB     		blt	.L7
 118:debug.c       ****     }
 119:debug.c       ****     DBG_PRINTF("\r\n");
 146              		.loc 1 119 0 is_stmt 1
 147 0052 054B     		ldr	r3, .L8+4
 148 0054 1800     		movs	r0, r3
 149 0056 FFF7FEFF 		bl	puts
 120:debug.c       **** }
 150              		.loc 1 120 0
 151 005a C046     		nop
 152 005c BD46     		mov	sp, r7
 153 005e 04B0     		add	sp, sp, #16
 154              		@ sp needed
 155 0060 80BD     		pop	{r7, pc}
 156              	.L9:
 157 0062 C046     		.align	2
 158              	.L8:
 159 0064 00000000 		.word	.LC0
 160 0068 08000000 		.word	.LC2
ARM GAS  C:\Users\User\AppData\Local\Temp\ccWv9MEe.s 			page 6


 161              		.cfi_endproc
 162              	.LFE37:
 163              		.size	ShowValue, .-ShowValue
 164              		.section	.text.Set32ByPtr,"ax",%progbits
 165              		.align	2
 166              		.global	Set32ByPtr
 167              		.code	16
 168              		.thumb_func
 169              		.type	Set32ByPtr, %function
 170              	Set32ByPtr:
 171              	.LFB38:
 121:debug.c       **** 
 122:debug.c       **** 
 123:debug.c       **** void Set32ByPtr(uint8 ptr[], uint32 value)
 124:debug.c       **** {
 172              		.loc 1 124 0
 173              		.cfi_startproc
 174              		@ args = 0, pretend = 0, frame = 8
 175              		@ frame_needed = 1, uses_anonymous_args = 0
 176 0000 80B5     		push	{r7, lr}
 177              		.cfi_def_cfa_offset 8
 178              		.cfi_offset 7, -8
 179              		.cfi_offset 14, -4
 180 0002 82B0     		sub	sp, sp, #8
 181              		.cfi_def_cfa_offset 16
 182 0004 00AF     		add	r7, sp, #0
 183              		.cfi_def_cfa_register 7
 184 0006 7860     		str	r0, [r7, #4]
 185 0008 3960     		str	r1, [r7]
 125:debug.c       ****     ptr[0u] = (uint8) value;
 186              		.loc 1 125 0
 187 000a 3B68     		ldr	r3, [r7]
 188 000c DAB2     		uxtb	r2, r3
 189 000e 7B68     		ldr	r3, [r7, #4]
 190 0010 1A70     		strb	r2, [r3]
 126:debug.c       ****     ptr[1u] = (uint8) (value >> 8u);    
 191              		.loc 1 126 0
 192 0012 7B68     		ldr	r3, [r7, #4]
 193 0014 0133     		adds	r3, r3, #1
 194 0016 3A68     		ldr	r2, [r7]
 195 0018 120A     		lsrs	r2, r2, #8
 196 001a D2B2     		uxtb	r2, r2
 197 001c 1A70     		strb	r2, [r3]
 127:debug.c       ****     ptr[2u] = (uint8) (value >> 16u);    
 198              		.loc 1 127 0
 199 001e 7B68     		ldr	r3, [r7, #4]
 200 0020 0233     		adds	r3, r3, #2
 201 0022 3A68     		ldr	r2, [r7]
 202 0024 120C     		lsrs	r2, r2, #16
 203 0026 D2B2     		uxtb	r2, r2
 204 0028 1A70     		strb	r2, [r3]
 128:debug.c       ****     ptr[3u] = (uint8) (value >> 24u);
 205              		.loc 1 128 0
 206 002a 7B68     		ldr	r3, [r7, #4]
 207 002c 0333     		adds	r3, r3, #3
 208 002e 3A68     		ldr	r2, [r7]
 209 0030 120E     		lsrs	r2, r2, #24
ARM GAS  C:\Users\User\AppData\Local\Temp\ccWv9MEe.s 			page 7


 210 0032 D2B2     		uxtb	r2, r2
 211 0034 1A70     		strb	r2, [r3]
 129:debug.c       **** }
 212              		.loc 1 129 0
 213 0036 C046     		nop
 214 0038 BD46     		mov	sp, r7
 215 003a 02B0     		add	sp, sp, #8
 216              		@ sp needed
 217 003c 80BD     		pop	{r7, pc}
 218              		.cfi_endproc
 219              	.LFE38:
 220              		.size	Set32ByPtr, .-Set32ByPtr
 221 003e C046     		.text
 222              	.Letext0:
 223              		.file 2 "Generated_Source\\PSoC4/cytypes.h"
 224              		.file 3 "Generated_Source\\PSoC4/BLE_StackGatt.h"
 225              		.section	.debug_info,"",%progbits
 226              	.Ldebug_info0:
 227 0000 B8010000 		.4byte	0x1b8
 228 0004 0400     		.2byte	0x4
 229 0006 00000000 		.4byte	.Ldebug_abbrev0
 230 000a 04       		.byte	0x4
 231 000b 01       		.uleb128 0x1
 232 000c 5F000000 		.4byte	.LASF22
 233 0010 0C       		.byte	0xc
 234 0011 ED000000 		.4byte	.LASF23
 235 0015 2F010000 		.4byte	.LASF24
 236 0019 00000000 		.4byte	.Ldebug_ranges0+0
 237 001d 00000000 		.4byte	0
 238 0021 00000000 		.4byte	.Ldebug_line0
 239 0025 02       		.uleb128 0x2
 240 0026 01       		.byte	0x1
 241 0027 06       		.byte	0x6
 242 0028 29020000 		.4byte	.LASF0
 243 002c 02       		.uleb128 0x2
 244 002d 01       		.byte	0x1
 245 002e 08       		.byte	0x8
 246 002f 39000000 		.4byte	.LASF1
 247 0033 02       		.uleb128 0x2
 248 0034 02       		.byte	0x2
 249 0035 05       		.byte	0x5
 250 0036 04020000 		.4byte	.LASF2
 251 003a 02       		.uleb128 0x2
 252 003b 02       		.byte	0x2
 253 003c 07       		.byte	0x7
 254 003d 06000000 		.4byte	.LASF3
 255 0041 02       		.uleb128 0x2
 256 0042 04       		.byte	0x4
 257 0043 05       		.byte	0x5
 258 0044 14020000 		.4byte	.LASF4
 259 0048 02       		.uleb128 0x2
 260 0049 04       		.byte	0x4
 261 004a 07       		.byte	0x7
 262 004b 4D000000 		.4byte	.LASF5
 263 004f 02       		.uleb128 0x2
 264 0050 08       		.byte	0x8
 265 0051 05       		.byte	0x5
ARM GAS  C:\Users\User\AppData\Local\Temp\ccWv9MEe.s 			page 8


 266 0052 EF010000 		.4byte	.LASF6
 267 0056 02       		.uleb128 0x2
 268 0057 08       		.byte	0x8
 269 0058 07       		.byte	0x7
 270 0059 3F020000 		.4byte	.LASF7
 271 005d 03       		.uleb128 0x3
 272 005e 04       		.byte	0x4
 273 005f 05       		.byte	0x5
 274 0060 696E7400 		.ascii	"int\000"
 275 0064 02       		.uleb128 0x2
 276 0065 04       		.byte	0x4
 277 0066 07       		.byte	0x7
 278 0067 1D010000 		.4byte	.LASF8
 279 006b 04       		.uleb128 0x4
 280 006c 0E020000 		.4byte	.LASF9
 281 0070 02       		.byte	0x2
 282 0071 D201     		.2byte	0x1d2
 283 0073 2C000000 		.4byte	0x2c
 284 0077 04       		.uleb128 0x4
 285 0078 FC000000 		.4byte	.LASF10
 286 007c 02       		.byte	0x2
 287 007d D301     		.2byte	0x1d3
 288 007f 3A000000 		.4byte	0x3a
 289 0083 04       		.uleb128 0x4
 290 0084 03010000 		.4byte	.LASF11
 291 0088 02       		.byte	0x2
 292 0089 D401     		.2byte	0x1d4
 293 008b 48000000 		.4byte	0x48
 294 008f 04       		.uleb128 0x4
 295 0090 47000000 		.4byte	.LASF12
 296 0094 02       		.byte	0x2
 297 0095 D601     		.2byte	0x1d6
 298 0097 33000000 		.4byte	0x33
 299 009b 02       		.uleb128 0x2
 300 009c 04       		.byte	0x4
 301 009d 04       		.byte	0x4
 302 009e 2E000000 		.4byte	.LASF13
 303 00a2 02       		.uleb128 0x2
 304 00a3 08       		.byte	0x8
 305 00a4 04       		.byte	0x4
 306 00a5 F5000000 		.4byte	.LASF14
 307 00a9 02       		.uleb128 0x2
 308 00aa 01       		.byte	0x1
 309 00ab 08       		.byte	0x8
 310 00ac 2A010000 		.4byte	.LASF15
 311 00b0 02       		.uleb128 0x2
 312 00b1 08       		.byte	0x8
 313 00b2 04       		.byte	0x4
 314 00b3 1D020000 		.4byte	.LASF16
 315 00b7 02       		.uleb128 0x2
 316 00b8 04       		.byte	0x4
 317 00b9 07       		.byte	0x7
 318 00ba E6010000 		.4byte	.LASF17
 319 00be 05       		.uleb128 0x5
 320 00bf 04       		.byte	0x4
 321 00c0 A9000000 		.4byte	0xa9
 322 00c4 05       		.uleb128 0x5
ARM GAS  C:\Users\User\AppData\Local\Temp\ccWv9MEe.s 			page 9


 323 00c5 04       		.byte	0x4
 324 00c6 6B000000 		.4byte	0x6b
 325 00ca 06       		.uleb128 0x6
 326 00cb 08       		.byte	0x8
 327 00cc 03       		.byte	0x3
 328 00cd BE01     		.2byte	0x1be
 329 00cf FB000000 		.4byte	0xfb
 330 00d3 07       		.uleb128 0x7
 331 00d4 76616C00 		.ascii	"val\000"
 332 00d8 03       		.byte	0x3
 333 00d9 C101     		.2byte	0x1c1
 334 00db C4000000 		.4byte	0xc4
 335 00df 00       		.byte	0
 336 00e0 07       		.uleb128 0x7
 337 00e1 6C656E00 		.ascii	"len\000"
 338 00e5 03       		.byte	0x3
 339 00e6 C401     		.2byte	0x1c4
 340 00e8 77000000 		.4byte	0x77
 341 00ec 04       		.byte	0x4
 342 00ed 08       		.uleb128 0x8
 343 00ee 35020000 		.4byte	.LASF18
 344 00f2 03       		.byte	0x3
 345 00f3 CB01     		.2byte	0x1cb
 346 00f5 77000000 		.4byte	0x77
 347 00f9 06       		.byte	0x6
 348 00fa 00       		.byte	0
 349 00fb 04       		.uleb128 0x4
 350 00fc 0A010000 		.4byte	.LASF19
 351 0100 03       		.byte	0x3
 352 0101 CD01     		.2byte	0x1cd
 353 0103 CA000000 		.4byte	0xca
 354 0107 05       		.uleb128 0x5
 355 0108 04       		.byte	0x4
 356 0109 FB000000 		.4byte	0xfb
 357 010d 09       		.uleb128 0x9
 358 010e FD010000 		.4byte	.LASF25
 359 0112 01       		.byte	0x1
 360 0113 5E       		.byte	0x5e
 361 0114 5D000000 		.4byte	0x5d
 362 0118 00000000 		.4byte	.LFB36
 363 011c 38000000 		.4byte	.LFE36-.LFB36
 364 0120 01       		.uleb128 0x1
 365 0121 9C       		.byte	0x9c
 366 0122 5D010000 		.4byte	0x15d
 367 0126 0A       		.uleb128 0xa
 368 0127 34000000 		.4byte	.LASF20
 369 012b 01       		.byte	0x1
 370 012c 5E       		.byte	0x5e
 371 012d 5D000000 		.4byte	0x5d
 372 0131 02       		.uleb128 0x2
 373 0132 91       		.byte	0x91
 374 0133 6C       		.sleb128 -20
 375 0134 0B       		.uleb128 0xb
 376 0135 70747200 		.ascii	"ptr\000"
 377 0139 01       		.byte	0x1
 378 013a 5E       		.byte	0x5e
 379 013b BE000000 		.4byte	0xbe
ARM GAS  C:\Users\User\AppData\Local\Temp\ccWv9MEe.s 			page 10


 380 013f 02       		.uleb128 0x2
 381 0140 91       		.byte	0x91
 382 0141 68       		.sleb128 -24
 383 0142 0B       		.uleb128 0xb
 384 0143 6C656E00 		.ascii	"len\000"
 385 0147 01       		.byte	0x1
 386 0148 5E       		.byte	0x5e
 387 0149 5D000000 		.4byte	0x5d
 388 014d 02       		.uleb128 0x2
 389 014e 91       		.byte	0x91
 390 014f 64       		.sleb128 -28
 391 0150 0C       		.uleb128 0xc
 392 0151 6900     		.ascii	"i\000"
 393 0153 01       		.byte	0x1
 394 0154 60       		.byte	0x60
 395 0155 5D000000 		.4byte	0x5d
 396 0159 02       		.uleb128 0x2
 397 015a 91       		.byte	0x91
 398 015b 74       		.sleb128 -12
 399 015c 00       		.byte	0
 400 015d 0D       		.uleb128 0xd
 401 015e 24000000 		.4byte	.LASF26
 402 0162 01       		.byte	0x1
 403 0163 6F       		.byte	0x6f
 404 0164 00000000 		.4byte	.LFB37
 405 0168 6C000000 		.4byte	.LFE37-.LFB37
 406 016c 01       		.uleb128 0x1
 407 016d 9C       		.byte	0x9c
 408 016e 8D010000 		.4byte	0x18d
 409 0172 0A       		.uleb128 0xa
 410 0173 00000000 		.4byte	.LASF21
 411 0177 01       		.byte	0x1
 412 0178 6F       		.byte	0x6f
 413 0179 07010000 		.4byte	0x107
 414 017d 02       		.uleb128 0x2
 415 017e 91       		.byte	0x91
 416 017f 6C       		.sleb128 -20
 417 0180 0C       		.uleb128 0xc
 418 0181 6900     		.ascii	"i\000"
 419 0183 01       		.byte	0x1
 420 0184 71       		.byte	0x71
 421 0185 8F000000 		.4byte	0x8f
 422 0189 02       		.uleb128 0x2
 423 018a 91       		.byte	0x91
 424 018b 76       		.sleb128 -10
 425 018c 00       		.byte	0
 426 018d 0E       		.uleb128 0xe
 427 018e 19000000 		.4byte	.LASF27
 428 0192 01       		.byte	0x1
 429 0193 7B       		.byte	0x7b
 430 0194 00000000 		.4byte	.LFB38
 431 0198 3E000000 		.4byte	.LFE38-.LFB38
 432 019c 01       		.uleb128 0x1
 433 019d 9C       		.byte	0x9c
 434 019e 0B       		.uleb128 0xb
 435 019f 70747200 		.ascii	"ptr\000"
 436 01a3 01       		.byte	0x1
ARM GAS  C:\Users\User\AppData\Local\Temp\ccWv9MEe.s 			page 11


 437 01a4 7B       		.byte	0x7b
 438 01a5 C4000000 		.4byte	0xc4
 439 01a9 02       		.uleb128 0x2
 440 01aa 91       		.byte	0x91
 441 01ab 74       		.sleb128 -12
 442 01ac 0A       		.uleb128 0xa
 443 01ad 00000000 		.4byte	.LASF21
 444 01b1 01       		.byte	0x1
 445 01b2 7B       		.byte	0x7b
 446 01b3 83000000 		.4byte	0x83
 447 01b7 02       		.uleb128 0x2
 448 01b8 91       		.byte	0x91
 449 01b9 70       		.sleb128 -16
 450 01ba 00       		.byte	0
 451 01bb 00       		.byte	0
 452              		.section	.debug_abbrev,"",%progbits
 453              	.Ldebug_abbrev0:
 454 0000 01       		.uleb128 0x1
 455 0001 11       		.uleb128 0x11
 456 0002 01       		.byte	0x1
 457 0003 25       		.uleb128 0x25
 458 0004 0E       		.uleb128 0xe
 459 0005 13       		.uleb128 0x13
 460 0006 0B       		.uleb128 0xb
 461 0007 03       		.uleb128 0x3
 462 0008 0E       		.uleb128 0xe
 463 0009 1B       		.uleb128 0x1b
 464 000a 0E       		.uleb128 0xe
 465 000b 55       		.uleb128 0x55
 466 000c 17       		.uleb128 0x17
 467 000d 11       		.uleb128 0x11
 468 000e 01       		.uleb128 0x1
 469 000f 10       		.uleb128 0x10
 470 0010 17       		.uleb128 0x17
 471 0011 00       		.byte	0
 472 0012 00       		.byte	0
 473 0013 02       		.uleb128 0x2
 474 0014 24       		.uleb128 0x24
 475 0015 00       		.byte	0
 476 0016 0B       		.uleb128 0xb
 477 0017 0B       		.uleb128 0xb
 478 0018 3E       		.uleb128 0x3e
 479 0019 0B       		.uleb128 0xb
 480 001a 03       		.uleb128 0x3
 481 001b 0E       		.uleb128 0xe
 482 001c 00       		.byte	0
 483 001d 00       		.byte	0
 484 001e 03       		.uleb128 0x3
 485 001f 24       		.uleb128 0x24
 486 0020 00       		.byte	0
 487 0021 0B       		.uleb128 0xb
 488 0022 0B       		.uleb128 0xb
 489 0023 3E       		.uleb128 0x3e
 490 0024 0B       		.uleb128 0xb
 491 0025 03       		.uleb128 0x3
 492 0026 08       		.uleb128 0x8
 493 0027 00       		.byte	0
ARM GAS  C:\Users\User\AppData\Local\Temp\ccWv9MEe.s 			page 12


 494 0028 00       		.byte	0
 495 0029 04       		.uleb128 0x4
 496 002a 16       		.uleb128 0x16
 497 002b 00       		.byte	0
 498 002c 03       		.uleb128 0x3
 499 002d 0E       		.uleb128 0xe
 500 002e 3A       		.uleb128 0x3a
 501 002f 0B       		.uleb128 0xb
 502 0030 3B       		.uleb128 0x3b
 503 0031 05       		.uleb128 0x5
 504 0032 49       		.uleb128 0x49
 505 0033 13       		.uleb128 0x13
 506 0034 00       		.byte	0
 507 0035 00       		.byte	0
 508 0036 05       		.uleb128 0x5
 509 0037 0F       		.uleb128 0xf
 510 0038 00       		.byte	0
 511 0039 0B       		.uleb128 0xb
 512 003a 0B       		.uleb128 0xb
 513 003b 49       		.uleb128 0x49
 514 003c 13       		.uleb128 0x13
 515 003d 00       		.byte	0
 516 003e 00       		.byte	0
 517 003f 06       		.uleb128 0x6
 518 0040 13       		.uleb128 0x13
 519 0041 01       		.byte	0x1
 520 0042 0B       		.uleb128 0xb
 521 0043 0B       		.uleb128 0xb
 522 0044 3A       		.uleb128 0x3a
 523 0045 0B       		.uleb128 0xb
 524 0046 3B       		.uleb128 0x3b
 525 0047 05       		.uleb128 0x5
 526 0048 01       		.uleb128 0x1
 527 0049 13       		.uleb128 0x13
 528 004a 00       		.byte	0
 529 004b 00       		.byte	0
 530 004c 07       		.uleb128 0x7
 531 004d 0D       		.uleb128 0xd
 532 004e 00       		.byte	0
 533 004f 03       		.uleb128 0x3
 534 0050 08       		.uleb128 0x8
 535 0051 3A       		.uleb128 0x3a
 536 0052 0B       		.uleb128 0xb
 537 0053 3B       		.uleb128 0x3b
 538 0054 05       		.uleb128 0x5
 539 0055 49       		.uleb128 0x49
 540 0056 13       		.uleb128 0x13
 541 0057 38       		.uleb128 0x38
 542 0058 0B       		.uleb128 0xb
 543 0059 00       		.byte	0
 544 005a 00       		.byte	0
 545 005b 08       		.uleb128 0x8
 546 005c 0D       		.uleb128 0xd
 547 005d 00       		.byte	0
 548 005e 03       		.uleb128 0x3
 549 005f 0E       		.uleb128 0xe
 550 0060 3A       		.uleb128 0x3a
ARM GAS  C:\Users\User\AppData\Local\Temp\ccWv9MEe.s 			page 13


 551 0061 0B       		.uleb128 0xb
 552 0062 3B       		.uleb128 0x3b
 553 0063 05       		.uleb128 0x5
 554 0064 49       		.uleb128 0x49
 555 0065 13       		.uleb128 0x13
 556 0066 38       		.uleb128 0x38
 557 0067 0B       		.uleb128 0xb
 558 0068 00       		.byte	0
 559 0069 00       		.byte	0
 560 006a 09       		.uleb128 0x9
 561 006b 2E       		.uleb128 0x2e
 562 006c 01       		.byte	0x1
 563 006d 3F       		.uleb128 0x3f
 564 006e 19       		.uleb128 0x19
 565 006f 03       		.uleb128 0x3
 566 0070 0E       		.uleb128 0xe
 567 0071 3A       		.uleb128 0x3a
 568 0072 0B       		.uleb128 0xb
 569 0073 3B       		.uleb128 0x3b
 570 0074 0B       		.uleb128 0xb
 571 0075 27       		.uleb128 0x27
 572 0076 19       		.uleb128 0x19
 573 0077 49       		.uleb128 0x49
 574 0078 13       		.uleb128 0x13
 575 0079 11       		.uleb128 0x11
 576 007a 01       		.uleb128 0x1
 577 007b 12       		.uleb128 0x12
 578 007c 06       		.uleb128 0x6
 579 007d 40       		.uleb128 0x40
 580 007e 18       		.uleb128 0x18
 581 007f 9642     		.uleb128 0x2116
 582 0081 19       		.uleb128 0x19
 583 0082 01       		.uleb128 0x1
 584 0083 13       		.uleb128 0x13
 585 0084 00       		.byte	0
 586 0085 00       		.byte	0
 587 0086 0A       		.uleb128 0xa
 588 0087 05       		.uleb128 0x5
 589 0088 00       		.byte	0
 590 0089 03       		.uleb128 0x3
 591 008a 0E       		.uleb128 0xe
 592 008b 3A       		.uleb128 0x3a
 593 008c 0B       		.uleb128 0xb
 594 008d 3B       		.uleb128 0x3b
 595 008e 0B       		.uleb128 0xb
 596 008f 49       		.uleb128 0x49
 597 0090 13       		.uleb128 0x13
 598 0091 02       		.uleb128 0x2
 599 0092 18       		.uleb128 0x18
 600 0093 00       		.byte	0
 601 0094 00       		.byte	0
 602 0095 0B       		.uleb128 0xb
 603 0096 05       		.uleb128 0x5
 604 0097 00       		.byte	0
 605 0098 03       		.uleb128 0x3
 606 0099 08       		.uleb128 0x8
 607 009a 3A       		.uleb128 0x3a
ARM GAS  C:\Users\User\AppData\Local\Temp\ccWv9MEe.s 			page 14


 608 009b 0B       		.uleb128 0xb
 609 009c 3B       		.uleb128 0x3b
 610 009d 0B       		.uleb128 0xb
 611 009e 49       		.uleb128 0x49
 612 009f 13       		.uleb128 0x13
 613 00a0 02       		.uleb128 0x2
 614 00a1 18       		.uleb128 0x18
 615 00a2 00       		.byte	0
 616 00a3 00       		.byte	0
 617 00a4 0C       		.uleb128 0xc
 618 00a5 34       		.uleb128 0x34
 619 00a6 00       		.byte	0
 620 00a7 03       		.uleb128 0x3
 621 00a8 08       		.uleb128 0x8
 622 00a9 3A       		.uleb128 0x3a
 623 00aa 0B       		.uleb128 0xb
 624 00ab 3B       		.uleb128 0x3b
 625 00ac 0B       		.uleb128 0xb
 626 00ad 49       		.uleb128 0x49
 627 00ae 13       		.uleb128 0x13
 628 00af 02       		.uleb128 0x2
 629 00b0 18       		.uleb128 0x18
 630 00b1 00       		.byte	0
 631 00b2 00       		.byte	0
 632 00b3 0D       		.uleb128 0xd
 633 00b4 2E       		.uleb128 0x2e
 634 00b5 01       		.byte	0x1
 635 00b6 3F       		.uleb128 0x3f
 636 00b7 19       		.uleb128 0x19
 637 00b8 03       		.uleb128 0x3
 638 00b9 0E       		.uleb128 0xe
 639 00ba 3A       		.uleb128 0x3a
 640 00bb 0B       		.uleb128 0xb
 641 00bc 3B       		.uleb128 0x3b
 642 00bd 0B       		.uleb128 0xb
 643 00be 27       		.uleb128 0x27
 644 00bf 19       		.uleb128 0x19
 645 00c0 11       		.uleb128 0x11
 646 00c1 01       		.uleb128 0x1
 647 00c2 12       		.uleb128 0x12
 648 00c3 06       		.uleb128 0x6
 649 00c4 40       		.uleb128 0x40
 650 00c5 18       		.uleb128 0x18
 651 00c6 9642     		.uleb128 0x2116
 652 00c8 19       		.uleb128 0x19
 653 00c9 01       		.uleb128 0x1
 654 00ca 13       		.uleb128 0x13
 655 00cb 00       		.byte	0
 656 00cc 00       		.byte	0
 657 00cd 0E       		.uleb128 0xe
 658 00ce 2E       		.uleb128 0x2e
 659 00cf 01       		.byte	0x1
 660 00d0 3F       		.uleb128 0x3f
 661 00d1 19       		.uleb128 0x19
 662 00d2 03       		.uleb128 0x3
 663 00d3 0E       		.uleb128 0xe
 664 00d4 3A       		.uleb128 0x3a
ARM GAS  C:\Users\User\AppData\Local\Temp\ccWv9MEe.s 			page 15


 665 00d5 0B       		.uleb128 0xb
 666 00d6 3B       		.uleb128 0x3b
 667 00d7 0B       		.uleb128 0xb
 668 00d8 27       		.uleb128 0x27
 669 00d9 19       		.uleb128 0x19
 670 00da 11       		.uleb128 0x11
 671 00db 01       		.uleb128 0x1
 672 00dc 12       		.uleb128 0x12
 673 00dd 06       		.uleb128 0x6
 674 00de 40       		.uleb128 0x40
 675 00df 18       		.uleb128 0x18
 676 00e0 9742     		.uleb128 0x2117
 677 00e2 19       		.uleb128 0x19
 678 00e3 00       		.byte	0
 679 00e4 00       		.byte	0
 680 00e5 00       		.byte	0
 681              		.section	.debug_aranges,"",%progbits
 682 0000 2C000000 		.4byte	0x2c
 683 0004 0200     		.2byte	0x2
 684 0006 00000000 		.4byte	.Ldebug_info0
 685 000a 04       		.byte	0x4
 686 000b 00       		.byte	0
 687 000c 0000     		.2byte	0
 688 000e 0000     		.2byte	0
 689 0010 00000000 		.4byte	.LFB36
 690 0014 38000000 		.4byte	.LFE36-.LFB36
 691 0018 00000000 		.4byte	.LFB37
 692 001c 6C000000 		.4byte	.LFE37-.LFB37
 693 0020 00000000 		.4byte	.LFB38
 694 0024 3E000000 		.4byte	.LFE38-.LFB38
 695 0028 00000000 		.4byte	0
 696 002c 00000000 		.4byte	0
 697              		.section	.debug_ranges,"",%progbits
 698              	.Ldebug_ranges0:
 699 0000 00000000 		.4byte	.LFB36
 700 0004 38000000 		.4byte	.LFE36
 701 0008 00000000 		.4byte	.LFB37
 702 000c 6C000000 		.4byte	.LFE37
 703 0010 00000000 		.4byte	.LFB38
 704 0014 3E000000 		.4byte	.LFE38
 705 0018 00000000 		.4byte	0
 706 001c 00000000 		.4byte	0
 707              		.section	.debug_line,"",%progbits
 708              	.Ldebug_line0:
 709 0000 B8000000 		.section	.debug_str,"MS",%progbits,1
 709      02005500 
 709      00000201 
 709      FB0E0D00 
 709      01010101 
 710              	.LASF21:
 711 0000 76616C75 		.ascii	"value\000"
 711      6500
 712              	.LASF3:
 713 0006 73686F72 		.ascii	"short unsigned int\000"
 713      7420756E 
 713      7369676E 
 713      65642069 
ARM GAS  C:\Users\User\AppData\Local\Temp\ccWv9MEe.s 			page 16


 713      6E7400
 714              	.LASF27:
 715 0019 53657433 		.ascii	"Set32ByPtr\000"
 715      32427950 
 715      747200
 716              	.LASF26:
 717 0024 53686F77 		.ascii	"ShowValue\000"
 717      56616C75 
 717      6500
 718              	.LASF13:
 719 002e 666C6F61 		.ascii	"float\000"
 719      7400
 720              	.LASF20:
 721 0034 66696C65 		.ascii	"file\000"
 721      00
 722              	.LASF1:
 723 0039 756E7369 		.ascii	"unsigned char\000"
 723      676E6564 
 723      20636861 
 723      7200
 724              	.LASF12:
 725 0047 696E7431 		.ascii	"int16\000"
 725      3600
 726              	.LASF5:
 727 004d 6C6F6E67 		.ascii	"long unsigned int\000"
 727      20756E73 
 727      69676E65 
 727      6420696E 
 727      7400
 728              	.LASF22:
 729 005f 474E5520 		.ascii	"GNU C11 5.4.1 20160609 (release) [ARM/embedded-5-br"
 729      43313120 
 729      352E342E 
 729      31203230 
 729      31363036 
 730 0092 616E6368 		.ascii	"anch revision 237715] -mcpu=cortex-m0 -mthumb -g -O"
 730      20726576 
 730      6973696F 
 730      6E203233 
 730      37373135 
 731 00c5 30202D66 		.ascii	"0 -ffunction-sections -ffat-lto-objects\000"
 731      66756E63 
 731      74696F6E 
 731      2D736563 
 731      74696F6E 
 732              	.LASF23:
 733 00ed 64656275 		.ascii	"debug.c\000"
 733      672E6300 
 734              	.LASF14:
 735 00f5 646F7562 		.ascii	"double\000"
 735      6C6500
 736              	.LASF10:
 737 00fc 75696E74 		.ascii	"uint16\000"
 737      313600
 738              	.LASF11:
 739 0103 75696E74 		.ascii	"uint32\000"
 739      333200
ARM GAS  C:\Users\User\AppData\Local\Temp\ccWv9MEe.s 			page 17


 740              	.LASF19:
 741 010a 4359424C 		.ascii	"CYBLE_GATT_VALUE_T\000"
 741      455F4741 
 741      54545F56 
 741      414C5545 
 741      5F5400
 742              	.LASF8:
 743 011d 756E7369 		.ascii	"unsigned int\000"
 743      676E6564 
 743      20696E74 
 743      00
 744              	.LASF15:
 745 012a 63686172 		.ascii	"char\000"
 745      00
 746              	.LASF24:
 747 012f 433A5C55 		.ascii	"C:\\Users\\User\\Documents\\PSoC Creator\\PSoC4-MCU"
 747      73657273 
 747      5C557365 
 747      725C446F 
 747      63756D65 
 748 015d 2D424C45 		.ascii	"-BLE-Connectivity-Designs-master\\PSoC4-MCU-BLE-Con"
 748      2D436F6E 
 748      6E656374 
 748      69766974 
 748      792D4465 
 749 018f 6E656374 		.ascii	"nectivity-Designs-master\\BLE_Temperature_Measureme"
 749      69766974 
 749      792D4465 
 749      7369676E 
 749      732D6D61 
 750 01c1 6E745C42 		.ascii	"nt\\BLE_Temperature_Measurement.cydsn\000"
 750      4C455F54 
 750      656D7065 
 750      72617475 
 750      72655F4D 
 751              	.LASF17:
 752 01e6 73697A65 		.ascii	"sizetype\000"
 752      74797065 
 752      00
 753              	.LASF6:
 754 01ef 6C6F6E67 		.ascii	"long long int\000"
 754      206C6F6E 
 754      6720696E 
 754      7400
 755              	.LASF25:
 756 01fd 5F777269 		.ascii	"_write\000"
 756      746500
 757              	.LASF2:
 758 0204 73686F72 		.ascii	"short int\000"
 758      7420696E 
 758      7400
 759              	.LASF9:
 760 020e 75696E74 		.ascii	"uint8\000"
 760      3800
 761              	.LASF4:
 762 0214 6C6F6E67 		.ascii	"long int\000"
 762      20696E74 
ARM GAS  C:\Users\User\AppData\Local\Temp\ccWv9MEe.s 			page 18


 762      00
 763              	.LASF16:
 764 021d 6C6F6E67 		.ascii	"long double\000"
 764      20646F75 
 764      626C6500 
 765              	.LASF0:
 766 0229 7369676E 		.ascii	"signed char\000"
 766      65642063 
 766      68617200 
 767              	.LASF18:
 768 0235 61637475 		.ascii	"actualLen\000"
 768      616C4C65 
 768      6E00
 769              	.LASF7:
 770 023f 6C6F6E67 		.ascii	"long long unsigned int\000"
 770      206C6F6E 
 770      6720756E 
 770      7369676E 
 770      65642069 
 771              		.ident	"GCC: (GNU Tools for ARM Embedded Processors) 5.4.1 20160609 (release) [ARM/embedded-5-bran
