ARM GAS  C:\Users\User\AppData\Local\Temp\ccAv7W32.s 			page 1


   1              		.syntax unified
   2              		.cpu cortex-m0
   3              		.fpu softvfp
   4              		.eabi_attribute 20, 1
   5              		.eabi_attribute 21, 1
   6              		.eabi_attribute 23, 3
   7              		.eabi_attribute 24, 1
   8              		.eabi_attribute 25, 1
   9              		.eabi_attribute 26, 1
  10              		.eabi_attribute 30, 6
  11              		.eabi_attribute 34, 0
  12              		.eabi_attribute 18, 4
  13              		.thumb
  14              		.syntax unified
  15              		.file	"main.c"
  16              		.text
  17              	.Ltext0:
  18              		.cfi_sections	.debug_frame
  19              		.comm	OneWire_Sensor,32,4
  20              		.comm	OneWire_DataReady,1,1
  21              		.bss
  22              	flag_Timer:
  23 0000 00       		.space	1
  24              		.section	.text.isr_Timer,"ax",%progbits
  25              		.align	2
  26              		.global	isr_Timer
  27              		.code	16
  28              		.thumb_func
  29              		.type	isr_Timer, %function
  30              	isr_Timer:
  31              	.LFB35:
  32              		.file 1 "main.c"
   1:main.c        **** /* ===========================================================================================
   2:main.c        ****  * Digital Thermometer demo project
   3:main.c        ****  *
   4:main.c        ****  * uses
   5:main.c        ****  * DS18x4: MAXIM DS18B20 Digital Thermometer component (v 0.0)
   6:main.c        ****  * Read temperature simultaneously from up to 8 DS18B20 sensors
   7:main.c        ****  * 
   8:main.c        ****  *   
   9:main.c        ****  *
  10:main.c        ****  * ===========================================================================================
  11:main.c        ****  * PROVIDED AS-IS, NO WARRANTY OF ANY KIND, INCLUDING, BUT NOT LIMITED TO, THE
  12:main.c        ****  * IMPLIED WARRANTIES OF MERCHANTABILITY AND FITNESS FOR A PARTICULAR PURPOSE.
  13:main.c        ****  * FREE TO SHARE, USE AND MODIFY UNDER TERMS: CREATIVE COMMONS - SHARE ALIKE
  14:main.c        ****  * ===========================================================================================
  15:main.c        **** */
  16:main.c        **** 
  17:main.c        **** #include <project.h>
  18:main.c        **** //#include <stdio.h> //sprintf
  19:main.c        **** 
  20:main.c        **** /*
  21:main.c        **** #if defined (__GNUC__)
  22:main.c        ****     // Add an explicit reference to the floating point printf library
  23:main.c        ****     // to allow the usage of floating point conversion specifiers.
  24:main.c        ****     // This is not linked in by default with the newlib-nano library.
  25:main.c        ****     asm (".global _printf_float");
ARM GAS  C:\Users\User\AppData\Local\Temp\ccAv7W32.s 			page 2


  26:main.c        **** #endif
  27:main.c        **** */
  28:main.c        **** 
  29:main.c        **** static volatile CYBIT flag_Timer = 0 ; //semaphore   
  30:main.c        **** CY_ISR(isr_Timer) // ISR Timer to report temperature at regular interval
  31:main.c        **** {
  33              		.loc 1 31 0
  34              		.cfi_startproc
  35              		@ args = 0, pretend = 0, frame = 0
  36              		@ frame_needed = 1, uses_anonymous_args = 0
  37 0000 80B5     		push	{r7, lr}
  38              		.cfi_def_cfa_offset 8
  39              		.cfi_offset 7, -8
  40              		.cfi_offset 14, -4
  41 0002 00AF     		add	r7, sp, #0
  42              		.cfi_def_cfa_register 7
  32:main.c        ****     flag_Timer = 1;
  43              		.loc 1 32 0
  44 0004 024B     		ldr	r3, .L2
  45 0006 0122     		movs	r2, #1
  46 0008 1A70     		strb	r2, [r3]
  33:main.c        **** }
  47              		.loc 1 33 0
  48 000a C046     		nop
  49 000c BD46     		mov	sp, r7
  50              		@ sp needed
  51 000e 80BD     		pop	{r7, pc}
  52              	.L3:
  53              		.align	2
  54              	.L2:
  55 0010 00000000 		.word	flag_Timer
  56              		.cfi_endproc
  57              	.LFE35:
  58              		.size	isr_Timer, .-isr_Timer
  59              		.section	.rodata
  60              		.align	2
  61              	.LC1:
  62 0000 54656D70 		.ascii	"Temperature sensor Maxim DS18B20:\015\012\000"
  62      65726174 
  62      75726520 
  62      73656E73 
  62      6F72204D 
  63              		.section	.text.Initialize,"ax",%progbits
  64              		.align	2
  65              		.global	Initialize
  66              		.code	16
  67              		.thumb_func
  68              		.type	Initialize, %function
  69              	Initialize:
  70              	.LFB36:
  34:main.c        **** 
  35:main.c        **** //===========================================
  36:main.c        **** // Function prototypes
  37:main.c        **** //===========================================
  38:main.c        **** 
  39:main.c        **** void ReportTemperature (void); // convert temperature code to deg C and send to UART
  40:main.c        **** 
ARM GAS  C:\Users\User\AppData\Local\Temp\ccAv7W32.s 			page 3


  41:main.c        **** 
  42:main.c        **** void Initialize(void)
  43:main.c        **** {
  71              		.loc 1 43 0
  72              		.cfi_startproc
  73              		@ args = 0, pretend = 0, frame = 0
  74              		@ frame_needed = 1, uses_anonymous_args = 0
  75 0000 80B5     		push	{r7, lr}
  76              		.cfi_def_cfa_offset 8
  77              		.cfi_offset 7, -8
  78              		.cfi_offset 14, -4
  79 0002 00AF     		add	r7, sp, #0
  80              		.cfi_def_cfa_register 7
  44:main.c        ****     CyGlobalIntEnable;  // Uncomment this line to enable global interrupts.
  81              		.loc 1 44 0
  82              		.syntax divided
  83              	@ 44 "main.c" 1
  84 0004 62B6     		CPSIE   i
  85              	@ 0 "" 2
  45:main.c        ****         
  46:main.c        ****     UART_DEB_Start();
  86              		.loc 1 46 0
  87              		.thumb
  88              		.syntax unified
  89 0006 FFF7FEFF 		bl	UART_DEB_Start
  47:main.c        ****     CyDelay(100);// waiting for clear start after power on
  90              		.loc 1 47 0
  91 000a 6420     		movs	r0, #100
  92 000c FFF7FEFF 		bl	CyDelay
  48:main.c        ****     UART_DEB_UartPutCRLF(' ');
  93              		.loc 1 48 0
  94 0010 2020     		movs	r0, #32
  95 0012 FFF7FEFF 		bl	UART_DEB_UartPutCRLF
  49:main.c        ****     UART_DEB_UartPutString("Temperature sensor Maxim DS18B20:\r\n");
  96              		.loc 1 49 0
  97 0016 064B     		ldr	r3, .L5
  98 0018 1800     		movs	r0, r3
  99 001a FFF7FEFF 		bl	UART_DEB_UartPutString
  50:main.c        ****     
  51:main.c        ****     OneWire_Start();
 100              		.loc 1 51 0
 101 001e FFF7FEFF 		bl	OneWire_Start
  52:main.c        ****     
  53:main.c        ****     isr_Timer_StartEx(isr_Timer);
 102              		.loc 1 53 0
 103 0022 044B     		ldr	r3, .L5+4
 104 0024 1800     		movs	r0, r3
 105 0026 FFF7FEFF 		bl	isr_Timer_StartEx
  54:main.c        **** }
 106              		.loc 1 54 0
 107 002a C046     		nop
 108 002c BD46     		mov	sp, r7
 109              		@ sp needed
 110 002e 80BD     		pop	{r7, pc}
 111              	.L6:
 112              		.align	2
 113              	.L5:
ARM GAS  C:\Users\User\AppData\Local\Temp\ccAv7W32.s 			page 4


 114 0030 00000000 		.word	.LC1
 115 0034 00000000 		.word	isr_Timer
 116              		.cfi_endproc
 117              	.LFE36:
 118              		.size	Initialize, .-Initialize
 119              		.section	.text.main,"ax",%progbits
 120              		.align	2
 121              		.global	main
 122              		.code	16
 123              		.thumb_func
 124              		.type	main, %function
 125              	main:
 126              	.LFB37:
  55:main.c        **** 
  56:main.c        **** 
  57:main.c        **** void main()
  58:main.c        **** {
 127              		.loc 1 58 0
 128              		.cfi_startproc
 129              		@ args = 0, pretend = 0, frame = 0
 130              		@ frame_needed = 1, uses_anonymous_args = 0
 131 0000 80B5     		push	{r7, lr}
 132              		.cfi_def_cfa_offset 8
 133              		.cfi_offset 7, -8
 134              		.cfi_offset 14, -4
 135 0002 00AF     		add	r7, sp, #0
 136              		.cfi_def_cfa_register 7
  59:main.c        **** 
  60:main.c        ****     Initialize();
 137              		.loc 1 60 0
 138 0004 FFF7FEFF 		bl	Initialize
  61:main.c        ****     
  62:main.c        ****     flag_Timer = 1; // force first measument instantly
 139              		.loc 1 62 0
 140 0008 0B4B     		ldr	r3, .L11
 141 000a 0122     		movs	r2, #1
 142 000c 1A70     		strb	r2, [r3]
 143              	.L10:
  63:main.c        ****     
  64:main.c        ****     for(;;) 
  65:main.c        ****     { 
  66:main.c        ****         
  67:main.c        ****         if(flag_Timer) //read DS18B20 on timer, intervals >1sec
 144              		.loc 1 67 0
 145 000e 0A4B     		ldr	r3, .L11
 146 0010 1B78     		ldrb	r3, [r3]
 147 0012 DBB2     		uxtb	r3, r3
 148 0014 002B     		cmp	r3, #0
 149 0016 04D0     		beq	.L8
  68:main.c        ****     	{   
  69:main.c        ****             flag_Timer = 0;
 150              		.loc 1 69 0
 151 0018 074B     		ldr	r3, .L11
 152 001a 0022     		movs	r2, #0
 153 001c 1A70     		strb	r2, [r3]
  70:main.c        ****             OneWire_SendTemperatureRequest(); //                                        
 154              		.loc 1 70 0
ARM GAS  C:\Users\User\AppData\Local\Temp\ccAv7W32.s 			page 5


 155 001e FFF7FEFF 		bl	OneWire_SendTemperatureRequest
 156              	.L8:
  71:main.c        ****         }
  72:main.c        ****         
  73:main.c        ****         if (OneWire_DataReady) // DS18 completed temperature measurement - begin read dataa
 157              		.loc 1 73 0
 158 0022 064B     		ldr	r3, .L11+4
 159 0024 1B78     		ldrb	r3, [r3]
 160 0026 DBB2     		uxtb	r3, r3
 161 0028 002B     		cmp	r3, #0
 162 002a F0D0     		beq	.L10
  74:main.c        ****     	{   
  75:main.c        ****             OneWire_ReadTemperature(); // 
 163              		.loc 1 75 0
 164 002c FFF7FEFF 		bl	OneWire_ReadTemperature
  76:main.c        ****             ReportTemperature();
 165              		.loc 1 76 0
 166 0030 FFF7FEFF 		bl	ReportTemperature
  77:main.c        ****         }    
  78:main.c        ****         
  79:main.c        ****     }   
 167              		.loc 1 79 0
 168 0034 EBE7     		b	.L10
 169              	.L12:
 170 0036 C046     		.align	2
 171              	.L11:
 172 0038 00000000 		.word	flag_Timer
 173 003c 00000000 		.word	OneWire_DataReady
 174              		.cfi_endproc
 175              	.LFE37:
 176              		.size	main, .-main
 177              		.section	.rodata
 178              		.align	2
 179              	.LC7:
 180 0024 0900     		.ascii	"\011\000"
 181              		.section	.text.ReportTemperature,"ax",%progbits
 182              		.align	2
 183              		.global	ReportTemperature
 184              		.code	16
 185              		.thumb_func
 186              		.type	ReportTemperature, %function
 187              	ReportTemperature:
 188              	.LFB38:
  80:main.c        **** 
  81:main.c        **** } //main
  82:main.c        **** 
  83:main.c        **** 
  84:main.c        **** 
  85:main.c        **** 
  86:main.c        **** //==============================================================================
  87:main.c        **** // Convert temperature code to degC and 
  88:main.c        **** // Send result to Terminal using UART
  89:main.c        **** //==============================================================================
  90:main.c        **** 
  91:main.c        **** void ReportTemperature(void) 
  92:main.c        **** {
 189              		.loc 1 92 0
ARM GAS  C:\Users\User\AppData\Local\Temp\ccAv7W32.s 			page 6


 190              		.cfi_startproc
 191              		@ args = 0, pretend = 0, frame = 88
 192              		@ frame_needed = 1, uses_anonymous_args = 0
 193 0000 80B5     		push	{r7, lr}
 194              		.cfi_def_cfa_offset 8
 195              		.cfi_offset 7, -8
 196              		.cfi_offset 14, -4
 197 0002 96B0     		sub	sp, sp, #88
 198              		.cfi_def_cfa_offset 96
 199 0004 00AF     		add	r7, sp, #0
 200              		.cfi_def_cfa_register 7
  93:main.c        ****     char strMsg[80]={};         // output UART buffer
 201              		.loc 1 93 0
 202 0006 0823     		movs	r3, #8
 203 0008 FB18     		adds	r3, r7, r3
 204 000a 1800     		movs	r0, r3
 205 000c 5023     		movs	r3, #80
 206 000e 1A00     		movs	r2, r3
 207 0010 0021     		movs	r1, #0
 208 0012 FFF7FEFF 		bl	memset
  94:main.c        ****     char buf[8];                // temp buffer
  95:main.c        ****     static uint32 counter = 0;  // sample counter
  96:main.c        ****     
  97:main.c        ****     counter++; 
 209              		.loc 1 97 0
 210 0016 264B     		ldr	r3, .L14
 211 0018 1B68     		ldr	r3, [r3]
 212 001a 5A1C     		adds	r2, r3, #1
 213 001c 244B     		ldr	r3, .L14
 214 001e 1A60     		str	r2, [r3]
  98:main.c        ****    
  99:main.c        **** 
 100:main.c        ****              
 101:main.c        ****     strcat(strMsg, itoa10(counter, buf)); strcat(strMsg, "\t");
 215              		.loc 1 101 0
 216 0020 234B     		ldr	r3, .L14
 217 0022 1B68     		ldr	r3, [r3]
 218 0024 1A00     		movs	r2, r3
 219 0026 3B00     		movs	r3, r7
 220 0028 1900     		movs	r1, r3
 221 002a 1000     		movs	r0, r2
 222 002c FFF7FEFF 		bl	itoa10
 223 0030 0200     		movs	r2, r0
 224 0032 0823     		movs	r3, #8
 225 0034 FB18     		adds	r3, r7, r3
 226 0036 1100     		movs	r1, r2
 227 0038 1800     		movs	r0, r3
 228 003a FFF7FEFF 		bl	strcat
 229 003e 0823     		movs	r3, #8
 230 0040 FB18     		adds	r3, r7, r3
 231 0042 1800     		movs	r0, r3
 232 0044 FFF7FEFF 		bl	strlen
 233 0048 0300     		movs	r3, r0
 234 004a 1A00     		movs	r2, r3
 235 004c 0823     		movs	r3, #8
 236 004e FB18     		adds	r3, r7, r3
 237 0050 9A18     		adds	r2, r3, r2
ARM GAS  C:\Users\User\AppData\Local\Temp\ccAv7W32.s 			page 7


 238 0052 184B     		ldr	r3, .L14+4
 239 0054 1000     		movs	r0, r2
 240 0056 1900     		movs	r1, r3
 241 0058 0223     		movs	r3, #2
 242 005a 1A00     		movs	r2, r3
 243 005c FFF7FEFF 		bl	memcpy
 102:main.c        ****     strcat(strMsg, OneWire_GetTemperatureAsString(0)); strcat(strMsg, "\t");
 244              		.loc 1 102 0
 245 0060 0020     		movs	r0, #0
 246 0062 FFF7FEFF 		bl	OneWire_GetTemperatureAsString
 247 0066 0200     		movs	r2, r0
 248 0068 0823     		movs	r3, #8
 249 006a FB18     		adds	r3, r7, r3
 250 006c 1100     		movs	r1, r2
 251 006e 1800     		movs	r0, r3
 252 0070 FFF7FEFF 		bl	strcat
 253 0074 0823     		movs	r3, #8
 254 0076 FB18     		adds	r3, r7, r3
 255 0078 1800     		movs	r0, r3
 256 007a FFF7FEFF 		bl	strlen
 257 007e 0300     		movs	r3, r0
 258 0080 1A00     		movs	r2, r3
 259 0082 0823     		movs	r3, #8
 260 0084 FB18     		adds	r3, r7, r3
 261 0086 9A18     		adds	r2, r3, r2
 262 0088 0A4B     		ldr	r3, .L14+4
 263 008a 1000     		movs	r0, r2
 264 008c 1900     		movs	r1, r3
 265 008e 0223     		movs	r3, #2
 266 0090 1A00     		movs	r2, r3
 267 0092 FFF7FEFF 		bl	memcpy
 103:main.c        **** 
 104:main.c        ****        
 105:main.c        ****     UART_DEB_UartPutString(strMsg);  
 268              		.loc 1 105 0
 269 0096 0823     		movs	r3, #8
 270 0098 FB18     		adds	r3, r7, r3
 271 009a 1800     		movs	r0, r3
 272 009c FFF7FEFF 		bl	UART_DEB_UartPutString
 106:main.c        ****     UART_DEB_UartPutCRLF(' ');
 273              		.loc 1 106 0
 274 00a0 2020     		movs	r0, #32
 275 00a2 FFF7FEFF 		bl	UART_DEB_UartPutCRLF
 107:main.c        **** }
 276              		.loc 1 107 0
 277 00a6 C046     		nop
 278 00a8 BD46     		mov	sp, r7
 279 00aa 16B0     		add	sp, sp, #88
 280              		@ sp needed
 281 00ac 80BD     		pop	{r7, pc}
 282              	.L15:
 283 00ae C046     		.align	2
 284              	.L14:
 285 00b0 04000000 		.word	counter.5723
 286 00b4 24000000 		.word	.LC7
 287              		.cfi_endproc
 288              	.LFE38:
ARM GAS  C:\Users\User\AppData\Local\Temp\ccAv7W32.s 			page 8


 289              		.size	ReportTemperature, .-ReportTemperature
 290              		.bss
 291 0001 000000   		.align	2
 292              	counter.5723:
 293 0004 00000000 		.space	4
 294              		.text
 295              	.Letext0:
 296              		.file 2 "Generated_Source\\PSoC4/cytypes.h"
 297              		.file 3 "Generated_Source\\PSoC4/OneWire.h"
 298              		.section	.debug_info,"",%progbits
 299              	.Ldebug_info0:
 300 0000 B4010000 		.4byte	0x1b4
 301 0004 0400     		.2byte	0x4
 302 0006 00000000 		.4byte	.Ldebug_abbrev0
 303 000a 04       		.byte	0x4
 304 000b 01       		.uleb128 0x1
 305 000c 6B000000 		.4byte	.LASF26
 306 0010 0C       		.byte	0xc
 307 0011 92010000 		.4byte	.LASF27
 308 0015 DF010000 		.4byte	.LASF28
 309 0019 00000000 		.4byte	.Ldebug_ranges0+0
 310 001d 00000000 		.4byte	0
 311 0021 00000000 		.4byte	.Ldebug_line0
 312 0025 02       		.uleb128 0x2
 313 0026 01       		.byte	0x1
 314 0027 06       		.byte	0x6
 315 0028 D3010000 		.4byte	.LASF0
 316 002c 02       		.uleb128 0x2
 317 002d 01       		.byte	0x1
 318 002e 08       		.byte	0x8
 319 002f 38000000 		.4byte	.LASF1
 320 0033 02       		.uleb128 0x2
 321 0034 02       		.byte	0x2
 322 0035 05       		.byte	0x5
 323 0036 9E010000 		.4byte	.LASF2
 324 003a 02       		.uleb128 0x2
 325 003b 02       		.byte	0x2
 326 003c 07       		.byte	0x7
 327 003d 58000000 		.4byte	.LASF3
 328 0041 02       		.uleb128 0x2
 329 0042 04       		.byte	0x4
 330 0043 05       		.byte	0x5
 331 0044 AE010000 		.4byte	.LASF4
 332 0048 02       		.uleb128 0x2
 333 0049 04       		.byte	0x4
 334 004a 07       		.byte	0x7
 335 004b 46000000 		.4byte	.LASF5
 336 004f 02       		.uleb128 0x2
 337 0050 08       		.byte	0x8
 338 0051 05       		.byte	0x5
 339 0052 84010000 		.4byte	.LASF6
 340 0056 02       		.uleb128 0x2
 341 0057 08       		.byte	0x8
 342 0058 07       		.byte	0x7
 343 0059 47010000 		.4byte	.LASF7
 344 005d 03       		.uleb128 0x3
 345 005e 04       		.byte	0x4
ARM GAS  C:\Users\User\AppData\Local\Temp\ccAv7W32.s 			page 9


 346 005f 05       		.byte	0x5
 347 0060 696E7400 		.ascii	"int\000"
 348 0064 02       		.uleb128 0x2
 349 0065 04       		.byte	0x4
 350 0066 07       		.byte	0x7
 351 0067 2F010000 		.4byte	.LASF8
 352 006b 04       		.uleb128 0x4
 353 006c A8010000 		.4byte	.LASF9
 354 0070 02       		.byte	0x2
 355 0071 E401     		.2byte	0x1e4
 356 0073 2C000000 		.4byte	0x2c
 357 0077 04       		.uleb128 0x4
 358 0078 17010000 		.4byte	.LASF10
 359 007c 02       		.byte	0x2
 360 007d E501     		.2byte	0x1e5
 361 007f 3A000000 		.4byte	0x3a
 362 0083 04       		.uleb128 0x4
 363 0084 1E010000 		.4byte	.LASF11
 364 0088 02       		.byte	0x2
 365 0089 E601     		.2byte	0x1e6
 366 008b 48000000 		.4byte	0x48
 367 008f 02       		.uleb128 0x2
 368 0090 04       		.byte	0x4
 369 0091 04       		.byte	0x4
 370 0092 1B000000 		.4byte	.LASF12
 371 0096 02       		.uleb128 0x2
 372 0097 08       		.byte	0x8
 373 0098 04       		.byte	0x4
 374 0099 F9000000 		.4byte	.LASF13
 375 009d 02       		.uleb128 0x2
 376 009e 01       		.byte	0x1
 377 009f 08       		.byte	0x8
 378 00a0 99010000 		.4byte	.LASF14
 379 00a4 05       		.uleb128 0x5
 380 00a5 6B000000 		.4byte	0x6b
 381 00a9 06       		.uleb128 0x6
 382 00aa B7010000 		.4byte	.LASF29
 383 00ae 04       		.byte	0x4
 384 00af 03       		.byte	0x3
 385 00b0 30       		.byte	0x30
 386 00b1 CE000000 		.4byte	0xce
 387 00b5 07       		.uleb128 0x7
 388 00b6 08000000 		.4byte	.LASF15
 389 00ba 03       		.byte	0x3
 390 00bb 31       		.byte	0x31
 391 00bc 77000000 		.4byte	0x77
 392 00c0 00       		.byte	0
 393 00c1 07       		.uleb128 0x7
 394 00c2 00000000 		.4byte	.LASF16
 395 00c6 03       		.byte	0x3
 396 00c7 32       		.byte	0x32
 397 00c8 6B000000 		.4byte	0x6b
 398 00cc 02       		.byte	0x2
 399 00cd 00       		.byte	0
 400 00ce 02       		.uleb128 0x2
 401 00cf 08       		.byte	0x8
 402 00d0 04       		.byte	0x4
ARM GAS  C:\Users\User\AppData\Local\Temp\ccAv7W32.s 			page 10


 403 00d1 C7010000 		.4byte	.LASF17
 404 00d5 02       		.uleb128 0x2
 405 00d6 04       		.byte	0x4
 406 00d7 07       		.byte	0x7
 407 00d8 69010000 		.4byte	.LASF18
 408 00dc 08       		.uleb128 0x8
 409 00dd 9D000000 		.4byte	0x9d
 410 00e1 EC000000 		.4byte	0xec
 411 00e5 09       		.uleb128 0x9
 412 00e6 D5000000 		.4byte	0xd5
 413 00ea 07       		.byte	0x7
 414 00eb 00       		.byte	0
 415 00ec 0A       		.uleb128 0xa
 416 00ed 25010000 		.4byte	.LASF19
 417 00f1 01       		.byte	0x1
 418 00f2 1E       		.byte	0x1e
 419 00f3 00000000 		.4byte	.LFB35
 420 00f7 14000000 		.4byte	.LFE35-.LFB35
 421 00fb 01       		.uleb128 0x1
 422 00fc 9C       		.byte	0x9c
 423 00fd 0B       		.uleb128 0xb
 424 00fe 3C010000 		.4byte	.LASF20
 425 0102 01       		.byte	0x1
 426 0103 2A       		.byte	0x2a
 427 0104 00000000 		.4byte	.LFB36
 428 0108 38000000 		.4byte	.LFE36-.LFB36
 429 010c 01       		.uleb128 0x1
 430 010d 9C       		.byte	0x9c
 431 010e 0C       		.uleb128 0xc
 432 010f 00010000 		.4byte	.LASF30
 433 0113 01       		.byte	0x1
 434 0114 39       		.byte	0x39
 435 0115 00000000 		.4byte	.LFB37
 436 0119 40000000 		.4byte	.LFE37-.LFB37
 437 011d 01       		.uleb128 0x1
 438 011e 9C       		.byte	0x9c
 439 011f 0D       		.uleb128 0xd
 440 0120 72010000 		.4byte	.LASF31
 441 0124 01       		.byte	0x1
 442 0125 5B       		.byte	0x5b
 443 0126 00000000 		.4byte	.LFB38
 444 012a B8000000 		.4byte	.LFE38-.LFB38
 445 012e 01       		.uleb128 0x1
 446 012f 9C       		.byte	0x9c
 447 0130 64010000 		.4byte	0x164
 448 0134 0E       		.uleb128 0xe
 449 0135 14000000 		.4byte	.LASF21
 450 0139 01       		.byte	0x1
 451 013a 5D       		.byte	0x5d
 452 013b 64010000 		.4byte	0x164
 453 013f 03       		.uleb128 0x3
 454 0140 91       		.byte	0x91
 455 0141 A87F     		.sleb128 -88
 456 0143 0F       		.uleb128 0xf
 457 0144 62756600 		.ascii	"buf\000"
 458 0148 01       		.byte	0x1
 459 0149 5E       		.byte	0x5e
ARM GAS  C:\Users\User\AppData\Local\Temp\ccAv7W32.s 			page 11


 460 014a DC000000 		.4byte	0xdc
 461 014e 03       		.uleb128 0x3
 462 014f 91       		.byte	0x91
 463 0150 A07F     		.sleb128 -96
 464 0152 0E       		.uleb128 0xe
 465 0153 21000000 		.4byte	.LASF22
 466 0157 01       		.byte	0x1
 467 0158 5F       		.byte	0x5f
 468 0159 83000000 		.4byte	0x83
 469 015d 05       		.uleb128 0x5
 470 015e 03       		.byte	0x3
 471 015f 04000000 		.4byte	counter.5723
 472 0163 00       		.byte	0
 473 0164 08       		.uleb128 0x8
 474 0165 9D000000 		.4byte	0x9d
 475 0169 74010000 		.4byte	0x174
 476 016d 09       		.uleb128 0x9
 477 016e D5000000 		.4byte	0xd5
 478 0172 4F       		.byte	0x4f
 479 0173 00       		.byte	0
 480 0174 0E       		.uleb128 0xe
 481 0175 5E010000 		.4byte	.LASF23
 482 0179 01       		.byte	0x1
 483 017a 1D       		.byte	0x1d
 484 017b A4000000 		.4byte	0xa4
 485 017f 05       		.uleb128 0x5
 486 0180 03       		.byte	0x3
 487 0181 00000000 		.4byte	flag_Timer
 488 0185 08       		.uleb128 0x8
 489 0186 A9000000 		.4byte	0xa9
 490 018a 95010000 		.4byte	0x195
 491 018e 09       		.uleb128 0x9
 492 018f D5000000 		.4byte	0xd5
 493 0193 07       		.byte	0x7
 494 0194 00       		.byte	0
 495 0195 10       		.uleb128 0x10
 496 0196 29000000 		.4byte	.LASF24
 497 019a 03       		.byte	0x3
 498 019b 34       		.byte	0x34
 499 019c 85010000 		.4byte	0x185
 500 01a0 05       		.uleb128 0x5
 501 01a1 03       		.byte	0x3
 502 01a2 00000000 		.4byte	OneWire_Sensor
 503 01a6 10       		.uleb128 0x10
 504 01a7 05010000 		.4byte	.LASF25
 505 01ab 03       		.byte	0x3
 506 01ac 39       		.byte	0x39
 507 01ad A4000000 		.4byte	0xa4
 508 01b1 05       		.uleb128 0x5
 509 01b2 03       		.byte	0x3
 510 01b3 00000000 		.4byte	OneWire_DataReady
 511 01b7 00       		.byte	0
 512              		.section	.debug_abbrev,"",%progbits
 513              	.Ldebug_abbrev0:
 514 0000 01       		.uleb128 0x1
 515 0001 11       		.uleb128 0x11
 516 0002 01       		.byte	0x1
ARM GAS  C:\Users\User\AppData\Local\Temp\ccAv7W32.s 			page 12


 517 0003 25       		.uleb128 0x25
 518 0004 0E       		.uleb128 0xe
 519 0005 13       		.uleb128 0x13
 520 0006 0B       		.uleb128 0xb
 521 0007 03       		.uleb128 0x3
 522 0008 0E       		.uleb128 0xe
 523 0009 1B       		.uleb128 0x1b
 524 000a 0E       		.uleb128 0xe
 525 000b 55       		.uleb128 0x55
 526 000c 17       		.uleb128 0x17
 527 000d 11       		.uleb128 0x11
 528 000e 01       		.uleb128 0x1
 529 000f 10       		.uleb128 0x10
 530 0010 17       		.uleb128 0x17
 531 0011 00       		.byte	0
 532 0012 00       		.byte	0
 533 0013 02       		.uleb128 0x2
 534 0014 24       		.uleb128 0x24
 535 0015 00       		.byte	0
 536 0016 0B       		.uleb128 0xb
 537 0017 0B       		.uleb128 0xb
 538 0018 3E       		.uleb128 0x3e
 539 0019 0B       		.uleb128 0xb
 540 001a 03       		.uleb128 0x3
 541 001b 0E       		.uleb128 0xe
 542 001c 00       		.byte	0
 543 001d 00       		.byte	0
 544 001e 03       		.uleb128 0x3
 545 001f 24       		.uleb128 0x24
 546 0020 00       		.byte	0
 547 0021 0B       		.uleb128 0xb
 548 0022 0B       		.uleb128 0xb
 549 0023 3E       		.uleb128 0x3e
 550 0024 0B       		.uleb128 0xb
 551 0025 03       		.uleb128 0x3
 552 0026 08       		.uleb128 0x8
 553 0027 00       		.byte	0
 554 0028 00       		.byte	0
 555 0029 04       		.uleb128 0x4
 556 002a 16       		.uleb128 0x16
 557 002b 00       		.byte	0
 558 002c 03       		.uleb128 0x3
 559 002d 0E       		.uleb128 0xe
 560 002e 3A       		.uleb128 0x3a
 561 002f 0B       		.uleb128 0xb
 562 0030 3B       		.uleb128 0x3b
 563 0031 05       		.uleb128 0x5
 564 0032 49       		.uleb128 0x49
 565 0033 13       		.uleb128 0x13
 566 0034 00       		.byte	0
 567 0035 00       		.byte	0
 568 0036 05       		.uleb128 0x5
 569 0037 35       		.uleb128 0x35
 570 0038 00       		.byte	0
 571 0039 49       		.uleb128 0x49
 572 003a 13       		.uleb128 0x13
 573 003b 00       		.byte	0
ARM GAS  C:\Users\User\AppData\Local\Temp\ccAv7W32.s 			page 13


 574 003c 00       		.byte	0
 575 003d 06       		.uleb128 0x6
 576 003e 13       		.uleb128 0x13
 577 003f 01       		.byte	0x1
 578 0040 03       		.uleb128 0x3
 579 0041 0E       		.uleb128 0xe
 580 0042 0B       		.uleb128 0xb
 581 0043 0B       		.uleb128 0xb
 582 0044 3A       		.uleb128 0x3a
 583 0045 0B       		.uleb128 0xb
 584 0046 3B       		.uleb128 0x3b
 585 0047 0B       		.uleb128 0xb
 586 0048 01       		.uleb128 0x1
 587 0049 13       		.uleb128 0x13
 588 004a 00       		.byte	0
 589 004b 00       		.byte	0
 590 004c 07       		.uleb128 0x7
 591 004d 0D       		.uleb128 0xd
 592 004e 00       		.byte	0
 593 004f 03       		.uleb128 0x3
 594 0050 0E       		.uleb128 0xe
 595 0051 3A       		.uleb128 0x3a
 596 0052 0B       		.uleb128 0xb
 597 0053 3B       		.uleb128 0x3b
 598 0054 0B       		.uleb128 0xb
 599 0055 49       		.uleb128 0x49
 600 0056 13       		.uleb128 0x13
 601 0057 38       		.uleb128 0x38
 602 0058 0B       		.uleb128 0xb
 603 0059 00       		.byte	0
 604 005a 00       		.byte	0
 605 005b 08       		.uleb128 0x8
 606 005c 01       		.uleb128 0x1
 607 005d 01       		.byte	0x1
 608 005e 49       		.uleb128 0x49
 609 005f 13       		.uleb128 0x13
 610 0060 01       		.uleb128 0x1
 611 0061 13       		.uleb128 0x13
 612 0062 00       		.byte	0
 613 0063 00       		.byte	0
 614 0064 09       		.uleb128 0x9
 615 0065 21       		.uleb128 0x21
 616 0066 00       		.byte	0
 617 0067 49       		.uleb128 0x49
 618 0068 13       		.uleb128 0x13
 619 0069 2F       		.uleb128 0x2f
 620 006a 0B       		.uleb128 0xb
 621 006b 00       		.byte	0
 622 006c 00       		.byte	0
 623 006d 0A       		.uleb128 0xa
 624 006e 2E       		.uleb128 0x2e
 625 006f 00       		.byte	0
 626 0070 3F       		.uleb128 0x3f
 627 0071 19       		.uleb128 0x19
 628 0072 03       		.uleb128 0x3
 629 0073 0E       		.uleb128 0xe
 630 0074 3A       		.uleb128 0x3a
ARM GAS  C:\Users\User\AppData\Local\Temp\ccAv7W32.s 			page 14


 631 0075 0B       		.uleb128 0xb
 632 0076 3B       		.uleb128 0x3b
 633 0077 0B       		.uleb128 0xb
 634 0078 27       		.uleb128 0x27
 635 0079 19       		.uleb128 0x19
 636 007a 11       		.uleb128 0x11
 637 007b 01       		.uleb128 0x1
 638 007c 12       		.uleb128 0x12
 639 007d 06       		.uleb128 0x6
 640 007e 40       		.uleb128 0x40
 641 007f 18       		.uleb128 0x18
 642 0080 9742     		.uleb128 0x2117
 643 0082 19       		.uleb128 0x19
 644 0083 00       		.byte	0
 645 0084 00       		.byte	0
 646 0085 0B       		.uleb128 0xb
 647 0086 2E       		.uleb128 0x2e
 648 0087 00       		.byte	0
 649 0088 3F       		.uleb128 0x3f
 650 0089 19       		.uleb128 0x19
 651 008a 03       		.uleb128 0x3
 652 008b 0E       		.uleb128 0xe
 653 008c 3A       		.uleb128 0x3a
 654 008d 0B       		.uleb128 0xb
 655 008e 3B       		.uleb128 0x3b
 656 008f 0B       		.uleb128 0xb
 657 0090 27       		.uleb128 0x27
 658 0091 19       		.uleb128 0x19
 659 0092 11       		.uleb128 0x11
 660 0093 01       		.uleb128 0x1
 661 0094 12       		.uleb128 0x12
 662 0095 06       		.uleb128 0x6
 663 0096 40       		.uleb128 0x40
 664 0097 18       		.uleb128 0x18
 665 0098 9642     		.uleb128 0x2116
 666 009a 19       		.uleb128 0x19
 667 009b 00       		.byte	0
 668 009c 00       		.byte	0
 669 009d 0C       		.uleb128 0xc
 670 009e 2E       		.uleb128 0x2e
 671 009f 00       		.byte	0
 672 00a0 3F       		.uleb128 0x3f
 673 00a1 19       		.uleb128 0x19
 674 00a2 03       		.uleb128 0x3
 675 00a3 0E       		.uleb128 0xe
 676 00a4 3A       		.uleb128 0x3a
 677 00a5 0B       		.uleb128 0xb
 678 00a6 3B       		.uleb128 0x3b
 679 00a7 0B       		.uleb128 0xb
 680 00a8 11       		.uleb128 0x11
 681 00a9 01       		.uleb128 0x1
 682 00aa 12       		.uleb128 0x12
 683 00ab 06       		.uleb128 0x6
 684 00ac 40       		.uleb128 0x40
 685 00ad 18       		.uleb128 0x18
 686 00ae 9642     		.uleb128 0x2116
 687 00b0 19       		.uleb128 0x19
ARM GAS  C:\Users\User\AppData\Local\Temp\ccAv7W32.s 			page 15


 688 00b1 00       		.byte	0
 689 00b2 00       		.byte	0
 690 00b3 0D       		.uleb128 0xd
 691 00b4 2E       		.uleb128 0x2e
 692 00b5 01       		.byte	0x1
 693 00b6 3F       		.uleb128 0x3f
 694 00b7 19       		.uleb128 0x19
 695 00b8 03       		.uleb128 0x3
 696 00b9 0E       		.uleb128 0xe
 697 00ba 3A       		.uleb128 0x3a
 698 00bb 0B       		.uleb128 0xb
 699 00bc 3B       		.uleb128 0x3b
 700 00bd 0B       		.uleb128 0xb
 701 00be 27       		.uleb128 0x27
 702 00bf 19       		.uleb128 0x19
 703 00c0 11       		.uleb128 0x11
 704 00c1 01       		.uleb128 0x1
 705 00c2 12       		.uleb128 0x12
 706 00c3 06       		.uleb128 0x6
 707 00c4 40       		.uleb128 0x40
 708 00c5 18       		.uleb128 0x18
 709 00c6 9642     		.uleb128 0x2116
 710 00c8 19       		.uleb128 0x19
 711 00c9 01       		.uleb128 0x1
 712 00ca 13       		.uleb128 0x13
 713 00cb 00       		.byte	0
 714 00cc 00       		.byte	0
 715 00cd 0E       		.uleb128 0xe
 716 00ce 34       		.uleb128 0x34
 717 00cf 00       		.byte	0
 718 00d0 03       		.uleb128 0x3
 719 00d1 0E       		.uleb128 0xe
 720 00d2 3A       		.uleb128 0x3a
 721 00d3 0B       		.uleb128 0xb
 722 00d4 3B       		.uleb128 0x3b
 723 00d5 0B       		.uleb128 0xb
 724 00d6 49       		.uleb128 0x49
 725 00d7 13       		.uleb128 0x13
 726 00d8 02       		.uleb128 0x2
 727 00d9 18       		.uleb128 0x18
 728 00da 00       		.byte	0
 729 00db 00       		.byte	0
 730 00dc 0F       		.uleb128 0xf
 731 00dd 34       		.uleb128 0x34
 732 00de 00       		.byte	0
 733 00df 03       		.uleb128 0x3
 734 00e0 08       		.uleb128 0x8
 735 00e1 3A       		.uleb128 0x3a
 736 00e2 0B       		.uleb128 0xb
 737 00e3 3B       		.uleb128 0x3b
 738 00e4 0B       		.uleb128 0xb
 739 00e5 49       		.uleb128 0x49
 740 00e6 13       		.uleb128 0x13
 741 00e7 02       		.uleb128 0x2
 742 00e8 18       		.uleb128 0x18
 743 00e9 00       		.byte	0
 744 00ea 00       		.byte	0
ARM GAS  C:\Users\User\AppData\Local\Temp\ccAv7W32.s 			page 16


 745 00eb 10       		.uleb128 0x10
 746 00ec 34       		.uleb128 0x34
 747 00ed 00       		.byte	0
 748 00ee 03       		.uleb128 0x3
 749 00ef 0E       		.uleb128 0xe
 750 00f0 3A       		.uleb128 0x3a
 751 00f1 0B       		.uleb128 0xb
 752 00f2 3B       		.uleb128 0x3b
 753 00f3 0B       		.uleb128 0xb
 754 00f4 49       		.uleb128 0x49
 755 00f5 13       		.uleb128 0x13
 756 00f6 3F       		.uleb128 0x3f
 757 00f7 19       		.uleb128 0x19
 758 00f8 02       		.uleb128 0x2
 759 00f9 18       		.uleb128 0x18
 760 00fa 00       		.byte	0
 761 00fb 00       		.byte	0
 762 00fc 00       		.byte	0
 763              		.section	.debug_aranges,"",%progbits
 764 0000 34000000 		.4byte	0x34
 765 0004 0200     		.2byte	0x2
 766 0006 00000000 		.4byte	.Ldebug_info0
 767 000a 04       		.byte	0x4
 768 000b 00       		.byte	0
 769 000c 0000     		.2byte	0
 770 000e 0000     		.2byte	0
 771 0010 00000000 		.4byte	.LFB35
 772 0014 14000000 		.4byte	.LFE35-.LFB35
 773 0018 00000000 		.4byte	.LFB36
 774 001c 38000000 		.4byte	.LFE36-.LFB36
 775 0020 00000000 		.4byte	.LFB37
 776 0024 40000000 		.4byte	.LFE37-.LFB37
 777 0028 00000000 		.4byte	.LFB38
 778 002c B8000000 		.4byte	.LFE38-.LFB38
 779 0030 00000000 		.4byte	0
 780 0034 00000000 		.4byte	0
 781              		.section	.debug_ranges,"",%progbits
 782              	.Ldebug_ranges0:
 783 0000 00000000 		.4byte	.LFB35
 784 0004 14000000 		.4byte	.LFE35
 785 0008 00000000 		.4byte	.LFB36
 786 000c 38000000 		.4byte	.LFE36
 787 0010 00000000 		.4byte	.LFB37
 788 0014 40000000 		.4byte	.LFE37
 789 0018 00000000 		.4byte	.LFB38
 790 001c B8000000 		.4byte	.LFE38
 791 0020 00000000 		.4byte	0
 792 0024 00000000 		.4byte	0
 793              		.section	.debug_line,"",%progbits
 794              	.Ldebug_line0:
 795 0000 AD000000 		.section	.debug_str,"MS",%progbits,1
 795      02004E00 
 795      00000201 
 795      FB0E0D00 
 795      01010101 
 796              	.LASF16:
 797 0000 70726573 		.ascii	"present\000"
ARM GAS  C:\Users\User\AppData\Local\Temp\ccAv7W32.s 			page 17


 797      656E7400 
 798              	.LASF15:
 799 0008 54656D70 		.ascii	"Temperature\000"
 799      65726174 
 799      75726500 
 800              	.LASF21:
 801 0014 7374724D 		.ascii	"strMsg\000"
 801      736700
 802              	.LASF12:
 803 001b 666C6F61 		.ascii	"float\000"
 803      7400
 804              	.LASF22:
 805 0021 636F756E 		.ascii	"counter\000"
 805      74657200 
 806              	.LASF24:
 807 0029 4F6E6557 		.ascii	"OneWire_Sensor\000"
 807      6972655F 
 807      53656E73 
 807      6F7200
 808              	.LASF1:
 809 0038 756E7369 		.ascii	"unsigned char\000"
 809      676E6564 
 809      20636861 
 809      7200
 810              	.LASF5:
 811 0046 6C6F6E67 		.ascii	"long unsigned int\000"
 811      20756E73 
 811      69676E65 
 811      6420696E 
 811      7400
 812              	.LASF3:
 813 0058 73686F72 		.ascii	"short unsigned int\000"
 813      7420756E 
 813      7369676E 
 813      65642069 
 813      6E7400
 814              	.LASF26:
 815 006b 474E5520 		.ascii	"GNU C11 5.4.1 20160609 (release) [ARM/embedded-5-br"
 815      43313120 
 815      352E342E 
 815      31203230 
 815      31363036 
 816 009e 616E6368 		.ascii	"anch revision 237715] -mcpu=cortex-m0 -mthumb -g -O"
 816      20726576 
 816      6973696F 
 816      6E203233 
 816      37373135 
 817 00d1 30202D66 		.ascii	"0 -ffunction-sections -ffat-lto-objects\000"
 817      66756E63 
 817      74696F6E 
 817      2D736563 
 817      74696F6E 
 818              	.LASF13:
 819 00f9 646F7562 		.ascii	"double\000"
 819      6C6500
 820              	.LASF30:
 821 0100 6D61696E 		.ascii	"main\000"
ARM GAS  C:\Users\User\AppData\Local\Temp\ccAv7W32.s 			page 18


 821      00
 822              	.LASF25:
 823 0105 4F6E6557 		.ascii	"OneWire_DataReady\000"
 823      6972655F 
 823      44617461 
 823      52656164 
 823      7900
 824              	.LASF10:
 825 0117 75696E74 		.ascii	"uint16\000"
 825      313600
 826              	.LASF11:
 827 011e 75696E74 		.ascii	"uint32\000"
 827      333200
 828              	.LASF19:
 829 0125 6973725F 		.ascii	"isr_Timer\000"
 829      54696D65 
 829      7200
 830              	.LASF8:
 831 012f 756E7369 		.ascii	"unsigned int\000"
 831      676E6564 
 831      20696E74 
 831      00
 832              	.LASF20:
 833 013c 496E6974 		.ascii	"Initialize\000"
 833      69616C69 
 833      7A6500
 834              	.LASF7:
 835 0147 6C6F6E67 		.ascii	"long long unsigned int\000"
 835      206C6F6E 
 835      6720756E 
 835      7369676E 
 835      65642069 
 836              	.LASF23:
 837 015e 666C6167 		.ascii	"flag_Timer\000"
 837      5F54696D 
 837      657200
 838              	.LASF18:
 839 0169 73697A65 		.ascii	"sizetype\000"
 839      74797065 
 839      00
 840              	.LASF31:
 841 0172 5265706F 		.ascii	"ReportTemperature\000"
 841      72745465 
 841      6D706572 
 841      61747572 
 841      6500
 842              	.LASF6:
 843 0184 6C6F6E67 		.ascii	"long long int\000"
 843      206C6F6E 
 843      6720696E 
 843      7400
 844              	.LASF27:
 845 0192 6D61696E 		.ascii	"main.c\000"
 845      2E6300
 846              	.LASF14:
 847 0199 63686172 		.ascii	"char\000"
 847      00
ARM GAS  C:\Users\User\AppData\Local\Temp\ccAv7W32.s 			page 19


 848              	.LASF2:
 849 019e 73686F72 		.ascii	"short int\000"
 849      7420696E 
 849      7400
 850              	.LASF9:
 851 01a8 75696E74 		.ascii	"uint8\000"
 851      3800
 852              	.LASF4:
 853 01ae 6C6F6E67 		.ascii	"long int\000"
 853      20696E74 
 853      00
 854              	.LASF29:
 855 01b7 4F6E6557 		.ascii	"OneWire_TSensor\000"
 855      6972655F 
 855      5453656E 
 855      736F7200 
 856              	.LASF17:
 857 01c7 6C6F6E67 		.ascii	"long double\000"
 857      20646F75 
 857      626C6500 
 858              	.LASF0:
 859 01d3 7369676E 		.ascii	"signed char\000"
 859      65642063 
 859      68617200 
 860              	.LASF28:
 861 01df 433A5C55 		.ascii	"C:\\Users\\User\\Desktop\\Hi\\Demo1\\DS18x8_demo.cy"
 861      73657273 
 861      5C557365 
 861      725C4465 
 861      736B746F 
 862 020c 64736E00 		.ascii	"dsn\000"
 863              		.ident	"GCC: (GNU Tools for ARM Embedded Processors) 5.4.1 20160609 (release) [ARM/embedded-5-bran
