#***************************************************************************

#sjplacer

#Version:            1.1

#Build Date:         Dec  5 2017 15:35:27

#File Generated:     Dec 1 2020 22:01:33

#Purpose:            

#Copyright (C) 2010-2011 by Softjin Technologies Pvt Ltd. All rights reserved.

#***************************************************************************

Executing : C:\Program Files (x86)\Cypress\PSoC Creator\4.2\PSoC Creator\bin/sjplacer.exe --proj-name DS18x8_demo --netlist-vh2 DS18x8_demo_p.vh2 --arch p4_udb2x2 --arch-file C:\Users\User\Documents\PSoC Creator\4.2\Devices\arch/udbdsi_2x2_04.cydata --ip-file C:\Users\User\Documents\PSoC Creator\4.2\Devices\psoc4/3/256dma/ip_blocks.cydata --rrg-file C:\Users\User\Documents\PSoC Creator\4.2\Devices\psoc4/3/256dma/route_arch-rrg.cydata --irq-file C:\Users\User\Documents\PSoC Creator\4.2\Devices\psoc4/3/256dma/irqconn.cydata --drq-file C:\Users\User\Documents\PSoC Creator\4.2\Devices\psoc4/3/256dma/triggerconn.cydata --dsi-conn-file C:\Users\User\Documents\PSoC Creator\4.2\Devices\psoc4/3/256dma/dsiconn.cydata --pins-file pins_56-QFN.xml --lib-file DS18x8_demo_p.lib --sdc-file DS18x8_demo.sdc --io-pcf DS18x8_demo.pci --outdir .

		Softjin Techologies Placer, Version 1.1

Build Date : Dec  5 2017	15:33:41

D2004: Option and Settings Summary
=============================================================
Netlist vh2 file          - DS18x8_demo_p.vh2
Architecture file         - C:\Users\User\Documents\PSoC Creator\4.2\Devices\arch/udbdsi_2x2_04.cydata
Package                   - 
Defparam file             - 
SDC file                  - DS18x8_demo.sdc
Output directory          - .
Timing library            - DS18x8_demo_p.lib
IO Placement file         - DS18x8_demo.pci

D2050: Starting reading inputs for placer
=============================================================
D2065: Reading netlist file : "DS18x8_demo_p.vh2"
D2065: Reading arch file : "C:\Users\User\Documents\PSoC Creator\4.2\Devices\arch/udbdsi_2x2_04.cydata"
D2051: Reading of inputs for placer completed successfully

D2053: Starting placement of the design
=============================================================

Phase 2
Phase 3

Design Statistics after Packing
    Number of Combinational MCs 	:	5
    Number of Sequential MCs    	:	19
    Number of DPs               	:	2
    Number of Controls          	:	4
    Number of Status            	:	2
    Number of SyncCells         	:	0
    Number of count7cells       	:	0

Device Utilization Summary after Packing
    Macrocells                  :	24/32
    UDBS                        :	4/4
    IOs                         :	4/38


D2088: Phase 3, elapsed time : 0.0 (sec)

Phase 4
D2088: Phase 4, elapsed time : 0.0 (sec)

Phase 6

######################################################################
Placement Timing Summary

The timing summary is based on estimated routing delays after
placement. For final timing report, please carry out the timing
analysis after routing.
======================================================================

######################################################################
                     Clock Summary 
======================================================================
Number of clocks: 12
Clock: Clock_ReportTimer    | Frequency:  70.2 MHz | Target:   0.0 MHz
Clock: CyECO                | Frequency: N/A       | Target:  24.0 MHz
Clock: CyHFClk              | Frequency: N/A       | Target:  48.0 MHz
Clock: CyILO                | Frequency: N/A       | Target:   0.0 MHz
Clock: CyIMO                | Frequency: N/A       | Target:  48.0 MHz
Clock: CyLFClk              | Frequency: N/A       | Target:   0.0 MHz
Clock: CyRouted1            | Frequency: N/A       | Target:  48.0 MHz
Clock: CySysClk             | Frequency: N/A       | Target:  48.0 MHz
Clock: CyWCO                | Frequency: N/A       | Target:   0.0 MHz
Clock: OneWire_clock_delay  | Frequency:  36.5 MHz | Target:   0.0 MHz
Clock: UART_DEB_SCBCLK      | Frequency: N/A       | Target:   0.1 MHz
Clock: UART_DEB_SCBCLK(FFB) | Frequency: N/A       | Target:   0.1 MHz

======================================================================
                     End of Clock Summary
######################################################################

D2088: Phase 6, elapsed time : 0.0 (sec)

Phase 7
######################################################################
                     Clock Summary 
======================================================================
Number of clocks: 12
Clock: Clock_ReportTimer    | Frequency:  70.2 MHz | Target:   0.0 MHz
Clock: CyECO                | Frequency: N/A       | Target:  24.0 MHz
Clock: CyHFClk              | Frequency: N/A       | Target:  48.0 MHz
Clock: CyILO                | Frequency: N/A       | Target:   0.0 MHz
Clock: CyIMO                | Frequency: N/A       | Target:  48.0 MHz
Clock: CyLFClk              | Frequency: N/A       | Target:   0.0 MHz
Clock: CyRouted1            | Frequency: N/A       | Target:  48.0 MHz
Clock: CySysClk             | Frequency: N/A       | Target:  48.0 MHz
Clock: CyWCO                | Frequency: N/A       | Target:   0.0 MHz
Clock: OneWire_clock_delay  | Frequency:  36.5 MHz | Target:   0.0 MHz
Clock: UART_DEB_SCBCLK      | Frequency: N/A       | Target:   0.1 MHz
Clock: UART_DEB_SCBCLK(FFB) | Frequency: N/A       | Target:   0.1 MHz

======================================================================
                     End of Clock Summary
######################################################################
D2088: Phase 7, elapsed time : 0.4 (sec)

Final Design Statistics
    Number of Combinational MCs 	:	5
    Number of Sequential MCs    	:	19
    Number of DPs               	:	2
    Number of Controls          	:	4
    Number of Status            	:	2
    Number of SyncCells         	:	0
    Number of count7cells       	:	0
    Number of IOs       	:	4

Device Utilization Summary
    Macrocells                  :	24/32
    IOs                         :	4/38



######################################################################
Placement Timing Summary

The timing summary is based on estimated routing delays after
placement. For final timing report, please carry out the timing
analysis after routing.
======================================================================


######################################################################
                     Clock Summary 
======================================================================
Number of clocks: 12
Clock: Clock_ReportTimer    | Frequency:  70.2 MHz | Target:   0.0 MHz
Clock: CyECO                | Frequency: N/A       | Target:  24.0 MHz
Clock: CyHFClk              | Frequency: N/A       | Target:  48.0 MHz
Clock: CyILO                | Frequency: N/A       | Target:   0.0 MHz
Clock: CyIMO                | Frequency: N/A       | Target:  48.0 MHz
Clock: CyLFClk              | Frequency: N/A       | Target:   0.0 MHz
Clock: CyRouted1            | Frequency: N/A       | Target:  48.0 MHz
Clock: CySysClk             | Frequency: N/A       | Target:  48.0 MHz
Clock: CyWCO                | Frequency: N/A       | Target:   0.0 MHz
Clock: OneWire_clock_delay  | Frequency:  36.5 MHz | Target:   0.0 MHz
Clock: UART_DEB_SCBCLK      | Frequency: N/A       | Target:   0.1 MHz
Clock: UART_DEB_SCBCLK(FFB) | Frequency: N/A       | Target:   0.1 MHz

======================================================================
                     End of Clock Summary
######################################################################

Phase 8
D2088: Phase 8, elapsed time : 0.0 (sec)

D2054: Placement of the design completed successfully

I2076: Total run-time: 1.1 sec.

