--------------- Build Started: 11/02/2020 14:07:34 Project: BLE_Temperature_Measurement, Configuration: ARM GCC 5.4-2016-q2-update Debug ---------------
cydsfit.exe -.appdatapath "C:\Users\User\AppData\Local\Cypress Semiconductor\PSoC Creator\4.2" -.fdsnotice -.fdswarpdepfile=warp_dependencies.txt -.fdselabdepfile=elab_dependencies.txt -.fdsbldfile=generated_files.txt -.fdsreffile=referenced_files.txt -p "C:\Users\User\Documents\PSoC Creator\PSoC4-MCU-BLE-Connectivity-Designs-master\PSoC4-MCU-BLE-Connectivity-Designs-master\BLE_Temperature_Measurement\BLE_Temperature_Measurement.cydsn\BLE_Temperature_Measurement.cyprj" -d CY8C4248LQI-BL583 -s "C:\Users\User\Documents\PSoC Creator\PSoC4-MCU-BLE-Connectivity-Designs-master\PSoC4-MCU-BLE-Connectivity-Designs-master\BLE_Temperature_Measurement\BLE_Temperature_Measurement.cydsn\Generated_Source\PSoC4" -- -yv2 -q10 -ygs -o2 -v3 -.fftcfgtype=LE
Elaborating Design...
HDL Generation...
Synthesis...
Tech Mapping...
Analog Placement...
Analog Routing...
Analog Code Generation...
Digital Placement...
Digital Routing...
Bitstream Generation...
Bitstream Verification...
Static timing analysis...
API Generation...
Dependency Generation...
Cleanup...
arm-none-eabi-gcc.exe -mcpu=cortex-m0 -mthumb -I. -IGenerated_Source\PSoC4 -Wa,-alh=.\CortexM0\ARM_GCC_541\Debug/main.lst -g -D DEBUG -Wall -ffunction-sections -ffat-lto-objects -O0 -c main.c -o .\CortexM0\ARM_GCC_541\Debug\main.o
arm-none-eabi-gcc.exe -mcpu=cortex-m0 -mthumb -I. -IGenerated_Source\PSoC4 -Wa,-alh=.\CortexM0\ARM_GCC_541\Debug/hts.lst -g -D DEBUG -Wall -ffunction-sections -ffat-lto-objects -O0 -c hts.c -o .\CortexM0\ARM_GCC_541\Debug\hts.o
arm-none-eabi-gcc.exe -mcpu=cortex-m0 -mthumb -I. -IGenerated_Source\PSoC4 -Wa,-alh=.\CortexM0\ARM_GCC_541\Debug/debug.lst -g -D DEBUG -Wall -ffunction-sections -ffat-lto-objects -O0 -c debug.c -o .\CortexM0\ARM_GCC_541\Debug\debug.o
arm-none-eabi-gcc.exe -mcpu=cortex-m0 -mthumb -I. -IGenerated_Source\PSoC4 -Wa,-alh=.\CortexM0\ARM_GCC_541\Debug/bas.lst -g -D DEBUG -Wall -ffunction-sections -ffat-lto-objects -O0 -c bas.c -o .\CortexM0\ARM_GCC_541\Debug\bas.o
arm-none-eabi-gcc.exe -mcpu=cortex-m0 -mthumb -I. -IGenerated_Source\PSoC4 -Wa,-alh=.\CortexM0\ARM_GCC_541\Debug/BLE_bas.lst -g -D DEBUG -Wall -ffunction-sections -ffat-lto-objects -O0 -c Generated_Source\PSoC4\BLE_bas.c -o .\CortexM0\ARM_GCC_541\Debug\BLE_bas.o
arm-none-eabi-gcc.exe -mcpu=cortex-m0 -mthumb -I. -IGenerated_Source\PSoC4 -Wa,-alh=.\CortexM0\ARM_GCC_541\Debug/BLE.lst -g -D DEBUG -Wall -ffunction-sections -ffat-lto-objects -O0 -c Generated_Source\PSoC4\BLE.c -o .\CortexM0\ARM_GCC_541\Debug\BLE.o
arm-none-eabi-gcc.exe -mcpu=cortex-m0 -mthumb -I. -IGenerated_Source\PSoC4 -Wa,-alh=.\CortexM0\ARM_GCC_541\Debug/BLE_gatt.lst -g -D DEBUG -Wall -ffunction-sections -ffat-lto-objects -O0 -c Generated_Source\PSoC4\BLE_gatt.c -o .\CortexM0\ARM_GCC_541\Debug\BLE_gatt.o
arm-none-eabi-gcc.exe -mcpu=cortex-m0 -mthumb -I. -IGenerated_Source\PSoC4 -Wa,-alh=.\CortexM0\ARM_GCC_541\Debug/BLE_eventHandler.lst -g -D DEBUG -Wall -ffunction-sections -ffat-lto-objects -O0 -c Generated_Source\PSoC4\BLE_eventHandler.c -o .\CortexM0\ARM_GCC_541\Debug\BLE_eventHandler.o
arm-none-eabi-gcc.exe -mcpu=cortex-m0 -mthumb -I. -IGenerated_Source\PSoC4 -Wa,-alh=.\CortexM0\ARM_GCC_541\Debug/BLE_HAL_INT.lst -g -D DEBUG -Wall -ffunction-sections -ffat-lto-objects -O0 -c Generated_Source\PSoC4\BLE_HAL_INT.c -o .\CortexM0\ARM_GCC_541\Debug\BLE_HAL_INT.o
arm-none-eabi-gcc.exe -mcpu=cortex-m0 -mthumb -I. -IGenerated_Source\PSoC4 -Wa,-alh=.\CortexM0\ARM_GCC_541\Debug/BLE_HAL_PVT.lst -g -D DEBUG -Wall -ffunction-sections -ffat-lto-objects -O0 -c Generated_Source\PSoC4\BLE_HAL_PVT.c -o .\CortexM0\ARM_GCC_541\Debug\BLE_HAL_PVT.o
arm-none-eabi-gcc.exe -mcpu=cortex-m0 -mthumb -I. -IGenerated_Source\PSoC4 -Wa,-alh=.\CortexM0\ARM_GCC_541\Debug/BLE_dis.lst -g -D DEBUG -Wall -ffunction-sections -ffat-lto-objects -O0 -c Generated_Source\PSoC4\BLE_dis.c -o .\CortexM0\ARM_GCC_541\Debug\BLE_dis.o
arm-none-eabi-gcc.exe -mcpu=cortex-m0 -mthumb -I. -IGenerated_Source\PSoC4 -Wa,-alh=.\CortexM0\ARM_GCC_541\Debug/BLE_hts.lst -g -D DEBUG -Wall -ffunction-sections -ffat-lto-objects -O0 -c Generated_Source\PSoC4\BLE_hts.c -o .\CortexM0\ARM_GCC_541\Debug\BLE_hts.o
arm-none-eabi-ar.exe -rs .\CortexM0\ARM_GCC_541\Debug\BLE_Temperature_Measurement.a .\CortexM0\ARM_GCC_541\Debug\BLE_bas.o .\CortexM0\ARM_GCC_541\Debug\BLE.o .\CortexM0\ARM_GCC_541\Debug\BLE_gatt.o .\CortexM0\ARM_GCC_541\Debug\BLE_eventHandler.o .\CortexM0\ARM_GCC_541\Debug\BLE_HAL_INT.o .\CortexM0\ARM_GCC_541\Debug\BLE_HAL_PVT.o .\CortexM0\ARM_GCC_541\Debug\BLE_dis.o .\CortexM0\ARM_GCC_541\Debug\BLE_hts.o .\CortexM0\ARM_GCC_541\Debug\ADC.o .\CortexM0\ARM_GCC_541\Debug\ADC_PM.o .\CortexM0\ARM_GCC_541\Debug\ADC_INT.o .\CortexM0\ARM_GCC_541\Debug\Vref.o .\CortexM0\ARM_GCC_541\Debug\Vref_PM.o .\CortexM0\ARM_GCC_541\Debug\Disconnect_LED.o .\CortexM0\ARM_GCC_541\Debug\Disconnect_LED_PM.o .\CortexM0\ARM_GCC_541\Debug\Advertising_LED.o .\CortexM0\ARM_GCC_541\Debug\Advertising_LED_PM.o .\CortexM0\ARM_GCC_541\Debug\LowPower_LED.o .\CortexM0\ARM_GCC_541\Debug\LowPower_LED_PM.o .\CortexM0\ARM_GCC_541\Debug\SW2.o .\CortexM0\ARM_GCC_541\Debug\SW2_PM.o .\CortexM0\ARM_GCC_541\Debug\UART_DEB.o .\CortexM0\ARM_GCC_541\Debug\UART_DEB_SPI_UART.o .\CortexM0\ARM_GCC_541\Debug\UART_DEB_SPI_UART_INT.o .\CortexM0\ARM_GCC_541\Debug\UART_DEB_PM.o .\CortexM0\ARM_GCC_541\Debug\UART_DEB_UART.o .\CortexM0\ARM_GCC_541\Debug\UART_DEB_BOOT.o .\CortexM0\ARM_GCC_541\Debug\UART_DEB_UART_BOOT.o .\CortexM0\ARM_GCC_541\Debug\DieTemp.o .\CortexM0\ARM_GCC_541\Debug\Wakeup_Interrupt.o .\CortexM0\ARM_GCC_541\Debug\WDT_Interrupt.o .\CortexM0\ARM_GCC_541\Debug\BLE_bless_isr.o .\CortexM0\ARM_GCC_541\Debug\ADC_IRQ.o .\CortexM0\ARM_GCC_541\Debug\ADC_intClock.o .\CortexM0\ARM_GCC_541\Debug\UART_DEB_SCBCLK.o .\CortexM0\ARM_GCC_541\Debug\UART_DEB_tx.o .\CortexM0\ARM_GCC_541\Debug\UART_DEB_tx_PM.o .\CortexM0\ARM_GCC_541\Debug\UART_DEB_rx.o .\CortexM0\ARM_GCC_541\Debug\UART_DEB_rx_PM.o .\CortexM0\ARM_GCC_541\Debug\CyFlash.o .\CortexM0\ARM_GCC_541\Debug\CyLib.o .\CortexM0\ARM_GCC_541\Debug\cyPm.o .\CortexM0\ARM_GCC_541\Debug\cyutils.o .\CortexM0\ARM_GCC_541\Debug\CyDMA.o .\CortexM0\ARM_GCC_541\Debug\CyLFClk.o .\CortexM0\ARM_GCC_541\Debug\cy_em_eeprom.o .\CortexM0\ARM_GCC_541\Debug\CyBootAsmGnu.o
arm-none-eabi-ar.exe: creating .\CortexM0\ARM_GCC_541\Debug\BLE_Temperature_Measurement.a
arm-none-eabi-gcc.exe -Wl,--start-group -o "C:\Users\User\Documents\PSoC Creator\PSoC4-MCU-BLE-Connectivity-Designs-master\PSoC4-MCU-BLE-Connectivity-Designs-master\BLE_Temperature_Measurement\BLE_Temperature_Measurement.cydsn\CortexM0\ARM_GCC_541\Debug\BLE_Temperature_Measurement.elf" .\CortexM0\ARM_GCC_541\Debug\main.o .\CortexM0\ARM_GCC_541\Debug\hts.o .\CortexM0\ARM_GCC_541\Debug\debug.o .\CortexM0\ARM_GCC_541\Debug\bas.o .\CortexM0\ARM_GCC_541\Debug\cyfitter_cfg.o .\CortexM0\ARM_GCC_541\Debug\cymetadata.o .\CortexM0\ARM_GCC_541\Debug\Cm0Start.o .\CortexM0\ARM_GCC_541\Debug\BLE_Temperature_Measurement.a "C:\Program Files (x86)\Cypress\PSoC Creator\4.2\PSoC Creator\psoc\content\CyComponentLibrary\CyComponentLibrary.cylib\BLE_v3_30\Library\gccCyBLEStack_BLE_SOC_PERIPHERAL.a" -mcpu=cortex-m0 -mthumb -L Generated_Source\PSoC4 -Wl,-Map,.\CortexM0\ARM_GCC_541\Debug/BLE_Temperature_Measurement.map -T Generated_Source\PSoC4\cm0gcc.ld -specs=nano.specs -Wl,--gc-sections -g -ffunction-sections -O0 -ffat-lto-objects -Wl,--end-group
cyelftool.exe -C "C:\Users\User\Documents\PSoC Creator\PSoC4-MCU-BLE-Connectivity-Designs-master\PSoC4-MCU-BLE-Connectivity-Designs-master\BLE_Temperature_Measurement\BLE_Temperature_Measurement.cydsn\CortexM0\ARM_GCC_541\Debug\BLE_Temperature_Measurement.elf" --flash_row_size 256 --flash_size 262144 --flash_offset 0x00000000
No ELF section .cychecksum found, creating one
Application checksum calculated and stored in ELF section .cychecksum
Checksum calculated and stored in ELF section .cymeta
cyelftool.exe -S "C:\Users\User\Documents\PSoC Creator\PSoC4-MCU-BLE-Connectivity-Designs-master\PSoC4-MCU-BLE-Connectivity-Designs-master\BLE_Temperature_Measurement\BLE_Temperature_Measurement.cydsn\CortexM0\ARM_GCC_541\Debug\BLE_Temperature_Measurement.elf"
Flash used: 97899 of 262144 bytes (37,3%).
SRAM used: 11864 of 32768 bytes (36,2%). Stack: 2048 bytes. Heap: 1024 bytes.
--------------- Build Succeeded: 11/02/2020 14:07:52 ---------------
