ARM GAS  C:\Users\User\AppData\Local\Temp\ccqYjFyG.s 			page 1


   1              		.syntax unified
   2              		.cpu cortex-m0
   3              		.fpu softvfp
   4              		.eabi_attribute 20, 1
   5              		.eabi_attribute 21, 1
   6              		.eabi_attribute 23, 3
   7              		.eabi_attribute 24, 1
   8              		.eabi_attribute 25, 1
   9              		.eabi_attribute 26, 1
  10              		.eabi_attribute 30, 6
  11              		.eabi_attribute 34, 0
  12              		.eabi_attribute 18, 4
  13              		.thumb
  14              		.syntax unified
  15              		.file	"CommonFunctions.c"
  16              		.text
  17              	.Ltext0:
  18              		.cfi_sections	.debug_frame
  19              		.comm	OneWire_Sensor,32,4
  20              		.comm	OneWire_DataReady,1,1
  21              		.data
  22              		.type	flag_Timer, %object
  23              		.size	flag_Timer, 1
  24              	flag_Timer:
  25 0000 01       		.byte	1
  26              		.section	.text.InitializeSystem,"ax",%progbits
  27              		.align	2
  28              		.global	InitializeSystem
  29              		.code	16
  30              		.thumb_func
  31              		.type	InitializeSystem, %function
  32              	InitializeSystem:
  33              	.LFB36:
  34              		.file 1 "CommonFunctions.c"
   1:CommonFunctions.c **** /****************************************************************************
   2:CommonFunctions.c **** * File Name: CommonFunctions.c
   3:CommonFunctions.c **** *
   4:CommonFunctions.c **** * Description:
   5:CommonFunctions.c **** * This file implements the common functions used by the application.
   6:CommonFunctions.c **** *
   7:CommonFunctions.c **** *****************************************************************************/
   8:CommonFunctions.c **** 
   9:CommonFunctions.c **** 
  10:CommonFunctions.c **** /*****************************************************************************
  11:CommonFunctions.c **** * Included headers
  12:CommonFunctions.c **** *****************************************************************************/
  13:CommonFunctions.c **** #include "CommonFunctions.h"
  14:CommonFunctions.c **** 
  15:CommonFunctions.c **** 
  16:CommonFunctions.c **** 
  17:CommonFunctions.c **** /*****************************************************************************
  18:CommonFunctions.c **** * Function Name: InitializeSystem()
  19:CommonFunctions.c **** ******************************************************************************
  20:CommonFunctions.c **** * Summary:
  21:CommonFunctions.c **** * Initializes the complete system resources. 
  22:CommonFunctions.c **** *
  23:CommonFunctions.c **** * Parameters:
ARM GAS  C:\Users\User\AppData\Local\Temp\ccqYjFyG.s 			page 2


  24:CommonFunctions.c **** * None
  25:CommonFunctions.c **** *
  26:CommonFunctions.c **** * Return:
  27:CommonFunctions.c **** * None
  28:CommonFunctions.c **** *
  29:CommonFunctions.c **** * Theory:
  30:CommonFunctions.c **** * Initializes the system resources - enables BLE, starts UART and OneWire
  31:CommonFunctions.c **** * interrupt and drives the reference signals for temperature measurement. 
  32:CommonFunctions.c **** *
  33:CommonFunctions.c **** *****************************************************************************/
  34:CommonFunctions.c **** void InitializeSystem(void)
  35:CommonFunctions.c **** {
  35              		.loc 1 35 0
  36              		.cfi_startproc
  37              		@ args = 0, pretend = 0, frame = 0
  38              		@ frame_needed = 1, uses_anonymous_args = 0
  39 0000 80B5     		push	{r7, lr}
  40              		.cfi_def_cfa_offset 8
  41              		.cfi_offset 7, -8
  42              		.cfi_offset 14, -4
  43 0002 00AF     		add	r7, sp, #0
  44              		.cfi_def_cfa_register 7
  36:CommonFunctions.c **** 	/* Enable global interrupts. */
  37:CommonFunctions.c **** 	CyGlobalIntEnable;
  45              		.loc 1 37 0
  46              		.syntax divided
  47              	@ 37 "CommonFunctions.c" 1
  48 0004 62B6     		CPSIE   i
  49              	@ 0 "" 2
  38:CommonFunctions.c **** 	
  39:CommonFunctions.c **** 	/* Start BLE component and Register the generic Event callback function */
  40:CommonFunctions.c **** 	CyBle_Start(GenericEventHandler);
  50              		.loc 1 40 0
  51              		.thumb
  52              		.syntax unified
  53 0006 094B     		ldr	r3, .L2
  54 0008 1800     		movs	r0, r3
  55 000a FFF7FEFF 		bl	CyBle_Start
  41:CommonFunctions.c **** 	
  42:CommonFunctions.c **** 	/* Configure the Watchdog (WDT) timer for 100 millisecond timing */
  43:CommonFunctions.c **** 	InitializeWatchdog(WATCHDOG_COUNT_VAL);
  56              		.loc 1 43 0
  57 000e 084B     		ldr	r3, .L2+4
  58 0010 1800     		movs	r0, r3
  59 0012 FFF7FEFF 		bl	InitializeWatchdog
  44:CommonFunctions.c ****     
  45:CommonFunctions.c ****     /* Start OneWire */
  46:CommonFunctions.c ****     OneWire_Start();
  60              		.loc 1 46 0
  61 0016 FFF7FEFF 		bl	OneWire_Start
  47:CommonFunctions.c ****     isr_Timer_StartEx(isr_Timer);
  62              		.loc 1 47 0
  63 001a 064B     		ldr	r3, .L2+8
  64 001c 1800     		movs	r0, r3
  65 001e FFF7FEFF 		bl	isr_Timer_StartEx
  48:CommonFunctions.c **** 
  49:CommonFunctions.c **** 	#ifdef ENABLE_ADV_DATA_COUNTER
ARM GAS  C:\Users\User\AppData\Local\Temp\ccqYjFyG.s 			page 3


  50:CommonFunctions.c **** 	new_advData = *cyBle_discoveryModeInfo.advData;
  51:CommonFunctions.c **** 	
  52:CommonFunctions.c **** 	if( cyBle_discoveryModeInfo.advData->advDataLen < 29)
  53:CommonFunctions.c **** 	{
  54:CommonFunctions.c **** 		/* Initialize the DataCounter data in advertisement packet. This is custom data in 
  55:CommonFunctions.c **** 		* ADV packet and used to track whether the RGB LED data is latest or not */
  56:CommonFunctions.c **** 		new_advData.advData[cyBle_discoveryModeInfo.advData->advDataLen] = CUSTOM_ADV_DATA_MARKER;	
  57:CommonFunctions.c **** 		new_advData.advData[cyBle_discoveryModeInfo.advData->advDataLen+1] = dataADVCounter;
  58:CommonFunctions.c **** 		new_advData.advDataLen = cyBle_discoveryModeInfo.advData->advDataLen+2;
  59:CommonFunctions.c **** 	}
  60:CommonFunctions.c **** 	
  61:CommonFunctions.c **** 	/* Assign the new ADV data to stack */
  62:CommonFunctions.c **** 	cyBle_discoveryModeInfo.advData = &new_advData;
  63:CommonFunctions.c **** 	#endif
  64:CommonFunctions.c ****     
  65:CommonFunctions.c ****     /* Start UART */
  66:CommonFunctions.c **** 	UART_Start();
  66              		.loc 1 66 0
  67 0022 FFF7FEFF 		bl	UART_Start
  67:CommonFunctions.c **** 	#ifdef DEBUG_ENABLED
  68:CommonFunctions.c **** 		UART_Start();
  69:CommonFunctions.c **** 		UART_UartPutString("--------------------------Mesh Flood-----------------------------------------
  70:CommonFunctions.c **** 		UART_UartPutCRLF(' ');
  71:CommonFunctions.c **** 	#endif
  72:CommonFunctions.c **** }
  68              		.loc 1 72 0
  69 0026 C046     		nop
  70 0028 BD46     		mov	sp, r7
  71              		@ sp needed
  72 002a 80BD     		pop	{r7, pc}
  73              	.L3:
  74              		.align	2
  75              	.L2:
  76 002c 00000000 		.word	GenericEventHandler
  77 0030 CC0C0000 		.word	3276
  78 0034 00000000 		.word	isr_Timer
  79              		.cfi_endproc
  80              	.LFE36:
  81              		.size	InitializeSystem, .-InitializeSystem
  82              		.section	.text.reverse,"ax",%progbits
  83              		.align	2
  84              		.global	reverse
  85              		.code	16
  86              		.thumb_func
  87              		.type	reverse, %function
  88              	reverse:
  89              	.LFB37:
  73:CommonFunctions.c **** 
  74:CommonFunctions.c **** 
  75:CommonFunctions.c **** // Reverses a string 'str' of length 'len' 
  76:CommonFunctions.c **** void reverse(char* str, int len) 
  77:CommonFunctions.c **** { 
  90              		.loc 1 77 0
  91              		.cfi_startproc
  92              		@ args = 0, pretend = 0, frame = 24
  93              		@ frame_needed = 1, uses_anonymous_args = 0
  94 0000 80B5     		push	{r7, lr}
ARM GAS  C:\Users\User\AppData\Local\Temp\ccqYjFyG.s 			page 4


  95              		.cfi_def_cfa_offset 8
  96              		.cfi_offset 7, -8
  97              		.cfi_offset 14, -4
  98 0002 86B0     		sub	sp, sp, #24
  99              		.cfi_def_cfa_offset 32
 100 0004 00AF     		add	r7, sp, #0
 101              		.cfi_def_cfa_register 7
 102 0006 7860     		str	r0, [r7, #4]
 103 0008 3960     		str	r1, [r7]
  78:CommonFunctions.c ****     int i = 0, j = len - 1, temp; 
 104              		.loc 1 78 0
 105 000a 0023     		movs	r3, #0
 106 000c 7B61     		str	r3, [r7, #20]
 107 000e 3B68     		ldr	r3, [r7]
 108 0010 013B     		subs	r3, r3, #1
 109 0012 3B61     		str	r3, [r7, #16]
  79:CommonFunctions.c ****     while (i < j) { 
 110              		.loc 1 79 0
 111 0014 18E0     		b	.L5
 112              	.L6:
  80:CommonFunctions.c ****         temp = str[i]; 
 113              		.loc 1 80 0
 114 0016 7B69     		ldr	r3, [r7, #20]
 115 0018 7A68     		ldr	r2, [r7, #4]
 116 001a D318     		adds	r3, r2, r3
 117 001c 1B78     		ldrb	r3, [r3]
 118 001e FB60     		str	r3, [r7, #12]
  81:CommonFunctions.c ****         str[i] = str[j]; 
 119              		.loc 1 81 0
 120 0020 7B69     		ldr	r3, [r7, #20]
 121 0022 7A68     		ldr	r2, [r7, #4]
 122 0024 D318     		adds	r3, r2, r3
 123 0026 3A69     		ldr	r2, [r7, #16]
 124 0028 7968     		ldr	r1, [r7, #4]
 125 002a 8A18     		adds	r2, r1, r2
 126 002c 1278     		ldrb	r2, [r2]
 127 002e 1A70     		strb	r2, [r3]
  82:CommonFunctions.c ****         str[j] = temp; 
 128              		.loc 1 82 0
 129 0030 3B69     		ldr	r3, [r7, #16]
 130 0032 7A68     		ldr	r2, [r7, #4]
 131 0034 D318     		adds	r3, r2, r3
 132 0036 FA68     		ldr	r2, [r7, #12]
 133 0038 D2B2     		uxtb	r2, r2
 134 003a 1A70     		strb	r2, [r3]
  83:CommonFunctions.c ****         i++; 
 135              		.loc 1 83 0
 136 003c 7B69     		ldr	r3, [r7, #20]
 137 003e 0133     		adds	r3, r3, #1
 138 0040 7B61     		str	r3, [r7, #20]
  84:CommonFunctions.c ****         j--; 
 139              		.loc 1 84 0
 140 0042 3B69     		ldr	r3, [r7, #16]
 141 0044 013B     		subs	r3, r3, #1
 142 0046 3B61     		str	r3, [r7, #16]
 143              	.L5:
  79:CommonFunctions.c ****         temp = str[i]; 
ARM GAS  C:\Users\User\AppData\Local\Temp\ccqYjFyG.s 			page 5


 144              		.loc 1 79 0
 145 0048 7A69     		ldr	r2, [r7, #20]
 146 004a 3B69     		ldr	r3, [r7, #16]
 147 004c 9A42     		cmp	r2, r3
 148 004e E2DB     		blt	.L6
  85:CommonFunctions.c ****     } 
  86:CommonFunctions.c **** } 
 149              		.loc 1 86 0
 150 0050 C046     		nop
 151 0052 BD46     		mov	sp, r7
 152 0054 06B0     		add	sp, sp, #24
 153              		@ sp needed
 154 0056 80BD     		pop	{r7, pc}
 155              		.cfi_endproc
 156              	.LFE37:
 157              		.size	reverse, .-reverse
 158              		.global	__aeabi_idivmod
 159              		.global	__aeabi_idiv
 160              		.section	.text.intToStr,"ax",%progbits
 161              		.align	2
 162              		.global	intToStr
 163              		.code	16
 164              		.thumb_func
 165              		.type	intToStr, %function
 166              	intToStr:
 167              	.LFB38:
  87:CommonFunctions.c ****   
  88:CommonFunctions.c **** // Converts a given integer x to string str[].  
  89:CommonFunctions.c **** // d is the number of digits required in the output.  
  90:CommonFunctions.c **** // If d is more than the number of digits in x,  
  91:CommonFunctions.c **** // then 0s are added at the beginning. 
  92:CommonFunctions.c **** int intToStr(int x, char str[], int d) 
  93:CommonFunctions.c **** { 
 168              		.loc 1 93 0
 169              		.cfi_startproc
 170              		@ args = 0, pretend = 0, frame = 24
 171              		@ frame_needed = 1, uses_anonymous_args = 0
 172 0000 90B5     		push	{r4, r7, lr}
 173              		.cfi_def_cfa_offset 12
 174              		.cfi_offset 4, -12
 175              		.cfi_offset 7, -8
 176              		.cfi_offset 14, -4
 177 0002 87B0     		sub	sp, sp, #28
 178              		.cfi_def_cfa_offset 40
 179 0004 00AF     		add	r7, sp, #0
 180              		.cfi_def_cfa_register 7
 181 0006 F860     		str	r0, [r7, #12]
 182 0008 B960     		str	r1, [r7, #8]
 183 000a 7A60     		str	r2, [r7, #4]
  94:CommonFunctions.c ****     int i = 0; 
 184              		.loc 1 94 0
 185 000c 0023     		movs	r3, #0
 186 000e 7B61     		str	r3, [r7, #20]
  95:CommonFunctions.c ****     while (x) { 
 187              		.loc 1 95 0
 188 0010 16E0     		b	.L8
 189              	.L9:
ARM GAS  C:\Users\User\AppData\Local\Temp\ccqYjFyG.s 			page 6


  96:CommonFunctions.c ****         str[i++] = (x % 10) + '0'; 
 190              		.loc 1 96 0
 191 0012 7B69     		ldr	r3, [r7, #20]
 192 0014 5A1C     		adds	r2, r3, #1
 193 0016 7A61     		str	r2, [r7, #20]
 194 0018 1A00     		movs	r2, r3
 195 001a BB68     		ldr	r3, [r7, #8]
 196 001c 9C18     		adds	r4, r3, r2
 197 001e FB68     		ldr	r3, [r7, #12]
 198 0020 0A21     		movs	r1, #10
 199 0022 1800     		movs	r0, r3
 200 0024 FFF7FEFF 		bl	__aeabi_idivmod
 201 0028 0B00     		movs	r3, r1
 202 002a DBB2     		uxtb	r3, r3
 203 002c 3033     		adds	r3, r3, #48
 204 002e DBB2     		uxtb	r3, r3
 205 0030 2370     		strb	r3, [r4]
  97:CommonFunctions.c ****         x = x / 10; 
 206              		.loc 1 97 0
 207 0032 FB68     		ldr	r3, [r7, #12]
 208 0034 0A21     		movs	r1, #10
 209 0036 1800     		movs	r0, r3
 210 0038 FFF7FEFF 		bl	__aeabi_idiv
 211 003c 0300     		movs	r3, r0
 212 003e FB60     		str	r3, [r7, #12]
 213              	.L8:
  95:CommonFunctions.c ****     while (x) { 
 214              		.loc 1 95 0
 215 0040 FB68     		ldr	r3, [r7, #12]
 216 0042 002B     		cmp	r3, #0
 217 0044 E5D1     		bne	.L9
  98:CommonFunctions.c ****     } 
  99:CommonFunctions.c ****   
 100:CommonFunctions.c ****     // If number of digits required is more, then 
 101:CommonFunctions.c ****     // add 0s at the beginning 
 102:CommonFunctions.c ****     while (i < d) 
 218              		.loc 1 102 0
 219 0046 07E0     		b	.L10
 220              	.L11:
 103:CommonFunctions.c ****         str[i++] = '0'; 
 221              		.loc 1 103 0
 222 0048 7B69     		ldr	r3, [r7, #20]
 223 004a 5A1C     		adds	r2, r3, #1
 224 004c 7A61     		str	r2, [r7, #20]
 225 004e 1A00     		movs	r2, r3
 226 0050 BB68     		ldr	r3, [r7, #8]
 227 0052 9B18     		adds	r3, r3, r2
 228 0054 3022     		movs	r2, #48
 229 0056 1A70     		strb	r2, [r3]
 230              	.L10:
 102:CommonFunctions.c ****         str[i++] = '0'; 
 231              		.loc 1 102 0
 232 0058 7A69     		ldr	r2, [r7, #20]
 233 005a 7B68     		ldr	r3, [r7, #4]
 234 005c 9A42     		cmp	r2, r3
 235 005e F3DB     		blt	.L11
 104:CommonFunctions.c ****   
ARM GAS  C:\Users\User\AppData\Local\Temp\ccqYjFyG.s 			page 7


 105:CommonFunctions.c ****     reverse(str, i); 
 236              		.loc 1 105 0
 237 0060 7A69     		ldr	r2, [r7, #20]
 238 0062 BB68     		ldr	r3, [r7, #8]
 239 0064 1100     		movs	r1, r2
 240 0066 1800     		movs	r0, r3
 241 0068 FFF7FEFF 		bl	reverse
 106:CommonFunctions.c ****     str[i] = '\0'; 
 242              		.loc 1 106 0
 243 006c 7B69     		ldr	r3, [r7, #20]
 244 006e BA68     		ldr	r2, [r7, #8]
 245 0070 D318     		adds	r3, r2, r3
 246 0072 0022     		movs	r2, #0
 247 0074 1A70     		strb	r2, [r3]
 107:CommonFunctions.c ****     return i; 
 248              		.loc 1 107 0
 249 0076 7B69     		ldr	r3, [r7, #20]
 108:CommonFunctions.c **** } 
 250              		.loc 1 108 0
 251 0078 1800     		movs	r0, r3
 252 007a BD46     		mov	sp, r7
 253 007c 07B0     		add	sp, sp, #28
 254              		@ sp needed
 255 007e 90BD     		pop	{r4, r7, pc}
 256              		.cfi_endproc
 257              	.LFE38:
 258              		.size	intToStr, .-intToStr
 259              		.global	__aeabi_f2iz
 260              		.global	__aeabi_i2f
 261              		.global	__aeabi_fsub
 262              		.global	__aeabi_fmul
 263              		.section	.text.ftoa,"ax",%progbits
 264              		.align	2
 265              		.global	ftoa
 266              		.code	16
 267              		.thumb_func
 268              		.type	ftoa, %function
 269              	ftoa:
 270              	.LFB39:
 109:CommonFunctions.c ****   
 110:CommonFunctions.c **** // Converts a floating-point/double number to a string. 
 111:CommonFunctions.c **** void ftoa(float n, char* res, int afterpoint) 
 112:CommonFunctions.c **** { 
 271              		.loc 1 112 0
 272              		.cfi_startproc
 273              		@ args = 0, pretend = 0, frame = 32
 274              		@ frame_needed = 1, uses_anonymous_args = 0
 275 0000 80B5     		push	{r7, lr}
 276              		.cfi_def_cfa_offset 8
 277              		.cfi_offset 7, -8
 278              		.cfi_offset 14, -4
 279 0002 88B0     		sub	sp, sp, #32
 280              		.cfi_def_cfa_offset 40
 281 0004 00AF     		add	r7, sp, #0
 282              		.cfi_def_cfa_register 7
 283 0006 F860     		str	r0, [r7, #12]
 284 0008 B960     		str	r1, [r7, #8]
ARM GAS  C:\Users\User\AppData\Local\Temp\ccqYjFyG.s 			page 8


 285 000a 7A60     		str	r2, [r7, #4]
 113:CommonFunctions.c ****     // Extract integer part 
 114:CommonFunctions.c ****     int ipart = (int)n; 
 286              		.loc 1 114 0
 287 000c F868     		ldr	r0, [r7, #12]
 288 000e FFF7FEFF 		bl	__aeabi_f2iz
 289 0012 0300     		movs	r3, r0
 290 0014 FB61     		str	r3, [r7, #28]
 115:CommonFunctions.c ****   
 116:CommonFunctions.c ****     // Extract floating part 
 117:CommonFunctions.c ****     float fpart = n - (float)ipart; 
 291              		.loc 1 117 0
 292 0016 F869     		ldr	r0, [r7, #28]
 293 0018 FFF7FEFF 		bl	__aeabi_i2f
 294 001c 031C     		adds	r3, r0, #0
 295 001e 191C     		adds	r1, r3, #0
 296 0020 F868     		ldr	r0, [r7, #12]
 297 0022 FFF7FEFF 		bl	__aeabi_fsub
 298 0026 031C     		adds	r3, r0, #0
 299 0028 BB61     		str	r3, [r7, #24]
 118:CommonFunctions.c ****   
 119:CommonFunctions.c ****     // convert integer part to string 
 120:CommonFunctions.c ****     int i = intToStr(ipart, res, 0); 
 300              		.loc 1 120 0
 301 002a B968     		ldr	r1, [r7, #8]
 302 002c FB69     		ldr	r3, [r7, #28]
 303 002e 0022     		movs	r2, #0
 304 0030 1800     		movs	r0, r3
 305 0032 FFF7FEFF 		bl	intToStr
 306 0036 0300     		movs	r3, r0
 307 0038 7B61     		str	r3, [r7, #20]
 121:CommonFunctions.c ****   
 122:CommonFunctions.c ****     // check for display option after point 
 123:CommonFunctions.c ****     if (afterpoint != 0) { 
 308              		.loc 1 123 0
 309 003a 7B68     		ldr	r3, [r7, #4]
 310 003c 002B     		cmp	r3, #0
 311 003e 15D0     		beq	.L15
 124:CommonFunctions.c ****         res[i] = '.'; // add dot 
 312              		.loc 1 124 0
 313 0040 7B69     		ldr	r3, [r7, #20]
 314 0042 BA68     		ldr	r2, [r7, #8]
 315 0044 D318     		adds	r3, r2, r3
 316 0046 2E22     		movs	r2, #46
 317 0048 1A70     		strb	r2, [r3]
 125:CommonFunctions.c ****   
 126:CommonFunctions.c ****         // Get the value of fraction part upto given no. 
 127:CommonFunctions.c ****         // of points after dot. The third parameter  
 128:CommonFunctions.c ****         // is needed to handle cases like 233.007 
 129:CommonFunctions.c ****         fpart = fpart * 100; 
 318              		.loc 1 129 0
 319 004a 0A49     		ldr	r1, .L16
 320 004c B869     		ldr	r0, [r7, #24]
 321 004e FFF7FEFF 		bl	__aeabi_fmul
 322 0052 031C     		adds	r3, r0, #0
 323 0054 BB61     		str	r3, [r7, #24]
 130:CommonFunctions.c ****   
ARM GAS  C:\Users\User\AppData\Local\Temp\ccqYjFyG.s 			page 9


 131:CommonFunctions.c ****         intToStr((int)fpart, res + i + 1, afterpoint); 
 324              		.loc 1 131 0
 325 0056 B869     		ldr	r0, [r7, #24]
 326 0058 FFF7FEFF 		bl	__aeabi_f2iz
 327 005c 7B69     		ldr	r3, [r7, #20]
 328 005e 0133     		adds	r3, r3, #1
 329 0060 BA68     		ldr	r2, [r7, #8]
 330 0062 D318     		adds	r3, r2, r3
 331 0064 7A68     		ldr	r2, [r7, #4]
 332 0066 1900     		movs	r1, r3
 333 0068 FFF7FEFF 		bl	intToStr
 334              	.L15:
 132:CommonFunctions.c ****     }
 133:CommonFunctions.c **** }
 335              		.loc 1 133 0
 336 006c C046     		nop
 337 006e BD46     		mov	sp, r7
 338 0070 08B0     		add	sp, sp, #32
 339              		@ sp needed
 340 0072 80BD     		pop	{r7, pc}
 341              	.L17:
 342              		.align	2
 343              	.L16:
 344 0074 0000C842 		.word	1120403456
 345              		.cfi_endproc
 346              	.LFE39:
 347              		.size	ftoa, .-ftoa
 348              		.text
 349              	.Letext0:
 350              		.file 2 "Generated_Source\\PSoC4/cytypes.h"
 351              		.file 3 "Generated_Source\\PSoC4/OneWire.h"
 352              		.file 4 "Generated_Source\\PSoC4/BLE_Stack.h"
 353              		.file 5 "Generated_Source\\PSoC4/BLE_hts.h"
 354              		.file 6 "Generated_Source\\PSoC4/BLE_eventHandler.h"
 355              		.file 7 "Temperature.h"
 356              		.section	.debug_info,"",%progbits
 357              	.Ldebug_info0:
 358 0000 6B040000 		.4byte	0x46b
 359 0004 0400     		.2byte	0x4
 360 0006 00000000 		.4byte	.Ldebug_abbrev0
 361 000a 04       		.byte	0x4
 362 000b 01       		.uleb128 0x1
 363 000c B1050000 		.4byte	.LASF113
 364 0010 0C       		.byte	0xc
 365 0011 2F070000 		.4byte	.LASF114
 366 0015 70080000 		.4byte	.LASF115
 367 0019 00000000 		.4byte	.Ldebug_ranges0+0
 368 001d 00000000 		.4byte	0
 369 0021 00000000 		.4byte	.Ldebug_line0
 370 0025 02       		.uleb128 0x2
 371 0026 01       		.byte	0x1
 372 0027 06       		.byte	0x6
 373 0028 19020000 		.4byte	.LASF0
 374 002c 02       		.uleb128 0x2
 375 002d 01       		.byte	0x1
 376 002e 08       		.byte	0x8
 377 002f A4080000 		.4byte	.LASF1
ARM GAS  C:\Users\User\AppData\Local\Temp\ccqYjFyG.s 			page 10


 378 0033 02       		.uleb128 0x2
 379 0034 02       		.byte	0x2
 380 0035 05       		.byte	0x5
 381 0036 E7080000 		.4byte	.LASF2
 382 003a 02       		.uleb128 0x2
 383 003b 02       		.byte	0x2
 384 003c 07       		.byte	0x7
 385 003d AC040000 		.4byte	.LASF3
 386 0041 02       		.uleb128 0x2
 387 0042 04       		.byte	0x4
 388 0043 05       		.byte	0x5
 389 0044 1E010000 		.4byte	.LASF4
 390 0048 02       		.uleb128 0x2
 391 0049 04       		.byte	0x4
 392 004a 07       		.byte	0x7
 393 004b E8030000 		.4byte	.LASF5
 394 004f 02       		.uleb128 0x2
 395 0050 08       		.byte	0x8
 396 0051 05       		.byte	0x5
 397 0052 0B020000 		.4byte	.LASF6
 398 0056 02       		.uleb128 0x2
 399 0057 08       		.byte	0x8
 400 0058 07       		.byte	0x7
 401 0059 32010000 		.4byte	.LASF7
 402 005d 03       		.uleb128 0x3
 403 005e 04       		.byte	0x4
 404 005f 05       		.byte	0x5
 405 0060 696E7400 		.ascii	"int\000"
 406 0064 02       		.uleb128 0x2
 407 0065 04       		.byte	0x4
 408 0066 07       		.byte	0x7
 409 0067 BC030000 		.4byte	.LASF8
 410 006b 04       		.uleb128 0x4
 411 006c E1020000 		.4byte	.LASF9
 412 0070 02       		.byte	0x2
 413 0071 E601     		.2byte	0x1e6
 414 0073 2C000000 		.4byte	0x2c
 415 0077 04       		.uleb128 0x4
 416 0078 49000000 		.4byte	.LASF10
 417 007c 02       		.byte	0x2
 418 007d E701     		.2byte	0x1e7
 419 007f 3A000000 		.4byte	0x3a
 420 0083 02       		.uleb128 0x2
 421 0084 04       		.byte	0x4
 422 0085 04       		.byte	0x4
 423 0086 5A080000 		.4byte	.LASF11
 424 008a 02       		.uleb128 0x2
 425 008b 08       		.byte	0x8
 426 008c 04       		.byte	0x4
 427 008d 06030000 		.4byte	.LASF12
 428 0091 02       		.uleb128 0x2
 429 0092 01       		.byte	0x1
 430 0093 08       		.byte	0x8
 431 0094 CE090000 		.4byte	.LASF13
 432 0098 05       		.uleb128 0x5
 433 0099 6B000000 		.4byte	0x6b
 434 009d 06       		.uleb128 0x6
ARM GAS  C:\Users\User\AppData\Local\Temp\ccqYjFyG.s 			page 11


 435 009e 9C0B0000 		.4byte	.LASF116
 436 00a2 04       		.byte	0x4
 437 00a3 03       		.byte	0x3
 438 00a4 30       		.byte	0x30
 439 00a5 C2000000 		.4byte	0xc2
 440 00a9 07       		.uleb128 0x7
 441 00aa F80A0000 		.4byte	.LASF14
 442 00ae 03       		.byte	0x3
 443 00af 31       		.byte	0x31
 444 00b0 77000000 		.4byte	0x77
 445 00b4 00       		.byte	0
 446 00b5 07       		.uleb128 0x7
 447 00b6 68080000 		.4byte	.LASF15
 448 00ba 03       		.byte	0x3
 449 00bb 32       		.byte	0x32
 450 00bc 6B000000 		.4byte	0x6b
 451 00c0 02       		.byte	0x2
 452 00c1 00       		.byte	0
 453 00c2 02       		.uleb128 0x2
 454 00c3 08       		.byte	0x8
 455 00c4 04       		.byte	0x4
 456 00c5 C2090000 		.4byte	.LASF16
 457 00c9 02       		.uleb128 0x2
 458 00ca 04       		.byte	0x4
 459 00cb 07       		.byte	0x7
 460 00cc 26070000 		.4byte	.LASF17
 461 00d0 08       		.uleb128 0x8
 462 00d1 04       		.byte	0x4
 463 00d2 91000000 		.4byte	0x91
 464 00d6 09       		.uleb128 0x9
 465 00d7 01       		.byte	0x1
 466 00d8 2C000000 		.4byte	0x2c
 467 00dc 04       		.byte	0x4
 468 00dd 3501     		.2byte	0x135
 469 00df 94020000 		.4byte	0x294
 470 00e3 0A       		.uleb128 0xa
 471 00e4 BF040000 		.4byte	.LASF18
 472 00e8 00       		.byte	0
 473 00e9 0A       		.uleb128 0xa
 474 00ea 25020000 		.4byte	.LASF19
 475 00ee 01       		.byte	0x1
 476 00ef 0A       		.uleb128 0xa
 477 00f0 0C010000 		.4byte	.LASF20
 478 00f4 02       		.byte	0x2
 479 00f5 0A       		.uleb128 0xa
 480 00f6 C10A0000 		.4byte	.LASF21
 481 00fa 03       		.byte	0x3
 482 00fb 0A       		.uleb128 0xa
 483 00fc 49010000 		.4byte	.LASF22
 484 0100 04       		.byte	0x4
 485 0101 0A       		.uleb128 0xa
 486 0102 2D000000 		.4byte	.LASF23
 487 0106 05       		.byte	0x5
 488 0107 0A       		.uleb128 0xa
 489 0108 F4040000 		.4byte	.LASF24
 490 010c 06       		.byte	0x6
 491 010d 0A       		.uleb128 0xa
ARM GAS  C:\Users\User\AppData\Local\Temp\ccqYjFyG.s 			page 12


 492 010e 8E060000 		.4byte	.LASF25
 493 0112 20       		.byte	0x20
 494 0113 0A       		.uleb128 0xa
 495 0114 6B020000 		.4byte	.LASF26
 496 0118 21       		.byte	0x21
 497 0119 0A       		.uleb128 0xa
 498 011a 2C050000 		.4byte	.LASF27
 499 011e 22       		.byte	0x22
 500 011f 0A       		.uleb128 0xa
 501 0120 9B0A0000 		.4byte	.LASF28
 502 0124 23       		.byte	0x23
 503 0125 0A       		.uleb128 0xa
 504 0126 C5070000 		.4byte	.LASF29
 505 012a 24       		.byte	0x24
 506 012b 0A       		.uleb128 0xa
 507 012c 41070000 		.4byte	.LASF30
 508 0130 25       		.byte	0x25
 509 0131 0A       		.uleb128 0xa
 510 0132 B9020000 		.4byte	.LASF31
 511 0136 26       		.byte	0x26
 512 0137 0A       		.uleb128 0xa
 513 0138 50050000 		.4byte	.LASF32
 514 013c 27       		.byte	0x27
 515 013d 0A       		.uleb128 0xa
 516 013e F2090000 		.4byte	.LASF33
 517 0142 28       		.byte	0x28
 518 0143 0A       		.uleb128 0xa
 519 0144 A2010000 		.4byte	.LASF34
 520 0148 29       		.byte	0x29
 521 0149 0A       		.uleb128 0xa
 522 014a 66000000 		.4byte	.LASF35
 523 014e 2A       		.byte	0x2a
 524 014f 0A       		.uleb128 0xa
 525 0150 4C020000 		.4byte	.LASF36
 526 0154 2B       		.byte	0x2b
 527 0155 0A       		.uleb128 0xa
 528 0156 310B0000 		.4byte	.LASF37
 529 015a 2C       		.byte	0x2c
 530 015b 0A       		.uleb128 0xa
 531 015c BF010000 		.4byte	.LASF38
 532 0160 2D       		.byte	0x2d
 533 0161 0A       		.uleb128 0xa
 534 0162 B2080000 		.4byte	.LASF39
 535 0166 2E       		.byte	0x2e
 536 0167 0A       		.uleb128 0xa
 537 0168 B0000000 		.4byte	.LASF40
 538 016c 2F       		.byte	0x2f
 539 016d 0A       		.uleb128 0xa
 540 016e A4070000 		.4byte	.LASF41
 541 0172 30       		.byte	0x30
 542 0173 0A       		.uleb128 0xa
 543 0174 AC0B0000 		.4byte	.LASF42
 544 0178 31       		.byte	0x31
 545 0179 0A       		.uleb128 0xa
 546 017a 83070000 		.4byte	.LASF43
 547 017e 32       		.byte	0x32
 548 017f 0A       		.uleb128 0xa
ARM GAS  C:\Users\User\AppData\Local\Temp\ccqYjFyG.s 			page 13


 549 0180 72090000 		.4byte	.LASF44
 550 0184 33       		.byte	0x33
 551 0185 0A       		.uleb128 0xa
 552 0186 FA030000 		.4byte	.LASF45
 553 018a 34       		.byte	0x34
 554 018b 0A       		.uleb128 0xa
 555 018c 61030000 		.4byte	.LASF46
 556 0190 35       		.byte	0x35
 557 0191 0A       		.uleb128 0xa
 558 0192 90050000 		.4byte	.LASF47
 559 0196 36       		.byte	0x36
 560 0197 0A       		.uleb128 0xa
 561 0198 B2060000 		.4byte	.LASF48
 562 019c 37       		.byte	0x37
 563 019d 0A       		.uleb128 0xa
 564 019e 58090000 		.4byte	.LASF49
 565 01a2 40       		.byte	0x40
 566 01a3 0A       		.uleb128 0xa
 567 01a4 57060000 		.4byte	.LASF50
 568 01a8 41       		.byte	0x41
 569 01a9 0A       		.uleb128 0xa
 570 01aa D00B0000 		.4byte	.LASF51
 571 01ae 42       		.byte	0x42
 572 01af 0A       		.uleb128 0xa
 573 01b0 DA0A0000 		.4byte	.LASF52
 574 01b4 43       		.byte	0x43
 575 01b5 0A       		.uleb128 0xa
 576 01b6 2C040000 		.4byte	.LASF53
 577 01ba 44       		.byte	0x44
 578 01bb 0A       		.uleb128 0xa
 579 01bc 33080000 		.4byte	.LASF54
 580 01c0 45       		.byte	0x45
 581 01c1 0A       		.uleb128 0xa
 582 01c2 05070000 		.4byte	.LASF55
 583 01c6 46       		.byte	0x46
 584 01c7 0A       		.uleb128 0xa
 585 01c8 D6040000 		.4byte	.LASF56
 586 01cc 47       		.byte	0x47
 587 01cd 0A       		.uleb128 0xa
 588 01ce 0A0B0000 		.4byte	.LASF57
 589 01d2 48       		.byte	0x48
 590 01d3 0A       		.uleb128 0xa
 591 01d4 82020000 		.4byte	.LASF58
 592 01d8 49       		.byte	0x49
 593 01d9 0A       		.uleb128 0xa
 594 01da 00000000 		.4byte	.LASF59
 595 01de 4A       		.byte	0x4a
 596 01df 0A       		.uleb128 0xa
 597 01e0 D3090000 		.4byte	.LASF60
 598 01e4 4B       		.byte	0x4b
 599 01e5 0A       		.uleb128 0xa
 600 01e6 12040000 		.4byte	.LASF61
 601 01ea 4C       		.byte	0x4c
 602 01eb 0A       		.uleb128 0xa
 603 01ec 69070000 		.4byte	.LASF62
 604 01f0 4D       		.byte	0x4d
 605 01f1 0A       		.uleb128 0xa
ARM GAS  C:\Users\User\AppData\Local\Temp\ccqYjFyG.s 			page 14


 606 01f2 9B020000 		.4byte	.LASF63
 607 01f6 4E       		.byte	0x4e
 608 01f7 0A       		.uleb128 0xa
 609 01f8 18090000 		.4byte	.LASF64
 610 01fc 4F       		.byte	0x4f
 611 01fd 0A       		.uleb128 0xa
 612 01fe D9000000 		.4byte	.LASF65
 613 0202 50       		.byte	0x50
 614 0203 0A       		.uleb128 0xa
 615 0204 E7020000 		.4byte	.LASF66
 616 0208 51       		.byte	0x51
 617 0209 0A       		.uleb128 0xa
 618 020a E1070000 		.4byte	.LASF67
 619 020e 52       		.byte	0x52
 620 020f 0A       		.uleb128 0xa
 621 0210 6F050000 		.4byte	.LASF68
 622 0214 53       		.byte	0x53
 623 0215 0A       		.uleb128 0xa
 624 0216 37090000 		.4byte	.LASF69
 625 021a 54       		.byte	0x54
 626 021b 0A       		.uleb128 0xa
 627 021c 4A040000 		.4byte	.LASF70
 628 0220 55       		.byte	0x55
 629 0221 0A       		.uleb128 0xa
 630 0222 9A030000 		.4byte	.LASF71
 631 0226 56       		.byte	0x56
 632 0227 0A       		.uleb128 0xa
 633 0228 240A0000 		.4byte	.LASF72
 634 022c 57       		.byte	0x57
 635 022d 0A       		.uleb128 0xa
 636 022e 89040000 		.4byte	.LASF73
 637 0232 58       		.byte	0x58
 638 0233 0A       		.uleb128 0xa
 639 0234 7C010000 		.4byte	.LASF74
 640 0238 70       		.byte	0x70
 641 0239 0A       		.uleb128 0xa
 642 023a 760B0000 		.4byte	.LASF75
 643 023e 71       		.byte	0x71
 644 023f 0A       		.uleb128 0xa
 645 0240 72060000 		.4byte	.LASF76
 646 0244 72       		.byte	0x72
 647 0245 0A       		.uleb128 0xa
 648 0246 E7060000 		.4byte	.LASF77
 649 024a 73       		.byte	0x73
 650 024b 0A       		.uleb128 0xa
 651 024c 15080000 		.4byte	.LASF78
 652 0250 74       		.byte	0x74
 653 0251 0A       		.uleb128 0xa
 654 0252 550B0000 		.4byte	.LASF79
 655 0256 75       		.byte	0x75
 656 0257 0A       		.uleb128 0xa
 657 0258 8F000000 		.4byte	.LASF80
 658 025c 76       		.byte	0x76
 659 025d 0A       		.uleb128 0xa
 660 025e 0D050000 		.4byte	.LASF81
 661 0262 77       		.byte	0x77
 662 0263 0A       		.uleb128 0xa
ARM GAS  C:\Users\User\AppData\Local\Temp\ccqYjFyG.s 			page 15


 663 0264 4D0A0000 		.4byte	.LASF82
 664 0268 78       		.byte	0x78
 665 0269 0A       		.uleb128 0xa
 666 026a E8010000 		.4byte	.LASF83
 667 026e 79       		.byte	0x79
 668 026f 0A       		.uleb128 0xa
 669 0270 3D030000 		.4byte	.LASF84
 670 0274 7A       		.byte	0x7a
 671 0275 0A       		.uleb128 0xa
 672 0276 5E010000 		.4byte	.LASF85
 673 027a FA       		.byte	0xfa
 674 027b 0A       		.uleb128 0xa
 675 027c C9030000 		.4byte	.LASF86
 676 0280 FB       		.byte	0xfb
 677 0281 0A       		.uleb128 0xa
 678 0282 06090000 		.4byte	.LASF87
 679 0286 FC       		.byte	0xfc
 680 0287 0A       		.uleb128 0xa
 681 0288 3F060000 		.4byte	.LASF88
 682 028c FD       		.byte	0xfd
 683 028d 0A       		.uleb128 0xa
 684 028e 24030000 		.4byte	.LASF89
 685 0292 FF       		.byte	0xff
 686 0293 00       		.byte	0
 687 0294 0B       		.uleb128 0xb
 688 0295 01       		.byte	0x1
 689 0296 2C000000 		.4byte	0x2c
 690 029a 05       		.byte	0x5
 691 029b 21       		.byte	0x21
 692 029c BF020000 		.4byte	0x2bf
 693 02a0 0A       		.uleb128 0xa
 694 02a1 83030000 		.4byte	.LASF90
 695 02a5 00       		.byte	0
 696 02a6 0A       		.uleb128 0xa
 697 02a7 38020000 		.4byte	.LASF91
 698 02ab 01       		.byte	0x1
 699 02ac 0A       		.uleb128 0xa
 700 02ad 50000000 		.4byte	.LASF92
 701 02b1 02       		.byte	0x2
 702 02b2 0A       		.uleb128 0xa
 703 02b3 6E040000 		.4byte	.LASF93
 704 02b7 03       		.byte	0x3
 705 02b8 0A       		.uleb128 0xa
 706 02b9 F1080000 		.4byte	.LASF94
 707 02bd 04       		.byte	0x4
 708 02be 00       		.byte	0
 709 02bf 0B       		.uleb128 0xb
 710 02c0 01       		.byte	0x1
 711 02c1 2C000000 		.4byte	0x2c
 712 02c5 05       		.byte	0x5
 713 02c6 2C       		.byte	0x2c
 714 02c7 DE020000 		.4byte	0x2de
 715 02cb 0A       		.uleb128 0xa
 716 02cc 1E000000 		.4byte	.LASF95
 717 02d0 00       		.byte	0
 718 02d1 0A       		.uleb128 0xa
 719 02d2 5B070000 		.4byte	.LASF96
ARM GAS  C:\Users\User\AppData\Local\Temp\ccqYjFyG.s 			page 16


 720 02d6 01       		.byte	0x1
 721 02d7 0A       		.uleb128 0xa
 722 02d8 7F0A0000 		.4byte	.LASF97
 723 02dc 02       		.byte	0x2
 724 02dd 00       		.byte	0
 725 02de 09       		.uleb128 0x9
 726 02df 01       		.byte	0x1
 727 02e0 2C000000 		.4byte	0x2c
 728 02e4 06       		.byte	0x6
 729 02e5 EB08     		.2byte	0x8eb
 730 02e7 10030000 		.4byte	0x310
 731 02eb 0A       		.uleb128 0xa
 732 02ec AA090000 		.4byte	.LASF98
 733 02f0 00       		.byte	0
 734 02f1 0A       		.uleb128 0xa
 735 02f2 140A0000 		.4byte	.LASF99
 736 02f6 01       		.byte	0x1
 737 02f7 0A       		.uleb128 0xa
 738 02f8 02080000 		.4byte	.LASF100
 739 02fc 02       		.byte	0x2
 740 02fd 0A       		.uleb128 0xa
 741 02fe 0D030000 		.4byte	.LASF101
 742 0302 02       		.byte	0x2
 743 0303 0A       		.uleb128 0xa
 744 0304 F8000000 		.4byte	.LASF102
 745 0308 03       		.byte	0x3
 746 0309 0A       		.uleb128 0xa
 747 030a 99090000 		.4byte	.LASF103
 748 030e 04       		.byte	0x4
 749 030f 00       		.byte	0
 750 0310 0C       		.uleb128 0xc
 751 0311 D6080000 		.4byte	.LASF117
 752 0315 01       		.byte	0x1
 753 0316 22       		.byte	0x22
 754 0317 00000000 		.4byte	.LFB36
 755 031b 38000000 		.4byte	.LFE36-.LFB36
 756 031f 01       		.uleb128 0x1
 757 0320 9C       		.byte	0x9c
 758 0321 0D       		.uleb128 0xd
 759 0322 60080000 		.4byte	.LASF105
 760 0326 01       		.byte	0x1
 761 0327 4C       		.byte	0x4c
 762 0328 00000000 		.4byte	.LFB37
 763 032c 58000000 		.4byte	.LFE37-.LFB37
 764 0330 01       		.uleb128 0x1
 765 0331 9C       		.byte	0x9c
 766 0332 79030000 		.4byte	0x379
 767 0336 0E       		.uleb128 0xe
 768 0337 73747200 		.ascii	"str\000"
 769 033b 01       		.byte	0x1
 770 033c 4C       		.byte	0x4c
 771 033d D0000000 		.4byte	0xd0
 772 0341 02       		.uleb128 0x2
 773 0342 91       		.byte	0x91
 774 0343 64       		.sleb128 -28
 775 0344 0E       		.uleb128 0xe
 776 0345 6C656E00 		.ascii	"len\000"
ARM GAS  C:\Users\User\AppData\Local\Temp\ccqYjFyG.s 			page 17


 777 0349 01       		.byte	0x1
 778 034a 4C       		.byte	0x4c
 779 034b 5D000000 		.4byte	0x5d
 780 034f 02       		.uleb128 0x2
 781 0350 91       		.byte	0x91
 782 0351 60       		.sleb128 -32
 783 0352 0F       		.uleb128 0xf
 784 0353 6900     		.ascii	"i\000"
 785 0355 01       		.byte	0x1
 786 0356 4E       		.byte	0x4e
 787 0357 5D000000 		.4byte	0x5d
 788 035b 02       		.uleb128 0x2
 789 035c 91       		.byte	0x91
 790 035d 74       		.sleb128 -12
 791 035e 0F       		.uleb128 0xf
 792 035f 6A00     		.ascii	"j\000"
 793 0361 01       		.byte	0x1
 794 0362 4E       		.byte	0x4e
 795 0363 5D000000 		.4byte	0x5d
 796 0367 02       		.uleb128 0x2
 797 0368 91       		.byte	0x91
 798 0369 70       		.sleb128 -16
 799 036a 10       		.uleb128 0x10
 800 036b 7E030000 		.4byte	.LASF104
 801 036f 01       		.byte	0x1
 802 0370 4E       		.byte	0x4e
 803 0371 5D000000 		.4byte	0x5d
 804 0375 02       		.uleb128 0x2
 805 0376 91       		.byte	0x91
 806 0377 6C       		.sleb128 -20
 807 0378 00       		.byte	0
 808 0379 11       		.uleb128 0x11
 809 037a B9090000 		.4byte	.LASF118
 810 037e 01       		.byte	0x1
 811 037f 5C       		.byte	0x5c
 812 0380 5D000000 		.4byte	0x5d
 813 0384 00000000 		.4byte	.LFB38
 814 0388 80000000 		.4byte	.LFE38-.LFB38
 815 038c 01       		.uleb128 0x1
 816 038d 9C       		.byte	0x9c
 817 038e C5030000 		.4byte	0x3c5
 818 0392 0E       		.uleb128 0xe
 819 0393 7800     		.ascii	"x\000"
 820 0395 01       		.byte	0x1
 821 0396 5C       		.byte	0x5c
 822 0397 5D000000 		.4byte	0x5d
 823 039b 02       		.uleb128 0x2
 824 039c 91       		.byte	0x91
 825 039d 64       		.sleb128 -28
 826 039e 0E       		.uleb128 0xe
 827 039f 73747200 		.ascii	"str\000"
 828 03a3 01       		.byte	0x1
 829 03a4 5C       		.byte	0x5c
 830 03a5 D0000000 		.4byte	0xd0
 831 03a9 02       		.uleb128 0x2
 832 03aa 91       		.byte	0x91
 833 03ab 60       		.sleb128 -32
ARM GAS  C:\Users\User\AppData\Local\Temp\ccqYjFyG.s 			page 18


 834 03ac 0E       		.uleb128 0xe
 835 03ad 6400     		.ascii	"d\000"
 836 03af 01       		.byte	0x1
 837 03b0 5C       		.byte	0x5c
 838 03b1 5D000000 		.4byte	0x5d
 839 03b5 02       		.uleb128 0x2
 840 03b6 91       		.byte	0x91
 841 03b7 5C       		.sleb128 -36
 842 03b8 0F       		.uleb128 0xf
 843 03b9 6900     		.ascii	"i\000"
 844 03bb 01       		.byte	0x1
 845 03bc 5E       		.byte	0x5e
 846 03bd 5D000000 		.4byte	0x5d
 847 03c1 02       		.uleb128 0x2
 848 03c2 91       		.byte	0x91
 849 03c3 6C       		.sleb128 -20
 850 03c4 00       		.byte	0
 851 03c5 12       		.uleb128 0x12
 852 03c6 07010000 		.4byte	.LASF106
 853 03ca 01       		.byte	0x1
 854 03cb 6F       		.byte	0x6f
 855 03cc 00000000 		.4byte	.LFB39
 856 03d0 78000000 		.4byte	.LFE39-.LFB39
 857 03d4 01       		.uleb128 0x1
 858 03d5 9C       		.byte	0x9c
 859 03d6 2B040000 		.4byte	0x42b
 860 03da 0E       		.uleb128 0xe
 861 03db 6E00     		.ascii	"n\000"
 862 03dd 01       		.byte	0x1
 863 03de 6F       		.byte	0x6f
 864 03df 83000000 		.4byte	0x83
 865 03e3 02       		.uleb128 0x2
 866 03e4 91       		.byte	0x91
 867 03e5 64       		.sleb128 -28
 868 03e6 0E       		.uleb128 0xe
 869 03e7 72657300 		.ascii	"res\000"
 870 03eb 01       		.byte	0x1
 871 03ec 6F       		.byte	0x6f
 872 03ed D0000000 		.4byte	0xd0
 873 03f1 02       		.uleb128 0x2
 874 03f2 91       		.byte	0x91
 875 03f3 60       		.sleb128 -32
 876 03f4 13       		.uleb128 0x13
 877 03f5 32030000 		.4byte	.LASF107
 878 03f9 01       		.byte	0x1
 879 03fa 6F       		.byte	0x6f
 880 03fb 5D000000 		.4byte	0x5d
 881 03ff 02       		.uleb128 0x2
 882 0400 91       		.byte	0x91
 883 0401 5C       		.sleb128 -36
 884 0402 10       		.uleb128 0x10
 885 0403 950A0000 		.4byte	.LASF108
 886 0407 01       		.byte	0x1
 887 0408 72       		.byte	0x72
 888 0409 5D000000 		.4byte	0x5d
 889 040d 02       		.uleb128 0x2
 890 040e 91       		.byte	0x91
ARM GAS  C:\Users\User\AppData\Local\Temp\ccqYjFyG.s 			page 19


 891 040f 74       		.sleb128 -12
 892 0410 10       		.uleb128 0x10
 893 0411 040B0000 		.4byte	.LASF109
 894 0415 01       		.byte	0x1
 895 0416 75       		.byte	0x75
 896 0417 83000000 		.4byte	0x83
 897 041b 02       		.uleb128 0x2
 898 041c 91       		.byte	0x91
 899 041d 70       		.sleb128 -16
 900 041e 0F       		.uleb128 0xf
 901 041f 6900     		.ascii	"i\000"
 902 0421 01       		.byte	0x1
 903 0422 78       		.byte	0x78
 904 0423 5D000000 		.4byte	0x5d
 905 0427 02       		.uleb128 0x2
 906 0428 91       		.byte	0x91
 907 0429 6C       		.sleb128 -20
 908 042a 00       		.byte	0
 909 042b 10       		.uleb128 0x10
 910 042c 27010000 		.4byte	.LASF110
 911 0430 07       		.byte	0x7
 912 0431 14       		.byte	0x14
 913 0432 98000000 		.4byte	0x98
 914 0436 05       		.uleb128 0x5
 915 0437 03       		.byte	0x3
 916 0438 00000000 		.4byte	flag_Timer
 917 043c 14       		.uleb128 0x14
 918 043d 9D000000 		.4byte	0x9d
 919 0441 4C040000 		.4byte	0x44c
 920 0445 15       		.uleb128 0x15
 921 0446 C9000000 		.4byte	0xc9
 922 044a 07       		.byte	0x7
 923 044b 00       		.byte	0
 924 044c 16       		.uleb128 0x16
 925 044d 700A0000 		.4byte	.LASF111
 926 0451 03       		.byte	0x3
 927 0452 34       		.byte	0x34
 928 0453 3C040000 		.4byte	0x43c
 929 0457 05       		.uleb128 0x5
 930 0458 03       		.byte	0x3
 931 0459 00000000 		.4byte	OneWire_Sensor
 932 045d 16       		.uleb128 0x16
 933 045e EE0B0000 		.4byte	.LASF112
 934 0462 03       		.byte	0x3
 935 0463 39       		.byte	0x39
 936 0464 98000000 		.4byte	0x98
 937 0468 05       		.uleb128 0x5
 938 0469 03       		.byte	0x3
 939 046a 00000000 		.4byte	OneWire_DataReady
 940 046e 00       		.byte	0
 941              		.section	.debug_abbrev,"",%progbits
 942              	.Ldebug_abbrev0:
 943 0000 01       		.uleb128 0x1
 944 0001 11       		.uleb128 0x11
 945 0002 01       		.byte	0x1
 946 0003 25       		.uleb128 0x25
 947 0004 0E       		.uleb128 0xe
ARM GAS  C:\Users\User\AppData\Local\Temp\ccqYjFyG.s 			page 20


 948 0005 13       		.uleb128 0x13
 949 0006 0B       		.uleb128 0xb
 950 0007 03       		.uleb128 0x3
 951 0008 0E       		.uleb128 0xe
 952 0009 1B       		.uleb128 0x1b
 953 000a 0E       		.uleb128 0xe
 954 000b 55       		.uleb128 0x55
 955 000c 17       		.uleb128 0x17
 956 000d 11       		.uleb128 0x11
 957 000e 01       		.uleb128 0x1
 958 000f 10       		.uleb128 0x10
 959 0010 17       		.uleb128 0x17
 960 0011 00       		.byte	0
 961 0012 00       		.byte	0
 962 0013 02       		.uleb128 0x2
 963 0014 24       		.uleb128 0x24
 964 0015 00       		.byte	0
 965 0016 0B       		.uleb128 0xb
 966 0017 0B       		.uleb128 0xb
 967 0018 3E       		.uleb128 0x3e
 968 0019 0B       		.uleb128 0xb
 969 001a 03       		.uleb128 0x3
 970 001b 0E       		.uleb128 0xe
 971 001c 00       		.byte	0
 972 001d 00       		.byte	0
 973 001e 03       		.uleb128 0x3
 974 001f 24       		.uleb128 0x24
 975 0020 00       		.byte	0
 976 0021 0B       		.uleb128 0xb
 977 0022 0B       		.uleb128 0xb
 978 0023 3E       		.uleb128 0x3e
 979 0024 0B       		.uleb128 0xb
 980 0025 03       		.uleb128 0x3
 981 0026 08       		.uleb128 0x8
 982 0027 00       		.byte	0
 983 0028 00       		.byte	0
 984 0029 04       		.uleb128 0x4
 985 002a 16       		.uleb128 0x16
 986 002b 00       		.byte	0
 987 002c 03       		.uleb128 0x3
 988 002d 0E       		.uleb128 0xe
 989 002e 3A       		.uleb128 0x3a
 990 002f 0B       		.uleb128 0xb
 991 0030 3B       		.uleb128 0x3b
 992 0031 05       		.uleb128 0x5
 993 0032 49       		.uleb128 0x49
 994 0033 13       		.uleb128 0x13
 995 0034 00       		.byte	0
 996 0035 00       		.byte	0
 997 0036 05       		.uleb128 0x5
 998 0037 35       		.uleb128 0x35
 999 0038 00       		.byte	0
 1000 0039 49       		.uleb128 0x49
 1001 003a 13       		.uleb128 0x13
 1002 003b 00       		.byte	0
 1003 003c 00       		.byte	0
 1004 003d 06       		.uleb128 0x6
ARM GAS  C:\Users\User\AppData\Local\Temp\ccqYjFyG.s 			page 21


 1005 003e 13       		.uleb128 0x13
 1006 003f 01       		.byte	0x1
 1007 0040 03       		.uleb128 0x3
 1008 0041 0E       		.uleb128 0xe
 1009 0042 0B       		.uleb128 0xb
 1010 0043 0B       		.uleb128 0xb
 1011 0044 3A       		.uleb128 0x3a
 1012 0045 0B       		.uleb128 0xb
 1013 0046 3B       		.uleb128 0x3b
 1014 0047 0B       		.uleb128 0xb
 1015 0048 01       		.uleb128 0x1
 1016 0049 13       		.uleb128 0x13
 1017 004a 00       		.byte	0
 1018 004b 00       		.byte	0
 1019 004c 07       		.uleb128 0x7
 1020 004d 0D       		.uleb128 0xd
 1021 004e 00       		.byte	0
 1022 004f 03       		.uleb128 0x3
 1023 0050 0E       		.uleb128 0xe
 1024 0051 3A       		.uleb128 0x3a
 1025 0052 0B       		.uleb128 0xb
 1026 0053 3B       		.uleb128 0x3b
 1027 0054 0B       		.uleb128 0xb
 1028 0055 49       		.uleb128 0x49
 1029 0056 13       		.uleb128 0x13
 1030 0057 38       		.uleb128 0x38
 1031 0058 0B       		.uleb128 0xb
 1032 0059 00       		.byte	0
 1033 005a 00       		.byte	0
 1034 005b 08       		.uleb128 0x8
 1035 005c 0F       		.uleb128 0xf
 1036 005d 00       		.byte	0
 1037 005e 0B       		.uleb128 0xb
 1038 005f 0B       		.uleb128 0xb
 1039 0060 49       		.uleb128 0x49
 1040 0061 13       		.uleb128 0x13
 1041 0062 00       		.byte	0
 1042 0063 00       		.byte	0
 1043 0064 09       		.uleb128 0x9
 1044 0065 04       		.uleb128 0x4
 1045 0066 01       		.byte	0x1
 1046 0067 0B       		.uleb128 0xb
 1047 0068 0B       		.uleb128 0xb
 1048 0069 49       		.uleb128 0x49
 1049 006a 13       		.uleb128 0x13
 1050 006b 3A       		.uleb128 0x3a
 1051 006c 0B       		.uleb128 0xb
 1052 006d 3B       		.uleb128 0x3b
 1053 006e 05       		.uleb128 0x5
 1054 006f 01       		.uleb128 0x1
 1055 0070 13       		.uleb128 0x13
 1056 0071 00       		.byte	0
 1057 0072 00       		.byte	0
 1058 0073 0A       		.uleb128 0xa
 1059 0074 28       		.uleb128 0x28
 1060 0075 00       		.byte	0
 1061 0076 03       		.uleb128 0x3
ARM GAS  C:\Users\User\AppData\Local\Temp\ccqYjFyG.s 			page 22


 1062 0077 0E       		.uleb128 0xe
 1063 0078 1C       		.uleb128 0x1c
 1064 0079 0B       		.uleb128 0xb
 1065 007a 00       		.byte	0
 1066 007b 00       		.byte	0
 1067 007c 0B       		.uleb128 0xb
 1068 007d 04       		.uleb128 0x4
 1069 007e 01       		.byte	0x1
 1070 007f 0B       		.uleb128 0xb
 1071 0080 0B       		.uleb128 0xb
 1072 0081 49       		.uleb128 0x49
 1073 0082 13       		.uleb128 0x13
 1074 0083 3A       		.uleb128 0x3a
 1075 0084 0B       		.uleb128 0xb
 1076 0085 3B       		.uleb128 0x3b
 1077 0086 0B       		.uleb128 0xb
 1078 0087 01       		.uleb128 0x1
 1079 0088 13       		.uleb128 0x13
 1080 0089 00       		.byte	0
 1081 008a 00       		.byte	0
 1082 008b 0C       		.uleb128 0xc
 1083 008c 2E       		.uleb128 0x2e
 1084 008d 00       		.byte	0
 1085 008e 3F       		.uleb128 0x3f
 1086 008f 19       		.uleb128 0x19
 1087 0090 03       		.uleb128 0x3
 1088 0091 0E       		.uleb128 0xe
 1089 0092 3A       		.uleb128 0x3a
 1090 0093 0B       		.uleb128 0xb
 1091 0094 3B       		.uleb128 0x3b
 1092 0095 0B       		.uleb128 0xb
 1093 0096 27       		.uleb128 0x27
 1094 0097 19       		.uleb128 0x19
 1095 0098 11       		.uleb128 0x11
 1096 0099 01       		.uleb128 0x1
 1097 009a 12       		.uleb128 0x12
 1098 009b 06       		.uleb128 0x6
 1099 009c 40       		.uleb128 0x40
 1100 009d 18       		.uleb128 0x18
 1101 009e 9642     		.uleb128 0x2116
 1102 00a0 19       		.uleb128 0x19
 1103 00a1 00       		.byte	0
 1104 00a2 00       		.byte	0
 1105 00a3 0D       		.uleb128 0xd
 1106 00a4 2E       		.uleb128 0x2e
 1107 00a5 01       		.byte	0x1
 1108 00a6 3F       		.uleb128 0x3f
 1109 00a7 19       		.uleb128 0x19
 1110 00a8 03       		.uleb128 0x3
 1111 00a9 0E       		.uleb128 0xe
 1112 00aa 3A       		.uleb128 0x3a
 1113 00ab 0B       		.uleb128 0xb
 1114 00ac 3B       		.uleb128 0x3b
 1115 00ad 0B       		.uleb128 0xb
 1116 00ae 27       		.uleb128 0x27
 1117 00af 19       		.uleb128 0x19
 1118 00b0 11       		.uleb128 0x11
ARM GAS  C:\Users\User\AppData\Local\Temp\ccqYjFyG.s 			page 23


 1119 00b1 01       		.uleb128 0x1
 1120 00b2 12       		.uleb128 0x12
 1121 00b3 06       		.uleb128 0x6
 1122 00b4 40       		.uleb128 0x40
 1123 00b5 18       		.uleb128 0x18
 1124 00b6 9742     		.uleb128 0x2117
 1125 00b8 19       		.uleb128 0x19
 1126 00b9 01       		.uleb128 0x1
 1127 00ba 13       		.uleb128 0x13
 1128 00bb 00       		.byte	0
 1129 00bc 00       		.byte	0
 1130 00bd 0E       		.uleb128 0xe
 1131 00be 05       		.uleb128 0x5
 1132 00bf 00       		.byte	0
 1133 00c0 03       		.uleb128 0x3
 1134 00c1 08       		.uleb128 0x8
 1135 00c2 3A       		.uleb128 0x3a
 1136 00c3 0B       		.uleb128 0xb
 1137 00c4 3B       		.uleb128 0x3b
 1138 00c5 0B       		.uleb128 0xb
 1139 00c6 49       		.uleb128 0x49
 1140 00c7 13       		.uleb128 0x13
 1141 00c8 02       		.uleb128 0x2
 1142 00c9 18       		.uleb128 0x18
 1143 00ca 00       		.byte	0
 1144 00cb 00       		.byte	0
 1145 00cc 0F       		.uleb128 0xf
 1146 00cd 34       		.uleb128 0x34
 1147 00ce 00       		.byte	0
 1148 00cf 03       		.uleb128 0x3
 1149 00d0 08       		.uleb128 0x8
 1150 00d1 3A       		.uleb128 0x3a
 1151 00d2 0B       		.uleb128 0xb
 1152 00d3 3B       		.uleb128 0x3b
 1153 00d4 0B       		.uleb128 0xb
 1154 00d5 49       		.uleb128 0x49
 1155 00d6 13       		.uleb128 0x13
 1156 00d7 02       		.uleb128 0x2
 1157 00d8 18       		.uleb128 0x18
 1158 00d9 00       		.byte	0
 1159 00da 00       		.byte	0
 1160 00db 10       		.uleb128 0x10
 1161 00dc 34       		.uleb128 0x34
 1162 00dd 00       		.byte	0
 1163 00de 03       		.uleb128 0x3
 1164 00df 0E       		.uleb128 0xe
 1165 00e0 3A       		.uleb128 0x3a
 1166 00e1 0B       		.uleb128 0xb
 1167 00e2 3B       		.uleb128 0x3b
 1168 00e3 0B       		.uleb128 0xb
 1169 00e4 49       		.uleb128 0x49
 1170 00e5 13       		.uleb128 0x13
 1171 00e6 02       		.uleb128 0x2
 1172 00e7 18       		.uleb128 0x18
 1173 00e8 00       		.byte	0
 1174 00e9 00       		.byte	0
 1175 00ea 11       		.uleb128 0x11
ARM GAS  C:\Users\User\AppData\Local\Temp\ccqYjFyG.s 			page 24


 1176 00eb 2E       		.uleb128 0x2e
 1177 00ec 01       		.byte	0x1
 1178 00ed 3F       		.uleb128 0x3f
 1179 00ee 19       		.uleb128 0x19
 1180 00ef 03       		.uleb128 0x3
 1181 00f0 0E       		.uleb128 0xe
 1182 00f1 3A       		.uleb128 0x3a
 1183 00f2 0B       		.uleb128 0xb
 1184 00f3 3B       		.uleb128 0x3b
 1185 00f4 0B       		.uleb128 0xb
 1186 00f5 27       		.uleb128 0x27
 1187 00f6 19       		.uleb128 0x19
 1188 00f7 49       		.uleb128 0x49
 1189 00f8 13       		.uleb128 0x13
 1190 00f9 11       		.uleb128 0x11
 1191 00fa 01       		.uleb128 0x1
 1192 00fb 12       		.uleb128 0x12
 1193 00fc 06       		.uleb128 0x6
 1194 00fd 40       		.uleb128 0x40
 1195 00fe 18       		.uleb128 0x18
 1196 00ff 9642     		.uleb128 0x2116
 1197 0101 19       		.uleb128 0x19
 1198 0102 01       		.uleb128 0x1
 1199 0103 13       		.uleb128 0x13
 1200 0104 00       		.byte	0
 1201 0105 00       		.byte	0
 1202 0106 12       		.uleb128 0x12
 1203 0107 2E       		.uleb128 0x2e
 1204 0108 01       		.byte	0x1
 1205 0109 3F       		.uleb128 0x3f
 1206 010a 19       		.uleb128 0x19
 1207 010b 03       		.uleb128 0x3
 1208 010c 0E       		.uleb128 0xe
 1209 010d 3A       		.uleb128 0x3a
 1210 010e 0B       		.uleb128 0xb
 1211 010f 3B       		.uleb128 0x3b
 1212 0110 0B       		.uleb128 0xb
 1213 0111 27       		.uleb128 0x27
 1214 0112 19       		.uleb128 0x19
 1215 0113 11       		.uleb128 0x11
 1216 0114 01       		.uleb128 0x1
 1217 0115 12       		.uleb128 0x12
 1218 0116 06       		.uleb128 0x6
 1219 0117 40       		.uleb128 0x40
 1220 0118 18       		.uleb128 0x18
 1221 0119 9642     		.uleb128 0x2116
 1222 011b 19       		.uleb128 0x19
 1223 011c 01       		.uleb128 0x1
 1224 011d 13       		.uleb128 0x13
 1225 011e 00       		.byte	0
 1226 011f 00       		.byte	0
 1227 0120 13       		.uleb128 0x13
 1228 0121 05       		.uleb128 0x5
 1229 0122 00       		.byte	0
 1230 0123 03       		.uleb128 0x3
 1231 0124 0E       		.uleb128 0xe
 1232 0125 3A       		.uleb128 0x3a
ARM GAS  C:\Users\User\AppData\Local\Temp\ccqYjFyG.s 			page 25


 1233 0126 0B       		.uleb128 0xb
 1234 0127 3B       		.uleb128 0x3b
 1235 0128 0B       		.uleb128 0xb
 1236 0129 49       		.uleb128 0x49
 1237 012a 13       		.uleb128 0x13
 1238 012b 02       		.uleb128 0x2
 1239 012c 18       		.uleb128 0x18
 1240 012d 00       		.byte	0
 1241 012e 00       		.byte	0
 1242 012f 14       		.uleb128 0x14
 1243 0130 01       		.uleb128 0x1
 1244 0131 01       		.byte	0x1
 1245 0132 49       		.uleb128 0x49
 1246 0133 13       		.uleb128 0x13
 1247 0134 01       		.uleb128 0x1
 1248 0135 13       		.uleb128 0x13
 1249 0136 00       		.byte	0
 1250 0137 00       		.byte	0
 1251 0138 15       		.uleb128 0x15
 1252 0139 21       		.uleb128 0x21
 1253 013a 00       		.byte	0
 1254 013b 49       		.uleb128 0x49
 1255 013c 13       		.uleb128 0x13
 1256 013d 2F       		.uleb128 0x2f
 1257 013e 0B       		.uleb128 0xb
 1258 013f 00       		.byte	0
 1259 0140 00       		.byte	0
 1260 0141 16       		.uleb128 0x16
 1261 0142 34       		.uleb128 0x34
 1262 0143 00       		.byte	0
 1263 0144 03       		.uleb128 0x3
 1264 0145 0E       		.uleb128 0xe
 1265 0146 3A       		.uleb128 0x3a
 1266 0147 0B       		.uleb128 0xb
 1267 0148 3B       		.uleb128 0x3b
 1268 0149 0B       		.uleb128 0xb
 1269 014a 49       		.uleb128 0x49
 1270 014b 13       		.uleb128 0x13
 1271 014c 3F       		.uleb128 0x3f
 1272 014d 19       		.uleb128 0x19
 1273 014e 02       		.uleb128 0x2
 1274 014f 18       		.uleb128 0x18
 1275 0150 00       		.byte	0
 1276 0151 00       		.byte	0
 1277 0152 00       		.byte	0
 1278              		.section	.debug_aranges,"",%progbits
 1279 0000 34000000 		.4byte	0x34
 1280 0004 0200     		.2byte	0x2
 1281 0006 00000000 		.4byte	.Ldebug_info0
 1282 000a 04       		.byte	0x4
 1283 000b 00       		.byte	0
 1284 000c 0000     		.2byte	0
 1285 000e 0000     		.2byte	0
 1286 0010 00000000 		.4byte	.LFB36
 1287 0014 38000000 		.4byte	.LFE36-.LFB36
 1288 0018 00000000 		.4byte	.LFB37
 1289 001c 58000000 		.4byte	.LFE37-.LFB37
ARM GAS  C:\Users\User\AppData\Local\Temp\ccqYjFyG.s 			page 26


 1290 0020 00000000 		.4byte	.LFB38
 1291 0024 80000000 		.4byte	.LFE38-.LFB38
 1292 0028 00000000 		.4byte	.LFB39
 1293 002c 78000000 		.4byte	.LFE39-.LFB39
 1294 0030 00000000 		.4byte	0
 1295 0034 00000000 		.4byte	0
 1296              		.section	.debug_ranges,"",%progbits
 1297              	.Ldebug_ranges0:
 1298 0000 00000000 		.4byte	.LFB36
 1299 0004 38000000 		.4byte	.LFE36
 1300 0008 00000000 		.4byte	.LFB37
 1301 000c 58000000 		.4byte	.LFE37
 1302 0010 00000000 		.4byte	.LFB38
 1303 0014 80000000 		.4byte	.LFE38
 1304 0018 00000000 		.4byte	.LFB39
 1305 001c 78000000 		.4byte	.LFE39
 1306 0020 00000000 		.4byte	0
 1307 0024 00000000 		.4byte	0
 1308              		.section	.debug_line,"",%progbits
 1309              	.Ldebug_line0:
 1310 0000 07010000 		.section	.debug_str,"MS",%progbits,1
 1310      02009C00 
 1310      00000201 
 1310      FB0E0D00 
 1310      01010101 
 1311              	.LASF59:
 1312 0000 4359424C 		.ascii	"CYBLE_EVT_GATTC_READ_BLOB_RSP\000"
 1312      455F4556 
 1312      545F4741 
 1312      5454435F 
 1312      52454144 
 1313              	.LASF95:
 1314 001e 4359424C 		.ascii	"CYBLE_HTS_CCCD\000"
 1314      455F4854 
 1314      535F4343 
 1314      434400
 1315              	.LASF23:
 1316 002d 4359424C 		.ascii	"CYBLE_EVT_STACK_BUSY_STATUS\000"
 1316      455F4556 
 1316      545F5354 
 1316      41434B5F 
 1316      42555359 
 1317              	.LASF10:
 1318 0049 75696E74 		.ascii	"uint16\000"
 1318      313600
 1319              	.LASF92:
 1320 0050 4359424C 		.ascii	"CYBLE_HTS_INTERM_TEMP\000"
 1320      455F4854 
 1320      535F494E 
 1320      5445524D 
 1320      5F54454D 
 1321              	.LASF35:
 1322 0066 4359424C 		.ascii	"CYBLE_EVT_GAP_CONNECTION_UPDATE_COMPLETE\000"
 1322      455F4556 
 1322      545F4741 
 1322      505F434F 
 1322      4E4E4543 
ARM GAS  C:\Users\User\AppData\Local\Temp\ccqYjFyG.s 			page 27


 1323              	.LASF80:
 1324 008f 4359424C 		.ascii	"CYBLE_EVT_L2CAP_CBFC_DISCONN_CNF\000"
 1324      455F4556 
 1324      545F4C32 
 1324      4341505F 
 1324      43424643 
 1325              	.LASF40:
 1326 00b0 4359424C 		.ascii	"CYBLE_EVT_GAP_OOB_GENERATED_NOTIFICATION\000"
 1326      455F4556 
 1326      545F4741 
 1326      505F4F4F 
 1326      425F4745 
 1327              	.LASF65:
 1328 00d9 4359424C 		.ascii	"CYBLE_EVT_GATTS_EXEC_WRITE_REQ\000"
 1328      455F4556 
 1328      545F4741 
 1328      5454535F 
 1328      45584543 
 1329              	.LASF102:
 1330 00f8 4359424C 		.ascii	"CYBLE_SRVI_HTS\000"
 1330      455F5352 
 1330      56495F48 
 1330      545300
 1331              	.LASF106:
 1332 0107 66746F61 		.ascii	"ftoa\000"
 1332      00
 1333              	.LASF20:
 1334 010c 4359424C 		.ascii	"CYBLE_EVT_TIMEOUT\000"
 1334      455F4556 
 1334      545F5449 
 1334      4D454F55 
 1334      5400
 1335              	.LASF4:
 1336 011e 6C6F6E67 		.ascii	"long int\000"
 1336      20696E74 
 1336      00
 1337              	.LASF110:
 1338 0127 666C6167 		.ascii	"flag_Timer\000"
 1338      5F54696D 
 1338      657200
 1339              	.LASF7:
 1340 0132 6C6F6E67 		.ascii	"long long unsigned int\000"
 1340      206C6F6E 
 1340      6720756E 
 1340      7369676E 
 1340      65642069 
 1341              	.LASF22:
 1342 0149 4359424C 		.ascii	"CYBLE_EVT_HCI_STATUS\000"
 1342      455F4556 
 1342      545F4843 
 1342      495F5354 
 1342      41545553 
 1343              	.LASF85:
 1344 015e 4359424C 		.ascii	"CYBLE_EVT_PENDING_FLASH_WRITE\000"
 1344      455F4556 
 1344      545F5045 
 1344      4E44494E 
ARM GAS  C:\Users\User\AppData\Local\Temp\ccqYjFyG.s 			page 28


 1344      475F464C 
 1345              	.LASF74:
 1346 017c 4359424C 		.ascii	"CYBLE_EVT_L2CAP_CONN_PARAM_UPDATE_REQ\000"
 1346      455F4556 
 1346      545F4C32 
 1346      4341505F 
 1346      434F4E4E 
 1347              	.LASF34:
 1348 01a2 4359424C 		.ascii	"CYBLE_EVT_GAP_ENCRYPT_CHANGE\000"
 1348      455F4556 
 1348      545F4741 
 1348      505F454E 
 1348      43525950 
 1349              	.LASF38:
 1350 01bf 4359424C 		.ascii	"CYBLE_EVT_GAP_NUMERIC_COMPARISON_REQUEST\000"
 1350      455F4556 
 1350      545F4741 
 1350      505F4E55 
 1350      4D455249 
 1351              	.LASF83:
 1352 01e8 4359424C 		.ascii	"CYBLE_EVT_L2CAP_CBFC_TX_CREDIT_IND\000"
 1352      455F4556 
 1352      545F4C32 
 1352      4341505F 
 1352      43424643 
 1353              	.LASF6:
 1354 020b 6C6F6E67 		.ascii	"long long int\000"
 1354      206C6F6E 
 1354      6720696E 
 1354      7400
 1355              	.LASF0:
 1356 0219 7369676E 		.ascii	"signed char\000"
 1356      65642063 
 1356      68617200 
 1357              	.LASF19:
 1358 0225 4359424C 		.ascii	"CYBLE_EVT_STACK_ON\000"
 1358      455F4556 
 1358      545F5354 
 1358      41434B5F 
 1358      4F4E00
 1359              	.LASF91:
 1360 0238 4359424C 		.ascii	"CYBLE_HTS_TEMP_TYPE\000"
 1360      455F4854 
 1360      535F5445 
 1360      4D505F54 
 1360      59504500 
 1361              	.LASF36:
 1362 024c 4359424C 		.ascii	"CYBLE_EVT_GAPC_SCAN_START_STOP\000"
 1362      455F4556 
 1362      545F4741 
 1362      50435F53 
 1362      43414E5F 
 1363              	.LASF26:
 1364 026b 4359424C 		.ascii	"CYBLE_EVT_GAP_AUTH_REQ\000"
 1364      455F4556 
 1364      545F4741 
 1364      505F4155 
ARM GAS  C:\Users\User\AppData\Local\Temp\ccqYjFyG.s 			page 29


 1364      54485F52 
 1365              	.LASF58:
 1366 0282 4359424C 		.ascii	"CYBLE_EVT_GATTC_READ_RSP\000"
 1366      455F4556 
 1366      545F4741 
 1366      5454435F 
 1366      52454144 
 1367              	.LASF63:
 1368 029b 4359424C 		.ascii	"CYBLE_EVT_GATTS_WRITE_CMD_REQ\000"
 1368      455F4556 
 1368      545F4741 
 1368      5454535F 
 1368      57524954 
 1369              	.LASF31:
 1370 02b9 4359424C 		.ascii	"CYBLE_EVT_GAPP_ADVERTISEMENT_START_STOP\000"
 1370      455F4556 
 1370      545F4741 
 1370      50505F41 
 1370      44564552 
 1371              	.LASF9:
 1372 02e1 75696E74 		.ascii	"uint8\000"
 1372      3800
 1373              	.LASF66:
 1374 02e7 4359424C 		.ascii	"CYBLE_EVT_GATTC_EXEC_WRITE_RSP\000"
 1374      455F4556 
 1374      545F4741 
 1374      5454435F 
 1374      45584543 
 1375              	.LASF12:
 1376 0306 646F7562 		.ascii	"double\000"
 1376      6C6500
 1377              	.LASF101:
 1378 030d 4359424C 		.ascii	"CYBLE_SRVI_CUSTOMS_END\000"
 1378      455F5352 
 1378      56495F43 
 1378      5553544F 
 1378      4D535F45 
 1379              	.LASF89:
 1380 0324 4359424C 		.ascii	"CYBLE_EVT_MAX\000"
 1380      455F4556 
 1380      545F4D41 
 1380      5800
 1381              	.LASF107:
 1382 0332 61667465 		.ascii	"afterpoint\000"
 1382      72706F69 
 1382      6E7400
 1383              	.LASF84:
 1384 033d 4359424C 		.ascii	"CYBLE_EVT_L2CAP_CBFC_DATA_WRITE_IND\000"
 1384      455F4556 
 1384      545F4C32 
 1384      4341505F 
 1384      43424643 
 1385              	.LASF46:
 1386 0361 4359424C 		.ascii	"CYBLE_EVT_GAP_SCAN_REQ_RECVD\000"
 1386      455F4556 
 1386      545F4741 
 1386      505F5343 
ARM GAS  C:\Users\User\AppData\Local\Temp\ccqYjFyG.s 			page 30


 1386      414E5F52 
 1387              	.LASF104:
 1388 037e 74656D70 		.ascii	"temp\000"
 1388      00
 1389              	.LASF90:
 1390 0383 4359424C 		.ascii	"CYBLE_HTS_TEMP_MEASURE\000"
 1390      455F4854 
 1390      535F5445 
 1390      4D505F4D 
 1390      45415355 
 1391              	.LASF71:
 1392 039a 4359424C 		.ascii	"CYBLE_EVT_GATTC_STOP_CMD_COMPLETE\000"
 1392      455F4556 
 1392      545F4741 
 1392      5454435F 
 1392      53544F50 
 1393              	.LASF8:
 1394 03bc 756E7369 		.ascii	"unsigned int\000"
 1394      676E6564 
 1394      20696E74 
 1394      00
 1395              	.LASF86:
 1396 03c9 4359424C 		.ascii	"CYBLE_EVT_LE_PING_AUTH_TIMEOUT\000"
 1396      455F4556 
 1396      545F4C45 
 1396      5F50494E 
 1396      475F4155 
 1397              	.LASF5:
 1398 03e8 6C6F6E67 		.ascii	"long unsigned int\000"
 1398      20756E73 
 1398      69676E65 
 1398      6420696E 
 1398      7400
 1399              	.LASF45:
 1400 03fa 4359424C 		.ascii	"CYBLE_EVT_GAP_CONN_ESTB\000"
 1400      455F4556 
 1400      545F4741 
 1400      505F434F 
 1400      4E4E5F45 
 1401              	.LASF61:
 1402 0412 4359424C 		.ascii	"CYBLE_EVT_GATTS_WRITE_REQ\000"
 1402      455F4556 
 1402      545F4741 
 1402      5454535F 
 1402      57524954 
 1403              	.LASF53:
 1404 042c 4359424C 		.ascii	"CYBLE_EVT_GATTC_XCHNG_MTU_RSP\000"
 1404      455F4556 
 1404      545F4741 
 1404      5454435F 
 1404      5843484E 
 1405              	.LASF70:
 1406 044a 4359424C 		.ascii	"CYBLE_EVT_GATTS_DATA_SIGNED_CMD_REQ\000"
 1406      455F4556 
 1406      545F4741 
 1406      5454535F 
 1406      44415441 
ARM GAS  C:\Users\User\AppData\Local\Temp\ccqYjFyG.s 			page 31


 1407              	.LASF93:
 1408 046e 4359424C 		.ascii	"CYBLE_HTS_MEASURE_INTERVAL\000"
 1408      455F4854 
 1408      535F4D45 
 1408      41535552 
 1408      455F494E 
 1409              	.LASF73:
 1410 0489 4359424C 		.ascii	"CYBLE_EVT_GATTC_LONG_PROCEDURE_END\000"
 1410      455F4556 
 1410      545F4741 
 1410      5454435F 
 1410      4C4F4E47 
 1411              	.LASF3:
 1412 04ac 73686F72 		.ascii	"short unsigned int\000"
 1412      7420756E 
 1412      7369676E 
 1412      65642069 
 1412      6E7400
 1413              	.LASF18:
 1414 04bf 4359424C 		.ascii	"CYBLE_EVT_HOST_INVALID\000"
 1414      455F4556 
 1414      545F484F 
 1414      53545F49 
 1414      4E56414C 
 1415              	.LASF56:
 1416 04d6 4359424C 		.ascii	"CYBLE_EVT_GATTC_FIND_INFO_RSP\000"
 1416      455F4556 
 1416      545F4741 
 1416      5454435F 
 1416      46494E44 
 1417              	.LASF24:
 1418 04f4 4359424C 		.ascii	"CYBLE_EVT_MEMORY_REQUEST\000"
 1418      455F4556 
 1418      545F4D45 
 1418      4D4F5259 
 1418      5F524551 
 1419              	.LASF81:
 1420 050d 4359424C 		.ascii	"CYBLE_EVT_L2CAP_CBFC_DATA_READ\000"
 1420      455F4556 
 1420      545F4C32 
 1420      4341505F 
 1420      43424643 
 1421              	.LASF27:
 1422 052c 4359424C 		.ascii	"CYBLE_EVT_GAP_PASSKEY_ENTRY_REQUEST\000"
 1422      455F4556 
 1422      545F4741 
 1422      505F5041 
 1422      53534B45 
 1423              	.LASF32:
 1424 0550 4359424C 		.ascii	"CYBLE_EVT_GAP_DEVICE_CONNECTED\000"
 1424      455F4556 
 1424      545F4741 
 1424      505F4445 
 1424      56494345 
 1425              	.LASF68:
 1426 056f 4359424C 		.ascii	"CYBLE_EVT_GATTC_HANDLE_VALUE_IND\000"
 1426      455F4556 
ARM GAS  C:\Users\User\AppData\Local\Temp\ccqYjFyG.s 			page 32


 1426      545F4741 
 1426      5454435F 
 1426      48414E44 
 1427              	.LASF47:
 1428 0590 4359424C 		.ascii	"CYBLE_EVT_GAP_AUTH_REQ_REPLY_ERR\000"
 1428      455F4556 
 1428      545F4741 
 1428      505F4155 
 1428      54485F52 
 1429              	.LASF113:
 1430 05b1 474E5520 		.ascii	"GNU C11 5.4.1 20160609 (release) [ARM/embedded-5-br"
 1430      43313120 
 1430      352E342E 
 1430      31203230 
 1430      31363036 
 1431 05e4 616E6368 		.ascii	"anch revision 237715] -mcpu=cortex-m0 -mthumb -g -O"
 1431      20726576 
 1431      6973696F 
 1431      6E203233 
 1431      37373135 
 1432 0617 30202D66 		.ascii	"0 -ffunction-sections -ffat-lto-objects\000"
 1432      66756E63 
 1432      74696F6E 
 1432      2D736563 
 1432      74696F6E 
 1433              	.LASF88:
 1434 063f 4359424C 		.ascii	"CYBLE_EVT_FLASH_CORRUPT\000"
 1434      455F4556 
 1434      545F464C 
 1434      4153485F 
 1434      434F5252 
 1435              	.LASF50:
 1436 0657 4359424C 		.ascii	"CYBLE_EVT_GATT_CONNECT_IND\000"
 1436      455F4556 
 1436      545F4741 
 1436      54545F43 
 1436      4F4E4E45 
 1437              	.LASF76:
 1438 0672 4359424C 		.ascii	"CYBLE_EVT_L2CAP_COMMAND_REJ\000"
 1438      455F4556 
 1438      545F4C32 
 1438      4341505F 
 1438      434F4D4D 
 1439              	.LASF25:
 1440 068e 4359424C 		.ascii	"CYBLE_EVT_GAPC_SCAN_PROGRESS_RESULT\000"
 1440      455F4556 
 1440      545F4741 
 1440      50435F53 
 1440      43414E5F 
 1441              	.LASF48:
 1442 06b2 4359424C 		.ascii	"CYBLE_EVT_GAP_SMP_LOC_P256_KEYS_GEN_AND_SET_COMPLET"
 1442      455F4556 
 1442      545F4741 
 1442      505F534D 
 1442      505F4C4F 
 1443 06e5 4500     		.ascii	"E\000"
 1444              	.LASF77:
ARM GAS  C:\Users\User\AppData\Local\Temp\ccqYjFyG.s 			page 33


 1445 06e7 4359424C 		.ascii	"CYBLE_EVT_L2CAP_CBFC_CONN_IND\000"
 1445      455F4556 
 1445      545F4C32 
 1445      4341505F 
 1445      43424643 
 1446              	.LASF55:
 1447 0705 4359424C 		.ascii	"CYBLE_EVT_GATTC_READ_BY_TYPE_RSP\000"
 1447      455F4556 
 1447      545F4741 
 1447      5454435F 
 1447      52454144 
 1448              	.LASF17:
 1449 0726 73697A65 		.ascii	"sizetype\000"
 1449      74797065 
 1449      00
 1450              	.LASF114:
 1451 072f 436F6D6D 		.ascii	"CommonFunctions.c\000"
 1451      6F6E4675 
 1451      6E637469 
 1451      6F6E732E 
 1451      6300
 1452              	.LASF30:
 1453 0741 4359424C 		.ascii	"CYBLE_EVT_GAP_AUTH_FAILED\000"
 1453      455F4556 
 1453      545F4741 
 1453      505F4155 
 1453      54485F46 
 1454              	.LASF96:
 1455 075b 4359424C 		.ascii	"CYBLE_HTS_VRD\000"
 1455      455F4854 
 1455      535F5652 
 1455      4400
 1456              	.LASF62:
 1457 0769 4359424C 		.ascii	"CYBLE_EVT_GATTC_WRITE_RSP\000"
 1457      455F4556 
 1457      545F4741 
 1457      5454435F 
 1457      57524954 
 1458              	.LASF43:
 1459 0783 4359424C 		.ascii	"CYBLE_EVT_GAPC_DIRECT_ADV_REPORT\000"
 1459      455F4556 
 1459      545F4741 
 1459      50435F44 
 1459      49524543 
 1460              	.LASF41:
 1461 07a4 4359424C 		.ascii	"CYBLE_EVT_GAP_DATA_LENGTH_CHANGE\000"
 1461      455F4556 
 1461      545F4741 
 1461      505F4441 
 1461      54415F4C 
 1462              	.LASF29:
 1463 07c5 4359424C 		.ascii	"CYBLE_EVT_GAP_AUTH_COMPLETE\000"
 1463      455F4556 
 1463      545F4741 
 1463      505F4155 
 1463      54485F43 
 1464              	.LASF67:
ARM GAS  C:\Users\User\AppData\Local\Temp\ccqYjFyG.s 			page 34


 1465 07e1 4359424C 		.ascii	"CYBLE_EVT_GATTC_HANDLE_VALUE_NTF\000"
 1465      455F4556 
 1465      545F4741 
 1465      5454435F 
 1465      48414E44 
 1466              	.LASF100:
 1467 0802 4359424C 		.ascii	"CYBLE_SRVI_CUSTOMS\000"
 1467      455F5352 
 1467      56495F43 
 1467      5553544F 
 1467      4D5300
 1468              	.LASF78:
 1469 0815 4359424C 		.ascii	"CYBLE_EVT_L2CAP_CBFC_CONN_CNF\000"
 1469      455F4556 
 1469      545F4C32 
 1469      4341505F 
 1469      43424643 
 1470              	.LASF54:
 1471 0833 4359424C 		.ascii	"CYBLE_EVT_GATTC_READ_BY_GROUP_TYPE_RSP\000"
 1471      455F4556 
 1471      545F4741 
 1471      5454435F 
 1471      52454144 
 1472              	.LASF11:
 1473 085a 666C6F61 		.ascii	"float\000"
 1473      7400
 1474              	.LASF105:
 1475 0860 72657665 		.ascii	"reverse\000"
 1475      72736500 
 1476              	.LASF15:
 1477 0868 70726573 		.ascii	"present\000"
 1477      656E7400 
 1478              	.LASF115:
 1479 0870 433A5C55 		.ascii	"C:\\Users\\User\\Desktop\\Hi\\Demo1\\TM_Mesh_System"
 1479      73657273 
 1479      5C557365 
 1479      725C4465 
 1479      736B746F 
 1480 089d 2E637964 		.ascii	".cydsn\000"
 1480      736E00
 1481              	.LASF1:
 1482 08a4 756E7369 		.ascii	"unsigned char\000"
 1482      676E6564 
 1482      20636861 
 1482      7200
 1483              	.LASF39:
 1484 08b2 4359424C 		.ascii	"CYBLE_EVT_GAP_KEYPRESS_NOTIFICATION\000"
 1484      455F4556 
 1484      545F4741 
 1484      505F4B45 
 1484      59505245 
 1485              	.LASF117:
 1486 08d6 496E6974 		.ascii	"InitializeSystem\000"
 1486      69616C69 
 1486      7A655379 
 1486      7374656D 
 1486      00
ARM GAS  C:\Users\User\AppData\Local\Temp\ccqYjFyG.s 			page 35


 1487              	.LASF2:
 1488 08e7 73686F72 		.ascii	"short int\000"
 1488      7420696E 
 1488      7400
 1489              	.LASF94:
 1490 08f1 4359424C 		.ascii	"CYBLE_HTS_CHAR_COUNT\000"
 1490      455F4854 
 1490      535F4348 
 1490      41525F43 
 1490      4F554E54 
 1491              	.LASF87:
 1492 0906 4359424C 		.ascii	"CYBLE_EVT_HCI_PKT\000"
 1492      455F4556 
 1492      545F4843 
 1492      495F504B 
 1492      5400
 1493              	.LASF64:
 1494 0918 4359424C 		.ascii	"CYBLE_EVT_GATTS_PREP_WRITE_REQ\000"
 1494      455F4556 
 1494      545F4741 
 1494      5454535F 
 1494      50524550 
 1495              	.LASF69:
 1496 0937 4359424C 		.ascii	"CYBLE_EVT_GATTS_HANDLE_VALUE_CNF\000"
 1496      455F4556 
 1496      545F4741 
 1496      5454535F 
 1496      48414E44 
 1497              	.LASF49:
 1498 0958 4359424C 		.ascii	"CYBLE_EVT_GATTC_ERROR_RSP\000"
 1498      455F4556 
 1498      545F4741 
 1498      5454435F 
 1498      4552524F 
 1499              	.LASF44:
 1500 0972 4359424C 		.ascii	"CYBLE_EVT_GAP_SMP_NEGOTIATED_AUTH_INFO\000"
 1500      455F4556 
 1500      545F4741 
 1500      505F534D 
 1500      505F4E45 
 1501              	.LASF103:
 1502 0999 4359424C 		.ascii	"CYBLE_SRVI_COUNT\000"
 1502      455F5352 
 1502      56495F43 
 1502      4F554E54 
 1502      00
 1503              	.LASF98:
 1504 09aa 4359424C 		.ascii	"CYBLE_SRVI_GAP\000"
 1504      455F5352 
 1504      56495F47 
 1504      415000
 1505              	.LASF118:
 1506 09b9 696E7454 		.ascii	"intToStr\000"
 1506      6F537472 
 1506      00
 1507              	.LASF16:
 1508 09c2 6C6F6E67 		.ascii	"long double\000"
ARM GAS  C:\Users\User\AppData\Local\Temp\ccqYjFyG.s 			page 36


 1508      20646F75 
 1508      626C6500 
 1509              	.LASF13:
 1510 09ce 63686172 		.ascii	"char\000"
 1510      00
 1511              	.LASF60:
 1512 09d3 4359424C 		.ascii	"CYBLE_EVT_GATTC_READ_MULTI_RSP\000"
 1512      455F4556 
 1512      545F4741 
 1512      5454435F 
 1512      52454144 
 1513              	.LASF33:
 1514 09f2 4359424C 		.ascii	"CYBLE_EVT_GAP_DEVICE_DISCONNECTED\000"
 1514      455F4556 
 1514      545F4741 
 1514      505F4445 
 1514      56494345 
 1515              	.LASF99:
 1516 0a14 4359424C 		.ascii	"CYBLE_SRVI_GATT\000"
 1516      455F5352 
 1516      56495F47 
 1516      41545400 
 1517              	.LASF72:
 1518 0a24 4359424C 		.ascii	"CYBLE_EVT_GATTS_READ_CHAR_VAL_ACCESS_REQ\000"
 1518      455F4556 
 1518      545F4741 
 1518      5454535F 
 1518      52454144 
 1519              	.LASF82:
 1520 0a4d 4359424C 		.ascii	"CYBLE_EVT_L2CAP_CBFC_RX_CREDIT_IND\000"
 1520      455F4556 
 1520      545F4C32 
 1520      4341505F 
 1520      43424643 
 1521              	.LASF111:
 1522 0a70 4F6E6557 		.ascii	"OneWire_Sensor\000"
 1522      6972655F 
 1522      53656E73 
 1522      6F7200
 1523              	.LASF97:
 1524 0a7f 4359424C 		.ascii	"CYBLE_HTS_DESCR_COUNT\000"
 1524      455F4854 
 1524      535F4445 
 1524      5343525F 
 1524      434F554E 
 1525              	.LASF108:
 1526 0a95 69706172 		.ascii	"ipart\000"
 1526      7400
 1527              	.LASF28:
 1528 0a9b 4359424C 		.ascii	"CYBLE_EVT_GAP_PASSKEY_DISPLAY_REQUEST\000"
 1528      455F4556 
 1528      545F4741 
 1528      505F5041 
 1528      53534B45 
 1529              	.LASF21:
 1530 0ac1 4359424C 		.ascii	"CYBLE_EVT_HARDWARE_ERROR\000"
 1530      455F4556 
ARM GAS  C:\Users\User\AppData\Local\Temp\ccqYjFyG.s 			page 37


 1530      545F4841 
 1530      52445741 
 1530      52455F45 
 1531              	.LASF52:
 1532 0ada 4359424C 		.ascii	"CYBLE_EVT_GATTS_XCNHG_MTU_REQ\000"
 1532      455F4556 
 1532      545F4741 
 1532      5454535F 
 1532      58434E48 
 1533              	.LASF14:
 1534 0af8 54656D70 		.ascii	"Temperature\000"
 1534      65726174 
 1534      75726500 
 1535              	.LASF109:
 1536 0b04 66706172 		.ascii	"fpart\000"
 1536      7400
 1537              	.LASF57:
 1538 0b0a 4359424C 		.ascii	"CYBLE_EVT_GATTC_FIND_BY_TYPE_VALUE_RSP\000"
 1538      455F4556 
 1538      545F4741 
 1538      5454435F 
 1538      46494E44 
 1539              	.LASF37:
 1540 0b31 4359424C 		.ascii	"CYBLE_EVT_GAP_KEYINFO_EXCHNGE_CMPLT\000"
 1540      455F4556 
 1540      545F4741 
 1540      505F4B45 
 1540      59494E46 
 1541              	.LASF79:
 1542 0b55 4359424C 		.ascii	"CYBLE_EVT_L2CAP_CBFC_DISCONN_IND\000"
 1542      455F4556 
 1542      545F4C32 
 1542      4341505F 
 1542      43424643 
 1543              	.LASF75:
 1544 0b76 4359424C 		.ascii	"CYBLE_EVT_L2CAP_CONN_PARAM_UPDATE_RSP\000"
 1544      455F4556 
 1544      545F4C32 
 1544      4341505F 
 1544      434F4E4E 
 1545              	.LASF116:
 1546 0b9c 4F6E6557 		.ascii	"OneWire_TSensor\000"
 1546      6972655F 
 1546      5453656E 
 1546      736F7200 
 1547              	.LASF42:
 1548 0bac 4359424C 		.ascii	"CYBLE_EVT_GAP_ENHANCE_CONN_COMPLETE\000"
 1548      455F4556 
 1548      545F4741 
 1548      505F454E 
 1548      48414E43 
 1549              	.LASF51:
 1550 0bd0 4359424C 		.ascii	"CYBLE_EVT_GATT_DISCONNECT_IND\000"
 1550      455F4556 
 1550      545F4741 
 1550      54545F44 
 1550      4953434F 
ARM GAS  C:\Users\User\AppData\Local\Temp\ccqYjFyG.s 			page 38


 1551              	.LASF112:
 1552 0bee 4F6E6557 		.ascii	"OneWire_DataReady\000"
 1552      6972655F 
 1552      44617461 
 1552      52656164 
 1552      7900
 1553              		.ident	"GCC: (GNU Tools for ARM Embedded Processors) 5.4.1 20160609 (release) [ARM/embedded-5-bran
