ARM GAS  C:\Users\User\AppData\Local\Temp\ccpB5AqC.s 			page 1


   1              		.syntax unified
   2              		.cpu cortex-m0
   3              		.fpu softvfp
   4              		.eabi_attribute 20, 1
   5              		.eabi_attribute 21, 1
   6              		.eabi_attribute 23, 3
   7              		.eabi_attribute 24, 1
   8              		.eabi_attribute 25, 1
   9              		.eabi_attribute 26, 1
  10              		.eabi_attribute 30, 6
  11              		.eabi_attribute 34, 0
  12              		.eabi_attribute 18, 4
  13              		.thumb
  14              		.syntax unified
  15              		.file	"debug.c"
  16              		.text
  17              	.Ltext0:
  18              		.cfi_sections	.debug_frame
  19              		.comm	OneWire_Sensor,32,4
  20              		.comm	OneWire_DataReady,1,1
  21              		.bss
  22              	flag_Timer:
  23 0000 00       		.space	1
  24              		.comm	current_watchdog_counter,2,2
  25              		.section	.text.SendBLEStatetoUART,"ax",%progbits
  26              		.align	2
  27              		.global	SendBLEStatetoUART
  28              		.code	16
  29              		.thumb_func
  30              		.type	SendBLEStatetoUART, %function
  31              	SendBLEStatetoUART:
  32              	.LFB35:
  33              		.file 1 "..\\..\\..\\PSoC-4-BLE-master\\100_Projects_in_100_Days\\Day049_BLE_Mesh_Flood\\Mesh_Floo
   1:..\..\..\PSoC-4-BLE-master\100_Projects_in_100_Days\Day049_BLE_Mesh_Flood\Mesh_Flood\Mesh_Flood_PSoC4BLE.cydsn/debug.c **** /*******************************************************************************
   2:..\..\..\PSoC-4-BLE-master\100_Projects_in_100_Days\Day049_BLE_Mesh_Flood\Mesh_Flood\Mesh_Flood_PSoC4BLE.cydsn/debug.c **** * File Name: debug.c
   3:..\..\..\PSoC-4-BLE-master\100_Projects_in_100_Days\Day049_BLE_Mesh_Flood\Mesh_Flood\Mesh_Flood_PSoC4BLE.cydsn/debug.c **** *
   4:..\..\..\PSoC-4-BLE-master\100_Projects_in_100_Days\Day049_BLE_Mesh_Flood\Mesh_Flood\Mesh_Flood_PSoC4BLE.cydsn/debug.c **** * Version: 1.0
   5:..\..\..\PSoC-4-BLE-master\100_Projects_in_100_Days\Day049_BLE_Mesh_Flood\Mesh_Flood\Mesh_Flood_PSoC4BLE.cydsn/debug.c **** *
   6:..\..\..\PSoC-4-BLE-master\100_Projects_in_100_Days\Day049_BLE_Mesh_Flood\Mesh_Flood\Mesh_Flood_PSoC4BLE.cydsn/debug.c **** * Description:
   7:..\..\..\PSoC-4-BLE-master\100_Projects_in_100_Days\Day049_BLE_Mesh_Flood\Mesh_Flood\Mesh_Flood_PSoC4BLE.cydsn/debug.c **** * This file contains the definiton for debug functions, using UART as communication
   8:..\..\..\PSoC-4-BLE-master\100_Projects_in_100_Days\Day049_BLE_Mesh_Flood\Mesh_Flood\Mesh_Flood_PSoC4BLE.cydsn/debug.c **** * medium. These function sends UART data to KitProg/PSoC 5LP, which enumerats as
   9:..\..\..\PSoC-4-BLE-master\100_Projects_in_100_Days\Day049_BLE_Mesh_Flood\Mesh_Flood\Mesh_Flood_PSoC4BLE.cydsn/debug.c **** * COM port on connected PC.
  10:..\..\..\PSoC-4-BLE-master\100_Projects_in_100_Days\Day049_BLE_Mesh_Flood\Mesh_Flood\Mesh_Flood_PSoC4BLE.cydsn/debug.c **** *
  11:..\..\..\PSoC-4-BLE-master\100_Projects_in_100_Days\Day049_BLE_Mesh_Flood\Mesh_Flood\Mesh_Flood_PSoC4BLE.cydsn/debug.c **** ********************************************************************************
  12:..\..\..\PSoC-4-BLE-master\100_Projects_in_100_Days\Day049_BLE_Mesh_Flood\Mesh_Flood\Mesh_Flood_PSoC4BLE.cydsn/debug.c **** * Copyright 2015, Cypress Semiconductor Corporation.  All rights reserved.
  13:..\..\..\PSoC-4-BLE-master\100_Projects_in_100_Days\Day049_BLE_Mesh_Flood\Mesh_Flood\Mesh_Flood_PSoC4BLE.cydsn/debug.c **** * You may use this file only in accordance with the license, terms, conditions,
  14:..\..\..\PSoC-4-BLE-master\100_Projects_in_100_Days\Day049_BLE_Mesh_Flood\Mesh_Flood\Mesh_Flood_PSoC4BLE.cydsn/debug.c **** * disclaimers, and limitations in the end user license agreement accompanying
  15:..\..\..\PSoC-4-BLE-master\100_Projects_in_100_Days\Day049_BLE_Mesh_Flood\Mesh_Flood\Mesh_Flood_PSoC4BLE.cydsn/debug.c **** * the software package with which this file was provided.
  16:..\..\..\PSoC-4-BLE-master\100_Projects_in_100_Days\Day049_BLE_Mesh_Flood\Mesh_Flood\Mesh_Flood_PSoC4BLE.cydsn/debug.c **** *******************************************************************************/
  17:..\..\..\PSoC-4-BLE-master\100_Projects_in_100_Days\Day049_BLE_Mesh_Flood\Mesh_Flood\Mesh_Flood_PSoC4BLE.cydsn/debug.c **** #include "debug.h"
  18:..\..\..\PSoC-4-BLE-master\100_Projects_in_100_Days\Day049_BLE_Mesh_Flood\Mesh_Flood\Mesh_Flood_PSoC4BLE.cydsn/debug.c **** 
  19:..\..\..\PSoC-4-BLE-master\100_Projects_in_100_Days\Day049_BLE_Mesh_Flood\Mesh_Flood\Mesh_Flood_PSoC4BLE.cydsn/debug.c **** /*******************************************************************************
  20:..\..\..\PSoC-4-BLE-master\100_Projects_in_100_Days\Day049_BLE_Mesh_Flood\Mesh_Flood\Mesh_Flood_PSoC4BLE.cydsn/debug.c **** * Function Name: SendBLEStatetoUART
  21:..\..\..\PSoC-4-BLE-master\100_Projects_in_100_Days\Day049_BLE_Mesh_Flood\Mesh_Flood\Mesh_Flood_PSoC4BLE.cydsn/debug.c **** ********************************************************************************
  22:..\..\..\PSoC-4-BLE-master\100_Projects_in_100_Days\Day049_BLE_Mesh_Flood\Mesh_Flood\Mesh_Flood_PSoC4BLE.cydsn/debug.c **** * Summary:
  23:..\..\..\PSoC-4-BLE-master\100_Projects_in_100_Days\Day049_BLE_Mesh_Flood\Mesh_Flood\Mesh_Flood_PSoC4BLE.cydsn/debug.c **** *        Sends the string to UART corresponding to the present BLE state
  24:..\..\..\PSoC-4-BLE-master\100_Projects_in_100_Days\Day049_BLE_Mesh_Flood\Mesh_Flood\Mesh_Flood_PSoC4BLE.cydsn/debug.c **** *
ARM GAS  C:\Users\User\AppData\Local\Temp\ccpB5AqC.s 			page 2


  25:..\..\..\PSoC-4-BLE-master\100_Projects_in_100_Days\Day049_BLE_Mesh_Flood\Mesh_Flood\Mesh_Flood_PSoC4BLE.cydsn/debug.c **** * Parameters:
  26:..\..\..\PSoC-4-BLE-master\100_Projects_in_100_Days\Day049_BLE_Mesh_Flood\Mesh_Flood\Mesh_Flood_PSoC4BLE.cydsn/debug.c **** *  ble_state: current state of the BLE.
  27:..\..\..\PSoC-4-BLE-master\100_Projects_in_100_Days\Day049_BLE_Mesh_Flood\Mesh_Flood\Mesh_Flood_PSoC4BLE.cydsn/debug.c **** *
  28:..\..\..\PSoC-4-BLE-master\100_Projects_in_100_Days\Day049_BLE_Mesh_Flood\Mesh_Flood\Mesh_Flood_PSoC4BLE.cydsn/debug.c **** * Return:
  29:..\..\..\PSoC-4-BLE-master\100_Projects_in_100_Days\Day049_BLE_Mesh_Flood\Mesh_Flood\Mesh_Flood_PSoC4BLE.cydsn/debug.c **** *  void
  30:..\..\..\PSoC-4-BLE-master\100_Projects_in_100_Days\Day049_BLE_Mesh_Flood\Mesh_Flood\Mesh_Flood_PSoC4BLE.cydsn/debug.c **** *
  31:..\..\..\PSoC-4-BLE-master\100_Projects_in_100_Days\Day049_BLE_Mesh_Flood\Mesh_Flood\Mesh_Flood_PSoC4BLE.cydsn/debug.c **** *******************************************************************************/
  32:..\..\..\PSoC-4-BLE-master\100_Projects_in_100_Days\Day049_BLE_Mesh_Flood\Mesh_Flood\Mesh_Flood_PSoC4BLE.cydsn/debug.c **** void SendBLEStatetoUART(CYBLE_STATE_T ble_state)
  33:..\..\..\PSoC-4-BLE-master\100_Projects_in_100_Days\Day049_BLE_Mesh_Flood\Mesh_Flood\Mesh_Flood_PSoC4BLE.cydsn/debug.c **** {
  34              		.loc 1 33 0
  35              		.cfi_startproc
  36              		@ args = 0, pretend = 0, frame = 8
  37              		@ frame_needed = 1, uses_anonymous_args = 0
  38 0000 80B5     		push	{r7, lr}
  39              		.cfi_def_cfa_offset 8
  40              		.cfi_offset 7, -8
  41              		.cfi_offset 14, -4
  42 0002 82B0     		sub	sp, sp, #8
  43              		.cfi_def_cfa_offset 16
  44 0004 00AF     		add	r7, sp, #0
  45              		.cfi_def_cfa_register 7
  46 0006 0200     		movs	r2, r0
  47 0008 FB1D     		adds	r3, r7, #7
  48 000a 1A70     		strb	r2, [r3]
  34:..\..\..\PSoC-4-BLE-master\100_Projects_in_100_Days\Day049_BLE_Mesh_Flood\Mesh_Flood\Mesh_Flood_PSoC4BLE.cydsn/debug.c **** 	switch(ble_state)
  49              		.loc 1 34 0
  50 000c FB1D     		adds	r3, r7, #7
  51 000e 1B78     		ldrb	r3, [r3]
  52 0010 062B     		cmp	r3, #6
  53 0012 04D8     		bhi	.L12
  54 0014 9A00     		lsls	r2, r3, #2
  55 0016 054B     		ldr	r3, .L14
  56 0018 D318     		adds	r3, r2, r3
  57 001a 1B68     		ldr	r3, [r3]
  58 001c 9F46     		mov	pc, r3
  59              		.section	.rodata
  60              		.align	2
  61              	.L4:
  62 0000 22000000 		.word	.L13
  63 0004 22000000 		.word	.L13
  64 0008 22000000 		.word	.L13
  65 000c 22000000 		.word	.L13
  66 0010 22000000 		.word	.L13
  67 0014 22000000 		.word	.L13
  68 0018 22000000 		.word	.L13
  69              		.section	.text.SendBLEStatetoUART
  70              	.L12:
  35:..\..\..\PSoC-4-BLE-master\100_Projects_in_100_Days\Day049_BLE_Mesh_Flood\Mesh_Flood\Mesh_Flood_PSoC4BLE.cydsn/debug.c **** 	{
  36:..\..\..\PSoC-4-BLE-master\100_Projects_in_100_Days\Day049_BLE_Mesh_Flood\Mesh_Flood\Mesh_Flood_PSoC4BLE.cydsn/debug.c **** 		case CYBLE_STATE_STOPPED:
  37:..\..\..\PSoC-4-BLE-master\100_Projects_in_100_Days\Day049_BLE_Mesh_Flood\Mesh_Flood\Mesh_Flood_PSoC4BLE.cydsn/debug.c **** 		#ifdef DEBUG_ENABLED
  38:..\..\..\PSoC-4-BLE-master\100_Projects_in_100_Days\Day049_BLE_Mesh_Flood\Mesh_Flood\Mesh_Flood_PSoC4BLE.cydsn/debug.c **** 			UART_UartPutString(" |BLE State: CYBLE_STATE_STOPPED ");
  39:..\..\..\PSoC-4-BLE-master\100_Projects_in_100_Days\Day049_BLE_Mesh_Flood\Mesh_Flood\Mesh_Flood_PSoC4BLE.cydsn/debug.c **** 		#endif
  40:..\..\..\PSoC-4-BLE-master\100_Projects_in_100_Days\Day049_BLE_Mesh_Flood\Mesh_Flood\Mesh_Flood_PSoC4BLE.cydsn/debug.c **** 		break;
  41:..\..\..\PSoC-4-BLE-master\100_Projects_in_100_Days\Day049_BLE_Mesh_Flood\Mesh_Flood\Mesh_Flood_PSoC4BLE.cydsn/debug.c **** 		
  42:..\..\..\PSoC-4-BLE-master\100_Projects_in_100_Days\Day049_BLE_Mesh_Flood\Mesh_Flood\Mesh_Flood_PSoC4BLE.cydsn/debug.c **** 		case CYBLE_STATE_INITIALIZING:
  43:..\..\..\PSoC-4-BLE-master\100_Projects_in_100_Days\Day049_BLE_Mesh_Flood\Mesh_Flood\Mesh_Flood_PSoC4BLE.cydsn/debug.c **** 		#ifdef DEBUG_ENABLED
  44:..\..\..\PSoC-4-BLE-master\100_Projects_in_100_Days\Day049_BLE_Mesh_Flood\Mesh_Flood\Mesh_Flood_PSoC4BLE.cydsn/debug.c **** 			UART_UartPutString(" |BLE State: CYBLE_STATE_INITIALIZING ");
ARM GAS  C:\Users\User\AppData\Local\Temp\ccpB5AqC.s 			page 3


  45:..\..\..\PSoC-4-BLE-master\100_Projects_in_100_Days\Day049_BLE_Mesh_Flood\Mesh_Flood\Mesh_Flood_PSoC4BLE.cydsn/debug.c **** 		#endif
  46:..\..\..\PSoC-4-BLE-master\100_Projects_in_100_Days\Day049_BLE_Mesh_Flood\Mesh_Flood\Mesh_Flood_PSoC4BLE.cydsn/debug.c **** 		break;
  47:..\..\..\PSoC-4-BLE-master\100_Projects_in_100_Days\Day049_BLE_Mesh_Flood\Mesh_Flood\Mesh_Flood_PSoC4BLE.cydsn/debug.c **** 		
  48:..\..\..\PSoC-4-BLE-master\100_Projects_in_100_Days\Day049_BLE_Mesh_Flood\Mesh_Flood\Mesh_Flood_PSoC4BLE.cydsn/debug.c **** 		case CYBLE_STATE_CONNECTED:
  49:..\..\..\PSoC-4-BLE-master\100_Projects_in_100_Days\Day049_BLE_Mesh_Flood\Mesh_Flood\Mesh_Flood_PSoC4BLE.cydsn/debug.c **** 		#ifdef DEBUG_ENABLED
  50:..\..\..\PSoC-4-BLE-master\100_Projects_in_100_Days\Day049_BLE_Mesh_Flood\Mesh_Flood\Mesh_Flood_PSoC4BLE.cydsn/debug.c **** 			UART_UartPutString(" |BLE State: CYBLE_STATE_CONNECTED ");
  51:..\..\..\PSoC-4-BLE-master\100_Projects_in_100_Days\Day049_BLE_Mesh_Flood\Mesh_Flood\Mesh_Flood_PSoC4BLE.cydsn/debug.c **** 		#endif
  52:..\..\..\PSoC-4-BLE-master\100_Projects_in_100_Days\Day049_BLE_Mesh_Flood\Mesh_Flood\Mesh_Flood_PSoC4BLE.cydsn/debug.c **** 		break;
  53:..\..\..\PSoC-4-BLE-master\100_Projects_in_100_Days\Day049_BLE_Mesh_Flood\Mesh_Flood\Mesh_Flood_PSoC4BLE.cydsn/debug.c **** 		
  54:..\..\..\PSoC-4-BLE-master\100_Projects_in_100_Days\Day049_BLE_Mesh_Flood\Mesh_Flood\Mesh_Flood_PSoC4BLE.cydsn/debug.c **** 		case CYBLE_STATE_ADVERTISING:
  55:..\..\..\PSoC-4-BLE-master\100_Projects_in_100_Days\Day049_BLE_Mesh_Flood\Mesh_Flood\Mesh_Flood_PSoC4BLE.cydsn/debug.c **** 		#ifdef DEBUG_ENABLED
  56:..\..\..\PSoC-4-BLE-master\100_Projects_in_100_Days\Day049_BLE_Mesh_Flood\Mesh_Flood\Mesh_Flood_PSoC4BLE.cydsn/debug.c **** 			UART_UartPutString(" |BLE State: CYBLE_STATE_ADVERTISING ");
  57:..\..\..\PSoC-4-BLE-master\100_Projects_in_100_Days\Day049_BLE_Mesh_Flood\Mesh_Flood\Mesh_Flood_PSoC4BLE.cydsn/debug.c **** 		#endif
  58:..\..\..\PSoC-4-BLE-master\100_Projects_in_100_Days\Day049_BLE_Mesh_Flood\Mesh_Flood\Mesh_Flood_PSoC4BLE.cydsn/debug.c **** 		break;
  59:..\..\..\PSoC-4-BLE-master\100_Projects_in_100_Days\Day049_BLE_Mesh_Flood\Mesh_Flood\Mesh_Flood_PSoC4BLE.cydsn/debug.c **** 		
  60:..\..\..\PSoC-4-BLE-master\100_Projects_in_100_Days\Day049_BLE_Mesh_Flood\Mesh_Flood\Mesh_Flood_PSoC4BLE.cydsn/debug.c **** 		case CYBLE_STATE_SCANNING:
  61:..\..\..\PSoC-4-BLE-master\100_Projects_in_100_Days\Day049_BLE_Mesh_Flood\Mesh_Flood\Mesh_Flood_PSoC4BLE.cydsn/debug.c **** 		#ifdef DEBUG_ENABLED
  62:..\..\..\PSoC-4-BLE-master\100_Projects_in_100_Days\Day049_BLE_Mesh_Flood\Mesh_Flood\Mesh_Flood_PSoC4BLE.cydsn/debug.c **** 			UART_UartPutString(" |BLE State: CYBLE_STATE_SCANNING ");
  63:..\..\..\PSoC-4-BLE-master\100_Projects_in_100_Days\Day049_BLE_Mesh_Flood\Mesh_Flood\Mesh_Flood_PSoC4BLE.cydsn/debug.c **** 		#endif
  64:..\..\..\PSoC-4-BLE-master\100_Projects_in_100_Days\Day049_BLE_Mesh_Flood\Mesh_Flood\Mesh_Flood_PSoC4BLE.cydsn/debug.c **** 		break;
  65:..\..\..\PSoC-4-BLE-master\100_Projects_in_100_Days\Day049_BLE_Mesh_Flood\Mesh_Flood\Mesh_Flood_PSoC4BLE.cydsn/debug.c **** 		
  66:..\..\..\PSoC-4-BLE-master\100_Projects_in_100_Days\Day049_BLE_Mesh_Flood\Mesh_Flood\Mesh_Flood_PSoC4BLE.cydsn/debug.c **** 		case CYBLE_STATE_CONNECTING:
  67:..\..\..\PSoC-4-BLE-master\100_Projects_in_100_Days\Day049_BLE_Mesh_Flood\Mesh_Flood\Mesh_Flood_PSoC4BLE.cydsn/debug.c **** 		#ifdef DEBUG_ENABLED
  68:..\..\..\PSoC-4-BLE-master\100_Projects_in_100_Days\Day049_BLE_Mesh_Flood\Mesh_Flood\Mesh_Flood_PSoC4BLE.cydsn/debug.c **** 			UART_UartPutString(" |BLE State: CYBLE_STATE_CONNECTING ");
  69:..\..\..\PSoC-4-BLE-master\100_Projects_in_100_Days\Day049_BLE_Mesh_Flood\Mesh_Flood\Mesh_Flood_PSoC4BLE.cydsn/debug.c **** 		#endif
  70:..\..\..\PSoC-4-BLE-master\100_Projects_in_100_Days\Day049_BLE_Mesh_Flood\Mesh_Flood\Mesh_Flood_PSoC4BLE.cydsn/debug.c **** 		break;
  71:..\..\..\PSoC-4-BLE-master\100_Projects_in_100_Days\Day049_BLE_Mesh_Flood\Mesh_Flood\Mesh_Flood_PSoC4BLE.cydsn/debug.c **** 		
  72:..\..\..\PSoC-4-BLE-master\100_Projects_in_100_Days\Day049_BLE_Mesh_Flood\Mesh_Flood\Mesh_Flood_PSoC4BLE.cydsn/debug.c **** 		case CYBLE_STATE_DISCONNECTED:
  73:..\..\..\PSoC-4-BLE-master\100_Projects_in_100_Days\Day049_BLE_Mesh_Flood\Mesh_Flood\Mesh_Flood_PSoC4BLE.cydsn/debug.c **** 		#ifdef DEBUG_ENABLED
  74:..\..\..\PSoC-4-BLE-master\100_Projects_in_100_Days\Day049_BLE_Mesh_Flood\Mesh_Flood\Mesh_Flood_PSoC4BLE.cydsn/debug.c **** 			UART_UartPutString(" |BLE State: CYBLE_STATE_DISCONNECTED ");
  75:..\..\..\PSoC-4-BLE-master\100_Projects_in_100_Days\Day049_BLE_Mesh_Flood\Mesh_Flood\Mesh_Flood_PSoC4BLE.cydsn/debug.c **** 		#endif
  76:..\..\..\PSoC-4-BLE-master\100_Projects_in_100_Days\Day049_BLE_Mesh_Flood\Mesh_Flood\Mesh_Flood_PSoC4BLE.cydsn/debug.c **** 		break;
  77:..\..\..\PSoC-4-BLE-master\100_Projects_in_100_Days\Day049_BLE_Mesh_Flood\Mesh_Flood\Mesh_Flood_PSoC4BLE.cydsn/debug.c **** 		
  78:..\..\..\PSoC-4-BLE-master\100_Projects_in_100_Days\Day049_BLE_Mesh_Flood\Mesh_Flood\Mesh_Flood_PSoC4BLE.cydsn/debug.c **** 		default:
  79:..\..\..\PSoC-4-BLE-master\100_Projects_in_100_Days\Day049_BLE_Mesh_Flood\Mesh_Flood\Mesh_Flood_PSoC4BLE.cydsn/debug.c **** 		#ifdef DEBUG_ENABLED
  80:..\..\..\PSoC-4-BLE-master\100_Projects_in_100_Days\Day049_BLE_Mesh_Flood\Mesh_Flood\Mesh_Flood_PSoC4BLE.cydsn/debug.c **** 			UART_UartPutString(" |BLE State: UNKNOWN STATE ");
  81:..\..\..\PSoC-4-BLE-master\100_Projects_in_100_Days\Day049_BLE_Mesh_Flood\Mesh_Flood\Mesh_Flood_PSoC4BLE.cydsn/debug.c **** 		#endif
  82:..\..\..\PSoC-4-BLE-master\100_Projects_in_100_Days\Day049_BLE_Mesh_Flood\Mesh_Flood\Mesh_Flood_PSoC4BLE.cydsn/debug.c **** 		break;
  71              		.loc 1 82 0
  72 001e C046     		nop
  73 0020 00E0     		b	.L11
  74              	.L13:
  76:..\..\..\PSoC-4-BLE-master\100_Projects_in_100_Days\Day049_BLE_Mesh_Flood\Mesh_Flood\Mesh_Flood_PSoC4BLE.cydsn/debug.c **** 		
  75              		.loc 1 76 0
  76 0022 C046     		nop
  77              	.L11:
  83:..\..\..\PSoC-4-BLE-master\100_Projects_in_100_Days\Day049_BLE_Mesh_Flood\Mesh_Flood\Mesh_Flood_PSoC4BLE.cydsn/debug.c **** 	}
  84:..\..\..\PSoC-4-BLE-master\100_Projects_in_100_Days\Day049_BLE_Mesh_Flood\Mesh_Flood\Mesh_Flood_PSoC4BLE.cydsn/debug.c **** }
  78              		.loc 1 84 0
  79 0024 C046     		nop
  80 0026 BD46     		mov	sp, r7
  81 0028 02B0     		add	sp, sp, #8
  82              		@ sp needed
  83 002a 80BD     		pop	{r7, pc}
  84              	.L15:
  85              		.align	2
  86              	.L14:
ARM GAS  C:\Users\User\AppData\Local\Temp\ccpB5AqC.s 			page 4


  87 002c 00000000 		.word	.L4
  88              		.cfi_endproc
  89              	.LFE35:
  90              		.size	SendBLEStatetoUART, .-SendBLEStatetoUART
  91              		.section	.text.PrintNum,"ax",%progbits
  92              		.align	2
  93              		.global	PrintNum
  94              		.code	16
  95              		.thumb_func
  96              		.type	PrintNum, %function
  97              	PrintNum:
  98              	.LFB36:
  85:..\..\..\PSoC-4-BLE-master\100_Projects_in_100_Days\Day049_BLE_Mesh_Flood\Mesh_Flood\Mesh_Flood_PSoC4BLE.cydsn/debug.c **** 
  86:..\..\..\PSoC-4-BLE-master\100_Projects_in_100_Days\Day049_BLE_Mesh_Flood\Mesh_Flood\Mesh_Flood_PSoC4BLE.cydsn/debug.c **** /*******************************************************************************
  87:..\..\..\PSoC-4-BLE-master\100_Projects_in_100_Days\Day049_BLE_Mesh_Flood\Mesh_Flood\Mesh_Flood_PSoC4BLE.cydsn/debug.c **** * Function Name: PrintNum
  88:..\..\..\PSoC-4-BLE-master\100_Projects_in_100_Days\Day049_BLE_Mesh_Flood\Mesh_Flood\Mesh_Flood_PSoC4BLE.cydsn/debug.c **** ********************************************************************************
  89:..\..\..\PSoC-4-BLE-master\100_Projects_in_100_Days\Day049_BLE_Mesh_Flood\Mesh_Flood\Mesh_Flood_PSoC4BLE.cydsn/debug.c **** * Summary:
  90:..\..\..\PSoC-4-BLE-master\100_Projects_in_100_Days\Day049_BLE_Mesh_Flood\Mesh_Flood\Mesh_Flood_PSoC4BLE.cydsn/debug.c **** *        Converts decimal number to characters in ASCII that can be printed on 
  91:..\..\..\PSoC-4-BLE-master\100_Projects_in_100_Days\Day049_BLE_Mesh_Flood\Mesh_Flood\Mesh_Flood_PSoC4BLE.cydsn/debug.c **** * terminal.
  92:..\..\..\PSoC-4-BLE-master\100_Projects_in_100_Days\Day049_BLE_Mesh_Flood\Mesh_Flood\Mesh_Flood_PSoC4BLE.cydsn/debug.c **** *
  93:..\..\..\PSoC-4-BLE-master\100_Projects_in_100_Days\Day049_BLE_Mesh_Flood\Mesh_Flood\Mesh_Flood_PSoC4BLE.cydsn/debug.c **** * Parameters:
  94:..\..\..\PSoC-4-BLE-master\100_Projects_in_100_Days\Day049_BLE_Mesh_Flood\Mesh_Flood\Mesh_Flood_PSoC4BLE.cydsn/debug.c **** *  num: number to be converted to string.
  95:..\..\..\PSoC-4-BLE-master\100_Projects_in_100_Days\Day049_BLE_Mesh_Flood\Mesh_Flood\Mesh_Flood_PSoC4BLE.cydsn/debug.c **** *
  96:..\..\..\PSoC-4-BLE-master\100_Projects_in_100_Days\Day049_BLE_Mesh_Flood\Mesh_Flood\Mesh_Flood_PSoC4BLE.cydsn/debug.c **** * Return:
  97:..\..\..\PSoC-4-BLE-master\100_Projects_in_100_Days\Day049_BLE_Mesh_Flood\Mesh_Flood\Mesh_Flood_PSoC4BLE.cydsn/debug.c **** *  void
  98:..\..\..\PSoC-4-BLE-master\100_Projects_in_100_Days\Day049_BLE_Mesh_Flood\Mesh_Flood\Mesh_Flood_PSoC4BLE.cydsn/debug.c **** *
  99:..\..\..\PSoC-4-BLE-master\100_Projects_in_100_Days\Day049_BLE_Mesh_Flood\Mesh_Flood\Mesh_Flood_PSoC4BLE.cydsn/debug.c **** *******************************************************************************/
 100:..\..\..\PSoC-4-BLE-master\100_Projects_in_100_Days\Day049_BLE_Mesh_Flood\Mesh_Flood\Mesh_Flood_PSoC4BLE.cydsn/debug.c **** void PrintNum(uint8 num)
 101:..\..\..\PSoC-4-BLE-master\100_Projects_in_100_Days\Day049_BLE_Mesh_Flood\Mesh_Flood\Mesh_Flood_PSoC4BLE.cydsn/debug.c **** {
  99              		.loc 1 101 0
 100              		.cfi_startproc
 101              		@ args = 0, pretend = 0, frame = 8
 102              		@ frame_needed = 1, uses_anonymous_args = 0
 103 0000 80B5     		push	{r7, lr}
 104              		.cfi_def_cfa_offset 8
 105              		.cfi_offset 7, -8
 106              		.cfi_offset 14, -4
 107 0002 82B0     		sub	sp, sp, #8
 108              		.cfi_def_cfa_offset 16
 109 0004 00AF     		add	r7, sp, #0
 110              		.cfi_def_cfa_register 7
 111 0006 0200     		movs	r2, r0
 112 0008 FB1D     		adds	r3, r7, #7
 113 000a 1A70     		strb	r2, [r3]
 102:..\..\..\PSoC-4-BLE-master\100_Projects_in_100_Days\Day049_BLE_Mesh_Flood\Mesh_Flood\Mesh_Flood_PSoC4BLE.cydsn/debug.c **** 	#ifdef DEBUG_ENABLED
 103:..\..\..\PSoC-4-BLE-master\100_Projects_in_100_Days\Day049_BLE_Mesh_Flood\Mesh_Flood\Mesh_Flood_PSoC4BLE.cydsn/debug.c **** 	uint8 temp[3];
 104:..\..\..\PSoC-4-BLE-master\100_Projects_in_100_Days\Day049_BLE_Mesh_Flood\Mesh_Flood\Mesh_Flood_PSoC4BLE.cydsn/debug.c **** 	
 105:..\..\..\PSoC-4-BLE-master\100_Projects_in_100_Days\Day049_BLE_Mesh_Flood\Mesh_Flood\Mesh_Flood_PSoC4BLE.cydsn/debug.c **** 	temp[0] = num%10;
 106:..\..\..\PSoC-4-BLE-master\100_Projects_in_100_Days\Day049_BLE_Mesh_Flood\Mesh_Flood\Mesh_Flood_PSoC4BLE.cydsn/debug.c **** 	num = num/10;
 107:..\..\..\PSoC-4-BLE-master\100_Projects_in_100_Days\Day049_BLE_Mesh_Flood\Mesh_Flood\Mesh_Flood_PSoC4BLE.cydsn/debug.c **** 	temp[1] = num%10;
 108:..\..\..\PSoC-4-BLE-master\100_Projects_in_100_Days\Day049_BLE_Mesh_Flood\Mesh_Flood\Mesh_Flood_PSoC4BLE.cydsn/debug.c **** 	num = num/10;
 109:..\..\..\PSoC-4-BLE-master\100_Projects_in_100_Days\Day049_BLE_Mesh_Flood\Mesh_Flood\Mesh_Flood_PSoC4BLE.cydsn/debug.c **** 	temp[2] = num%10;
 110:..\..\..\PSoC-4-BLE-master\100_Projects_in_100_Days\Day049_BLE_Mesh_Flood\Mesh_Flood\Mesh_Flood_PSoC4BLE.cydsn/debug.c **** 	
 111:..\..\..\PSoC-4-BLE-master\100_Projects_in_100_Days\Day049_BLE_Mesh_Flood\Mesh_Flood\Mesh_Flood_PSoC4BLE.cydsn/debug.c **** 	if(temp[2] == 0)
 112:..\..\..\PSoC-4-BLE-master\100_Projects_in_100_Days\Day049_BLE_Mesh_Flood\Mesh_Flood\Mesh_Flood_PSoC4BLE.cydsn/debug.c **** 	{
 113:..\..\..\PSoC-4-BLE-master\100_Projects_in_100_Days\Day049_BLE_Mesh_Flood\Mesh_Flood\Mesh_Flood_PSoC4BLE.cydsn/debug.c **** 		if(temp[1] == 0)
 114:..\..\..\PSoC-4-BLE-master\100_Projects_in_100_Days\Day049_BLE_Mesh_Flood\Mesh_Flood\Mesh_Flood_PSoC4BLE.cydsn/debug.c **** 		{
ARM GAS  C:\Users\User\AppData\Local\Temp\ccpB5AqC.s 			page 5


 115:..\..\..\PSoC-4-BLE-master\100_Projects_in_100_Days\Day049_BLE_Mesh_Flood\Mesh_Flood\Mesh_Flood_PSoC4BLE.cydsn/debug.c **** 			UART_UartPutChar('0' + temp[0]);
 116:..\..\..\PSoC-4-BLE-master\100_Projects_in_100_Days\Day049_BLE_Mesh_Flood\Mesh_Flood\Mesh_Flood_PSoC4BLE.cydsn/debug.c **** 		}
 117:..\..\..\PSoC-4-BLE-master\100_Projects_in_100_Days\Day049_BLE_Mesh_Flood\Mesh_Flood\Mesh_Flood_PSoC4BLE.cydsn/debug.c **** 		else
 118:..\..\..\PSoC-4-BLE-master\100_Projects_in_100_Days\Day049_BLE_Mesh_Flood\Mesh_Flood\Mesh_Flood_PSoC4BLE.cydsn/debug.c **** 		{
 119:..\..\..\PSoC-4-BLE-master\100_Projects_in_100_Days\Day049_BLE_Mesh_Flood\Mesh_Flood\Mesh_Flood_PSoC4BLE.cydsn/debug.c **** 			UART_UartPutChar('0' + temp[1]);
 120:..\..\..\PSoC-4-BLE-master\100_Projects_in_100_Days\Day049_BLE_Mesh_Flood\Mesh_Flood\Mesh_Flood_PSoC4BLE.cydsn/debug.c **** 			UART_UartPutChar('0' + temp[0]);	
 121:..\..\..\PSoC-4-BLE-master\100_Projects_in_100_Days\Day049_BLE_Mesh_Flood\Mesh_Flood\Mesh_Flood_PSoC4BLE.cydsn/debug.c **** 		}
 122:..\..\..\PSoC-4-BLE-master\100_Projects_in_100_Days\Day049_BLE_Mesh_Flood\Mesh_Flood\Mesh_Flood_PSoC4BLE.cydsn/debug.c **** 	}
 123:..\..\..\PSoC-4-BLE-master\100_Projects_in_100_Days\Day049_BLE_Mesh_Flood\Mesh_Flood\Mesh_Flood_PSoC4BLE.cydsn/debug.c **** 	else
 124:..\..\..\PSoC-4-BLE-master\100_Projects_in_100_Days\Day049_BLE_Mesh_Flood\Mesh_Flood\Mesh_Flood_PSoC4BLE.cydsn/debug.c **** 	{
 125:..\..\..\PSoC-4-BLE-master\100_Projects_in_100_Days\Day049_BLE_Mesh_Flood\Mesh_Flood\Mesh_Flood_PSoC4BLE.cydsn/debug.c **** 		UART_UartPutChar('0' + temp[2]);
 126:..\..\..\PSoC-4-BLE-master\100_Projects_in_100_Days\Day049_BLE_Mesh_Flood\Mesh_Flood\Mesh_Flood_PSoC4BLE.cydsn/debug.c **** 		UART_UartPutChar('0' + temp[1]);
 127:..\..\..\PSoC-4-BLE-master\100_Projects_in_100_Days\Day049_BLE_Mesh_Flood\Mesh_Flood\Mesh_Flood_PSoC4BLE.cydsn/debug.c **** 		UART_UartPutChar('0' + temp[0]);
 128:..\..\..\PSoC-4-BLE-master\100_Projects_in_100_Days\Day049_BLE_Mesh_Flood\Mesh_Flood\Mesh_Flood_PSoC4BLE.cydsn/debug.c **** 	}
 129:..\..\..\PSoC-4-BLE-master\100_Projects_in_100_Days\Day049_BLE_Mesh_Flood\Mesh_Flood\Mesh_Flood_PSoC4BLE.cydsn/debug.c **** 	#else
 130:..\..\..\PSoC-4-BLE-master\100_Projects_in_100_Days\Day049_BLE_Mesh_Flood\Mesh_Flood\Mesh_Flood_PSoC4BLE.cydsn/debug.c **** 		num = num;
 114              		.loc 1 130 0
 115 000c FB1D     		adds	r3, r7, #7
 116 000e FA1D     		adds	r2, r7, #7
 117 0010 1278     		ldrb	r2, [r2]
 118 0012 1A70     		strb	r2, [r3]
 131:..\..\..\PSoC-4-BLE-master\100_Projects_in_100_Days\Day049_BLE_Mesh_Flood\Mesh_Flood\Mesh_Flood_PSoC4BLE.cydsn/debug.c **** 	#endif
 132:..\..\..\PSoC-4-BLE-master\100_Projects_in_100_Days\Day049_BLE_Mesh_Flood\Mesh_Flood\Mesh_Flood_PSoC4BLE.cydsn/debug.c **** }
 119              		.loc 1 132 0
 120 0014 C046     		nop
 121 0016 BD46     		mov	sp, r7
 122 0018 02B0     		add	sp, sp, #8
 123              		@ sp needed
 124 001a 80BD     		pop	{r7, pc}
 125              		.cfi_endproc
 126              	.LFE36:
 127              		.size	PrintNum, .-PrintNum
 128              		.section	.text.PrintHex,"ax",%progbits
 129              		.align	2
 130              		.global	PrintHex
 131              		.code	16
 132              		.thumb_func
 133              		.type	PrintHex, %function
 134              	PrintHex:
 135              	.LFB37:
 133:..\..\..\PSoC-4-BLE-master\100_Projects_in_100_Days\Day049_BLE_Mesh_Flood\Mesh_Flood\Mesh_Flood_PSoC4BLE.cydsn/debug.c **** 
 134:..\..\..\PSoC-4-BLE-master\100_Projects_in_100_Days\Day049_BLE_Mesh_Flood\Mesh_Flood\Mesh_Flood_PSoC4BLE.cydsn/debug.c **** /*******************************************************************************
 135:..\..\..\PSoC-4-BLE-master\100_Projects_in_100_Days\Day049_BLE_Mesh_Flood\Mesh_Flood\Mesh_Flood_PSoC4BLE.cydsn/debug.c **** * Function Name: PrintHex
 136:..\..\..\PSoC-4-BLE-master\100_Projects_in_100_Days\Day049_BLE_Mesh_Flood\Mesh_Flood\Mesh_Flood_PSoC4BLE.cydsn/debug.c **** ********************************************************************************
 137:..\..\..\PSoC-4-BLE-master\100_Projects_in_100_Days\Day049_BLE_Mesh_Flood\Mesh_Flood\Mesh_Flood_PSoC4BLE.cydsn/debug.c **** * Summary:
 138:..\..\..\PSoC-4-BLE-master\100_Projects_in_100_Days\Day049_BLE_Mesh_Flood\Mesh_Flood\Mesh_Flood_PSoC4BLE.cydsn/debug.c **** *        Converts HEX number to characters in ASCII that can be printed on 
 139:..\..\..\PSoC-4-BLE-master\100_Projects_in_100_Days\Day049_BLE_Mesh_Flood\Mesh_Flood\Mesh_Flood_PSoC4BLE.cydsn/debug.c **** * terminal.
 140:..\..\..\PSoC-4-BLE-master\100_Projects_in_100_Days\Day049_BLE_Mesh_Flood\Mesh_Flood\Mesh_Flood_PSoC4BLE.cydsn/debug.c **** *
 141:..\..\..\PSoC-4-BLE-master\100_Projects_in_100_Days\Day049_BLE_Mesh_Flood\Mesh_Flood\Mesh_Flood_PSoC4BLE.cydsn/debug.c **** * Parameters:
 142:..\..\..\PSoC-4-BLE-master\100_Projects_in_100_Days\Day049_BLE_Mesh_Flood\Mesh_Flood\Mesh_Flood_PSoC4BLE.cydsn/debug.c **** *  num: HEX to be converted to string.
 143:..\..\..\PSoC-4-BLE-master\100_Projects_in_100_Days\Day049_BLE_Mesh_Flood\Mesh_Flood\Mesh_Flood_PSoC4BLE.cydsn/debug.c **** *
 144:..\..\..\PSoC-4-BLE-master\100_Projects_in_100_Days\Day049_BLE_Mesh_Flood\Mesh_Flood\Mesh_Flood_PSoC4BLE.cydsn/debug.c **** * Return:
 145:..\..\..\PSoC-4-BLE-master\100_Projects_in_100_Days\Day049_BLE_Mesh_Flood\Mesh_Flood\Mesh_Flood_PSoC4BLE.cydsn/debug.c **** *  void
 146:..\..\..\PSoC-4-BLE-master\100_Projects_in_100_Days\Day049_BLE_Mesh_Flood\Mesh_Flood\Mesh_Flood_PSoC4BLE.cydsn/debug.c **** *
 147:..\..\..\PSoC-4-BLE-master\100_Projects_in_100_Days\Day049_BLE_Mesh_Flood\Mesh_Flood\Mesh_Flood_PSoC4BLE.cydsn/debug.c **** *******************************************************************************/
 148:..\..\..\PSoC-4-BLE-master\100_Projects_in_100_Days\Day049_BLE_Mesh_Flood\Mesh_Flood\Mesh_Flood_PSoC4BLE.cydsn/debug.c **** void PrintHex(uint8 num)
 149:..\..\..\PSoC-4-BLE-master\100_Projects_in_100_Days\Day049_BLE_Mesh_Flood\Mesh_Flood\Mesh_Flood_PSoC4BLE.cydsn/debug.c **** {
ARM GAS  C:\Users\User\AppData\Local\Temp\ccpB5AqC.s 			page 6


 136              		.loc 1 149 0
 137              		.cfi_startproc
 138              		@ args = 0, pretend = 0, frame = 8
 139              		@ frame_needed = 1, uses_anonymous_args = 0
 140 0000 80B5     		push	{r7, lr}
 141              		.cfi_def_cfa_offset 8
 142              		.cfi_offset 7, -8
 143              		.cfi_offset 14, -4
 144 0002 82B0     		sub	sp, sp, #8
 145              		.cfi_def_cfa_offset 16
 146 0004 00AF     		add	r7, sp, #0
 147              		.cfi_def_cfa_register 7
 148 0006 0200     		movs	r2, r0
 149 0008 FB1D     		adds	r3, r7, #7
 150 000a 1A70     		strb	r2, [r3]
 150:..\..\..\PSoC-4-BLE-master\100_Projects_in_100_Days\Day049_BLE_Mesh_Flood\Mesh_Flood\Mesh_Flood_PSoC4BLE.cydsn/debug.c **** 	#ifdef DEBUG_ENABLED
 151:..\..\..\PSoC-4-BLE-master\100_Projects_in_100_Days\Day049_BLE_Mesh_Flood\Mesh_Flood\Mesh_Flood_PSoC4BLE.cydsn/debug.c **** 	uint8 temp[2];
 152:..\..\..\PSoC-4-BLE-master\100_Projects_in_100_Days\Day049_BLE_Mesh_Flood\Mesh_Flood\Mesh_Flood_PSoC4BLE.cydsn/debug.c **** 	
 153:..\..\..\PSoC-4-BLE-master\100_Projects_in_100_Days\Day049_BLE_Mesh_Flood\Mesh_Flood\Mesh_Flood_PSoC4BLE.cydsn/debug.c **** 	temp[0] = num%16;
 154:..\..\..\PSoC-4-BLE-master\100_Projects_in_100_Days\Day049_BLE_Mesh_Flood\Mesh_Flood\Mesh_Flood_PSoC4BLE.cydsn/debug.c **** 	num = num/16;
 155:..\..\..\PSoC-4-BLE-master\100_Projects_in_100_Days\Day049_BLE_Mesh_Flood\Mesh_Flood\Mesh_Flood_PSoC4BLE.cydsn/debug.c **** 	temp[1] = num%16;
 156:..\..\..\PSoC-4-BLE-master\100_Projects_in_100_Days\Day049_BLE_Mesh_Flood\Mesh_Flood\Mesh_Flood_PSoC4BLE.cydsn/debug.c **** 
 157:..\..\..\PSoC-4-BLE-master\100_Projects_in_100_Days\Day049_BLE_Mesh_Flood\Mesh_Flood\Mesh_Flood_PSoC4BLE.cydsn/debug.c **** 	UART_UartPutString("0x");
 158:..\..\..\PSoC-4-BLE-master\100_Projects_in_100_Days\Day049_BLE_Mesh_Flood\Mesh_Flood\Mesh_Flood_PSoC4BLE.cydsn/debug.c **** 	if(temp[1] < 10)
 159:..\..\..\PSoC-4-BLE-master\100_Projects_in_100_Days\Day049_BLE_Mesh_Flood\Mesh_Flood\Mesh_Flood_PSoC4BLE.cydsn/debug.c **** 	{
 160:..\..\..\PSoC-4-BLE-master\100_Projects_in_100_Days\Day049_BLE_Mesh_Flood\Mesh_Flood\Mesh_Flood_PSoC4BLE.cydsn/debug.c **** 		UART_UartPutChar('0' + temp[1]);
 161:..\..\..\PSoC-4-BLE-master\100_Projects_in_100_Days\Day049_BLE_Mesh_Flood\Mesh_Flood\Mesh_Flood_PSoC4BLE.cydsn/debug.c **** 	}
 162:..\..\..\PSoC-4-BLE-master\100_Projects_in_100_Days\Day049_BLE_Mesh_Flood\Mesh_Flood\Mesh_Flood_PSoC4BLE.cydsn/debug.c **** 	else
 163:..\..\..\PSoC-4-BLE-master\100_Projects_in_100_Days\Day049_BLE_Mesh_Flood\Mesh_Flood\Mesh_Flood_PSoC4BLE.cydsn/debug.c **** 	{
 164:..\..\..\PSoC-4-BLE-master\100_Projects_in_100_Days\Day049_BLE_Mesh_Flood\Mesh_Flood\Mesh_Flood_PSoC4BLE.cydsn/debug.c **** 		UART_UartPutChar('A' + (temp[1] - 10));
 165:..\..\..\PSoC-4-BLE-master\100_Projects_in_100_Days\Day049_BLE_Mesh_Flood\Mesh_Flood\Mesh_Flood_PSoC4BLE.cydsn/debug.c **** 	}
 166:..\..\..\PSoC-4-BLE-master\100_Projects_in_100_Days\Day049_BLE_Mesh_Flood\Mesh_Flood\Mesh_Flood_PSoC4BLE.cydsn/debug.c **** 
 167:..\..\..\PSoC-4-BLE-master\100_Projects_in_100_Days\Day049_BLE_Mesh_Flood\Mesh_Flood\Mesh_Flood_PSoC4BLE.cydsn/debug.c **** 	if(temp[0] < 10)
 168:..\..\..\PSoC-4-BLE-master\100_Projects_in_100_Days\Day049_BLE_Mesh_Flood\Mesh_Flood\Mesh_Flood_PSoC4BLE.cydsn/debug.c **** 	{
 169:..\..\..\PSoC-4-BLE-master\100_Projects_in_100_Days\Day049_BLE_Mesh_Flood\Mesh_Flood\Mesh_Flood_PSoC4BLE.cydsn/debug.c **** 		UART_UartPutChar('0' + temp[0]);
 170:..\..\..\PSoC-4-BLE-master\100_Projects_in_100_Days\Day049_BLE_Mesh_Flood\Mesh_Flood\Mesh_Flood_PSoC4BLE.cydsn/debug.c **** 	}
 171:..\..\..\PSoC-4-BLE-master\100_Projects_in_100_Days\Day049_BLE_Mesh_Flood\Mesh_Flood\Mesh_Flood_PSoC4BLE.cydsn/debug.c **** 	else
 172:..\..\..\PSoC-4-BLE-master\100_Projects_in_100_Days\Day049_BLE_Mesh_Flood\Mesh_Flood\Mesh_Flood_PSoC4BLE.cydsn/debug.c **** 	{
 173:..\..\..\PSoC-4-BLE-master\100_Projects_in_100_Days\Day049_BLE_Mesh_Flood\Mesh_Flood\Mesh_Flood_PSoC4BLE.cydsn/debug.c **** 		UART_UartPutChar('A' + (temp[0] - 10));
 174:..\..\..\PSoC-4-BLE-master\100_Projects_in_100_Days\Day049_BLE_Mesh_Flood\Mesh_Flood\Mesh_Flood_PSoC4BLE.cydsn/debug.c **** 	}	
 175:..\..\..\PSoC-4-BLE-master\100_Projects_in_100_Days\Day049_BLE_Mesh_Flood\Mesh_Flood\Mesh_Flood_PSoC4BLE.cydsn/debug.c **** 	#else
 176:..\..\..\PSoC-4-BLE-master\100_Projects_in_100_Days\Day049_BLE_Mesh_Flood\Mesh_Flood\Mesh_Flood_PSoC4BLE.cydsn/debug.c **** 		num = num;
 151              		.loc 1 176 0
 152 000c FB1D     		adds	r3, r7, #7
 153 000e FA1D     		adds	r2, r7, #7
 154 0010 1278     		ldrb	r2, [r2]
 155 0012 1A70     		strb	r2, [r3]
 177:..\..\..\PSoC-4-BLE-master\100_Projects_in_100_Days\Day049_BLE_Mesh_Flood\Mesh_Flood\Mesh_Flood_PSoC4BLE.cydsn/debug.c **** 	#endif
 178:..\..\..\PSoC-4-BLE-master\100_Projects_in_100_Days\Day049_BLE_Mesh_Flood\Mesh_Flood\Mesh_Flood_PSoC4BLE.cydsn/debug.c **** }
 156              		.loc 1 178 0
 157 0014 C046     		nop
 158 0016 BD46     		mov	sp, r7
 159 0018 02B0     		add	sp, sp, #8
 160              		@ sp needed
 161 001a 80BD     		pop	{r7, pc}
 162              		.cfi_endproc
 163              	.LFE37:
ARM GAS  C:\Users\User\AppData\Local\Temp\ccpB5AqC.s 			page 7


 164              		.size	PrintHex, .-PrintHex
 165              		.text
 166              	.Letext0:
 167              		.file 2 "Generated_Source\\PSoC4/cytypes.h"
 168              		.file 3 "Generated_Source\\PSoC4/OneWire.h"
 169              		.file 4 "Generated_Source\\PSoC4/BLE_Stack.h"
 170              		.file 5 "Generated_Source\\PSoC4/BLE_hts.h"
 171              		.file 6 "Generated_Source\\PSoC4/BLE_eventHandler.h"
 172              		.file 7 "..\\..\\..\\PSoC-4-BLE-master\\100_Projects_in_100_Days\\Day049_BLE_Mesh_Flood\\Mesh_Floo
 173              		.file 8 "./Temperature.h"
 174              		.section	.debug_info,"",%progbits
 175              	.Ldebug_info0:
 176 0000 10040000 		.4byte	0x410
 177 0004 0400     		.2byte	0x4
 178 0006 00000000 		.4byte	.Ldebug_abbrev0
 179 000a 04       		.byte	0x4
 180 000b 01       		.uleb128 0x1
 181 000c 74060000 		.4byte	.LASF119
 182 0010 0C       		.byte	0xc
 183 0011 49030000 		.4byte	.LASF120
 184 0015 26090000 		.4byte	.LASF121
 185 0019 00000000 		.4byte	.Ldebug_ranges0+0
 186 001d 00000000 		.4byte	0
 187 0021 00000000 		.4byte	.Ldebug_line0
 188 0025 02       		.uleb128 0x2
 189 0026 01       		.byte	0x1
 190 0027 06       		.byte	0x6
 191 0028 62020000 		.4byte	.LASF0
 192 002c 02       		.uleb128 0x2
 193 002d 01       		.byte	0x1
 194 002e 08       		.byte	0x8
 195 002f 5A090000 		.4byte	.LASF1
 196 0033 02       		.uleb128 0x2
 197 0034 02       		.byte	0x2
 198 0035 05       		.byte	0x5
 199 0036 AA090000 		.4byte	.LASF2
 200 003a 02       		.uleb128 0x2
 201 003b 02       		.byte	0x2
 202 003c 07       		.byte	0x7
 203 003d A6050000 		.4byte	.LASF3
 204 0041 02       		.uleb128 0x2
 205 0042 04       		.byte	0x4
 206 0043 05       		.byte	0x5
 207 0044 72010000 		.4byte	.LASF4
 208 0048 02       		.uleb128 0x2
 209 0049 04       		.byte	0x4
 210 004a 07       		.byte	0x7
 211 004b E2040000 		.4byte	.LASF5
 212 004f 02       		.uleb128 0x2
 213 0050 08       		.byte	0x8
 214 0051 05       		.byte	0x5
 215 0052 54020000 		.4byte	.LASF6
 216 0056 02       		.uleb128 0x2
 217 0057 08       		.byte	0x8
 218 0058 07       		.byte	0x7
 219 0059 86010000 		.4byte	.LASF7
 220 005d 03       		.uleb128 0x3
ARM GAS  C:\Users\User\AppData\Local\Temp\ccpB5AqC.s 			page 8


 221 005e 04       		.byte	0x4
 222 005f 05       		.byte	0x5
 223 0060 696E7400 		.ascii	"int\000"
 224 0064 02       		.uleb128 0x2
 225 0065 04       		.byte	0x4
 226 0066 07       		.byte	0x7
 227 0067 B6040000 		.4byte	.LASF8
 228 006b 04       		.uleb128 0x4
 229 006c 43030000 		.4byte	.LASF9
 230 0070 02       		.byte	0x2
 231 0071 E601     		.2byte	0x1e6
 232 0073 2C000000 		.4byte	0x2c
 233 0077 04       		.uleb128 0x4
 234 0078 68090000 		.4byte	.LASF10
 235 007c 02       		.byte	0x2
 236 007d E701     		.2byte	0x1e7
 237 007f 3A000000 		.4byte	0x3a
 238 0083 02       		.uleb128 0x2
 239 0084 04       		.byte	0x4
 240 0085 04       		.byte	0x4
 241 0086 18090000 		.4byte	.LASF11
 242 008a 02       		.uleb128 0x2
 243 008b 08       		.byte	0x8
 244 008c 04       		.byte	0x4
 245 008d DF030000 		.4byte	.LASF12
 246 0091 02       		.uleb128 0x2
 247 0092 01       		.byte	0x1
 248 0093 08       		.byte	0x8
 249 0094 C10A0000 		.4byte	.LASF13
 250 0098 05       		.uleb128 0x5
 251 0099 6B000000 		.4byte	0x6b
 252 009d 05       		.uleb128 0x5
 253 009e 77000000 		.4byte	0x77
 254 00a2 06       		.uleb128 0x6
 255 00a3 AA0C0000 		.4byte	.LASF122
 256 00a7 04       		.byte	0x4
 257 00a8 03       		.byte	0x3
 258 00a9 30       		.byte	0x30
 259 00aa C7000000 		.4byte	0xc7
 260 00ae 07       		.uleb128 0x7
 261 00af CA0B0000 		.4byte	.LASF14
 262 00b3 03       		.byte	0x3
 263 00b4 31       		.byte	0x31
 264 00b5 77000000 		.4byte	0x77
 265 00b9 00       		.byte	0
 266 00ba 07       		.uleb128 0x7
 267 00bb 1E090000 		.4byte	.LASF15
 268 00bf 03       		.byte	0x3
 269 00c0 32       		.byte	0x32
 270 00c1 6B000000 		.4byte	0x6b
 271 00c5 02       		.byte	0x2
 272 00c6 00       		.byte	0
 273 00c7 02       		.uleb128 0x2
 274 00c8 08       		.byte	0x8
 275 00c9 04       		.byte	0x4
 276 00ca 9D0A0000 		.4byte	.LASF16
 277 00ce 02       		.uleb128 0x2
ARM GAS  C:\Users\User\AppData\Local\Temp\ccpB5AqC.s 			page 9


 278 00cf 04       		.byte	0x4
 279 00d0 07       		.byte	0x7
 280 00d1 DD070000 		.4byte	.LASF17
 281 00d5 08       		.uleb128 0x8
 282 00d6 01       		.byte	0x1
 283 00d7 2C000000 		.4byte	0x2c
 284 00db 04       		.byte	0x4
 285 00dc 3501     		.2byte	0x135
 286 00de 93020000 		.4byte	0x293
 287 00e2 09       		.uleb128 0x9
 288 00e3 B9050000 		.4byte	.LASF18
 289 00e7 00       		.byte	0
 290 00e8 09       		.uleb128 0x9
 291 00e9 6E020000 		.4byte	.LASF19
 292 00ed 01       		.byte	0x1
 293 00ee 09       		.uleb128 0x9
 294 00ef 60010000 		.4byte	.LASF20
 295 00f3 02       		.byte	0x2
 296 00f4 09       		.uleb128 0x9
 297 00f5 800B0000 		.4byte	.LASF21
 298 00f9 03       		.byte	0x3
 299 00fa 09       		.uleb128 0x9
 300 00fb 9D010000 		.4byte	.LASF22
 301 00ff 04       		.byte	0x4
 302 0100 09       		.uleb128 0x9
 303 0101 32000000 		.4byte	.LASF23
 304 0105 05       		.byte	0x5
 305 0106 09       		.uleb128 0x9
 306 0107 EE050000 		.4byte	.LASF24
 307 010b 06       		.byte	0x6
 308 010c 09       		.uleb128 0x9
 309 010d 70040000 		.4byte	.LASF25
 310 0111 20       		.byte	0x20
 311 0112 09       		.uleb128 0x9
 312 0113 B4020000 		.4byte	.LASF26
 313 0117 21       		.byte	0x21
 314 0118 09       		.uleb128 0x9
 315 0119 10060000 		.4byte	.LASF27
 316 011d 22       		.byte	0x22
 317 011e 09       		.uleb128 0x9
 318 011f 5A0B0000 		.4byte	.LASF28
 319 0123 23       		.byte	0x23
 320 0124 09       		.uleb128 0x9
 321 0125 83080000 		.4byte	.LASF29
 322 0129 24       		.byte	0x24
 323 012a 09       		.uleb128 0x9
 324 012b FF070000 		.4byte	.LASF30
 325 012f 25       		.byte	0x25
 326 0130 09       		.uleb128 0x9
 327 0131 1B030000 		.4byte	.LASF31
 328 0135 26       		.byte	0x26
 329 0136 09       		.uleb128 0x9
 330 0137 34060000 		.4byte	.LASF32
 331 013b 27       		.byte	0x27
 332 013c 09       		.uleb128 0x9
 333 013d C60A0000 		.4byte	.LASF33
 334 0141 28       		.byte	0x28
ARM GAS  C:\Users\User\AppData\Local\Temp\ccpB5AqC.s 			page 10


 335 0142 09       		.uleb128 0x9
 336 0143 F6010000 		.4byte	.LASF34
 337 0147 29       		.byte	0x29
 338 0148 09       		.uleb128 0x9
 339 0149 97000000 		.4byte	.LASF35
 340 014d 2A       		.byte	0x2a
 341 014e 09       		.uleb128 0x9
 342 014f 95020000 		.4byte	.LASF36
 343 0153 2B       		.byte	0x2b
 344 0154 09       		.uleb128 0x9
 345 0155 3F0C0000 		.4byte	.LASF37
 346 0159 2C       		.byte	0x2c
 347 015a 09       		.uleb128 0x9
 348 015b 13020000 		.4byte	.LASF38
 349 015f 2D       		.byte	0x2d
 350 0160 09       		.uleb128 0x9
 351 0161 6F090000 		.4byte	.LASF39
 352 0165 2E       		.byte	0x2e
 353 0166 09       		.uleb128 0x9
 354 0167 EA000000 		.4byte	.LASF40
 355 016b 2F       		.byte	0x2f
 356 016c 09       		.uleb128 0x9
 357 016d 62080000 		.4byte	.LASF41
 358 0171 30       		.byte	0x30
 359 0172 09       		.uleb128 0x9
 360 0173 BA0C0000 		.4byte	.LASF42
 361 0177 31       		.byte	0x31
 362 0178 09       		.uleb128 0x9
 363 0179 41080000 		.4byte	.LASF43
 364 017d 32       		.byte	0x32
 365 017e 09       		.uleb128 0x9
 366 017f 560A0000 		.4byte	.LASF44
 367 0183 33       		.byte	0x33
 368 0184 09       		.uleb128 0x9
 369 0185 F4040000 		.4byte	.LASF45
 370 0189 34       		.byte	0x34
 371 018a 09       		.uleb128 0x9
 372 018b 53040000 		.4byte	.LASF46
 373 018f 35       		.byte	0x35
 374 0190 09       		.uleb128 0x9
 375 0191 53060000 		.4byte	.LASF47
 376 0195 36       		.byte	0x36
 377 0196 09       		.uleb128 0x9
 378 0197 69070000 		.4byte	.LASF48
 379 019b 37       		.byte	0x37
 380 019c 09       		.uleb128 0x9
 381 019d 3C0A0000 		.4byte	.LASF49
 382 01a1 40       		.byte	0x40
 383 01a2 09       		.uleb128 0x9
 384 01a3 02070000 		.4byte	.LASF50
 385 01a7 41       		.byte	0x41
 386 01a8 09       		.uleb128 0x9
 387 01a9 E80C0000 		.4byte	.LASF51
 388 01ad 42       		.byte	0x42
 389 01ae 09       		.uleb128 0x9
 390 01af AC0B0000 		.4byte	.LASF52
 391 01b3 43       		.byte	0x43
ARM GAS  C:\Users\User\AppData\Local\Temp\ccpB5AqC.s 			page 11


 392 01b4 09       		.uleb128 0x9
 393 01b5 26050000 		.4byte	.LASF53
 394 01b9 44       		.byte	0x44
 395 01ba 09       		.uleb128 0x9
 396 01bb F1080000 		.4byte	.LASF54
 397 01bf 45       		.byte	0x45
 398 01c0 09       		.uleb128 0x9
 399 01c1 BC070000 		.4byte	.LASF55
 400 01c5 46       		.byte	0x46
 401 01c6 09       		.uleb128 0x9
 402 01c7 D0050000 		.4byte	.LASF56
 403 01cb 47       		.byte	0x47
 404 01cc 09       		.uleb128 0x9
 405 01cd 180C0000 		.4byte	.LASF57
 406 01d1 48       		.byte	0x48
 407 01d2 09       		.uleb128 0x9
 408 01d3 CB020000 		.4byte	.LASF58
 409 01d7 49       		.byte	0x49
 410 01d8 09       		.uleb128 0x9
 411 01d9 E40B0000 		.4byte	.LASF59
 412 01dd 4A       		.byte	0x4a
 413 01de 09       		.uleb128 0x9
 414 01df 13010000 		.4byte	.LASF60
 415 01e3 4B       		.byte	0x4b
 416 01e4 09       		.uleb128 0x9
 417 01e5 0C050000 		.4byte	.LASF61
 418 01e9 4C       		.byte	0x4c
 419 01ea 09       		.uleb128 0x9
 420 01eb 27080000 		.4byte	.LASF62
 421 01ef 4D       		.byte	0x4d
 422 01f0 09       		.uleb128 0x9
 423 01f1 E4020000 		.4byte	.LASF63
 424 01f5 4E       		.byte	0x4e
 425 01f6 09       		.uleb128 0x9
 426 01f7 FC090000 		.4byte	.LASF64
 427 01fb 4F       		.byte	0x4f
 428 01fc 09       		.uleb128 0x9
 429 01fd 32010000 		.4byte	.LASF65
 430 0201 50       		.byte	0x50
 431 0202 09       		.uleb128 0x9
 432 0203 C0030000 		.4byte	.LASF66
 433 0207 51       		.byte	0x51
 434 0208 09       		.uleb128 0x9
 435 0209 9F080000 		.4byte	.LASF67
 436 020d 52       		.byte	0x52
 437 020e 09       		.uleb128 0x9
 438 020f C9090000 		.4byte	.LASF68
 439 0213 53       		.byte	0x53
 440 0214 09       		.uleb128 0x9
 441 0215 1B0A0000 		.4byte	.LASF69
 442 0219 54       		.byte	0x54
 443 021a 09       		.uleb128 0x9
 444 021b 44050000 		.4byte	.LASF70
 445 021f 55       		.byte	0x55
 446 0220 09       		.uleb128 0x9
 447 0221 94040000 		.4byte	.LASF71
 448 0225 56       		.byte	0x56
ARM GAS  C:\Users\User\AppData\Local\Temp\ccpB5AqC.s 			page 12


 449 0226 09       		.uleb128 0x9
 450 0227 F80A0000 		.4byte	.LASF72
 451 022b 57       		.byte	0x57
 452 022c 09       		.uleb128 0x9
 453 022d 83050000 		.4byte	.LASF73
 454 0231 58       		.byte	0x58
 455 0232 09       		.uleb128 0x9
 456 0233 D0010000 		.4byte	.LASF74
 457 0237 70       		.byte	0x70
 458 0238 09       		.uleb128 0x9
 459 0239 840C0000 		.4byte	.LASF75
 460 023d 71       		.byte	0x71
 461 023e 09       		.uleb128 0x9
 462 023f 1D070000 		.4byte	.LASF76
 463 0243 72       		.byte	0x72
 464 0244 09       		.uleb128 0x9
 465 0245 9E070000 		.4byte	.LASF77
 466 0249 73       		.byte	0x73
 467 024a 09       		.uleb128 0x9
 468 024b D3080000 		.4byte	.LASF78
 469 024f 74       		.byte	0x74
 470 0250 09       		.uleb128 0x9
 471 0251 630C0000 		.4byte	.LASF79
 472 0255 75       		.byte	0x75
 473 0256 09       		.uleb128 0x9
 474 0257 C9000000 		.4byte	.LASF80
 475 025b 76       		.byte	0x76
 476 025c 09       		.uleb128 0x9
 477 025d 62000000 		.4byte	.LASF81
 478 0261 77       		.byte	0x77
 479 0262 09       		.uleb128 0x9
 480 0263 00000000 		.4byte	.LASF82
 481 0267 78       		.byte	0x78
 482 0268 09       		.uleb128 0x9
 483 0269 210B0000 		.4byte	.LASF83
 484 026d 79       		.byte	0x79
 485 026e 09       		.uleb128 0x9
 486 026f 2F040000 		.4byte	.LASF84
 487 0273 7A       		.byte	0x7a
 488 0274 09       		.uleb128 0x9
 489 0275 B2010000 		.4byte	.LASF85
 490 0279 FA       		.byte	0xfa
 491 027a 09       		.uleb128 0x9
 492 027b C3040000 		.4byte	.LASF86
 493 027f FB       		.byte	0xfb
 494 0280 09       		.uleb128 0x9
 495 0281 EA090000 		.4byte	.LASF87
 496 0285 FC       		.byte	0xfc
 497 0286 09       		.uleb128 0x9
 498 0287 A90A0000 		.4byte	.LASF88
 499 028b FD       		.byte	0xfd
 500 028c 09       		.uleb128 0x9
 501 028d 21040000 		.4byte	.LASF89
 502 0291 FF       		.byte	0xff
 503 0292 00       		.byte	0
 504 0293 0A       		.uleb128 0xa
 505 0294 01       		.byte	0x1
ARM GAS  C:\Users\User\AppData\Local\Temp\ccpB5AqC.s 			page 13


 506 0295 2C000000 		.4byte	0x2c
 507 0299 05       		.byte	0x5
 508 029a 21       		.byte	0x21
 509 029b BE020000 		.4byte	0x2be
 510 029f 09       		.uleb128 0x9
 511 02a0 39070000 		.4byte	.LASF90
 512 02a4 00       		.byte	0
 513 02a5 09       		.uleb128 0x9
 514 02a6 81020000 		.4byte	.LASF91
 515 02aa 01       		.byte	0x1
 516 02ab 09       		.uleb128 0x9
 517 02ac 81000000 		.4byte	.LASF92
 518 02b0 02       		.byte	0x2
 519 02b1 09       		.uleb128 0x9
 520 02b2 68050000 		.4byte	.LASF93
 521 02b6 03       		.byte	0x3
 522 02b7 09       		.uleb128 0x9
 523 02b8 B4090000 		.4byte	.LASF94
 524 02bc 04       		.byte	0x4
 525 02bd 00       		.byte	0
 526 02be 0A       		.uleb128 0xa
 527 02bf 01       		.byte	0x1
 528 02c0 2C000000 		.4byte	0x2c
 529 02c4 05       		.byte	0x5
 530 02c5 2C       		.byte	0x2c
 531 02c6 DD020000 		.4byte	0x2dd
 532 02ca 09       		.uleb128 0x9
 533 02cb 23000000 		.4byte	.LASF95
 534 02cf 00       		.byte	0
 535 02d0 09       		.uleb128 0x9
 536 02d1 19080000 		.4byte	.LASF96
 537 02d5 01       		.byte	0x1
 538 02d6 09       		.uleb128 0x9
 539 02d7 440B0000 		.4byte	.LASF97
 540 02db 02       		.byte	0x2
 541 02dc 00       		.byte	0
 542 02dd 08       		.uleb128 0x8
 543 02de 01       		.byte	0x1
 544 02df 2C000000 		.4byte	0x2c
 545 02e3 06       		.byte	0x6
 546 02e4 A808     		.2byte	0x8a8
 547 02e6 15030000 		.4byte	0x315
 548 02ea 09       		.uleb128 0x9
 549 02eb 4E000000 		.4byte	.LASF98
 550 02ef 00       		.byte	0
 551 02f0 09       		.uleb128 0x9
 552 02f1 E6070000 		.4byte	.LASF99
 553 02f5 01       		.byte	0x1
 554 02f6 09       		.uleb128 0x9
 555 02f7 020C0000 		.4byte	.LASF100
 556 02fb 02       		.byte	0x2
 557 02fc 09       		.uleb128 0x9
 558 02fd 3C020000 		.4byte	.LASF101
 559 0301 03       		.byte	0x3
 560 0302 09       		.uleb128 0x9
 561 0303 FD030000 		.4byte	.LASF102
 562 0307 04       		.byte	0x4
ARM GAS  C:\Users\User\AppData\Local\Temp\ccpB5AqC.s 			page 14


 563 0308 09       		.uleb128 0x9
 564 0309 93090000 		.4byte	.LASF103
 565 030d 05       		.byte	0x5
 566 030e 09       		.uleb128 0x9
 567 030f 02030000 		.4byte	.LASF104
 568 0313 06       		.byte	0x6
 569 0314 00       		.byte	0
 570 0315 04       		.uleb128 0x4
 571 0316 D60B0000 		.4byte	.LASF105
 572 031a 06       		.byte	0x6
 573 031b B608     		.2byte	0x8b6
 574 031d DD020000 		.4byte	0x2dd
 575 0321 08       		.uleb128 0x8
 576 0322 01       		.byte	0x1
 577 0323 2C000000 		.4byte	0x2c
 578 0327 06       		.byte	0x6
 579 0328 EB08     		.2byte	0x8eb
 580 032a 53030000 		.4byte	0x353
 581 032e 09       		.uleb128 0x9
 582 032f 8E0A0000 		.4byte	.LASF106
 583 0333 00       		.byte	0
 584 0334 09       		.uleb128 0x9
 585 0335 E80A0000 		.4byte	.LASF107
 586 0339 01       		.byte	0x1
 587 033a 09       		.uleb128 0x9
 588 033b C0080000 		.4byte	.LASF108
 589 033f 02       		.byte	0x2
 590 0340 09       		.uleb128 0x9
 591 0341 E6030000 		.4byte	.LASF109
 592 0345 02       		.byte	0x2
 593 0346 09       		.uleb128 0x9
 594 0347 51010000 		.4byte	.LASF110
 595 034b 03       		.byte	0x3
 596 034c 09       		.uleb128 0x9
 597 034d 7D0A0000 		.4byte	.LASF111
 598 0351 04       		.byte	0x4
 599 0352 00       		.byte	0
 600 0353 0B       		.uleb128 0xb
 601 0354 990B0000 		.4byte	.LASF112
 602 0358 01       		.byte	0x1
 603 0359 20       		.byte	0x20
 604 035a 00000000 		.4byte	.LFB35
 605 035e 30000000 		.4byte	.LFE35-.LFB35
 606 0362 01       		.uleb128 0x1
 607 0363 9C       		.byte	0x9c
 608 0364 77030000 		.4byte	0x377
 609 0368 0C       		.uleb128 0xc
 610 0369 DE0C0000 		.4byte	.LASF114
 611 036d 01       		.byte	0x1
 612 036e 20       		.byte	0x20
 613 036f 15030000 		.4byte	0x315
 614 0373 02       		.uleb128 0x2
 615 0374 91       		.byte	0x91
 616 0375 77       		.sleb128 -9
 617 0376 00       		.byte	0
 618 0377 0B       		.uleb128 0xb
 619 0378 07060000 		.4byte	.LASF113
ARM GAS  C:\Users\User\AppData\Local\Temp\ccpB5AqC.s 			page 15


 620 037c 01       		.byte	0x1
 621 037d 64       		.byte	0x64
 622 037e 00000000 		.4byte	.LFB36
 623 0382 1C000000 		.4byte	.LFE36-.LFB36
 624 0386 01       		.uleb128 0x1
 625 0387 9C       		.byte	0x9c
 626 0388 9B030000 		.4byte	0x39b
 627 038c 0D       		.uleb128 0xd
 628 038d 6E756D00 		.ascii	"num\000"
 629 0391 01       		.byte	0x1
 630 0392 64       		.byte	0x64
 631 0393 6B000000 		.4byte	0x6b
 632 0397 02       		.uleb128 0x2
 633 0398 91       		.byte	0x91
 634 0399 77       		.sleb128 -9
 635 039a 00       		.byte	0
 636 039b 0B       		.uleb128 0xb
 637 039c C0000000 		.4byte	.LASF115
 638 03a0 01       		.byte	0x1
 639 03a1 94       		.byte	0x94
 640 03a2 00000000 		.4byte	.LFB37
 641 03a6 1C000000 		.4byte	.LFE37-.LFB37
 642 03aa 01       		.uleb128 0x1
 643 03ab 9C       		.byte	0x9c
 644 03ac BF030000 		.4byte	0x3bf
 645 03b0 0D       		.uleb128 0xd
 646 03b1 6E756D00 		.ascii	"num\000"
 647 03b5 01       		.byte	0x1
 648 03b6 94       		.byte	0x94
 649 03b7 6B000000 		.4byte	0x6b
 650 03bb 02       		.uleb128 0x2
 651 03bc 91       		.byte	0x91
 652 03bd 77       		.sleb128 -9
 653 03be 00       		.byte	0
 654 03bf 0E       		.uleb128 0xe
 655 03c0 7B010000 		.4byte	.LASF123
 656 03c4 08       		.byte	0x8
 657 03c5 11       		.byte	0x11
 658 03c6 98000000 		.4byte	0x98
 659 03ca 05       		.uleb128 0x5
 660 03cb 03       		.byte	0x3
 661 03cc 00000000 		.4byte	flag_Timer
 662 03d0 0F       		.uleb128 0xf
 663 03d1 A2000000 		.4byte	0xa2
 664 03d5 E0030000 		.4byte	0x3e0
 665 03d9 10       		.uleb128 0x10
 666 03da CE000000 		.4byte	0xce
 667 03de 07       		.byte	0x7
 668 03df 00       		.byte	0
 669 03e0 11       		.uleb128 0x11
 670 03e1 12040000 		.4byte	.LASF116
 671 03e5 03       		.byte	0x3
 672 03e6 34       		.byte	0x34
 673 03e7 D0030000 		.4byte	0x3d0
 674 03eb 05       		.uleb128 0x5
 675 03ec 03       		.byte	0x3
 676 03ed 00000000 		.4byte	OneWire_Sensor
ARM GAS  C:\Users\User\AppData\Local\Temp\ccpB5AqC.s 			page 16


 677 03f1 11       		.uleb128 0x11
 678 03f2 060D0000 		.4byte	.LASF117
 679 03f6 03       		.byte	0x3
 680 03f7 39       		.byte	0x39
 681 03f8 98000000 		.4byte	0x98
 682 03fc 05       		.uleb128 0x5
 683 03fd 03       		.byte	0x3
 684 03fe 00000000 		.4byte	OneWire_DataReady
 685 0402 11       		.uleb128 0x11
 686 0403 50070000 		.4byte	.LASF118
 687 0407 07       		.byte	0x7
 688 0408 25       		.byte	0x25
 689 0409 9D000000 		.4byte	0x9d
 690 040d 05       		.uleb128 0x5
 691 040e 03       		.byte	0x3
 692 040f 00000000 		.4byte	current_watchdog_counter
 693 0413 00       		.byte	0
 694              		.section	.debug_abbrev,"",%progbits
 695              	.Ldebug_abbrev0:
 696 0000 01       		.uleb128 0x1
 697 0001 11       		.uleb128 0x11
 698 0002 01       		.byte	0x1
 699 0003 25       		.uleb128 0x25
 700 0004 0E       		.uleb128 0xe
 701 0005 13       		.uleb128 0x13
 702 0006 0B       		.uleb128 0xb
 703 0007 03       		.uleb128 0x3
 704 0008 0E       		.uleb128 0xe
 705 0009 1B       		.uleb128 0x1b
 706 000a 0E       		.uleb128 0xe
 707 000b 55       		.uleb128 0x55
 708 000c 17       		.uleb128 0x17
 709 000d 11       		.uleb128 0x11
 710 000e 01       		.uleb128 0x1
 711 000f 10       		.uleb128 0x10
 712 0010 17       		.uleb128 0x17
 713 0011 00       		.byte	0
 714 0012 00       		.byte	0
 715 0013 02       		.uleb128 0x2
 716 0014 24       		.uleb128 0x24
 717 0015 00       		.byte	0
 718 0016 0B       		.uleb128 0xb
 719 0017 0B       		.uleb128 0xb
 720 0018 3E       		.uleb128 0x3e
 721 0019 0B       		.uleb128 0xb
 722 001a 03       		.uleb128 0x3
 723 001b 0E       		.uleb128 0xe
 724 001c 00       		.byte	0
 725 001d 00       		.byte	0
 726 001e 03       		.uleb128 0x3
 727 001f 24       		.uleb128 0x24
 728 0020 00       		.byte	0
 729 0021 0B       		.uleb128 0xb
 730 0022 0B       		.uleb128 0xb
 731 0023 3E       		.uleb128 0x3e
 732 0024 0B       		.uleb128 0xb
 733 0025 03       		.uleb128 0x3
ARM GAS  C:\Users\User\AppData\Local\Temp\ccpB5AqC.s 			page 17


 734 0026 08       		.uleb128 0x8
 735 0027 00       		.byte	0
 736 0028 00       		.byte	0
 737 0029 04       		.uleb128 0x4
 738 002a 16       		.uleb128 0x16
 739 002b 00       		.byte	0
 740 002c 03       		.uleb128 0x3
 741 002d 0E       		.uleb128 0xe
 742 002e 3A       		.uleb128 0x3a
 743 002f 0B       		.uleb128 0xb
 744 0030 3B       		.uleb128 0x3b
 745 0031 05       		.uleb128 0x5
 746 0032 49       		.uleb128 0x49
 747 0033 13       		.uleb128 0x13
 748 0034 00       		.byte	0
 749 0035 00       		.byte	0
 750 0036 05       		.uleb128 0x5
 751 0037 35       		.uleb128 0x35
 752 0038 00       		.byte	0
 753 0039 49       		.uleb128 0x49
 754 003a 13       		.uleb128 0x13
 755 003b 00       		.byte	0
 756 003c 00       		.byte	0
 757 003d 06       		.uleb128 0x6
 758 003e 13       		.uleb128 0x13
 759 003f 01       		.byte	0x1
 760 0040 03       		.uleb128 0x3
 761 0041 0E       		.uleb128 0xe
 762 0042 0B       		.uleb128 0xb
 763 0043 0B       		.uleb128 0xb
 764 0044 3A       		.uleb128 0x3a
 765 0045 0B       		.uleb128 0xb
 766 0046 3B       		.uleb128 0x3b
 767 0047 0B       		.uleb128 0xb
 768 0048 01       		.uleb128 0x1
 769 0049 13       		.uleb128 0x13
 770 004a 00       		.byte	0
 771 004b 00       		.byte	0
 772 004c 07       		.uleb128 0x7
 773 004d 0D       		.uleb128 0xd
 774 004e 00       		.byte	0
 775 004f 03       		.uleb128 0x3
 776 0050 0E       		.uleb128 0xe
 777 0051 3A       		.uleb128 0x3a
 778 0052 0B       		.uleb128 0xb
 779 0053 3B       		.uleb128 0x3b
 780 0054 0B       		.uleb128 0xb
 781 0055 49       		.uleb128 0x49
 782 0056 13       		.uleb128 0x13
 783 0057 38       		.uleb128 0x38
 784 0058 0B       		.uleb128 0xb
 785 0059 00       		.byte	0
 786 005a 00       		.byte	0
 787 005b 08       		.uleb128 0x8
 788 005c 04       		.uleb128 0x4
 789 005d 01       		.byte	0x1
 790 005e 0B       		.uleb128 0xb
ARM GAS  C:\Users\User\AppData\Local\Temp\ccpB5AqC.s 			page 18


 791 005f 0B       		.uleb128 0xb
 792 0060 49       		.uleb128 0x49
 793 0061 13       		.uleb128 0x13
 794 0062 3A       		.uleb128 0x3a
 795 0063 0B       		.uleb128 0xb
 796 0064 3B       		.uleb128 0x3b
 797 0065 05       		.uleb128 0x5
 798 0066 01       		.uleb128 0x1
 799 0067 13       		.uleb128 0x13
 800 0068 00       		.byte	0
 801 0069 00       		.byte	0
 802 006a 09       		.uleb128 0x9
 803 006b 28       		.uleb128 0x28
 804 006c 00       		.byte	0
 805 006d 03       		.uleb128 0x3
 806 006e 0E       		.uleb128 0xe
 807 006f 1C       		.uleb128 0x1c
 808 0070 0B       		.uleb128 0xb
 809 0071 00       		.byte	0
 810 0072 00       		.byte	0
 811 0073 0A       		.uleb128 0xa
 812 0074 04       		.uleb128 0x4
 813 0075 01       		.byte	0x1
 814 0076 0B       		.uleb128 0xb
 815 0077 0B       		.uleb128 0xb
 816 0078 49       		.uleb128 0x49
 817 0079 13       		.uleb128 0x13
 818 007a 3A       		.uleb128 0x3a
 819 007b 0B       		.uleb128 0xb
 820 007c 3B       		.uleb128 0x3b
 821 007d 0B       		.uleb128 0xb
 822 007e 01       		.uleb128 0x1
 823 007f 13       		.uleb128 0x13
 824 0080 00       		.byte	0
 825 0081 00       		.byte	0
 826 0082 0B       		.uleb128 0xb
 827 0083 2E       		.uleb128 0x2e
 828 0084 01       		.byte	0x1
 829 0085 3F       		.uleb128 0x3f
 830 0086 19       		.uleb128 0x19
 831 0087 03       		.uleb128 0x3
 832 0088 0E       		.uleb128 0xe
 833 0089 3A       		.uleb128 0x3a
 834 008a 0B       		.uleb128 0xb
 835 008b 3B       		.uleb128 0x3b
 836 008c 0B       		.uleb128 0xb
 837 008d 27       		.uleb128 0x27
 838 008e 19       		.uleb128 0x19
 839 008f 11       		.uleb128 0x11
 840 0090 01       		.uleb128 0x1
 841 0091 12       		.uleb128 0x12
 842 0092 06       		.uleb128 0x6
 843 0093 40       		.uleb128 0x40
 844 0094 18       		.uleb128 0x18
 845 0095 9742     		.uleb128 0x2117
 846 0097 19       		.uleb128 0x19
 847 0098 01       		.uleb128 0x1
ARM GAS  C:\Users\User\AppData\Local\Temp\ccpB5AqC.s 			page 19


 848 0099 13       		.uleb128 0x13
 849 009a 00       		.byte	0
 850 009b 00       		.byte	0
 851 009c 0C       		.uleb128 0xc
 852 009d 05       		.uleb128 0x5
 853 009e 00       		.byte	0
 854 009f 03       		.uleb128 0x3
 855 00a0 0E       		.uleb128 0xe
 856 00a1 3A       		.uleb128 0x3a
 857 00a2 0B       		.uleb128 0xb
 858 00a3 3B       		.uleb128 0x3b
 859 00a4 0B       		.uleb128 0xb
 860 00a5 49       		.uleb128 0x49
 861 00a6 13       		.uleb128 0x13
 862 00a7 02       		.uleb128 0x2
 863 00a8 18       		.uleb128 0x18
 864 00a9 00       		.byte	0
 865 00aa 00       		.byte	0
 866 00ab 0D       		.uleb128 0xd
 867 00ac 05       		.uleb128 0x5
 868 00ad 00       		.byte	0
 869 00ae 03       		.uleb128 0x3
 870 00af 08       		.uleb128 0x8
 871 00b0 3A       		.uleb128 0x3a
 872 00b1 0B       		.uleb128 0xb
 873 00b2 3B       		.uleb128 0x3b
 874 00b3 0B       		.uleb128 0xb
 875 00b4 49       		.uleb128 0x49
 876 00b5 13       		.uleb128 0x13
 877 00b6 02       		.uleb128 0x2
 878 00b7 18       		.uleb128 0x18
 879 00b8 00       		.byte	0
 880 00b9 00       		.byte	0
 881 00ba 0E       		.uleb128 0xe
 882 00bb 34       		.uleb128 0x34
 883 00bc 00       		.byte	0
 884 00bd 03       		.uleb128 0x3
 885 00be 0E       		.uleb128 0xe
 886 00bf 3A       		.uleb128 0x3a
 887 00c0 0B       		.uleb128 0xb
 888 00c1 3B       		.uleb128 0x3b
 889 00c2 0B       		.uleb128 0xb
 890 00c3 49       		.uleb128 0x49
 891 00c4 13       		.uleb128 0x13
 892 00c5 02       		.uleb128 0x2
 893 00c6 18       		.uleb128 0x18
 894 00c7 00       		.byte	0
 895 00c8 00       		.byte	0
 896 00c9 0F       		.uleb128 0xf
 897 00ca 01       		.uleb128 0x1
 898 00cb 01       		.byte	0x1
 899 00cc 49       		.uleb128 0x49
 900 00cd 13       		.uleb128 0x13
 901 00ce 01       		.uleb128 0x1
 902 00cf 13       		.uleb128 0x13
 903 00d0 00       		.byte	0
 904 00d1 00       		.byte	0
ARM GAS  C:\Users\User\AppData\Local\Temp\ccpB5AqC.s 			page 20


 905 00d2 10       		.uleb128 0x10
 906 00d3 21       		.uleb128 0x21
 907 00d4 00       		.byte	0
 908 00d5 49       		.uleb128 0x49
 909 00d6 13       		.uleb128 0x13
 910 00d7 2F       		.uleb128 0x2f
 911 00d8 0B       		.uleb128 0xb
 912 00d9 00       		.byte	0
 913 00da 00       		.byte	0
 914 00db 11       		.uleb128 0x11
 915 00dc 34       		.uleb128 0x34
 916 00dd 00       		.byte	0
 917 00de 03       		.uleb128 0x3
 918 00df 0E       		.uleb128 0xe
 919 00e0 3A       		.uleb128 0x3a
 920 00e1 0B       		.uleb128 0xb
 921 00e2 3B       		.uleb128 0x3b
 922 00e3 0B       		.uleb128 0xb
 923 00e4 49       		.uleb128 0x49
 924 00e5 13       		.uleb128 0x13
 925 00e6 3F       		.uleb128 0x3f
 926 00e7 19       		.uleb128 0x19
 927 00e8 02       		.uleb128 0x2
 928 00e9 18       		.uleb128 0x18
 929 00ea 00       		.byte	0
 930 00eb 00       		.byte	0
 931 00ec 00       		.byte	0
 932              		.section	.debug_aranges,"",%progbits
 933 0000 2C000000 		.4byte	0x2c
 934 0004 0200     		.2byte	0x2
 935 0006 00000000 		.4byte	.Ldebug_info0
 936 000a 04       		.byte	0x4
 937 000b 00       		.byte	0
 938 000c 0000     		.2byte	0
 939 000e 0000     		.2byte	0
 940 0010 00000000 		.4byte	.LFB35
 941 0014 30000000 		.4byte	.LFE35-.LFB35
 942 0018 00000000 		.4byte	.LFB36
 943 001c 1C000000 		.4byte	.LFE36-.LFB36
 944 0020 00000000 		.4byte	.LFB37
 945 0024 1C000000 		.4byte	.LFE37-.LFB37
 946 0028 00000000 		.4byte	0
 947 002c 00000000 		.4byte	0
 948              		.section	.debug_ranges,"",%progbits
 949              	.Ldebug_ranges0:
 950 0000 00000000 		.4byte	.LFB35
 951 0004 30000000 		.4byte	.LFE35
 952 0008 00000000 		.4byte	.LFB36
 953 000c 1C000000 		.4byte	.LFE36
 954 0010 00000000 		.4byte	.LFB37
 955 0014 1C000000 		.4byte	.LFE37
 956 0018 00000000 		.4byte	0
 957 001c 00000000 		.4byte	0
 958              		.section	.debug_line,"",%progbits
 959              	.Ldebug_line0:
 960 0000 52010000 		.section	.debug_str,"MS",%progbits,1
 960      02000D01 
ARM GAS  C:\Users\User\AppData\Local\Temp\ccpB5AqC.s 			page 21


 960      00000201 
 960      FB0E0D00 
 960      01010101 
 961              	.LASF82:
 962 0000 4359424C 		.ascii	"CYBLE_EVT_L2CAP_CBFC_RX_CREDIT_IND\000"
 962      455F4556 
 962      545F4C32 
 962      4341505F 
 962      43424643 
 963              	.LASF95:
 964 0023 4359424C 		.ascii	"CYBLE_HTS_CCCD\000"
 964      455F4854 
 964      535F4343 
 964      434400
 965              	.LASF23:
 966 0032 4359424C 		.ascii	"CYBLE_EVT_STACK_BUSY_STATUS\000"
 966      455F4556 
 966      545F5354 
 966      41434B5F 
 966      42555359 
 967              	.LASF98:
 968 004e 4359424C 		.ascii	"CYBLE_STATE_STOPPED\000"
 968      455F5354 
 968      4154455F 
 968      53544F50 
 968      50454400 
 969              	.LASF81:
 970 0062 4359424C 		.ascii	"CYBLE_EVT_L2CAP_CBFC_DATA_READ\000"
 970      455F4556 
 970      545F4C32 
 970      4341505F 
 970      43424643 
 971              	.LASF92:
 972 0081 4359424C 		.ascii	"CYBLE_HTS_INTERM_TEMP\000"
 972      455F4854 
 972      535F494E 
 972      5445524D 
 972      5F54454D 
 973              	.LASF35:
 974 0097 4359424C 		.ascii	"CYBLE_EVT_GAP_CONNECTION_UPDATE_COMPLETE\000"
 974      455F4556 
 974      545F4741 
 974      505F434F 
 974      4E4E4543 
 975              	.LASF115:
 976 00c0 5072696E 		.ascii	"PrintHex\000"
 976      74486578 
 976      00
 977              	.LASF80:
 978 00c9 4359424C 		.ascii	"CYBLE_EVT_L2CAP_CBFC_DISCONN_CNF\000"
 978      455F4556 
 978      545F4C32 
 978      4341505F 
 978      43424643 
 979              	.LASF40:
 980 00ea 4359424C 		.ascii	"CYBLE_EVT_GAP_OOB_GENERATED_NOTIFICATION\000"
 980      455F4556 
ARM GAS  C:\Users\User\AppData\Local\Temp\ccpB5AqC.s 			page 22


 980      545F4741 
 980      505F4F4F 
 980      425F4745 
 981              	.LASF60:
 982 0113 4359424C 		.ascii	"CYBLE_EVT_GATTC_READ_MULTI_RSP\000"
 982      455F4556 
 982      545F4741 
 982      5454435F 
 982      52454144 
 983              	.LASF65:
 984 0132 4359424C 		.ascii	"CYBLE_EVT_GATTS_EXEC_WRITE_REQ\000"
 984      455F4556 
 984      545F4741 
 984      5454535F 
 984      45584543 
 985              	.LASF110:
 986 0151 4359424C 		.ascii	"CYBLE_SRVI_HTS\000"
 986      455F5352 
 986      56495F48 
 986      545300
 987              	.LASF20:
 988 0160 4359424C 		.ascii	"CYBLE_EVT_TIMEOUT\000"
 988      455F4556 
 988      545F5449 
 988      4D454F55 
 988      5400
 989              	.LASF4:
 990 0172 6C6F6E67 		.ascii	"long int\000"
 990      20696E74 
 990      00
 991              	.LASF123:
 992 017b 666C6167 		.ascii	"flag_Timer\000"
 992      5F54696D 
 992      657200
 993              	.LASF7:
 994 0186 6C6F6E67 		.ascii	"long long unsigned int\000"
 994      206C6F6E 
 994      6720756E 
 994      7369676E 
 994      65642069 
 995              	.LASF22:
 996 019d 4359424C 		.ascii	"CYBLE_EVT_HCI_STATUS\000"
 996      455F4556 
 996      545F4843 
 996      495F5354 
 996      41545553 
 997              	.LASF85:
 998 01b2 4359424C 		.ascii	"CYBLE_EVT_PENDING_FLASH_WRITE\000"
 998      455F4556 
 998      545F5045 
 998      4E44494E 
 998      475F464C 
 999              	.LASF74:
 1000 01d0 4359424C 		.ascii	"CYBLE_EVT_L2CAP_CONN_PARAM_UPDATE_REQ\000"
 1000      455F4556 
 1000      545F4C32 
 1000      4341505F 
ARM GAS  C:\Users\User\AppData\Local\Temp\ccpB5AqC.s 			page 23


 1000      434F4E4E 
 1001              	.LASF34:
 1002 01f6 4359424C 		.ascii	"CYBLE_EVT_GAP_ENCRYPT_CHANGE\000"
 1002      455F4556 
 1002      545F4741 
 1002      505F454E 
 1002      43525950 
 1003              	.LASF38:
 1004 0213 4359424C 		.ascii	"CYBLE_EVT_GAP_NUMERIC_COMPARISON_REQUEST\000"
 1004      455F4556 
 1004      545F4741 
 1004      505F4E55 
 1004      4D455249 
 1005              	.LASF101:
 1006 023c 4359424C 		.ascii	"CYBLE_STATE_ADVERTISING\000"
 1006      455F5354 
 1006      4154455F 
 1006      41445645 
 1006      52544953 
 1007              	.LASF6:
 1008 0254 6C6F6E67 		.ascii	"long long int\000"
 1008      206C6F6E 
 1008      6720696E 
 1008      7400
 1009              	.LASF0:
 1010 0262 7369676E 		.ascii	"signed char\000"
 1010      65642063 
 1010      68617200 
 1011              	.LASF19:
 1012 026e 4359424C 		.ascii	"CYBLE_EVT_STACK_ON\000"
 1012      455F4556 
 1012      545F5354 
 1012      41434B5F 
 1012      4F4E00
 1013              	.LASF91:
 1014 0281 4359424C 		.ascii	"CYBLE_HTS_TEMP_TYPE\000"
 1014      455F4854 
 1014      535F5445 
 1014      4D505F54 
 1014      59504500 
 1015              	.LASF36:
 1016 0295 4359424C 		.ascii	"CYBLE_EVT_GAPC_SCAN_START_STOP\000"
 1016      455F4556 
 1016      545F4741 
 1016      50435F53 
 1016      43414E5F 
 1017              	.LASF26:
 1018 02b4 4359424C 		.ascii	"CYBLE_EVT_GAP_AUTH_REQ\000"
 1018      455F4556 
 1018      545F4741 
 1018      505F4155 
 1018      54485F52 
 1019              	.LASF58:
 1020 02cb 4359424C 		.ascii	"CYBLE_EVT_GATTC_READ_RSP\000"
 1020      455F4556 
 1020      545F4741 
 1020      5454435F 
ARM GAS  C:\Users\User\AppData\Local\Temp\ccpB5AqC.s 			page 24


 1020      52454144 
 1021              	.LASF63:
 1022 02e4 4359424C 		.ascii	"CYBLE_EVT_GATTS_WRITE_CMD_REQ\000"
 1022      455F4556 
 1022      545F4741 
 1022      5454535F 
 1022      57524954 
 1023              	.LASF104:
 1024 0302 4359424C 		.ascii	"CYBLE_STATE_DISCONNECTED\000"
 1024      455F5354 
 1024      4154455F 
 1024      44495343 
 1024      4F4E4E45 
 1025              	.LASF31:
 1026 031b 4359424C 		.ascii	"CYBLE_EVT_GAPP_ADVERTISEMENT_START_STOP\000"
 1026      455F4556 
 1026      545F4741 
 1026      50505F41 
 1026      44564552 
 1027              	.LASF9:
 1028 0343 75696E74 		.ascii	"uint8\000"
 1028      3800
 1029              	.LASF120:
 1030 0349 2E2E5C2E 		.ascii	"..\\..\\..\\PSoC-4-BLE-master\\100_Projects_in_100_"
 1030      2E5C2E2E 
 1030      5C50536F 
 1030      432D342D 
 1030      424C452D 
 1031 0378 44617973 		.ascii	"Days\\Day049_BLE_Mesh_Flood\\Mesh_Flood\\Mesh_Flood"
 1031      5C446179 
 1031      3034395F 
 1031      424C455F 
 1031      4D657368 
 1032 03a8 5F50536F 		.ascii	"_PSoC4BLE.cydsn\\debug.c\000"
 1032      4334424C 
 1032      452E6379 
 1032      64736E5C 
 1032      64656275 
 1033              	.LASF66:
 1034 03c0 4359424C 		.ascii	"CYBLE_EVT_GATTC_EXEC_WRITE_RSP\000"
 1034      455F4556 
 1034      545F4741 
 1034      5454435F 
 1034      45584543 
 1035              	.LASF12:
 1036 03df 646F7562 		.ascii	"double\000"
 1036      6C6500
 1037              	.LASF109:
 1038 03e6 4359424C 		.ascii	"CYBLE_SRVI_CUSTOMS_END\000"
 1038      455F5352 
 1038      56495F43 
 1038      5553544F 
 1038      4D535F45 
 1039              	.LASF102:
 1040 03fd 4359424C 		.ascii	"CYBLE_STATE_SCANNING\000"
 1040      455F5354 
 1040      4154455F 
ARM GAS  C:\Users\User\AppData\Local\Temp\ccpB5AqC.s 			page 25


 1040      5343414E 
 1040      4E494E47 
 1041              	.LASF116:
 1042 0412 4F6E6557 		.ascii	"OneWire_Sensor\000"
 1042      6972655F 
 1042      53656E73 
 1042      6F7200
 1043              	.LASF89:
 1044 0421 4359424C 		.ascii	"CYBLE_EVT_MAX\000"
 1044      455F4556 
 1044      545F4D41 
 1044      5800
 1045              	.LASF84:
 1046 042f 4359424C 		.ascii	"CYBLE_EVT_L2CAP_CBFC_DATA_WRITE_IND\000"
 1046      455F4556 
 1046      545F4C32 
 1046      4341505F 
 1046      43424643 
 1047              	.LASF46:
 1048 0453 4359424C 		.ascii	"CYBLE_EVT_GAP_SCAN_REQ_RECVD\000"
 1048      455F4556 
 1048      545F4741 
 1048      505F5343 
 1048      414E5F52 
 1049              	.LASF25:
 1050 0470 4359424C 		.ascii	"CYBLE_EVT_GAPC_SCAN_PROGRESS_RESULT\000"
 1050      455F4556 
 1050      545F4741 
 1050      50435F53 
 1050      43414E5F 
 1051              	.LASF71:
 1052 0494 4359424C 		.ascii	"CYBLE_EVT_GATTC_STOP_CMD_COMPLETE\000"
 1052      455F4556 
 1052      545F4741 
 1052      5454435F 
 1052      53544F50 
 1053              	.LASF8:
 1054 04b6 756E7369 		.ascii	"unsigned int\000"
 1054      676E6564 
 1054      20696E74 
 1054      00
 1055              	.LASF86:
 1056 04c3 4359424C 		.ascii	"CYBLE_EVT_LE_PING_AUTH_TIMEOUT\000"
 1056      455F4556 
 1056      545F4C45 
 1056      5F50494E 
 1056      475F4155 
 1057              	.LASF5:
 1058 04e2 6C6F6E67 		.ascii	"long unsigned int\000"
 1058      20756E73 
 1058      69676E65 
 1058      6420696E 
 1058      7400
 1059              	.LASF45:
 1060 04f4 4359424C 		.ascii	"CYBLE_EVT_GAP_CONN_ESTB\000"
 1060      455F4556 
 1060      545F4741 
ARM GAS  C:\Users\User\AppData\Local\Temp\ccpB5AqC.s 			page 26


 1060      505F434F 
 1060      4E4E5F45 
 1061              	.LASF61:
 1062 050c 4359424C 		.ascii	"CYBLE_EVT_GATTS_WRITE_REQ\000"
 1062      455F4556 
 1062      545F4741 
 1062      5454535F 
 1062      57524954 
 1063              	.LASF53:
 1064 0526 4359424C 		.ascii	"CYBLE_EVT_GATTC_XCHNG_MTU_RSP\000"
 1064      455F4556 
 1064      545F4741 
 1064      5454435F 
 1064      5843484E 
 1065              	.LASF70:
 1066 0544 4359424C 		.ascii	"CYBLE_EVT_GATTS_DATA_SIGNED_CMD_REQ\000"
 1066      455F4556 
 1066      545F4741 
 1066      5454535F 
 1066      44415441 
 1067              	.LASF93:
 1068 0568 4359424C 		.ascii	"CYBLE_HTS_MEASURE_INTERVAL\000"
 1068      455F4854 
 1068      535F4D45 
 1068      41535552 
 1068      455F494E 
 1069              	.LASF73:
 1070 0583 4359424C 		.ascii	"CYBLE_EVT_GATTC_LONG_PROCEDURE_END\000"
 1070      455F4556 
 1070      545F4741 
 1070      5454435F 
 1070      4C4F4E47 
 1071              	.LASF3:
 1072 05a6 73686F72 		.ascii	"short unsigned int\000"
 1072      7420756E 
 1072      7369676E 
 1072      65642069 
 1072      6E7400
 1073              	.LASF18:
 1074 05b9 4359424C 		.ascii	"CYBLE_EVT_HOST_INVALID\000"
 1074      455F4556 
 1074      545F484F 
 1074      53545F49 
 1074      4E56414C 
 1075              	.LASF56:
 1076 05d0 4359424C 		.ascii	"CYBLE_EVT_GATTC_FIND_INFO_RSP\000"
 1076      455F4556 
 1076      545F4741 
 1076      5454435F 
 1076      46494E44 
 1077              	.LASF24:
 1078 05ee 4359424C 		.ascii	"CYBLE_EVT_MEMORY_REQUEST\000"
 1078      455F4556 
 1078      545F4D45 
 1078      4D4F5259 
 1078      5F524551 
 1079              	.LASF113:
ARM GAS  C:\Users\User\AppData\Local\Temp\ccpB5AqC.s 			page 27


 1080 0607 5072696E 		.ascii	"PrintNum\000"
 1080      744E756D 
 1080      00
 1081              	.LASF27:
 1082 0610 4359424C 		.ascii	"CYBLE_EVT_GAP_PASSKEY_ENTRY_REQUEST\000"
 1082      455F4556 
 1082      545F4741 
 1082      505F5041 
 1082      53534B45 
 1083              	.LASF32:
 1084 0634 4359424C 		.ascii	"CYBLE_EVT_GAP_DEVICE_CONNECTED\000"
 1084      455F4556 
 1084      545F4741 
 1084      505F4445 
 1084      56494345 
 1085              	.LASF47:
 1086 0653 4359424C 		.ascii	"CYBLE_EVT_GAP_AUTH_REQ_REPLY_ERR\000"
 1086      455F4556 
 1086      545F4741 
 1086      505F4155 
 1086      54485F52 
 1087              	.LASF119:
 1088 0674 474E5520 		.ascii	"GNU C11 5.4.1 20160609 (release) [ARM/embedded-5-br"
 1088      43313120 
 1088      352E342E 
 1088      31203230 
 1088      31363036 
 1089 06a7 616E6368 		.ascii	"anch revision 237715] -mcpu=cortex-m0 -mthumb -g -O"
 1089      20726576 
 1089      6973696F 
 1089      6E203233 
 1089      37373135 
 1090 06da 30202D66 		.ascii	"0 -ffunction-sections -ffat-lto-objects\000"
 1090      66756E63 
 1090      74696F6E 
 1090      2D736563 
 1090      74696F6E 
 1091              	.LASF50:
 1092 0702 4359424C 		.ascii	"CYBLE_EVT_GATT_CONNECT_IND\000"
 1092      455F4556 
 1092      545F4741 
 1092      54545F43 
 1092      4F4E4E45 
 1093              	.LASF76:
 1094 071d 4359424C 		.ascii	"CYBLE_EVT_L2CAP_COMMAND_REJ\000"
 1094      455F4556 
 1094      545F4C32 
 1094      4341505F 
 1094      434F4D4D 
 1095              	.LASF90:
 1096 0739 4359424C 		.ascii	"CYBLE_HTS_TEMP_MEASURE\000"
 1096      455F4854 
 1096      535F5445 
 1096      4D505F4D 
 1096      45415355 
 1097              	.LASF118:
 1098 0750 63757272 		.ascii	"current_watchdog_counter\000"
ARM GAS  C:\Users\User\AppData\Local\Temp\ccpB5AqC.s 			page 28


 1098      656E745F 
 1098      77617463 
 1098      68646F67 
 1098      5F636F75 
 1099              	.LASF48:
 1100 0769 4359424C 		.ascii	"CYBLE_EVT_GAP_SMP_LOC_P256_KEYS_GEN_AND_SET_COMPLET"
 1100      455F4556 
 1100      545F4741 
 1100      505F534D 
 1100      505F4C4F 
 1101 079c 4500     		.ascii	"E\000"
 1102              	.LASF77:
 1103 079e 4359424C 		.ascii	"CYBLE_EVT_L2CAP_CBFC_CONN_IND\000"
 1103      455F4556 
 1103      545F4C32 
 1103      4341505F 
 1103      43424643 
 1104              	.LASF55:
 1105 07bc 4359424C 		.ascii	"CYBLE_EVT_GATTC_READ_BY_TYPE_RSP\000"
 1105      455F4556 
 1105      545F4741 
 1105      5454435F 
 1105      52454144 
 1106              	.LASF17:
 1107 07dd 73697A65 		.ascii	"sizetype\000"
 1107      74797065 
 1107      00
 1108              	.LASF99:
 1109 07e6 4359424C 		.ascii	"CYBLE_STATE_INITIALIZING\000"
 1109      455F5354 
 1109      4154455F 
 1109      494E4954 
 1109      49414C49 
 1110              	.LASF30:
 1111 07ff 4359424C 		.ascii	"CYBLE_EVT_GAP_AUTH_FAILED\000"
 1111      455F4556 
 1111      545F4741 
 1111      505F4155 
 1111      54485F46 
 1112              	.LASF96:
 1113 0819 4359424C 		.ascii	"CYBLE_HTS_VRD\000"
 1113      455F4854 
 1113      535F5652 
 1113      4400
 1114              	.LASF62:
 1115 0827 4359424C 		.ascii	"CYBLE_EVT_GATTC_WRITE_RSP\000"
 1115      455F4556 
 1115      545F4741 
 1115      5454435F 
 1115      57524954 
 1116              	.LASF43:
 1117 0841 4359424C 		.ascii	"CYBLE_EVT_GAPC_DIRECT_ADV_REPORT\000"
 1117      455F4556 
 1117      545F4741 
 1117      50435F44 
 1117      49524543 
 1118              	.LASF41:
ARM GAS  C:\Users\User\AppData\Local\Temp\ccpB5AqC.s 			page 29


 1119 0862 4359424C 		.ascii	"CYBLE_EVT_GAP_DATA_LENGTH_CHANGE\000"
 1119      455F4556 
 1119      545F4741 
 1119      505F4441 
 1119      54415F4C 
 1120              	.LASF29:
 1121 0883 4359424C 		.ascii	"CYBLE_EVT_GAP_AUTH_COMPLETE\000"
 1121      455F4556 
 1121      545F4741 
 1121      505F4155 
 1121      54485F43 
 1122              	.LASF67:
 1123 089f 4359424C 		.ascii	"CYBLE_EVT_GATTC_HANDLE_VALUE_NTF\000"
 1123      455F4556 
 1123      545F4741 
 1123      5454435F 
 1123      48414E44 
 1124              	.LASF108:
 1125 08c0 4359424C 		.ascii	"CYBLE_SRVI_CUSTOMS\000"
 1125      455F5352 
 1125      56495F43 
 1125      5553544F 
 1125      4D5300
 1126              	.LASF78:
 1127 08d3 4359424C 		.ascii	"CYBLE_EVT_L2CAP_CBFC_CONN_CNF\000"
 1127      455F4556 
 1127      545F4C32 
 1127      4341505F 
 1127      43424643 
 1128              	.LASF54:
 1129 08f1 4359424C 		.ascii	"CYBLE_EVT_GATTC_READ_BY_GROUP_TYPE_RSP\000"
 1129      455F4556 
 1129      545F4741 
 1129      5454435F 
 1129      52454144 
 1130              	.LASF11:
 1131 0918 666C6F61 		.ascii	"float\000"
 1131      7400
 1132              	.LASF15:
 1133 091e 70726573 		.ascii	"present\000"
 1133      656E7400 
 1134              	.LASF121:
 1135 0926 433A5C55 		.ascii	"C:\\Users\\User\\Desktop\\Hi\\Demo1\\TM_Mesh_System"
 1135      73657273 
 1135      5C557365 
 1135      725C4465 
 1135      736B746F 
 1136 0953 2E637964 		.ascii	".cydsn\000"
 1136      736E00
 1137              	.LASF1:
 1138 095a 756E7369 		.ascii	"unsigned char\000"
 1138      676E6564 
 1138      20636861 
 1138      7200
 1139              	.LASF10:
 1140 0968 75696E74 		.ascii	"uint16\000"
 1140      313600
ARM GAS  C:\Users\User\AppData\Local\Temp\ccpB5AqC.s 			page 30


 1141              	.LASF39:
 1142 096f 4359424C 		.ascii	"CYBLE_EVT_GAP_KEYPRESS_NOTIFICATION\000"
 1142      455F4556 
 1142      545F4741 
 1142      505F4B45 
 1142      59505245 
 1143              	.LASF103:
 1144 0993 4359424C 		.ascii	"CYBLE_STATE_CONNECTING\000"
 1144      455F5354 
 1144      4154455F 
 1144      434F4E4E 
 1144      45435449 
 1145              	.LASF2:
 1146 09aa 73686F72 		.ascii	"short int\000"
 1146      7420696E 
 1146      7400
 1147              	.LASF94:
 1148 09b4 4359424C 		.ascii	"CYBLE_HTS_CHAR_COUNT\000"
 1148      455F4854 
 1148      535F4348 
 1148      41525F43 
 1148      4F554E54 
 1149              	.LASF68:
 1150 09c9 4359424C 		.ascii	"CYBLE_EVT_GATTC_HANDLE_VALUE_IND\000"
 1150      455F4556 
 1150      545F4741 
 1150      5454435F 
 1150      48414E44 
 1151              	.LASF87:
 1152 09ea 4359424C 		.ascii	"CYBLE_EVT_HCI_PKT\000"
 1152      455F4556 
 1152      545F4843 
 1152      495F504B 
 1152      5400
 1153              	.LASF64:
 1154 09fc 4359424C 		.ascii	"CYBLE_EVT_GATTS_PREP_WRITE_REQ\000"
 1154      455F4556 
 1154      545F4741 
 1154      5454535F 
 1154      50524550 
 1155              	.LASF69:
 1156 0a1b 4359424C 		.ascii	"CYBLE_EVT_GATTS_HANDLE_VALUE_CNF\000"
 1156      455F4556 
 1156      545F4741 
 1156      5454535F 
 1156      48414E44 
 1157              	.LASF49:
 1158 0a3c 4359424C 		.ascii	"CYBLE_EVT_GATTC_ERROR_RSP\000"
 1158      455F4556 
 1158      545F4741 
 1158      5454435F 
 1158      4552524F 
 1159              	.LASF44:
 1160 0a56 4359424C 		.ascii	"CYBLE_EVT_GAP_SMP_NEGOTIATED_AUTH_INFO\000"
 1160      455F4556 
 1160      545F4741 
 1160      505F534D 
ARM GAS  C:\Users\User\AppData\Local\Temp\ccpB5AqC.s 			page 31


 1160      505F4E45 
 1161              	.LASF111:
 1162 0a7d 4359424C 		.ascii	"CYBLE_SRVI_COUNT\000"
 1162      455F5352 
 1162      56495F43 
 1162      4F554E54 
 1162      00
 1163              	.LASF106:
 1164 0a8e 4359424C 		.ascii	"CYBLE_SRVI_GAP\000"
 1164      455F5352 
 1164      56495F47 
 1164      415000
 1165              	.LASF16:
 1166 0a9d 6C6F6E67 		.ascii	"long double\000"
 1166      20646F75 
 1166      626C6500 
 1167              	.LASF88:
 1168 0aa9 4359424C 		.ascii	"CYBLE_EVT_FLASH_CORRUPT\000"
 1168      455F4556 
 1168      545F464C 
 1168      4153485F 
 1168      434F5252 
 1169              	.LASF13:
 1170 0ac1 63686172 		.ascii	"char\000"
 1170      00
 1171              	.LASF33:
 1172 0ac6 4359424C 		.ascii	"CYBLE_EVT_GAP_DEVICE_DISCONNECTED\000"
 1172      455F4556 
 1172      545F4741 
 1172      505F4445 
 1172      56494345 
 1173              	.LASF107:
 1174 0ae8 4359424C 		.ascii	"CYBLE_SRVI_GATT\000"
 1174      455F5352 
 1174      56495F47 
 1174      41545400 
 1175              	.LASF72:
 1176 0af8 4359424C 		.ascii	"CYBLE_EVT_GATTS_READ_CHAR_VAL_ACCESS_REQ\000"
 1176      455F4556 
 1176      545F4741 
 1176      5454535F 
 1176      52454144 
 1177              	.LASF83:
 1178 0b21 4359424C 		.ascii	"CYBLE_EVT_L2CAP_CBFC_TX_CREDIT_IND\000"
 1178      455F4556 
 1178      545F4C32 
 1178      4341505F 
 1178      43424643 
 1179              	.LASF97:
 1180 0b44 4359424C 		.ascii	"CYBLE_HTS_DESCR_COUNT\000"
 1180      455F4854 
 1180      535F4445 
 1180      5343525F 
 1180      434F554E 
 1181              	.LASF28:
 1182 0b5a 4359424C 		.ascii	"CYBLE_EVT_GAP_PASSKEY_DISPLAY_REQUEST\000"
 1182      455F4556 
ARM GAS  C:\Users\User\AppData\Local\Temp\ccpB5AqC.s 			page 32


 1182      545F4741 
 1182      505F5041 
 1182      53534B45 
 1183              	.LASF21:
 1184 0b80 4359424C 		.ascii	"CYBLE_EVT_HARDWARE_ERROR\000"
 1184      455F4556 
 1184      545F4841 
 1184      52445741 
 1184      52455F45 
 1185              	.LASF112:
 1186 0b99 53656E64 		.ascii	"SendBLEStatetoUART\000"
 1186      424C4553 
 1186      74617465 
 1186      746F5541 
 1186      525400
 1187              	.LASF52:
 1188 0bac 4359424C 		.ascii	"CYBLE_EVT_GATTS_XCNHG_MTU_REQ\000"
 1188      455F4556 
 1188      545F4741 
 1188      5454535F 
 1188      58434E48 
 1189              	.LASF14:
 1190 0bca 54656D70 		.ascii	"Temperature\000"
 1190      65726174 
 1190      75726500 
 1191              	.LASF105:
 1192 0bd6 4359424C 		.ascii	"CYBLE_STATE_T\000"
 1192      455F5354 
 1192      4154455F 
 1192      5400
 1193              	.LASF59:
 1194 0be4 4359424C 		.ascii	"CYBLE_EVT_GATTC_READ_BLOB_RSP\000"
 1194      455F4556 
 1194      545F4741 
 1194      5454435F 
 1194      52454144 
 1195              	.LASF100:
 1196 0c02 4359424C 		.ascii	"CYBLE_STATE_CONNECTED\000"
 1196      455F5354 
 1196      4154455F 
 1196      434F4E4E 
 1196      45435445 
 1197              	.LASF57:
 1198 0c18 4359424C 		.ascii	"CYBLE_EVT_GATTC_FIND_BY_TYPE_VALUE_RSP\000"
 1198      455F4556 
 1198      545F4741 
 1198      5454435F 
 1198      46494E44 
 1199              	.LASF37:
 1200 0c3f 4359424C 		.ascii	"CYBLE_EVT_GAP_KEYINFO_EXCHNGE_CMPLT\000"
 1200      455F4556 
 1200      545F4741 
 1200      505F4B45 
 1200      59494E46 
 1201              	.LASF79:
 1202 0c63 4359424C 		.ascii	"CYBLE_EVT_L2CAP_CBFC_DISCONN_IND\000"
 1202      455F4556 
ARM GAS  C:\Users\User\AppData\Local\Temp\ccpB5AqC.s 			page 33


 1202      545F4C32 
 1202      4341505F 
 1202      43424643 
 1203              	.LASF75:
 1204 0c84 4359424C 		.ascii	"CYBLE_EVT_L2CAP_CONN_PARAM_UPDATE_RSP\000"
 1204      455F4556 
 1204      545F4C32 
 1204      4341505F 
 1204      434F4E4E 
 1205              	.LASF122:
 1206 0caa 4F6E6557 		.ascii	"OneWire_TSensor\000"
 1206      6972655F 
 1206      5453656E 
 1206      736F7200 
 1207              	.LASF42:
 1208 0cba 4359424C 		.ascii	"CYBLE_EVT_GAP_ENHANCE_CONN_COMPLETE\000"
 1208      455F4556 
 1208      545F4741 
 1208      505F454E 
 1208      48414E43 
 1209              	.LASF114:
 1210 0cde 626C655F 		.ascii	"ble_state\000"
 1210      73746174 
 1210      6500
 1211              	.LASF51:
 1212 0ce8 4359424C 		.ascii	"CYBLE_EVT_GATT_DISCONNECT_IND\000"
 1212      455F4556 
 1212      545F4741 
 1212      54545F44 
 1212      4953434F 
 1213              	.LASF117:
 1214 0d06 4F6E6557 		.ascii	"OneWire_DataReady\000"
 1214      6972655F 
 1214      44617461 
 1214      52656164 
 1214      7900
 1215              		.ident	"GCC: (GNU Tools for ARM Embedded Processors) 5.4.1 20160609 (release) [ARM/embedded-5-bran
