ARM GAS  C:\Users\User\AppData\Local\Temp\cccCLk5s.s 			page 1


   1              		.syntax unified
   2              		.cpu cortex-m0
   3              		.fpu softvfp
   4              		.eabi_attribute 20, 1
   5              		.eabi_attribute 21, 1
   6              		.eabi_attribute 23, 3
   7              		.eabi_attribute 24, 1
   8              		.eabi_attribute 25, 1
   9              		.eabi_attribute 26, 1
  10              		.eabi_attribute 30, 6
  11              		.eabi_attribute 34, 0
  12              		.eabi_attribute 18, 4
  13              		.thumb
  14              		.syntax unified
  15              		.file	"isr_WDT.c"
  16              		.text
  17              	.Ltext0:
  18              		.cfi_sections	.debug_frame
  19              		.section	.text.isr_WDT_Start,"ax",%progbits
  20              		.align	2
  21              		.global	isr_WDT_Start
  22              		.code	16
  23              		.thumb_func
  24              		.type	isr_WDT_Start, %function
  25              	isr_WDT_Start:
  26              	.LFB2:
  27              		.file 1 "Generated_Source\\PSoC4\\isr_WDT.c"
   1:Generated_Source\PSoC4/isr_WDT.c **** /*******************************************************************************
   2:Generated_Source\PSoC4/isr_WDT.c **** * File Name: isr_WDT.c  
   3:Generated_Source\PSoC4/isr_WDT.c **** * Version 1.70
   4:Generated_Source\PSoC4/isr_WDT.c **** *
   5:Generated_Source\PSoC4/isr_WDT.c **** *  Description:
   6:Generated_Source\PSoC4/isr_WDT.c **** *   API for controlling the state of an interrupt.
   7:Generated_Source\PSoC4/isr_WDT.c **** *
   8:Generated_Source\PSoC4/isr_WDT.c **** *
   9:Generated_Source\PSoC4/isr_WDT.c **** *  Note:
  10:Generated_Source\PSoC4/isr_WDT.c **** *
  11:Generated_Source\PSoC4/isr_WDT.c **** ********************************************************************************
  12:Generated_Source\PSoC4/isr_WDT.c **** * Copyright 2008-2015, Cypress Semiconductor Corporation.  All rights reserved.
  13:Generated_Source\PSoC4/isr_WDT.c **** * You may use this file only in accordance with the license, terms, conditions, 
  14:Generated_Source\PSoC4/isr_WDT.c **** * disclaimers, and limitations in the end user license agreement accompanying 
  15:Generated_Source\PSoC4/isr_WDT.c **** * the software package with which this file was provided.
  16:Generated_Source\PSoC4/isr_WDT.c **** *******************************************************************************/
  17:Generated_Source\PSoC4/isr_WDT.c **** 
  18:Generated_Source\PSoC4/isr_WDT.c **** 
  19:Generated_Source\PSoC4/isr_WDT.c **** #include <cydevice_trm.h>
  20:Generated_Source\PSoC4/isr_WDT.c **** #include <CyLib.h>
  21:Generated_Source\PSoC4/isr_WDT.c **** #include <isr_WDT.h>
  22:Generated_Source\PSoC4/isr_WDT.c **** 
  23:Generated_Source\PSoC4/isr_WDT.c **** 
  24:Generated_Source\PSoC4/isr_WDT.c **** #if !defined(isr_WDT__REMOVED) /* Check for removal by optimization */
  25:Generated_Source\PSoC4/isr_WDT.c **** 
  26:Generated_Source\PSoC4/isr_WDT.c **** /*******************************************************************************
  27:Generated_Source\PSoC4/isr_WDT.c **** *  Place your includes, defines and code here 
  28:Generated_Source\PSoC4/isr_WDT.c **** ********************************************************************************/
  29:Generated_Source\PSoC4/isr_WDT.c **** /* `#START isr_WDT_intc` */
  30:Generated_Source\PSoC4/isr_WDT.c **** 
ARM GAS  C:\Users\User\AppData\Local\Temp\cccCLk5s.s 			page 2


  31:Generated_Source\PSoC4/isr_WDT.c **** /* `#END` */
  32:Generated_Source\PSoC4/isr_WDT.c **** 
  33:Generated_Source\PSoC4/isr_WDT.c **** extern cyisraddress CyRamVectors[CYINT_IRQ_BASE + CY_NUM_INTERRUPTS];
  34:Generated_Source\PSoC4/isr_WDT.c **** 
  35:Generated_Source\PSoC4/isr_WDT.c **** /* Declared in startup, used to set unused interrupts to. */
  36:Generated_Source\PSoC4/isr_WDT.c **** CY_ISR_PROTO(IntDefaultHandler);
  37:Generated_Source\PSoC4/isr_WDT.c **** 
  38:Generated_Source\PSoC4/isr_WDT.c **** 
  39:Generated_Source\PSoC4/isr_WDT.c **** /*******************************************************************************
  40:Generated_Source\PSoC4/isr_WDT.c **** * Function Name: isr_WDT_Start
  41:Generated_Source\PSoC4/isr_WDT.c **** ********************************************************************************
  42:Generated_Source\PSoC4/isr_WDT.c **** *
  43:Generated_Source\PSoC4/isr_WDT.c **** * Summary:
  44:Generated_Source\PSoC4/isr_WDT.c **** *  Set up the interrupt and enable it. This function disables the interrupt, 
  45:Generated_Source\PSoC4/isr_WDT.c **** *  sets the default interrupt vector, sets the priority from the value in the
  46:Generated_Source\PSoC4/isr_WDT.c **** *  Design Wide Resources Interrupt Editor, then enables the interrupt to the 
  47:Generated_Source\PSoC4/isr_WDT.c **** *  interrupt controller.
  48:Generated_Source\PSoC4/isr_WDT.c **** *
  49:Generated_Source\PSoC4/isr_WDT.c **** * Parameters:  
  50:Generated_Source\PSoC4/isr_WDT.c **** *   None
  51:Generated_Source\PSoC4/isr_WDT.c **** *
  52:Generated_Source\PSoC4/isr_WDT.c **** * Return:
  53:Generated_Source\PSoC4/isr_WDT.c **** *   None
  54:Generated_Source\PSoC4/isr_WDT.c **** *
  55:Generated_Source\PSoC4/isr_WDT.c **** *******************************************************************************/
  56:Generated_Source\PSoC4/isr_WDT.c **** void isr_WDT_Start(void)
  57:Generated_Source\PSoC4/isr_WDT.c **** {
  28              		.loc 1 57 0
  29              		.cfi_startproc
  30              		@ args = 0, pretend = 0, frame = 0
  31              		@ frame_needed = 1, uses_anonymous_args = 0
  32 0000 80B5     		push	{r7, lr}
  33              		.cfi_def_cfa_offset 8
  34              		.cfi_offset 7, -8
  35              		.cfi_offset 14, -4
  36 0002 00AF     		add	r7, sp, #0
  37              		.cfi_def_cfa_register 7
  58:Generated_Source\PSoC4/isr_WDT.c ****     /* For all we know the interrupt is active. */
  59:Generated_Source\PSoC4/isr_WDT.c ****     isr_WDT_Disable();
  38              		.loc 1 59 0
  39 0004 FFF7FEFF 		bl	isr_WDT_Disable
  60:Generated_Source\PSoC4/isr_WDT.c **** 
  61:Generated_Source\PSoC4/isr_WDT.c ****     /* Set the ISR to point to the isr_WDT Interrupt. */
  62:Generated_Source\PSoC4/isr_WDT.c ****     isr_WDT_SetVector(&isr_WDT_Interrupt);
  40              		.loc 1 62 0
  41 0008 054B     		ldr	r3, .L2
  42 000a 1800     		movs	r0, r3
  43 000c FFF7FEFF 		bl	isr_WDT_SetVector
  63:Generated_Source\PSoC4/isr_WDT.c **** 
  64:Generated_Source\PSoC4/isr_WDT.c ****     /* Set the priority. */
  65:Generated_Source\PSoC4/isr_WDT.c ****     isr_WDT_SetPriority((uint8)isr_WDT_INTC_PRIOR_NUMBER);
  44              		.loc 1 65 0
  45 0010 0320     		movs	r0, #3
  46 0012 FFF7FEFF 		bl	isr_WDT_SetPriority
  66:Generated_Source\PSoC4/isr_WDT.c **** 
  67:Generated_Source\PSoC4/isr_WDT.c ****     /* Enable it. */
  68:Generated_Source\PSoC4/isr_WDT.c ****     isr_WDT_Enable();
ARM GAS  C:\Users\User\AppData\Local\Temp\cccCLk5s.s 			page 3


  47              		.loc 1 68 0
  48 0016 FFF7FEFF 		bl	isr_WDT_Enable
  69:Generated_Source\PSoC4/isr_WDT.c **** }
  49              		.loc 1 69 0
  50 001a C046     		nop
  51 001c BD46     		mov	sp, r7
  52              		@ sp needed
  53 001e 80BD     		pop	{r7, pc}
  54              	.L3:
  55              		.align	2
  56              	.L2:
  57 0020 00000000 		.word	isr_WDT_Interrupt
  58              		.cfi_endproc
  59              	.LFE2:
  60              		.size	isr_WDT_Start, .-isr_WDT_Start
  61              		.section	.text.isr_WDT_StartEx,"ax",%progbits
  62              		.align	2
  63              		.global	isr_WDT_StartEx
  64              		.code	16
  65              		.thumb_func
  66              		.type	isr_WDT_StartEx, %function
  67              	isr_WDT_StartEx:
  68              	.LFB3:
  70:Generated_Source\PSoC4/isr_WDT.c **** 
  71:Generated_Source\PSoC4/isr_WDT.c **** 
  72:Generated_Source\PSoC4/isr_WDT.c **** /*******************************************************************************
  73:Generated_Source\PSoC4/isr_WDT.c **** * Function Name: isr_WDT_StartEx
  74:Generated_Source\PSoC4/isr_WDT.c **** ********************************************************************************
  75:Generated_Source\PSoC4/isr_WDT.c **** *
  76:Generated_Source\PSoC4/isr_WDT.c **** * Summary:
  77:Generated_Source\PSoC4/isr_WDT.c **** *  Sets up the interrupt and enables it. This function disables the interrupt,
  78:Generated_Source\PSoC4/isr_WDT.c **** *  sets the interrupt vector based on the address passed in, sets the priority 
  79:Generated_Source\PSoC4/isr_WDT.c **** *  from the value in the Design Wide Resources Interrupt Editor, then enables 
  80:Generated_Source\PSoC4/isr_WDT.c **** *  the interrupt to the interrupt controller.
  81:Generated_Source\PSoC4/isr_WDT.c **** *  
  82:Generated_Source\PSoC4/isr_WDT.c **** *  When defining ISR functions, the CY_ISR and CY_ISR_PROTO macros should be 
  83:Generated_Source\PSoC4/isr_WDT.c **** *  used to provide consistent definition across compilers:
  84:Generated_Source\PSoC4/isr_WDT.c **** *  
  85:Generated_Source\PSoC4/isr_WDT.c **** *  Function definition example:
  86:Generated_Source\PSoC4/isr_WDT.c **** *   CY_ISR(MyISR)
  87:Generated_Source\PSoC4/isr_WDT.c **** *   {
  88:Generated_Source\PSoC4/isr_WDT.c **** *   }
  89:Generated_Source\PSoC4/isr_WDT.c **** *   Function prototype example:
  90:Generated_Source\PSoC4/isr_WDT.c **** *   CY_ISR_PROTO(MyISR);
  91:Generated_Source\PSoC4/isr_WDT.c **** *
  92:Generated_Source\PSoC4/isr_WDT.c **** * Parameters:  
  93:Generated_Source\PSoC4/isr_WDT.c **** *   address: Address of the ISR to set in the interrupt vector table.
  94:Generated_Source\PSoC4/isr_WDT.c **** *
  95:Generated_Source\PSoC4/isr_WDT.c **** * Return:
  96:Generated_Source\PSoC4/isr_WDT.c **** *   None
  97:Generated_Source\PSoC4/isr_WDT.c **** *
  98:Generated_Source\PSoC4/isr_WDT.c **** *******************************************************************************/
  99:Generated_Source\PSoC4/isr_WDT.c **** void isr_WDT_StartEx(cyisraddress address)
 100:Generated_Source\PSoC4/isr_WDT.c **** {
  69              		.loc 1 100 0
  70              		.cfi_startproc
  71              		@ args = 0, pretend = 0, frame = 8
ARM GAS  C:\Users\User\AppData\Local\Temp\cccCLk5s.s 			page 4


  72              		@ frame_needed = 1, uses_anonymous_args = 0
  73 0000 80B5     		push	{r7, lr}
  74              		.cfi_def_cfa_offset 8
  75              		.cfi_offset 7, -8
  76              		.cfi_offset 14, -4
  77 0002 82B0     		sub	sp, sp, #8
  78              		.cfi_def_cfa_offset 16
  79 0004 00AF     		add	r7, sp, #0
  80              		.cfi_def_cfa_register 7
  81 0006 7860     		str	r0, [r7, #4]
 101:Generated_Source\PSoC4/isr_WDT.c ****     /* For all we know the interrupt is active. */
 102:Generated_Source\PSoC4/isr_WDT.c ****     isr_WDT_Disable();
  82              		.loc 1 102 0
  83 0008 FFF7FEFF 		bl	isr_WDT_Disable
 103:Generated_Source\PSoC4/isr_WDT.c **** 
 104:Generated_Source\PSoC4/isr_WDT.c ****     /* Set the ISR to point to the isr_WDT Interrupt. */
 105:Generated_Source\PSoC4/isr_WDT.c ****     isr_WDT_SetVector(address);
  84              		.loc 1 105 0
  85 000c 7B68     		ldr	r3, [r7, #4]
  86 000e 1800     		movs	r0, r3
  87 0010 FFF7FEFF 		bl	isr_WDT_SetVector
 106:Generated_Source\PSoC4/isr_WDT.c **** 
 107:Generated_Source\PSoC4/isr_WDT.c ****     /* Set the priority. */
 108:Generated_Source\PSoC4/isr_WDT.c ****     isr_WDT_SetPriority((uint8)isr_WDT_INTC_PRIOR_NUMBER);
  88              		.loc 1 108 0
  89 0014 0320     		movs	r0, #3
  90 0016 FFF7FEFF 		bl	isr_WDT_SetPriority
 109:Generated_Source\PSoC4/isr_WDT.c **** 
 110:Generated_Source\PSoC4/isr_WDT.c ****     /* Enable it. */
 111:Generated_Source\PSoC4/isr_WDT.c ****     isr_WDT_Enable();
  91              		.loc 1 111 0
  92 001a FFF7FEFF 		bl	isr_WDT_Enable
 112:Generated_Source\PSoC4/isr_WDT.c **** }
  93              		.loc 1 112 0
  94 001e C046     		nop
  95 0020 BD46     		mov	sp, r7
  96 0022 02B0     		add	sp, sp, #8
  97              		@ sp needed
  98 0024 80BD     		pop	{r7, pc}
  99              		.cfi_endproc
 100              	.LFE3:
 101              		.size	isr_WDT_StartEx, .-isr_WDT_StartEx
 102 0026 C046     		.section	.text.isr_WDT_Stop,"ax",%progbits
 103              		.align	2
 104              		.global	isr_WDT_Stop
 105              		.code	16
 106              		.thumb_func
 107              		.type	isr_WDT_Stop, %function
 108              	isr_WDT_Stop:
 109              	.LFB4:
 113:Generated_Source\PSoC4/isr_WDT.c **** 
 114:Generated_Source\PSoC4/isr_WDT.c **** 
 115:Generated_Source\PSoC4/isr_WDT.c **** /*******************************************************************************
 116:Generated_Source\PSoC4/isr_WDT.c **** * Function Name: isr_WDT_Stop
 117:Generated_Source\PSoC4/isr_WDT.c **** ********************************************************************************
 118:Generated_Source\PSoC4/isr_WDT.c **** *
 119:Generated_Source\PSoC4/isr_WDT.c **** * Summary:
ARM GAS  C:\Users\User\AppData\Local\Temp\cccCLk5s.s 			page 5


 120:Generated_Source\PSoC4/isr_WDT.c **** *   Disables and removes the interrupt.
 121:Generated_Source\PSoC4/isr_WDT.c **** *
 122:Generated_Source\PSoC4/isr_WDT.c **** * Parameters:  
 123:Generated_Source\PSoC4/isr_WDT.c **** *   None
 124:Generated_Source\PSoC4/isr_WDT.c **** *
 125:Generated_Source\PSoC4/isr_WDT.c **** * Return:
 126:Generated_Source\PSoC4/isr_WDT.c **** *   None
 127:Generated_Source\PSoC4/isr_WDT.c **** *
 128:Generated_Source\PSoC4/isr_WDT.c **** *******************************************************************************/
 129:Generated_Source\PSoC4/isr_WDT.c **** void isr_WDT_Stop(void)
 130:Generated_Source\PSoC4/isr_WDT.c **** {
 110              		.loc 1 130 0
 111              		.cfi_startproc
 112              		@ args = 0, pretend = 0, frame = 0
 113              		@ frame_needed = 1, uses_anonymous_args = 0
 114 0000 80B5     		push	{r7, lr}
 115              		.cfi_def_cfa_offset 8
 116              		.cfi_offset 7, -8
 117              		.cfi_offset 14, -4
 118 0002 00AF     		add	r7, sp, #0
 119              		.cfi_def_cfa_register 7
 131:Generated_Source\PSoC4/isr_WDT.c ****     /* Disable this interrupt. */
 132:Generated_Source\PSoC4/isr_WDT.c ****     isr_WDT_Disable();
 120              		.loc 1 132 0
 121 0004 FFF7FEFF 		bl	isr_WDT_Disable
 133:Generated_Source\PSoC4/isr_WDT.c **** 
 134:Generated_Source\PSoC4/isr_WDT.c ****     /* Set the ISR to point to the passive one. */
 135:Generated_Source\PSoC4/isr_WDT.c ****     isr_WDT_SetVector(&IntDefaultHandler);
 122              		.loc 1 135 0
 123 0008 034B     		ldr	r3, .L6
 124 000a 1800     		movs	r0, r3
 125 000c FFF7FEFF 		bl	isr_WDT_SetVector
 136:Generated_Source\PSoC4/isr_WDT.c **** }
 126              		.loc 1 136 0
 127 0010 C046     		nop
 128 0012 BD46     		mov	sp, r7
 129              		@ sp needed
 130 0014 80BD     		pop	{r7, pc}
 131              	.L7:
 132 0016 C046     		.align	2
 133              	.L6:
 134 0018 00000000 		.word	IntDefaultHandler
 135              		.cfi_endproc
 136              	.LFE4:
 137              		.size	isr_WDT_Stop, .-isr_WDT_Stop
 138              		.section	.text.isr_WDT_Interrupt,"ax",%progbits
 139              		.align	2
 140              		.global	isr_WDT_Interrupt
 141              		.code	16
 142              		.thumb_func
 143              		.type	isr_WDT_Interrupt, %function
 144              	isr_WDT_Interrupt:
 145              	.LFB5:
 137:Generated_Source\PSoC4/isr_WDT.c **** 
 138:Generated_Source\PSoC4/isr_WDT.c **** 
 139:Generated_Source\PSoC4/isr_WDT.c **** /*******************************************************************************
 140:Generated_Source\PSoC4/isr_WDT.c **** * Function Name: isr_WDT_Interrupt
ARM GAS  C:\Users\User\AppData\Local\Temp\cccCLk5s.s 			page 6


 141:Generated_Source\PSoC4/isr_WDT.c **** ********************************************************************************
 142:Generated_Source\PSoC4/isr_WDT.c **** *
 143:Generated_Source\PSoC4/isr_WDT.c **** * Summary:
 144:Generated_Source\PSoC4/isr_WDT.c **** *   The default Interrupt Service Routine for isr_WDT.
 145:Generated_Source\PSoC4/isr_WDT.c **** *
 146:Generated_Source\PSoC4/isr_WDT.c **** *   Add custom code between the START and END comments to keep the next version
 147:Generated_Source\PSoC4/isr_WDT.c **** *   of this file from over-writing your code.
 148:Generated_Source\PSoC4/isr_WDT.c **** *
 149:Generated_Source\PSoC4/isr_WDT.c **** *   Note You may use either the default ISR by using this API, or you may define
 150:Generated_Source\PSoC4/isr_WDT.c **** *   your own separate ISR through ISR_StartEx().
 151:Generated_Source\PSoC4/isr_WDT.c **** *
 152:Generated_Source\PSoC4/isr_WDT.c **** * Parameters:  
 153:Generated_Source\PSoC4/isr_WDT.c **** *   None
 154:Generated_Source\PSoC4/isr_WDT.c **** *
 155:Generated_Source\PSoC4/isr_WDT.c **** * Return:
 156:Generated_Source\PSoC4/isr_WDT.c **** *   None
 157:Generated_Source\PSoC4/isr_WDT.c **** *
 158:Generated_Source\PSoC4/isr_WDT.c **** *******************************************************************************/
 159:Generated_Source\PSoC4/isr_WDT.c **** CY_ISR(isr_WDT_Interrupt)
 160:Generated_Source\PSoC4/isr_WDT.c **** {
 146              		.loc 1 160 0
 147              		.cfi_startproc
 148              		@ args = 0, pretend = 0, frame = 0
 149              		@ frame_needed = 1, uses_anonymous_args = 0
 150 0000 80B5     		push	{r7, lr}
 151              		.cfi_def_cfa_offset 8
 152              		.cfi_offset 7, -8
 153              		.cfi_offset 14, -4
 154 0002 00AF     		add	r7, sp, #0
 155              		.cfi_def_cfa_register 7
 161:Generated_Source\PSoC4/isr_WDT.c ****     #ifdef isr_WDT_INTERRUPT_INTERRUPT_CALLBACK
 162:Generated_Source\PSoC4/isr_WDT.c ****         isr_WDT_Interrupt_InterruptCallback();
 163:Generated_Source\PSoC4/isr_WDT.c ****     #endif /* isr_WDT_INTERRUPT_INTERRUPT_CALLBACK */ 
 164:Generated_Source\PSoC4/isr_WDT.c **** 
 165:Generated_Source\PSoC4/isr_WDT.c ****     /*  Place your Interrupt code here. */
 166:Generated_Source\PSoC4/isr_WDT.c ****     /* `#START isr_WDT_Interrupt` */
 167:Generated_Source\PSoC4/isr_WDT.c **** 
 168:Generated_Source\PSoC4/isr_WDT.c ****     /* `#END` */
 169:Generated_Source\PSoC4/isr_WDT.c **** }
 156              		.loc 1 169 0
 157 0004 C046     		nop
 158 0006 BD46     		mov	sp, r7
 159              		@ sp needed
 160 0008 80BD     		pop	{r7, pc}
 161              		.cfi_endproc
 162              	.LFE5:
 163              		.size	isr_WDT_Interrupt, .-isr_WDT_Interrupt
 164              		.section	.text.isr_WDT_SetVector,"ax",%progbits
 165              		.align	2
 166              		.global	isr_WDT_SetVector
 167              		.code	16
 168              		.thumb_func
 169              		.type	isr_WDT_SetVector, %function
 170              	isr_WDT_SetVector:
 171              	.LFB6:
 170:Generated_Source\PSoC4/isr_WDT.c **** 
 171:Generated_Source\PSoC4/isr_WDT.c **** 
ARM GAS  C:\Users\User\AppData\Local\Temp\cccCLk5s.s 			page 7


 172:Generated_Source\PSoC4/isr_WDT.c **** /*******************************************************************************
 173:Generated_Source\PSoC4/isr_WDT.c **** * Function Name: isr_WDT_SetVector
 174:Generated_Source\PSoC4/isr_WDT.c **** ********************************************************************************
 175:Generated_Source\PSoC4/isr_WDT.c **** *
 176:Generated_Source\PSoC4/isr_WDT.c **** * Summary:
 177:Generated_Source\PSoC4/isr_WDT.c **** *   Change the ISR vector for the Interrupt. Note calling isr_WDT_Start
 178:Generated_Source\PSoC4/isr_WDT.c **** *   will override any effect this method would have had. To set the vector 
 179:Generated_Source\PSoC4/isr_WDT.c **** *   before the component has been started use isr_WDT_StartEx instead.
 180:Generated_Source\PSoC4/isr_WDT.c **** * 
 181:Generated_Source\PSoC4/isr_WDT.c **** *   When defining ISR functions, the CY_ISR and CY_ISR_PROTO macros should be 
 182:Generated_Source\PSoC4/isr_WDT.c **** *   used to provide consistent definition across compilers:
 183:Generated_Source\PSoC4/isr_WDT.c **** *
 184:Generated_Source\PSoC4/isr_WDT.c **** *   Function definition example:
 185:Generated_Source\PSoC4/isr_WDT.c **** *   CY_ISR(MyISR)
 186:Generated_Source\PSoC4/isr_WDT.c **** *   {
 187:Generated_Source\PSoC4/isr_WDT.c **** *   }
 188:Generated_Source\PSoC4/isr_WDT.c **** *
 189:Generated_Source\PSoC4/isr_WDT.c **** *   Function prototype example:
 190:Generated_Source\PSoC4/isr_WDT.c **** *     CY_ISR_PROTO(MyISR);
 191:Generated_Source\PSoC4/isr_WDT.c **** *
 192:Generated_Source\PSoC4/isr_WDT.c **** * Parameters:
 193:Generated_Source\PSoC4/isr_WDT.c **** *   address: Address of the ISR to set in the interrupt vector table.
 194:Generated_Source\PSoC4/isr_WDT.c **** *
 195:Generated_Source\PSoC4/isr_WDT.c **** * Return:
 196:Generated_Source\PSoC4/isr_WDT.c **** *   None
 197:Generated_Source\PSoC4/isr_WDT.c **** *
 198:Generated_Source\PSoC4/isr_WDT.c **** *******************************************************************************/
 199:Generated_Source\PSoC4/isr_WDT.c **** void isr_WDT_SetVector(cyisraddress address)
 200:Generated_Source\PSoC4/isr_WDT.c **** {
 172              		.loc 1 200 0
 173              		.cfi_startproc
 174              		@ args = 0, pretend = 0, frame = 8
 175              		@ frame_needed = 1, uses_anonymous_args = 0
 176 0000 80B5     		push	{r7, lr}
 177              		.cfi_def_cfa_offset 8
 178              		.cfi_offset 7, -8
 179              		.cfi_offset 14, -4
 180 0002 82B0     		sub	sp, sp, #8
 181              		.cfi_def_cfa_offset 16
 182 0004 00AF     		add	r7, sp, #0
 183              		.cfi_def_cfa_register 7
 184 0006 7860     		str	r0, [r7, #4]
 201:Generated_Source\PSoC4/isr_WDT.c ****     CyRamVectors[CYINT_IRQ_BASE + isr_WDT__INTC_NUMBER] = address;
 185              		.loc 1 201 0
 186 0008 034B     		ldr	r3, .L10
 187 000a 7A68     		ldr	r2, [r7, #4]
 188 000c 1A66     		str	r2, [r3, #96]
 202:Generated_Source\PSoC4/isr_WDT.c **** }
 189              		.loc 1 202 0
 190 000e C046     		nop
 191 0010 BD46     		mov	sp, r7
 192 0012 02B0     		add	sp, sp, #8
 193              		@ sp needed
 194 0014 80BD     		pop	{r7, pc}
 195              	.L11:
 196 0016 C046     		.align	2
 197              	.L10:
ARM GAS  C:\Users\User\AppData\Local\Temp\cccCLk5s.s 			page 8


 198 0018 00000000 		.word	CyRamVectors
 199              		.cfi_endproc
 200              	.LFE6:
 201              		.size	isr_WDT_SetVector, .-isr_WDT_SetVector
 202              		.section	.text.isr_WDT_GetVector,"ax",%progbits
 203              		.align	2
 204              		.global	isr_WDT_GetVector
 205              		.code	16
 206              		.thumb_func
 207              		.type	isr_WDT_GetVector, %function
 208              	isr_WDT_GetVector:
 209              	.LFB7:
 203:Generated_Source\PSoC4/isr_WDT.c **** 
 204:Generated_Source\PSoC4/isr_WDT.c **** 
 205:Generated_Source\PSoC4/isr_WDT.c **** /*******************************************************************************
 206:Generated_Source\PSoC4/isr_WDT.c **** * Function Name: isr_WDT_GetVector
 207:Generated_Source\PSoC4/isr_WDT.c **** ********************************************************************************
 208:Generated_Source\PSoC4/isr_WDT.c **** *
 209:Generated_Source\PSoC4/isr_WDT.c **** * Summary:
 210:Generated_Source\PSoC4/isr_WDT.c **** *   Gets the "address" of the current ISR vector for the Interrupt.
 211:Generated_Source\PSoC4/isr_WDT.c **** *
 212:Generated_Source\PSoC4/isr_WDT.c **** * Parameters:
 213:Generated_Source\PSoC4/isr_WDT.c **** *   None
 214:Generated_Source\PSoC4/isr_WDT.c **** *
 215:Generated_Source\PSoC4/isr_WDT.c **** * Return:
 216:Generated_Source\PSoC4/isr_WDT.c **** *   Address of the ISR in the interrupt vector table.
 217:Generated_Source\PSoC4/isr_WDT.c **** *
 218:Generated_Source\PSoC4/isr_WDT.c **** *******************************************************************************/
 219:Generated_Source\PSoC4/isr_WDT.c **** cyisraddress isr_WDT_GetVector(void)
 220:Generated_Source\PSoC4/isr_WDT.c **** {
 210              		.loc 1 220 0
 211              		.cfi_startproc
 212              		@ args = 0, pretend = 0, frame = 0
 213              		@ frame_needed = 1, uses_anonymous_args = 0
 214 0000 80B5     		push	{r7, lr}
 215              		.cfi_def_cfa_offset 8
 216              		.cfi_offset 7, -8
 217              		.cfi_offset 14, -4
 218 0002 00AF     		add	r7, sp, #0
 219              		.cfi_def_cfa_register 7
 221:Generated_Source\PSoC4/isr_WDT.c ****     return CyRamVectors[CYINT_IRQ_BASE + isr_WDT__INTC_NUMBER];
 220              		.loc 1 221 0
 221 0004 024B     		ldr	r3, .L14
 222 0006 1B6E     		ldr	r3, [r3, #96]
 222:Generated_Source\PSoC4/isr_WDT.c **** }
 223              		.loc 1 222 0
 224 0008 1800     		movs	r0, r3
 225 000a BD46     		mov	sp, r7
 226              		@ sp needed
 227 000c 80BD     		pop	{r7, pc}
 228              	.L15:
 229 000e C046     		.align	2
 230              	.L14:
 231 0010 00000000 		.word	CyRamVectors
 232              		.cfi_endproc
 233              	.LFE7:
 234              		.size	isr_WDT_GetVector, .-isr_WDT_GetVector
ARM GAS  C:\Users\User\AppData\Local\Temp\cccCLk5s.s 			page 9


 235              		.section	.text.isr_WDT_SetPriority,"ax",%progbits
 236              		.align	2
 237              		.global	isr_WDT_SetPriority
 238              		.code	16
 239              		.thumb_func
 240              		.type	isr_WDT_SetPriority, %function
 241              	isr_WDT_SetPriority:
 242              	.LFB8:
 223:Generated_Source\PSoC4/isr_WDT.c **** 
 224:Generated_Source\PSoC4/isr_WDT.c **** 
 225:Generated_Source\PSoC4/isr_WDT.c **** /*******************************************************************************
 226:Generated_Source\PSoC4/isr_WDT.c **** * Function Name: isr_WDT_SetPriority
 227:Generated_Source\PSoC4/isr_WDT.c **** ********************************************************************************
 228:Generated_Source\PSoC4/isr_WDT.c **** *
 229:Generated_Source\PSoC4/isr_WDT.c **** * Summary:
 230:Generated_Source\PSoC4/isr_WDT.c **** *   Sets the Priority of the Interrupt. 
 231:Generated_Source\PSoC4/isr_WDT.c **** *
 232:Generated_Source\PSoC4/isr_WDT.c **** *   Note calling isr_WDT_Start or isr_WDT_StartEx will 
 233:Generated_Source\PSoC4/isr_WDT.c **** *   override any effect this API would have had. This API should only be called
 234:Generated_Source\PSoC4/isr_WDT.c **** *   after isr_WDT_Start or isr_WDT_StartEx has been called. 
 235:Generated_Source\PSoC4/isr_WDT.c **** *   To set the initial priority for the component, use the Design-Wide Resources
 236:Generated_Source\PSoC4/isr_WDT.c **** *   Interrupt Editor.
 237:Generated_Source\PSoC4/isr_WDT.c **** *
 238:Generated_Source\PSoC4/isr_WDT.c **** *   Note This API has no effect on Non-maskable interrupt NMI).
 239:Generated_Source\PSoC4/isr_WDT.c **** *
 240:Generated_Source\PSoC4/isr_WDT.c **** * Parameters:
 241:Generated_Source\PSoC4/isr_WDT.c **** *   priority: Priority of the interrupt, 0 being the highest priority
 242:Generated_Source\PSoC4/isr_WDT.c **** *             PSoC 3 and PSoC 5LP: Priority is from 0 to 7.
 243:Generated_Source\PSoC4/isr_WDT.c **** *             PSoC 4: Priority is from 0 to 3.
 244:Generated_Source\PSoC4/isr_WDT.c **** *
 245:Generated_Source\PSoC4/isr_WDT.c **** * Return:
 246:Generated_Source\PSoC4/isr_WDT.c **** *   None
 247:Generated_Source\PSoC4/isr_WDT.c **** *
 248:Generated_Source\PSoC4/isr_WDT.c **** *******************************************************************************/
 249:Generated_Source\PSoC4/isr_WDT.c **** void isr_WDT_SetPriority(uint8 priority)
 250:Generated_Source\PSoC4/isr_WDT.c **** {
 243              		.loc 1 250 0
 244              		.cfi_startproc
 245              		@ args = 0, pretend = 0, frame = 16
 246              		@ frame_needed = 1, uses_anonymous_args = 0
 247 0000 90B5     		push	{r4, r7, lr}
 248              		.cfi_def_cfa_offset 12
 249              		.cfi_offset 4, -12
 250              		.cfi_offset 7, -8
 251              		.cfi_offset 14, -4
 252 0002 85B0     		sub	sp, sp, #20
 253              		.cfi_def_cfa_offset 32
 254 0004 00AF     		add	r7, sp, #0
 255              		.cfi_def_cfa_register 7
 256 0006 0200     		movs	r2, r0
 257 0008 FB1D     		adds	r3, r7, #7
 258 000a 1A70     		strb	r2, [r3]
 251:Generated_Source\PSoC4/isr_WDT.c **** 	uint8 interruptState;
 252:Generated_Source\PSoC4/isr_WDT.c ****     uint32 priorityOffset = ((isr_WDT__INTC_NUMBER % 4u) * 8u) + 6u;
 259              		.loc 1 252 0
 260 000c 0623     		movs	r3, #6
 261 000e FB60     		str	r3, [r7, #12]
ARM GAS  C:\Users\User\AppData\Local\Temp\cccCLk5s.s 			page 10


 253:Generated_Source\PSoC4/isr_WDT.c ****     
 254:Generated_Source\PSoC4/isr_WDT.c **** 	interruptState = CyEnterCriticalSection();
 262              		.loc 1 254 0
 263 0010 0B23     		movs	r3, #11
 264 0012 FC18     		adds	r4, r7, r3
 265 0014 FFF7FEFF 		bl	CyEnterCriticalSection
 266 0018 0300     		movs	r3, r0
 267 001a 2370     		strb	r3, [r4]
 255:Generated_Source\PSoC4/isr_WDT.c ****     *isr_WDT_INTC_PRIOR = (*isr_WDT_INTC_PRIOR & (uint32)(~isr_WDT__INTC_PRIOR_MASK)) |
 268              		.loc 1 255 0
 269 001c 0B4B     		ldr	r3, .L17
 270 001e 0B4A     		ldr	r2, .L17
 271 0020 1268     		ldr	r2, [r2]
 272 0022 C021     		movs	r1, #192
 273 0024 8A43     		bics	r2, r1
 274 0026 1100     		movs	r1, r2
 256:Generated_Source\PSoC4/isr_WDT.c ****                                     ((uint32)priority << priorityOffset);
 275              		.loc 1 256 0
 276 0028 FA1D     		adds	r2, r7, #7
 277 002a 1078     		ldrb	r0, [r2]
 278 002c FA68     		ldr	r2, [r7, #12]
 279 002e 9040     		lsls	r0, r0, r2
 280 0030 0200     		movs	r2, r0
 255:Generated_Source\PSoC4/isr_WDT.c ****     *isr_WDT_INTC_PRIOR = (*isr_WDT_INTC_PRIOR & (uint32)(~isr_WDT__INTC_PRIOR_MASK)) |
 281              		.loc 1 255 0
 282 0032 0A43     		orrs	r2, r1
 283 0034 1A60     		str	r2, [r3]
 257:Generated_Source\PSoC4/isr_WDT.c **** 	CyExitCriticalSection(interruptState);
 284              		.loc 1 257 0
 285 0036 0B23     		movs	r3, #11
 286 0038 FB18     		adds	r3, r7, r3
 287 003a 1B78     		ldrb	r3, [r3]
 288 003c 1800     		movs	r0, r3
 289 003e FFF7FEFF 		bl	CyExitCriticalSection
 258:Generated_Source\PSoC4/isr_WDT.c **** }
 290              		.loc 1 258 0
 291 0042 C046     		nop
 292 0044 BD46     		mov	sp, r7
 293 0046 05B0     		add	sp, sp, #20
 294              		@ sp needed
 295 0048 90BD     		pop	{r4, r7, pc}
 296              	.L18:
 297 004a C046     		.align	2
 298              	.L17:
 299 004c 08E400E0 		.word	-536812536
 300              		.cfi_endproc
 301              	.LFE8:
 302              		.size	isr_WDT_SetPriority, .-isr_WDT_SetPriority
 303              		.section	.text.isr_WDT_GetPriority,"ax",%progbits
 304              		.align	2
 305              		.global	isr_WDT_GetPriority
 306              		.code	16
 307              		.thumb_func
 308              		.type	isr_WDT_GetPriority, %function
 309              	isr_WDT_GetPriority:
 310              	.LFB9:
 259:Generated_Source\PSoC4/isr_WDT.c **** 
ARM GAS  C:\Users\User\AppData\Local\Temp\cccCLk5s.s 			page 11


 260:Generated_Source\PSoC4/isr_WDT.c **** 
 261:Generated_Source\PSoC4/isr_WDT.c **** /*******************************************************************************
 262:Generated_Source\PSoC4/isr_WDT.c **** * Function Name: isr_WDT_GetPriority
 263:Generated_Source\PSoC4/isr_WDT.c **** ********************************************************************************
 264:Generated_Source\PSoC4/isr_WDT.c **** *
 265:Generated_Source\PSoC4/isr_WDT.c **** * Summary:
 266:Generated_Source\PSoC4/isr_WDT.c **** *   Gets the Priority of the Interrupt.
 267:Generated_Source\PSoC4/isr_WDT.c **** *
 268:Generated_Source\PSoC4/isr_WDT.c **** * Parameters:
 269:Generated_Source\PSoC4/isr_WDT.c **** *   None
 270:Generated_Source\PSoC4/isr_WDT.c **** *
 271:Generated_Source\PSoC4/isr_WDT.c **** * Return:
 272:Generated_Source\PSoC4/isr_WDT.c **** *   Priority of the interrupt, 0 being the highest priority
 273:Generated_Source\PSoC4/isr_WDT.c **** *    PSoC 3 and PSoC 5LP: Priority is from 0 to 7.
 274:Generated_Source\PSoC4/isr_WDT.c **** *    PSoC 4: Priority is from 0 to 3.
 275:Generated_Source\PSoC4/isr_WDT.c **** *
 276:Generated_Source\PSoC4/isr_WDT.c **** *******************************************************************************/
 277:Generated_Source\PSoC4/isr_WDT.c **** uint8 isr_WDT_GetPriority(void)
 278:Generated_Source\PSoC4/isr_WDT.c **** {
 311              		.loc 1 278 0
 312              		.cfi_startproc
 313              		@ args = 0, pretend = 0, frame = 8
 314              		@ frame_needed = 1, uses_anonymous_args = 0
 315 0000 80B5     		push	{r7, lr}
 316              		.cfi_def_cfa_offset 8
 317              		.cfi_offset 7, -8
 318              		.cfi_offset 14, -4
 319 0002 82B0     		sub	sp, sp, #8
 320              		.cfi_def_cfa_offset 16
 321 0004 00AF     		add	r7, sp, #0
 322              		.cfi_def_cfa_register 7
 279:Generated_Source\PSoC4/isr_WDT.c ****     uint32 priority;
 280:Generated_Source\PSoC4/isr_WDT.c **** 	uint32 priorityOffset = ((isr_WDT__INTC_NUMBER % 4u) * 8u) + 6u;
 323              		.loc 1 280 0
 324 0006 0623     		movs	r3, #6
 325 0008 7B60     		str	r3, [r7, #4]
 281:Generated_Source\PSoC4/isr_WDT.c **** 
 282:Generated_Source\PSoC4/isr_WDT.c ****     priority = (*isr_WDT_INTC_PRIOR & isr_WDT__INTC_PRIOR_MASK) >> priorityOffset;
 326              		.loc 1 282 0
 327 000a 074B     		ldr	r3, .L21
 328 000c 1B68     		ldr	r3, [r3]
 329 000e C022     		movs	r2, #192
 330 0010 1A40     		ands	r2, r3
 331 0012 7B68     		ldr	r3, [r7, #4]
 332 0014 DA40     		lsrs	r2, r2, r3
 333 0016 1300     		movs	r3, r2
 334 0018 3B60     		str	r3, [r7]
 283:Generated_Source\PSoC4/isr_WDT.c **** 
 284:Generated_Source\PSoC4/isr_WDT.c ****     return (uint8)priority;
 335              		.loc 1 284 0
 336 001a 3B68     		ldr	r3, [r7]
 337 001c DBB2     		uxtb	r3, r3
 285:Generated_Source\PSoC4/isr_WDT.c **** }
 338              		.loc 1 285 0
 339 001e 1800     		movs	r0, r3
 340 0020 BD46     		mov	sp, r7
 341 0022 02B0     		add	sp, sp, #8
ARM GAS  C:\Users\User\AppData\Local\Temp\cccCLk5s.s 			page 12


 342              		@ sp needed
 343 0024 80BD     		pop	{r7, pc}
 344              	.L22:
 345 0026 C046     		.align	2
 346              	.L21:
 347 0028 08E400E0 		.word	-536812536
 348              		.cfi_endproc
 349              	.LFE9:
 350              		.size	isr_WDT_GetPriority, .-isr_WDT_GetPriority
 351              		.section	.text.isr_WDT_Enable,"ax",%progbits
 352              		.align	2
 353              		.global	isr_WDT_Enable
 354              		.code	16
 355              		.thumb_func
 356              		.type	isr_WDT_Enable, %function
 357              	isr_WDT_Enable:
 358              	.LFB10:
 286:Generated_Source\PSoC4/isr_WDT.c **** 
 287:Generated_Source\PSoC4/isr_WDT.c **** 
 288:Generated_Source\PSoC4/isr_WDT.c **** /*******************************************************************************
 289:Generated_Source\PSoC4/isr_WDT.c **** * Function Name: isr_WDT_Enable
 290:Generated_Source\PSoC4/isr_WDT.c **** ********************************************************************************
 291:Generated_Source\PSoC4/isr_WDT.c **** *
 292:Generated_Source\PSoC4/isr_WDT.c **** * Summary:
 293:Generated_Source\PSoC4/isr_WDT.c **** *   Enables the interrupt to the interrupt controller. Do not call this function
 294:Generated_Source\PSoC4/isr_WDT.c **** *   unless ISR_Start() has been called or the functionality of the ISR_Start() 
 295:Generated_Source\PSoC4/isr_WDT.c **** *   function, which sets the vector and the priority, has been called.
 296:Generated_Source\PSoC4/isr_WDT.c **** *
 297:Generated_Source\PSoC4/isr_WDT.c **** * Parameters:
 298:Generated_Source\PSoC4/isr_WDT.c **** *   None
 299:Generated_Source\PSoC4/isr_WDT.c **** *
 300:Generated_Source\PSoC4/isr_WDT.c **** * Return:
 301:Generated_Source\PSoC4/isr_WDT.c **** *   None
 302:Generated_Source\PSoC4/isr_WDT.c **** *
 303:Generated_Source\PSoC4/isr_WDT.c **** *******************************************************************************/
 304:Generated_Source\PSoC4/isr_WDT.c **** void isr_WDT_Enable(void)
 305:Generated_Source\PSoC4/isr_WDT.c **** {
 359              		.loc 1 305 0
 360              		.cfi_startproc
 361              		@ args = 0, pretend = 0, frame = 0
 362              		@ frame_needed = 1, uses_anonymous_args = 0
 363 0000 80B5     		push	{r7, lr}
 364              		.cfi_def_cfa_offset 8
 365              		.cfi_offset 7, -8
 366              		.cfi_offset 14, -4
 367 0002 00AF     		add	r7, sp, #0
 368              		.cfi_def_cfa_register 7
 306:Generated_Source\PSoC4/isr_WDT.c ****     /* Enable the general interrupt. */
 307:Generated_Source\PSoC4/isr_WDT.c ****     *isr_WDT_INTC_SET_EN = isr_WDT__INTC_MASK;
 369              		.loc 1 307 0
 370 0004 034B     		ldr	r3, .L24
 371 0006 8022     		movs	r2, #128
 372 0008 5200     		lsls	r2, r2, #1
 373 000a 1A60     		str	r2, [r3]
 308:Generated_Source\PSoC4/isr_WDT.c **** }
 374              		.loc 1 308 0
 375 000c C046     		nop
ARM GAS  C:\Users\User\AppData\Local\Temp\cccCLk5s.s 			page 13


 376 000e BD46     		mov	sp, r7
 377              		@ sp needed
 378 0010 80BD     		pop	{r7, pc}
 379              	.L25:
 380 0012 C046     		.align	2
 381              	.L24:
 382 0014 00E100E0 		.word	-536813312
 383              		.cfi_endproc
 384              	.LFE10:
 385              		.size	isr_WDT_Enable, .-isr_WDT_Enable
 386              		.section	.text.isr_WDT_GetState,"ax",%progbits
 387              		.align	2
 388              		.global	isr_WDT_GetState
 389              		.code	16
 390              		.thumb_func
 391              		.type	isr_WDT_GetState, %function
 392              	isr_WDT_GetState:
 393              	.LFB11:
 309:Generated_Source\PSoC4/isr_WDT.c **** 
 310:Generated_Source\PSoC4/isr_WDT.c **** 
 311:Generated_Source\PSoC4/isr_WDT.c **** /*******************************************************************************
 312:Generated_Source\PSoC4/isr_WDT.c **** * Function Name: isr_WDT_GetState
 313:Generated_Source\PSoC4/isr_WDT.c **** ********************************************************************************
 314:Generated_Source\PSoC4/isr_WDT.c **** *
 315:Generated_Source\PSoC4/isr_WDT.c **** * Summary:
 316:Generated_Source\PSoC4/isr_WDT.c **** *   Gets the state (enabled, disabled) of the Interrupt.
 317:Generated_Source\PSoC4/isr_WDT.c **** *
 318:Generated_Source\PSoC4/isr_WDT.c **** * Parameters:
 319:Generated_Source\PSoC4/isr_WDT.c **** *   None
 320:Generated_Source\PSoC4/isr_WDT.c **** *
 321:Generated_Source\PSoC4/isr_WDT.c **** * Return:
 322:Generated_Source\PSoC4/isr_WDT.c **** *   1 if enabled, 0 if disabled.
 323:Generated_Source\PSoC4/isr_WDT.c **** *
 324:Generated_Source\PSoC4/isr_WDT.c **** *******************************************************************************/
 325:Generated_Source\PSoC4/isr_WDT.c **** uint8 isr_WDT_GetState(void)
 326:Generated_Source\PSoC4/isr_WDT.c **** {
 394              		.loc 1 326 0
 395              		.cfi_startproc
 396              		@ args = 0, pretend = 0, frame = 0
 397              		@ frame_needed = 1, uses_anonymous_args = 0
 398 0000 80B5     		push	{r7, lr}
 399              		.cfi_def_cfa_offset 8
 400              		.cfi_offset 7, -8
 401              		.cfi_offset 14, -4
 402 0002 00AF     		add	r7, sp, #0
 403              		.cfi_def_cfa_register 7
 327:Generated_Source\PSoC4/isr_WDT.c ****     /* Get the state of the general interrupt. */
 328:Generated_Source\PSoC4/isr_WDT.c ****     return ((*isr_WDT_INTC_SET_EN & (uint32)isr_WDT__INTC_MASK) != 0u) ? 1u:0u;
 404              		.loc 1 328 0
 405 0004 054B     		ldr	r3, .L30
 406 0006 1A68     		ldr	r2, [r3]
 407 0008 8023     		movs	r3, #128
 408 000a 5B00     		lsls	r3, r3, #1
 409 000c 1340     		ands	r3, r2
 410 000e 01D0     		beq	.L27
 411              		.loc 1 328 0 is_stmt 0 discriminator 1
 412 0010 0123     		movs	r3, #1
ARM GAS  C:\Users\User\AppData\Local\Temp\cccCLk5s.s 			page 14


 413 0012 00E0     		b	.L28
 414              	.L27:
 415              		.loc 1 328 0 discriminator 2
 416 0014 0023     		movs	r3, #0
 417              	.L28:
 329:Generated_Source\PSoC4/isr_WDT.c **** }
 418              		.loc 1 329 0 is_stmt 1 discriminator 4
 419 0016 1800     		movs	r0, r3
 420 0018 BD46     		mov	sp, r7
 421              		@ sp needed
 422 001a 80BD     		pop	{r7, pc}
 423              	.L31:
 424              		.align	2
 425              	.L30:
 426 001c 00E100E0 		.word	-536813312
 427              		.cfi_endproc
 428              	.LFE11:
 429              		.size	isr_WDT_GetState, .-isr_WDT_GetState
 430              		.section	.text.isr_WDT_Disable,"ax",%progbits
 431              		.align	2
 432              		.global	isr_WDT_Disable
 433              		.code	16
 434              		.thumb_func
 435              		.type	isr_WDT_Disable, %function
 436              	isr_WDT_Disable:
 437              	.LFB12:
 330:Generated_Source\PSoC4/isr_WDT.c **** 
 331:Generated_Source\PSoC4/isr_WDT.c **** 
 332:Generated_Source\PSoC4/isr_WDT.c **** /*******************************************************************************
 333:Generated_Source\PSoC4/isr_WDT.c **** * Function Name: isr_WDT_Disable
 334:Generated_Source\PSoC4/isr_WDT.c **** ********************************************************************************
 335:Generated_Source\PSoC4/isr_WDT.c **** *
 336:Generated_Source\PSoC4/isr_WDT.c **** * Summary:
 337:Generated_Source\PSoC4/isr_WDT.c **** *   Disables the Interrupt in the interrupt controller.
 338:Generated_Source\PSoC4/isr_WDT.c **** *
 339:Generated_Source\PSoC4/isr_WDT.c **** * Parameters:
 340:Generated_Source\PSoC4/isr_WDT.c **** *   None
 341:Generated_Source\PSoC4/isr_WDT.c **** *
 342:Generated_Source\PSoC4/isr_WDT.c **** * Return:
 343:Generated_Source\PSoC4/isr_WDT.c **** *   None
 344:Generated_Source\PSoC4/isr_WDT.c **** *
 345:Generated_Source\PSoC4/isr_WDT.c **** *******************************************************************************/
 346:Generated_Source\PSoC4/isr_WDT.c **** void isr_WDT_Disable(void)
 347:Generated_Source\PSoC4/isr_WDT.c **** {
 438              		.loc 1 347 0
 439              		.cfi_startproc
 440              		@ args = 0, pretend = 0, frame = 0
 441              		@ frame_needed = 1, uses_anonymous_args = 0
 442 0000 80B5     		push	{r7, lr}
 443              		.cfi_def_cfa_offset 8
 444              		.cfi_offset 7, -8
 445              		.cfi_offset 14, -4
 446 0002 00AF     		add	r7, sp, #0
 447              		.cfi_def_cfa_register 7
 348:Generated_Source\PSoC4/isr_WDT.c ****     /* Disable the general interrupt. */
 349:Generated_Source\PSoC4/isr_WDT.c ****     *isr_WDT_INTC_CLR_EN = isr_WDT__INTC_MASK;
 448              		.loc 1 349 0
ARM GAS  C:\Users\User\AppData\Local\Temp\cccCLk5s.s 			page 15


 449 0004 034B     		ldr	r3, .L33
 450 0006 8022     		movs	r2, #128
 451 0008 5200     		lsls	r2, r2, #1
 452 000a 1A60     		str	r2, [r3]
 350:Generated_Source\PSoC4/isr_WDT.c **** }
 453              		.loc 1 350 0
 454 000c C046     		nop
 455 000e BD46     		mov	sp, r7
 456              		@ sp needed
 457 0010 80BD     		pop	{r7, pc}
 458              	.L34:
 459 0012 C046     		.align	2
 460              	.L33:
 461 0014 80E100E0 		.word	-536813184
 462              		.cfi_endproc
 463              	.LFE12:
 464              		.size	isr_WDT_Disable, .-isr_WDT_Disable
 465              		.section	.text.isr_WDT_SetPending,"ax",%progbits
 466              		.align	2
 467              		.global	isr_WDT_SetPending
 468              		.code	16
 469              		.thumb_func
 470              		.type	isr_WDT_SetPending, %function
 471              	isr_WDT_SetPending:
 472              	.LFB13:
 351:Generated_Source\PSoC4/isr_WDT.c **** 
 352:Generated_Source\PSoC4/isr_WDT.c **** 
 353:Generated_Source\PSoC4/isr_WDT.c **** /*******************************************************************************
 354:Generated_Source\PSoC4/isr_WDT.c **** * Function Name: isr_WDT_SetPending
 355:Generated_Source\PSoC4/isr_WDT.c **** ********************************************************************************
 356:Generated_Source\PSoC4/isr_WDT.c **** *
 357:Generated_Source\PSoC4/isr_WDT.c **** * Summary:
 358:Generated_Source\PSoC4/isr_WDT.c **** *   Causes the Interrupt to enter the pending state, a software method of
 359:Generated_Source\PSoC4/isr_WDT.c **** *   generating the interrupt.
 360:Generated_Source\PSoC4/isr_WDT.c **** *
 361:Generated_Source\PSoC4/isr_WDT.c **** * Parameters:
 362:Generated_Source\PSoC4/isr_WDT.c **** *   None
 363:Generated_Source\PSoC4/isr_WDT.c **** *
 364:Generated_Source\PSoC4/isr_WDT.c **** * Return:
 365:Generated_Source\PSoC4/isr_WDT.c **** *   None
 366:Generated_Source\PSoC4/isr_WDT.c **** *
 367:Generated_Source\PSoC4/isr_WDT.c **** * Side Effects:
 368:Generated_Source\PSoC4/isr_WDT.c **** *   If interrupts are enabled and the interrupt is set up properly, the ISR is
 369:Generated_Source\PSoC4/isr_WDT.c **** *   entered (depending on the priority of this interrupt and other pending 
 370:Generated_Source\PSoC4/isr_WDT.c **** *   interrupts).
 371:Generated_Source\PSoC4/isr_WDT.c **** *
 372:Generated_Source\PSoC4/isr_WDT.c **** *******************************************************************************/
 373:Generated_Source\PSoC4/isr_WDT.c **** void isr_WDT_SetPending(void)
 374:Generated_Source\PSoC4/isr_WDT.c **** {
 473              		.loc 1 374 0
 474              		.cfi_startproc
 475              		@ args = 0, pretend = 0, frame = 0
 476              		@ frame_needed = 1, uses_anonymous_args = 0
 477 0000 80B5     		push	{r7, lr}
 478              		.cfi_def_cfa_offset 8
 479              		.cfi_offset 7, -8
 480              		.cfi_offset 14, -4
ARM GAS  C:\Users\User\AppData\Local\Temp\cccCLk5s.s 			page 16


 481 0002 00AF     		add	r7, sp, #0
 482              		.cfi_def_cfa_register 7
 375:Generated_Source\PSoC4/isr_WDT.c ****     *isr_WDT_INTC_SET_PD = isr_WDT__INTC_MASK;
 483              		.loc 1 375 0
 484 0004 034B     		ldr	r3, .L36
 485 0006 8022     		movs	r2, #128
 486 0008 5200     		lsls	r2, r2, #1
 487 000a 1A60     		str	r2, [r3]
 376:Generated_Source\PSoC4/isr_WDT.c **** }
 488              		.loc 1 376 0
 489 000c C046     		nop
 490 000e BD46     		mov	sp, r7
 491              		@ sp needed
 492 0010 80BD     		pop	{r7, pc}
 493              	.L37:
 494 0012 C046     		.align	2
 495              	.L36:
 496 0014 00E200E0 		.word	-536813056
 497              		.cfi_endproc
 498              	.LFE13:
 499              		.size	isr_WDT_SetPending, .-isr_WDT_SetPending
 500              		.section	.text.isr_WDT_ClearPending,"ax",%progbits
 501              		.align	2
 502              		.global	isr_WDT_ClearPending
 503              		.code	16
 504              		.thumb_func
 505              		.type	isr_WDT_ClearPending, %function
 506              	isr_WDT_ClearPending:
 507              	.LFB14:
 377:Generated_Source\PSoC4/isr_WDT.c **** 
 378:Generated_Source\PSoC4/isr_WDT.c **** 
 379:Generated_Source\PSoC4/isr_WDT.c **** /*******************************************************************************
 380:Generated_Source\PSoC4/isr_WDT.c **** * Function Name: isr_WDT_ClearPending
 381:Generated_Source\PSoC4/isr_WDT.c **** ********************************************************************************
 382:Generated_Source\PSoC4/isr_WDT.c **** *
 383:Generated_Source\PSoC4/isr_WDT.c **** * Summary:
 384:Generated_Source\PSoC4/isr_WDT.c **** *   Clears a pending interrupt in the interrupt controller.
 385:Generated_Source\PSoC4/isr_WDT.c **** *
 386:Generated_Source\PSoC4/isr_WDT.c **** *   Note Some interrupt sources are clear-on-read and require the block 
 387:Generated_Source\PSoC4/isr_WDT.c **** *   interrupt/status register to be read/cleared with the appropriate block API 
 388:Generated_Source\PSoC4/isr_WDT.c **** *   (GPIO, UART, and so on). Otherwise the ISR will continue to remain in 
 389:Generated_Source\PSoC4/isr_WDT.c **** *   pending state even though the interrupt itself is cleared using this API.
 390:Generated_Source\PSoC4/isr_WDT.c **** *
 391:Generated_Source\PSoC4/isr_WDT.c **** * Parameters:
 392:Generated_Source\PSoC4/isr_WDT.c **** *   None
 393:Generated_Source\PSoC4/isr_WDT.c **** *
 394:Generated_Source\PSoC4/isr_WDT.c **** * Return:
 395:Generated_Source\PSoC4/isr_WDT.c **** *   None
 396:Generated_Source\PSoC4/isr_WDT.c **** *
 397:Generated_Source\PSoC4/isr_WDT.c **** *******************************************************************************/
 398:Generated_Source\PSoC4/isr_WDT.c **** void isr_WDT_ClearPending(void)
 399:Generated_Source\PSoC4/isr_WDT.c **** {
 508              		.loc 1 399 0
 509              		.cfi_startproc
 510              		@ args = 0, pretend = 0, frame = 0
 511              		@ frame_needed = 1, uses_anonymous_args = 0
 512 0000 80B5     		push	{r7, lr}
ARM GAS  C:\Users\User\AppData\Local\Temp\cccCLk5s.s 			page 17


 513              		.cfi_def_cfa_offset 8
 514              		.cfi_offset 7, -8
 515              		.cfi_offset 14, -4
 516 0002 00AF     		add	r7, sp, #0
 517              		.cfi_def_cfa_register 7
 400:Generated_Source\PSoC4/isr_WDT.c ****     *isr_WDT_INTC_CLR_PD = isr_WDT__INTC_MASK;
 518              		.loc 1 400 0
 519 0004 034B     		ldr	r3, .L39
 520 0006 8022     		movs	r2, #128
 521 0008 5200     		lsls	r2, r2, #1
 522 000a 1A60     		str	r2, [r3]
 401:Generated_Source\PSoC4/isr_WDT.c **** }
 523              		.loc 1 401 0
 524 000c C046     		nop
 525 000e BD46     		mov	sp, r7
 526              		@ sp needed
 527 0010 80BD     		pop	{r7, pc}
 528              	.L40:
 529 0012 C046     		.align	2
 530              	.L39:
 531 0014 80E200E0 		.word	-536812928
 532              		.cfi_endproc
 533              	.LFE14:
 534              		.size	isr_WDT_ClearPending, .-isr_WDT_ClearPending
 535              		.text
 536              	.Letext0:
 537              		.file 2 "Generated_Source\\PSoC4/cytypes.h"
 538              		.section	.debug_info,"",%progbits
 539              	.Ldebug_info0:
 540 0000 49020000 		.4byte	0x249
 541 0004 0400     		.2byte	0x4
 542 0006 00000000 		.4byte	.Ldebug_abbrev0
 543 000a 04       		.byte	0x4
 544 000b 01       		.uleb128 0x1
 545 000c CC000000 		.4byte	.LASF34
 546 0010 0C       		.byte	0xc
 547 0011 D5010000 		.4byte	.LASF35
 548 0015 09020000 		.4byte	.LASF36
 549 0019 00000000 		.4byte	.Ldebug_ranges0+0
 550 001d 00000000 		.4byte	0
 551 0021 00000000 		.4byte	.Ldebug_line0
 552 0025 02       		.uleb128 0x2
 553 0026 01       		.byte	0x1
 554 0027 06       		.byte	0x6
 555 0028 88020000 		.4byte	.LASF0
 556 002c 02       		.uleb128 0x2
 557 002d 01       		.byte	0x1
 558 002e 08       		.byte	0x8
 559 002f 63010000 		.4byte	.LASF1
 560 0033 02       		.uleb128 0x2
 561 0034 02       		.byte	0x2
 562 0035 05       		.byte	0x5
 563 0036 3D020000 		.4byte	.LASF2
 564 003a 02       		.uleb128 0x2
 565 003b 02       		.byte	0x2
 566 003c 07       		.byte	0x7
 567 003d 23000000 		.4byte	.LASF3
ARM GAS  C:\Users\User\AppData\Local\Temp\cccCLk5s.s 			page 18


 568 0041 02       		.uleb128 0x2
 569 0042 04       		.byte	0x4
 570 0043 05       		.byte	0x5
 571 0044 73020000 		.4byte	.LASF4
 572 0048 02       		.uleb128 0x2
 573 0049 04       		.byte	0x4
 574 004a 07       		.byte	0x7
 575 004b B4000000 		.4byte	.LASF5
 576 004f 02       		.uleb128 0x2
 577 0050 08       		.byte	0x8
 578 0051 05       		.byte	0x5
 579 0052 F6010000 		.4byte	.LASF6
 580 0056 02       		.uleb128 0x2
 581 0057 08       		.byte	0x8
 582 0058 07       		.byte	0x7
 583 0059 94010000 		.4byte	.LASF7
 584 005d 03       		.uleb128 0x3
 585 005e 04       		.byte	0x4
 586 005f 05       		.byte	0x5
 587 0060 696E7400 		.ascii	"int\000"
 588 0064 02       		.uleb128 0x2
 589 0065 04       		.byte	0x4
 590 0066 07       		.byte	0x7
 591 0067 7F010000 		.4byte	.LASF8
 592 006b 04       		.uleb128 0x4
 593 006c C6000000 		.4byte	.LASF9
 594 0070 02       		.byte	0x2
 595 0071 E601     		.2byte	0x1e6
 596 0073 2C000000 		.4byte	0x2c
 597 0077 04       		.uleb128 0x4
 598 0078 78010000 		.4byte	.LASF10
 599 007c 02       		.byte	0x2
 600 007d E801     		.2byte	0x1e8
 601 007f 48000000 		.4byte	0x48
 602 0083 02       		.uleb128 0x2
 603 0084 04       		.byte	0x4
 604 0085 04       		.byte	0x4
 605 0086 49000000 		.4byte	.LASF11
 606 008a 02       		.uleb128 0x2
 607 008b 08       		.byte	0x8
 608 008c 04       		.byte	0x4
 609 008d 71010000 		.4byte	.LASF12
 610 0091 02       		.uleb128 0x2
 611 0092 01       		.byte	0x1
 612 0093 08       		.byte	0x8
 613 0094 04020000 		.4byte	.LASF13
 614 0098 04       		.uleb128 0x4
 615 0099 10000000 		.4byte	.LASF14
 616 009d 02       		.byte	0x2
 617 009e 9202     		.2byte	0x292
 618 00a0 A4000000 		.4byte	0xa4
 619 00a4 05       		.uleb128 0x5
 620 00a5 77000000 		.4byte	0x77
 621 00a9 04       		.uleb128 0x4
 622 00aa AB010000 		.4byte	.LASF15
 623 00ae 02       		.byte	0x2
 624 00af A202     		.2byte	0x2a2
ARM GAS  C:\Users\User\AppData\Local\Temp\cccCLk5s.s 			page 19


 625 00b1 B5000000 		.4byte	0xb5
 626 00b5 06       		.uleb128 0x6
 627 00b6 04       		.byte	0x4
 628 00b7 BB000000 		.4byte	0xbb
 629 00bb 07       		.uleb128 0x7
 630 00bc 02       		.uleb128 0x2
 631 00bd 08       		.byte	0x8
 632 00be 04       		.byte	0x4
 633 00bf 7C020000 		.4byte	.LASF16
 634 00c3 02       		.uleb128 0x2
 635 00c4 04       		.byte	0x4
 636 00c5 07       		.byte	0x7
 637 00c6 CC010000 		.4byte	.LASF17
 638 00ca 08       		.uleb128 0x8
 639 00cb 97000000 		.4byte	.LASF18
 640 00cf 01       		.byte	0x1
 641 00d0 38       		.byte	0x38
 642 00d1 00000000 		.4byte	.LFB2
 643 00d5 24000000 		.4byte	.LFE2-.LFB2
 644 00d9 01       		.uleb128 0x1
 645 00da 9C       		.byte	0x9c
 646 00db 09       		.uleb128 0x9
 647 00dc 47020000 		.4byte	.LASF21
 648 00e0 01       		.byte	0x1
 649 00e1 63       		.byte	0x63
 650 00e2 00000000 		.4byte	.LFB3
 651 00e6 26000000 		.4byte	.LFE3-.LFB3
 652 00ea 01       		.uleb128 0x1
 653 00eb 9C       		.byte	0x9c
 654 00ec FF000000 		.4byte	0xff
 655 00f0 0A       		.uleb128 0xa
 656 00f1 8C010000 		.4byte	.LASF23
 657 00f5 01       		.byte	0x1
 658 00f6 63       		.byte	0x63
 659 00f7 A9000000 		.4byte	0xa9
 660 00fb 02       		.uleb128 0x2
 661 00fc 91       		.byte	0x91
 662 00fd 74       		.sleb128 -12
 663 00fe 00       		.byte	0
 664 00ff 08       		.uleb128 0x8
 665 0100 57020000 		.4byte	.LASF19
 666 0104 01       		.byte	0x1
 667 0105 81       		.byte	0x81
 668 0106 00000000 		.4byte	.LFB4
 669 010a 1C000000 		.4byte	.LFE4-.LFB4
 670 010e 01       		.uleb128 0x1
 671 010f 9C       		.byte	0x9c
 672 0110 0B       		.uleb128 0xb
 673 0111 85000000 		.4byte	.LASF20
 674 0115 01       		.byte	0x1
 675 0116 9F       		.byte	0x9f
 676 0117 00000000 		.4byte	.LFB5
 677 011b 0A000000 		.4byte	.LFE5-.LFB5
 678 011f 01       		.uleb128 0x1
 679 0120 9C       		.byte	0x9c
 680 0121 0C       		.uleb128 0xc
 681 0122 94020000 		.4byte	.LASF22
ARM GAS  C:\Users\User\AppData\Local\Temp\cccCLk5s.s 			page 20


 682 0126 01       		.byte	0x1
 683 0127 C7       		.byte	0xc7
 684 0128 00000000 		.4byte	.LFB6
 685 012c 1C000000 		.4byte	.LFE6-.LFB6
 686 0130 01       		.uleb128 0x1
 687 0131 9C       		.byte	0x9c
 688 0132 45010000 		.4byte	0x145
 689 0136 0A       		.uleb128 0xa
 690 0137 8C010000 		.4byte	.LASF23
 691 013b 01       		.byte	0x1
 692 013c C7       		.byte	0xc7
 693 013d A9000000 		.4byte	0xa9
 694 0141 02       		.uleb128 0x2
 695 0142 91       		.byte	0x91
 696 0143 74       		.sleb128 -12
 697 0144 00       		.byte	0
 698 0145 0D       		.uleb128 0xd
 699 0146 64000000 		.4byte	.LASF29
 700 014a 01       		.byte	0x1
 701 014b DB       		.byte	0xdb
 702 014c A9000000 		.4byte	0xa9
 703 0150 00000000 		.4byte	.LFB7
 704 0154 14000000 		.4byte	.LFE7-.LFB7
 705 0158 01       		.uleb128 0x1
 706 0159 9C       		.byte	0x9c
 707 015a 09       		.uleb128 0x9
 708 015b A6020000 		.4byte	.LASF24
 709 015f 01       		.byte	0x1
 710 0160 F9       		.byte	0xf9
 711 0161 00000000 		.4byte	.LFB8
 712 0165 50000000 		.4byte	.LFE8-.LFB8
 713 0169 01       		.uleb128 0x1
 714 016a 9C       		.byte	0x9c
 715 016b 9A010000 		.4byte	0x19a
 716 016f 0A       		.uleb128 0xa
 717 0170 5A010000 		.4byte	.LASF25
 718 0174 01       		.byte	0x1
 719 0175 F9       		.byte	0xf9
 720 0176 6B000000 		.4byte	0x6b
 721 017a 02       		.uleb128 0x2
 722 017b 91       		.byte	0x91
 723 017c 67       		.sleb128 -25
 724 017d 0E       		.uleb128 0xe
 725 017e A5000000 		.4byte	.LASF26
 726 0182 01       		.byte	0x1
 727 0183 FB       		.byte	0xfb
 728 0184 6B000000 		.4byte	0x6b
 729 0188 02       		.uleb128 0x2
 730 0189 91       		.byte	0x91
 731 018a 6B       		.sleb128 -21
 732 018b 0E       		.uleb128 0xe
 733 018c 64020000 		.4byte	.LASF27
 734 0190 01       		.byte	0x1
 735 0191 FC       		.byte	0xfc
 736 0192 77000000 		.4byte	0x77
 737 0196 02       		.uleb128 0x2
 738 0197 91       		.byte	0x91
ARM GAS  C:\Users\User\AppData\Local\Temp\cccCLk5s.s 			page 21


 739 0198 6C       		.sleb128 -20
 740 0199 00       		.byte	0
 741 019a 0F       		.uleb128 0xf
 742 019b B8010000 		.4byte	.LASF37
 743 019f 01       		.byte	0x1
 744 01a0 1501     		.2byte	0x115
 745 01a2 6B000000 		.4byte	0x6b
 746 01a6 00000000 		.4byte	.LFB9
 747 01aa 2C000000 		.4byte	.LFE9-.LFB9
 748 01ae 01       		.uleb128 0x1
 749 01af 9C       		.byte	0x9c
 750 01b0 D3010000 		.4byte	0x1d3
 751 01b4 10       		.uleb128 0x10
 752 01b5 5A010000 		.4byte	.LASF25
 753 01b9 01       		.byte	0x1
 754 01ba 1701     		.2byte	0x117
 755 01bc 77000000 		.4byte	0x77
 756 01c0 02       		.uleb128 0x2
 757 01c1 91       		.byte	0x91
 758 01c2 70       		.sleb128 -16
 759 01c3 10       		.uleb128 0x10
 760 01c4 64020000 		.4byte	.LASF27
 761 01c8 01       		.byte	0x1
 762 01c9 1801     		.2byte	0x118
 763 01cb 77000000 		.4byte	0x77
 764 01cf 02       		.uleb128 0x2
 765 01d0 91       		.byte	0x91
 766 01d1 74       		.sleb128 -12
 767 01d2 00       		.byte	0
 768 01d3 11       		.uleb128 0x11
 769 01d4 76000000 		.4byte	.LASF28
 770 01d8 01       		.byte	0x1
 771 01d9 3001     		.2byte	0x130
 772 01db 00000000 		.4byte	.LFB10
 773 01df 18000000 		.4byte	.LFE10-.LFB10
 774 01e3 01       		.uleb128 0x1
 775 01e4 9C       		.byte	0x9c
 776 01e5 12       		.uleb128 0x12
 777 01e6 BA020000 		.4byte	.LASF30
 778 01ea 01       		.byte	0x1
 779 01eb 4501     		.2byte	0x145
 780 01ed 6B000000 		.4byte	0x6b
 781 01f1 00000000 		.4byte	.LFB11
 782 01f5 20000000 		.4byte	.LFE11-.LFB11
 783 01f9 01       		.uleb128 0x1
 784 01fa 9C       		.byte	0x9c
 785 01fb 11       		.uleb128 0x11
 786 01fc 00000000 		.4byte	.LASF31
 787 0200 01       		.byte	0x1
 788 0201 5A01     		.2byte	0x15a
 789 0203 00000000 		.4byte	.LFB12
 790 0207 18000000 		.4byte	.LFE12-.LFB12
 791 020b 01       		.uleb128 0x1
 792 020c 9C       		.byte	0x9c
 793 020d 11       		.uleb128 0x11
 794 020e 36000000 		.4byte	.LASF32
 795 0212 01       		.byte	0x1
ARM GAS  C:\Users\User\AppData\Local\Temp\cccCLk5s.s 			page 22


 796 0213 7501     		.2byte	0x175
 797 0215 00000000 		.4byte	.LFB13
 798 0219 18000000 		.4byte	.LFE13-.LFB13
 799 021d 01       		.uleb128 0x1
 800 021e 9C       		.byte	0x9c
 801 021f 11       		.uleb128 0x11
 802 0220 4F000000 		.4byte	.LASF33
 803 0224 01       		.byte	0x1
 804 0225 8E01     		.2byte	0x18e
 805 0227 00000000 		.4byte	.LFB14
 806 022b 18000000 		.4byte	.LFE14-.LFB14
 807 022f 01       		.uleb128 0x1
 808 0230 9C       		.byte	0x9c
 809 0231 13       		.uleb128 0x13
 810 0232 A9000000 		.4byte	0xa9
 811 0236 41020000 		.4byte	0x241
 812 023a 14       		.uleb128 0x14
 813 023b C3000000 		.4byte	0xc3
 814 023f 2F       		.byte	0x2f
 815 0240 00       		.byte	0
 816 0241 15       		.uleb128 0x15
 817 0242 16000000 		.4byte	.LASF38
 818 0246 01       		.byte	0x1
 819 0247 21       		.byte	0x21
 820 0248 31020000 		.4byte	0x231
 821 024c 00       		.byte	0
 822              		.section	.debug_abbrev,"",%progbits
 823              	.Ldebug_abbrev0:
 824 0000 01       		.uleb128 0x1
 825 0001 11       		.uleb128 0x11
 826 0002 01       		.byte	0x1
 827 0003 25       		.uleb128 0x25
 828 0004 0E       		.uleb128 0xe
 829 0005 13       		.uleb128 0x13
 830 0006 0B       		.uleb128 0xb
 831 0007 03       		.uleb128 0x3
 832 0008 0E       		.uleb128 0xe
 833 0009 1B       		.uleb128 0x1b
 834 000a 0E       		.uleb128 0xe
 835 000b 55       		.uleb128 0x55
 836 000c 17       		.uleb128 0x17
 837 000d 11       		.uleb128 0x11
 838 000e 01       		.uleb128 0x1
 839 000f 10       		.uleb128 0x10
 840 0010 17       		.uleb128 0x17
 841 0011 00       		.byte	0
 842 0012 00       		.byte	0
 843 0013 02       		.uleb128 0x2
 844 0014 24       		.uleb128 0x24
 845 0015 00       		.byte	0
 846 0016 0B       		.uleb128 0xb
 847 0017 0B       		.uleb128 0xb
 848 0018 3E       		.uleb128 0x3e
 849 0019 0B       		.uleb128 0xb
 850 001a 03       		.uleb128 0x3
 851 001b 0E       		.uleb128 0xe
 852 001c 00       		.byte	0
ARM GAS  C:\Users\User\AppData\Local\Temp\cccCLk5s.s 			page 23


 853 001d 00       		.byte	0
 854 001e 03       		.uleb128 0x3
 855 001f 24       		.uleb128 0x24
 856 0020 00       		.byte	0
 857 0021 0B       		.uleb128 0xb
 858 0022 0B       		.uleb128 0xb
 859 0023 3E       		.uleb128 0x3e
 860 0024 0B       		.uleb128 0xb
 861 0025 03       		.uleb128 0x3
 862 0026 08       		.uleb128 0x8
 863 0027 00       		.byte	0
 864 0028 00       		.byte	0
 865 0029 04       		.uleb128 0x4
 866 002a 16       		.uleb128 0x16
 867 002b 00       		.byte	0
 868 002c 03       		.uleb128 0x3
 869 002d 0E       		.uleb128 0xe
 870 002e 3A       		.uleb128 0x3a
 871 002f 0B       		.uleb128 0xb
 872 0030 3B       		.uleb128 0x3b
 873 0031 05       		.uleb128 0x5
 874 0032 49       		.uleb128 0x49
 875 0033 13       		.uleb128 0x13
 876 0034 00       		.byte	0
 877 0035 00       		.byte	0
 878 0036 05       		.uleb128 0x5
 879 0037 35       		.uleb128 0x35
 880 0038 00       		.byte	0
 881 0039 49       		.uleb128 0x49
 882 003a 13       		.uleb128 0x13
 883 003b 00       		.byte	0
 884 003c 00       		.byte	0
 885 003d 06       		.uleb128 0x6
 886 003e 0F       		.uleb128 0xf
 887 003f 00       		.byte	0
 888 0040 0B       		.uleb128 0xb
 889 0041 0B       		.uleb128 0xb
 890 0042 49       		.uleb128 0x49
 891 0043 13       		.uleb128 0x13
 892 0044 00       		.byte	0
 893 0045 00       		.byte	0
 894 0046 07       		.uleb128 0x7
 895 0047 15       		.uleb128 0x15
 896 0048 00       		.byte	0
 897 0049 27       		.uleb128 0x27
 898 004a 19       		.uleb128 0x19
 899 004b 00       		.byte	0
 900 004c 00       		.byte	0
 901 004d 08       		.uleb128 0x8
 902 004e 2E       		.uleb128 0x2e
 903 004f 00       		.byte	0
 904 0050 3F       		.uleb128 0x3f
 905 0051 19       		.uleb128 0x19
 906 0052 03       		.uleb128 0x3
 907 0053 0E       		.uleb128 0xe
 908 0054 3A       		.uleb128 0x3a
 909 0055 0B       		.uleb128 0xb
ARM GAS  C:\Users\User\AppData\Local\Temp\cccCLk5s.s 			page 24


 910 0056 3B       		.uleb128 0x3b
 911 0057 0B       		.uleb128 0xb
 912 0058 27       		.uleb128 0x27
 913 0059 19       		.uleb128 0x19
 914 005a 11       		.uleb128 0x11
 915 005b 01       		.uleb128 0x1
 916 005c 12       		.uleb128 0x12
 917 005d 06       		.uleb128 0x6
 918 005e 40       		.uleb128 0x40
 919 005f 18       		.uleb128 0x18
 920 0060 9642     		.uleb128 0x2116
 921 0062 19       		.uleb128 0x19
 922 0063 00       		.byte	0
 923 0064 00       		.byte	0
 924 0065 09       		.uleb128 0x9
 925 0066 2E       		.uleb128 0x2e
 926 0067 01       		.byte	0x1
 927 0068 3F       		.uleb128 0x3f
 928 0069 19       		.uleb128 0x19
 929 006a 03       		.uleb128 0x3
 930 006b 0E       		.uleb128 0xe
 931 006c 3A       		.uleb128 0x3a
 932 006d 0B       		.uleb128 0xb
 933 006e 3B       		.uleb128 0x3b
 934 006f 0B       		.uleb128 0xb
 935 0070 27       		.uleb128 0x27
 936 0071 19       		.uleb128 0x19
 937 0072 11       		.uleb128 0x11
 938 0073 01       		.uleb128 0x1
 939 0074 12       		.uleb128 0x12
 940 0075 06       		.uleb128 0x6
 941 0076 40       		.uleb128 0x40
 942 0077 18       		.uleb128 0x18
 943 0078 9642     		.uleb128 0x2116
 944 007a 19       		.uleb128 0x19
 945 007b 01       		.uleb128 0x1
 946 007c 13       		.uleb128 0x13
 947 007d 00       		.byte	0
 948 007e 00       		.byte	0
 949 007f 0A       		.uleb128 0xa
 950 0080 05       		.uleb128 0x5
 951 0081 00       		.byte	0
 952 0082 03       		.uleb128 0x3
 953 0083 0E       		.uleb128 0xe
 954 0084 3A       		.uleb128 0x3a
 955 0085 0B       		.uleb128 0xb
 956 0086 3B       		.uleb128 0x3b
 957 0087 0B       		.uleb128 0xb
 958 0088 49       		.uleb128 0x49
 959 0089 13       		.uleb128 0x13
 960 008a 02       		.uleb128 0x2
 961 008b 18       		.uleb128 0x18
 962 008c 00       		.byte	0
 963 008d 00       		.byte	0
 964 008e 0B       		.uleb128 0xb
 965 008f 2E       		.uleb128 0x2e
 966 0090 00       		.byte	0
ARM GAS  C:\Users\User\AppData\Local\Temp\cccCLk5s.s 			page 25


 967 0091 3F       		.uleb128 0x3f
 968 0092 19       		.uleb128 0x19
 969 0093 03       		.uleb128 0x3
 970 0094 0E       		.uleb128 0xe
 971 0095 3A       		.uleb128 0x3a
 972 0096 0B       		.uleb128 0xb
 973 0097 3B       		.uleb128 0x3b
 974 0098 0B       		.uleb128 0xb
 975 0099 27       		.uleb128 0x27
 976 009a 19       		.uleb128 0x19
 977 009b 11       		.uleb128 0x11
 978 009c 01       		.uleb128 0x1
 979 009d 12       		.uleb128 0x12
 980 009e 06       		.uleb128 0x6
 981 009f 40       		.uleb128 0x40
 982 00a0 18       		.uleb128 0x18
 983 00a1 9742     		.uleb128 0x2117
 984 00a3 19       		.uleb128 0x19
 985 00a4 00       		.byte	0
 986 00a5 00       		.byte	0
 987 00a6 0C       		.uleb128 0xc
 988 00a7 2E       		.uleb128 0x2e
 989 00a8 01       		.byte	0x1
 990 00a9 3F       		.uleb128 0x3f
 991 00aa 19       		.uleb128 0x19
 992 00ab 03       		.uleb128 0x3
 993 00ac 0E       		.uleb128 0xe
 994 00ad 3A       		.uleb128 0x3a
 995 00ae 0B       		.uleb128 0xb
 996 00af 3B       		.uleb128 0x3b
 997 00b0 0B       		.uleb128 0xb
 998 00b1 27       		.uleb128 0x27
 999 00b2 19       		.uleb128 0x19
 1000 00b3 11       		.uleb128 0x11
 1001 00b4 01       		.uleb128 0x1
 1002 00b5 12       		.uleb128 0x12
 1003 00b6 06       		.uleb128 0x6
 1004 00b7 40       		.uleb128 0x40
 1005 00b8 18       		.uleb128 0x18
 1006 00b9 9742     		.uleb128 0x2117
 1007 00bb 19       		.uleb128 0x19
 1008 00bc 01       		.uleb128 0x1
 1009 00bd 13       		.uleb128 0x13
 1010 00be 00       		.byte	0
 1011 00bf 00       		.byte	0
 1012 00c0 0D       		.uleb128 0xd
 1013 00c1 2E       		.uleb128 0x2e
 1014 00c2 00       		.byte	0
 1015 00c3 3F       		.uleb128 0x3f
 1016 00c4 19       		.uleb128 0x19
 1017 00c5 03       		.uleb128 0x3
 1018 00c6 0E       		.uleb128 0xe
 1019 00c7 3A       		.uleb128 0x3a
 1020 00c8 0B       		.uleb128 0xb
 1021 00c9 3B       		.uleb128 0x3b
 1022 00ca 0B       		.uleb128 0xb
 1023 00cb 27       		.uleb128 0x27
ARM GAS  C:\Users\User\AppData\Local\Temp\cccCLk5s.s 			page 26


 1024 00cc 19       		.uleb128 0x19
 1025 00cd 49       		.uleb128 0x49
 1026 00ce 13       		.uleb128 0x13
 1027 00cf 11       		.uleb128 0x11
 1028 00d0 01       		.uleb128 0x1
 1029 00d1 12       		.uleb128 0x12
 1030 00d2 06       		.uleb128 0x6
 1031 00d3 40       		.uleb128 0x40
 1032 00d4 18       		.uleb128 0x18
 1033 00d5 9742     		.uleb128 0x2117
 1034 00d7 19       		.uleb128 0x19
 1035 00d8 00       		.byte	0
 1036 00d9 00       		.byte	0
 1037 00da 0E       		.uleb128 0xe
 1038 00db 34       		.uleb128 0x34
 1039 00dc 00       		.byte	0
 1040 00dd 03       		.uleb128 0x3
 1041 00de 0E       		.uleb128 0xe
 1042 00df 3A       		.uleb128 0x3a
 1043 00e0 0B       		.uleb128 0xb
 1044 00e1 3B       		.uleb128 0x3b
 1045 00e2 0B       		.uleb128 0xb
 1046 00e3 49       		.uleb128 0x49
 1047 00e4 13       		.uleb128 0x13
 1048 00e5 02       		.uleb128 0x2
 1049 00e6 18       		.uleb128 0x18
 1050 00e7 00       		.byte	0
 1051 00e8 00       		.byte	0
 1052 00e9 0F       		.uleb128 0xf
 1053 00ea 2E       		.uleb128 0x2e
 1054 00eb 01       		.byte	0x1
 1055 00ec 3F       		.uleb128 0x3f
 1056 00ed 19       		.uleb128 0x19
 1057 00ee 03       		.uleb128 0x3
 1058 00ef 0E       		.uleb128 0xe
 1059 00f0 3A       		.uleb128 0x3a
 1060 00f1 0B       		.uleb128 0xb
 1061 00f2 3B       		.uleb128 0x3b
 1062 00f3 05       		.uleb128 0x5
 1063 00f4 27       		.uleb128 0x27
 1064 00f5 19       		.uleb128 0x19
 1065 00f6 49       		.uleb128 0x49
 1066 00f7 13       		.uleb128 0x13
 1067 00f8 11       		.uleb128 0x11
 1068 00f9 01       		.uleb128 0x1
 1069 00fa 12       		.uleb128 0x12
 1070 00fb 06       		.uleb128 0x6
 1071 00fc 40       		.uleb128 0x40
 1072 00fd 18       		.uleb128 0x18
 1073 00fe 9742     		.uleb128 0x2117
 1074 0100 19       		.uleb128 0x19
 1075 0101 01       		.uleb128 0x1
 1076 0102 13       		.uleb128 0x13
 1077 0103 00       		.byte	0
 1078 0104 00       		.byte	0
 1079 0105 10       		.uleb128 0x10
 1080 0106 34       		.uleb128 0x34
ARM GAS  C:\Users\User\AppData\Local\Temp\cccCLk5s.s 			page 27


 1081 0107 00       		.byte	0
 1082 0108 03       		.uleb128 0x3
 1083 0109 0E       		.uleb128 0xe
 1084 010a 3A       		.uleb128 0x3a
 1085 010b 0B       		.uleb128 0xb
 1086 010c 3B       		.uleb128 0x3b
 1087 010d 05       		.uleb128 0x5
 1088 010e 49       		.uleb128 0x49
 1089 010f 13       		.uleb128 0x13
 1090 0110 02       		.uleb128 0x2
 1091 0111 18       		.uleb128 0x18
 1092 0112 00       		.byte	0
 1093 0113 00       		.byte	0
 1094 0114 11       		.uleb128 0x11
 1095 0115 2E       		.uleb128 0x2e
 1096 0116 00       		.byte	0
 1097 0117 3F       		.uleb128 0x3f
 1098 0118 19       		.uleb128 0x19
 1099 0119 03       		.uleb128 0x3
 1100 011a 0E       		.uleb128 0xe
 1101 011b 3A       		.uleb128 0x3a
 1102 011c 0B       		.uleb128 0xb
 1103 011d 3B       		.uleb128 0x3b
 1104 011e 05       		.uleb128 0x5
 1105 011f 27       		.uleb128 0x27
 1106 0120 19       		.uleb128 0x19
 1107 0121 11       		.uleb128 0x11
 1108 0122 01       		.uleb128 0x1
 1109 0123 12       		.uleb128 0x12
 1110 0124 06       		.uleb128 0x6
 1111 0125 40       		.uleb128 0x40
 1112 0126 18       		.uleb128 0x18
 1113 0127 9742     		.uleb128 0x2117
 1114 0129 19       		.uleb128 0x19
 1115 012a 00       		.byte	0
 1116 012b 00       		.byte	0
 1117 012c 12       		.uleb128 0x12
 1118 012d 2E       		.uleb128 0x2e
 1119 012e 00       		.byte	0
 1120 012f 3F       		.uleb128 0x3f
 1121 0130 19       		.uleb128 0x19
 1122 0131 03       		.uleb128 0x3
 1123 0132 0E       		.uleb128 0xe
 1124 0133 3A       		.uleb128 0x3a
 1125 0134 0B       		.uleb128 0xb
 1126 0135 3B       		.uleb128 0x3b
 1127 0136 05       		.uleb128 0x5
 1128 0137 27       		.uleb128 0x27
 1129 0138 19       		.uleb128 0x19
 1130 0139 49       		.uleb128 0x49
 1131 013a 13       		.uleb128 0x13
 1132 013b 11       		.uleb128 0x11
 1133 013c 01       		.uleb128 0x1
 1134 013d 12       		.uleb128 0x12
 1135 013e 06       		.uleb128 0x6
 1136 013f 40       		.uleb128 0x40
 1137 0140 18       		.uleb128 0x18
ARM GAS  C:\Users\User\AppData\Local\Temp\cccCLk5s.s 			page 28


 1138 0141 9742     		.uleb128 0x2117
 1139 0143 19       		.uleb128 0x19
 1140 0144 00       		.byte	0
 1141 0145 00       		.byte	0
 1142 0146 13       		.uleb128 0x13
 1143 0147 01       		.uleb128 0x1
 1144 0148 01       		.byte	0x1
 1145 0149 49       		.uleb128 0x49
 1146 014a 13       		.uleb128 0x13
 1147 014b 01       		.uleb128 0x1
 1148 014c 13       		.uleb128 0x13
 1149 014d 00       		.byte	0
 1150 014e 00       		.byte	0
 1151 014f 14       		.uleb128 0x14
 1152 0150 21       		.uleb128 0x21
 1153 0151 00       		.byte	0
 1154 0152 49       		.uleb128 0x49
 1155 0153 13       		.uleb128 0x13
 1156 0154 2F       		.uleb128 0x2f
 1157 0155 0B       		.uleb128 0xb
 1158 0156 00       		.byte	0
 1159 0157 00       		.byte	0
 1160 0158 15       		.uleb128 0x15
 1161 0159 34       		.uleb128 0x34
 1162 015a 00       		.byte	0
 1163 015b 03       		.uleb128 0x3
 1164 015c 0E       		.uleb128 0xe
 1165 015d 3A       		.uleb128 0x3a
 1166 015e 0B       		.uleb128 0xb
 1167 015f 3B       		.uleb128 0x3b
 1168 0160 0B       		.uleb128 0xb
 1169 0161 49       		.uleb128 0x49
 1170 0162 13       		.uleb128 0x13
 1171 0163 3F       		.uleb128 0x3f
 1172 0164 19       		.uleb128 0x19
 1173 0165 3C       		.uleb128 0x3c
 1174 0166 19       		.uleb128 0x19
 1175 0167 00       		.byte	0
 1176 0168 00       		.byte	0
 1177 0169 00       		.byte	0
 1178              		.section	.debug_aranges,"",%progbits
 1179 0000 7C000000 		.4byte	0x7c
 1180 0004 0200     		.2byte	0x2
 1181 0006 00000000 		.4byte	.Ldebug_info0
 1182 000a 04       		.byte	0x4
 1183 000b 00       		.byte	0
 1184 000c 0000     		.2byte	0
 1185 000e 0000     		.2byte	0
 1186 0010 00000000 		.4byte	.LFB2
 1187 0014 24000000 		.4byte	.LFE2-.LFB2
 1188 0018 00000000 		.4byte	.LFB3
 1189 001c 26000000 		.4byte	.LFE3-.LFB3
 1190 0020 00000000 		.4byte	.LFB4
 1191 0024 1C000000 		.4byte	.LFE4-.LFB4
 1192 0028 00000000 		.4byte	.LFB5
 1193 002c 0A000000 		.4byte	.LFE5-.LFB5
 1194 0030 00000000 		.4byte	.LFB6
ARM GAS  C:\Users\User\AppData\Local\Temp\cccCLk5s.s 			page 29


 1195 0034 1C000000 		.4byte	.LFE6-.LFB6
 1196 0038 00000000 		.4byte	.LFB7
 1197 003c 14000000 		.4byte	.LFE7-.LFB7
 1198 0040 00000000 		.4byte	.LFB8
 1199 0044 50000000 		.4byte	.LFE8-.LFB8
 1200 0048 00000000 		.4byte	.LFB9
 1201 004c 2C000000 		.4byte	.LFE9-.LFB9
 1202 0050 00000000 		.4byte	.LFB10
 1203 0054 18000000 		.4byte	.LFE10-.LFB10
 1204 0058 00000000 		.4byte	.LFB11
 1205 005c 20000000 		.4byte	.LFE11-.LFB11
 1206 0060 00000000 		.4byte	.LFB12
 1207 0064 18000000 		.4byte	.LFE12-.LFB12
 1208 0068 00000000 		.4byte	.LFB13
 1209 006c 18000000 		.4byte	.LFE13-.LFB13
 1210 0070 00000000 		.4byte	.LFB14
 1211 0074 18000000 		.4byte	.LFE14-.LFB14
 1212 0078 00000000 		.4byte	0
 1213 007c 00000000 		.4byte	0
 1214              		.section	.debug_ranges,"",%progbits
 1215              	.Ldebug_ranges0:
 1216 0000 00000000 		.4byte	.LFB2
 1217 0004 24000000 		.4byte	.LFE2
 1218 0008 00000000 		.4byte	.LFB3
 1219 000c 26000000 		.4byte	.LFE3
 1220 0010 00000000 		.4byte	.LFB4
 1221 0014 1C000000 		.4byte	.LFE4
 1222 0018 00000000 		.4byte	.LFB5
 1223 001c 0A000000 		.4byte	.LFE5
 1224 0020 00000000 		.4byte	.LFB6
 1225 0024 1C000000 		.4byte	.LFE6
 1226 0028 00000000 		.4byte	.LFB7
 1227 002c 14000000 		.4byte	.LFE7
 1228 0030 00000000 		.4byte	.LFB8
 1229 0034 50000000 		.4byte	.LFE8
 1230 0038 00000000 		.4byte	.LFB9
 1231 003c 2C000000 		.4byte	.LFE9
 1232 0040 00000000 		.4byte	.LFB10
 1233 0044 18000000 		.4byte	.LFE10
 1234 0048 00000000 		.4byte	.LFB11
 1235 004c 20000000 		.4byte	.LFE11
 1236 0050 00000000 		.4byte	.LFB12
 1237 0054 18000000 		.4byte	.LFE12
 1238 0058 00000000 		.4byte	.LFB13
 1239 005c 18000000 		.4byte	.LFE13
 1240 0060 00000000 		.4byte	.LFB14
 1241 0064 18000000 		.4byte	.LFE14
 1242 0068 00000000 		.4byte	0
 1243 006c 00000000 		.4byte	0
 1244              		.section	.debug_line,"",%progbits
 1245              	.Ldebug_line0:
 1246 0000 52010000 		.section	.debug_str,"MS",%progbits,1
 1246      02004400 
 1246      00000201 
 1246      FB0E0D00 
 1246      01010101 
 1247              	.LASF31:
ARM GAS  C:\Users\User\AppData\Local\Temp\cccCLk5s.s 			page 30


 1248 0000 6973725F 		.ascii	"isr_WDT_Disable\000"
 1248      5744545F 
 1248      44697361 
 1248      626C6500 
 1249              	.LASF14:
 1250 0010 72656733 		.ascii	"reg32\000"
 1250      3200
 1251              	.LASF38:
 1252 0016 43795261 		.ascii	"CyRamVectors\000"
 1252      6D566563 
 1252      746F7273 
 1252      00
 1253              	.LASF3:
 1254 0023 73686F72 		.ascii	"short unsigned int\000"
 1254      7420756E 
 1254      7369676E 
 1254      65642069 
 1254      6E7400
 1255              	.LASF32:
 1256 0036 6973725F 		.ascii	"isr_WDT_SetPending\000"
 1256      5744545F 
 1256      53657450 
 1256      656E6469 
 1256      6E6700
 1257              	.LASF11:
 1258 0049 666C6F61 		.ascii	"float\000"
 1258      7400
 1259              	.LASF33:
 1260 004f 6973725F 		.ascii	"isr_WDT_ClearPending\000"
 1260      5744545F 
 1260      436C6561 
 1260      7250656E 
 1260      64696E67 
 1261              	.LASF29:
 1262 0064 6973725F 		.ascii	"isr_WDT_GetVector\000"
 1262      5744545F 
 1262      47657456 
 1262      6563746F 
 1262      7200
 1263              	.LASF28:
 1264 0076 6973725F 		.ascii	"isr_WDT_Enable\000"
 1264      5744545F 
 1264      456E6162 
 1264      6C6500
 1265              	.LASF20:
 1266 0085 6973725F 		.ascii	"isr_WDT_Interrupt\000"
 1266      5744545F 
 1266      496E7465 
 1266      72727570 
 1266      7400
 1267              	.LASF18:
 1268 0097 6973725F 		.ascii	"isr_WDT_Start\000"
 1268      5744545F 
 1268      53746172 
 1268      7400
 1269              	.LASF26:
 1270 00a5 696E7465 		.ascii	"interruptState\000"
ARM GAS  C:\Users\User\AppData\Local\Temp\cccCLk5s.s 			page 31


 1270      72727570 
 1270      74537461 
 1270      746500
 1271              	.LASF5:
 1272 00b4 6C6F6E67 		.ascii	"long unsigned int\000"
 1272      20756E73 
 1272      69676E65 
 1272      6420696E 
 1272      7400
 1273              	.LASF9:
 1274 00c6 75696E74 		.ascii	"uint8\000"
 1274      3800
 1275              	.LASF34:
 1276 00cc 474E5520 		.ascii	"GNU C11 5.4.1 20160609 (release) [ARM/embedded-5-br"
 1276      43313120 
 1276      352E342E 
 1276      31203230 
 1276      31363036 
 1277 00ff 616E6368 		.ascii	"anch revision 237715] -mcpu=cortex-m0 -mthumb -g -O"
 1277      20726576 
 1277      6973696F 
 1277      6E203233 
 1277      37373135 
 1278 0132 30202D66 		.ascii	"0 -ffunction-sections -ffat-lto-objects\000"
 1278      66756E63 
 1278      74696F6E 
 1278      2D736563 
 1278      74696F6E 
 1279              	.LASF25:
 1280 015a 7072696F 		.ascii	"priority\000"
 1280      72697479 
 1280      00
 1281              	.LASF1:
 1282 0163 756E7369 		.ascii	"unsigned char\000"
 1282      676E6564 
 1282      20636861 
 1282      7200
 1283              	.LASF12:
 1284 0171 646F7562 		.ascii	"double\000"
 1284      6C6500
 1285              	.LASF10:
 1286 0178 75696E74 		.ascii	"uint32\000"
 1286      333200
 1287              	.LASF8:
 1288 017f 756E7369 		.ascii	"unsigned int\000"
 1288      676E6564 
 1288      20696E74 
 1288      00
 1289              	.LASF23:
 1290 018c 61646472 		.ascii	"address\000"
 1290      65737300 
 1291              	.LASF7:
 1292 0194 6C6F6E67 		.ascii	"long long unsigned int\000"
 1292      206C6F6E 
 1292      6720756E 
 1292      7369676E 
 1292      65642069 
ARM GAS  C:\Users\User\AppData\Local\Temp\cccCLk5s.s 			page 32


 1293              	.LASF15:
 1294 01ab 63796973 		.ascii	"cyisraddress\000"
 1294      72616464 
 1294      72657373 
 1294      00
 1295              	.LASF37:
 1296 01b8 6973725F 		.ascii	"isr_WDT_GetPriority\000"
 1296      5744545F 
 1296      47657450 
 1296      72696F72 
 1296      69747900 
 1297              	.LASF17:
 1298 01cc 73697A65 		.ascii	"sizetype\000"
 1298      74797065 
 1298      00
 1299              	.LASF35:
 1300 01d5 47656E65 		.ascii	"Generated_Source\\PSoC4\\isr_WDT.c\000"
 1300      72617465 
 1300      645F536F 
 1300      75726365 
 1300      5C50536F 
 1301              	.LASF6:
 1302 01f6 6C6F6E67 		.ascii	"long long int\000"
 1302      206C6F6E 
 1302      6720696E 
 1302      7400
 1303              	.LASF13:
 1304 0204 63686172 		.ascii	"char\000"
 1304      00
 1305              	.LASF36:
 1306 0209 433A5C55 		.ascii	"C:\\Users\\User\\Desktop\\Hi\\Demo1\\TM_Mesh_System"
 1306      73657273 
 1306      5C557365 
 1306      725C4465 
 1306      736B746F 
 1307 0236 2E637964 		.ascii	".cydsn\000"
 1307      736E00
 1308              	.LASF2:
 1309 023d 73686F72 		.ascii	"short int\000"
 1309      7420696E 
 1309      7400
 1310              	.LASF21:
 1311 0247 6973725F 		.ascii	"isr_WDT_StartEx\000"
 1311      5744545F 
 1311      53746172 
 1311      74457800 
 1312              	.LASF19:
 1313 0257 6973725F 		.ascii	"isr_WDT_Stop\000"
 1313      5744545F 
 1313      53746F70 
 1313      00
 1314              	.LASF27:
 1315 0264 7072696F 		.ascii	"priorityOffset\000"
 1315      72697479 
 1315      4F666673 
 1315      657400
 1316              	.LASF4:
ARM GAS  C:\Users\User\AppData\Local\Temp\cccCLk5s.s 			page 33


 1317 0273 6C6F6E67 		.ascii	"long int\000"
 1317      20696E74 
 1317      00
 1318              	.LASF16:
 1319 027c 6C6F6E67 		.ascii	"long double\000"
 1319      20646F75 
 1319      626C6500 
 1320              	.LASF0:
 1321 0288 7369676E 		.ascii	"signed char\000"
 1321      65642063 
 1321      68617200 
 1322              	.LASF22:
 1323 0294 6973725F 		.ascii	"isr_WDT_SetVector\000"
 1323      5744545F 
 1323      53657456 
 1323      6563746F 
 1323      7200
 1324              	.LASF24:
 1325 02a6 6973725F 		.ascii	"isr_WDT_SetPriority\000"
 1325      5744545F 
 1325      53657450 
 1325      72696F72 
 1325      69747900 
 1326              	.LASF30:
 1327 02ba 6973725F 		.ascii	"isr_WDT_GetState\000"
 1327      5744545F 
 1327      47657453 
 1327      74617465 
 1327      00
 1328              		.ident	"GCC: (GNU Tools for ARM Embedded Processors) 5.4.1 20160609 (release) [ARM/embedded-5-bran
