ARM GAS  C:\Users\User\AppData\Local\Temp\cclWatFh.s 			page 1


   1              		.syntax unified
   2              		.cpu cortex-m0
   3              		.fpu softvfp
   4              		.eabi_attribute 20, 1
   5              		.eabi_attribute 21, 1
   6              		.eabi_attribute 23, 3
   7              		.eabi_attribute 24, 1
   8              		.eabi_attribute 25, 1
   9              		.eabi_attribute 26, 1
  10              		.eabi_attribute 30, 6
  11              		.eabi_attribute 34, 0
  12              		.eabi_attribute 18, 4
  13              		.thumb
  14              		.syntax unified
  15              		.file	"main.c"
  16              		.text
  17              	.Ltext0:
  18              		.cfi_sections	.debug_frame
  19              		.comm	OneWire_Sensor,32,4
  20              		.comm	OneWire_DataReady,1,1
  21              		.data
  22              		.type	flag_Timer, %object
  23              		.size	flag_Timer, 1
  24              	flag_Timer:
  25 0000 01       		.byte	1
  26              		.comm	current_watchdog_counter,2,2
  27              		.comm	TemperatureStorage,16,4
  28              		.section	.text.main,"ax",%progbits
  29              		.align	2
  30              		.global	main
  31              		.code	16
  32              		.thumb_func
  33              		.type	main, %function
  34              	main:
  35              	.LFB36:
  36              		.file 1 "main.c"
   1:main.c        **** /****************************************************************************
   2:main.c        **** * File Name: main.c
   3:main.c        **** *
   4:main.c        **** * Description:
   5:main.c        **** * This file merges the whole code and send temperature
   6:main.c        **** * measurements via BLE and UART.
   7:main.c        **** *
   8:main.c        **** * Authors: Yaroslav Morozevych, Sophiia Myntiuk, Yana Mularska
   9:main.c        **** *
  10:main.c        **** *****************************************************************************/
  11:main.c        **** 
  12:main.c        **** 
  13:main.c        **** /*****************************************************************************
  14:main.c        **** * Included header files with the initialization of all need functions
  15:main.c        **** *****************************************************************************/
  16:main.c        **** #include <project.h>
  17:main.c        **** #include "main.h"
  18:main.c        **** #include "ble_process.h"
  19:main.c        **** #include "CommonFunctions.h"
  20:main.c        **** 
  21:main.c        **** #define DEVICE_NUMBER 4
ARM GAS  C:\Users\User\AppData\Local\Temp\cclWatFh.s 			page 2


  22:main.c        **** 
  23:main.c        **** 
  24:main.c        **** /*****************************************************
  25:main.c        **** *                  Variables
  26:main.c        **** *****************************************************/ 
  27:main.c        **** volatile uint16 current_watchdog_counter;
  28:main.c        **** CYBLE_GATTS_WRITE_REQ_PARAM_T TemperatureStorage;
  29:main.c        **** 
  30:main.c        **** 
  31:main.c        **** 
  32:main.c        ****   
  33:main.c        **** 
  34:main.c        **** /*******************************************************************************
  35:main.c        **** * Function Name: main
  36:main.c        **** ********************************************************************************
  37:main.c        **** * Summary:
  38:main.c        **** *       Entry point for the firmware, Starts the system and continuously processes
  39:main.c        **** * Application and BLE events.
  40:main.c        **** *
  41:main.c        **** * Parameters:
  42:main.c        **** *  void
  43:main.c        **** *
  44:main.c        **** * Return:
  45:main.c        **** *  int
  46:main.c        **** *
  47:main.c        **** *******************************************************************************/
  48:main.c        **** int main()
  49:main.c        **** {
  37              		.loc 1 49 0
  38              		.cfi_startproc
  39              		@ args = 0, pretend = 0, frame = 16
  40              		@ frame_needed = 1, uses_anonymous_args = 0
  41 0000 80B5     		push	{r7, lr}
  42              		.cfi_def_cfa_offset 8
  43              		.cfi_offset 7, -8
  44              		.cfi_offset 14, -4
  45 0002 84B0     		sub	sp, sp, #16
  46              		.cfi_def_cfa_offset 24
  47 0004 00AF     		add	r7, sp, #0
  48              		.cfi_def_cfa_register 7
  50:main.c        ****     /* Initialize system */	
  51:main.c        **** 	InitializeSystem();
  49              		.loc 1 51 0
  50 0006 FFF7FEFF 		bl	InitializeSystem
  52:main.c        ****     flag_Timer = 1;
  51              		.loc 1 52 0
  52 000a 094B     		ldr	r3, .L3
  53 000c 0122     		movs	r2, #1
  54 000e 1A70     		strb	r2, [r3]
  53:main.c        ****     GREEN_LED_Pin_Write(1);
  55              		.loc 1 53 0
  56 0010 0120     		movs	r0, #1
  57 0012 FFF7FEFF 		bl	GREEN_LED_Pin_Write
  54:main.c        **** 	
  55:main.c        ****     float temps[4];
  56:main.c        ****     TemperatureStorage.handleValPair.value.val = temps;
  58              		.loc 1 56 0
ARM GAS  C:\Users\User\AppData\Local\Temp\cclWatFh.s 			page 3


  59 0016 074B     		ldr	r3, .L3+4
  60 0018 3A00     		movs	r2, r7
  61 001a 5A60     		str	r2, [r3, #4]
  62              	.L2:
  57:main.c        ****     
  58:main.c        **** 	#ifdef DEBUG_ENABLED
  59:main.c        **** 		UART_UartPutString("Sytem Started ");
  60:main.c        **** 		UART_UartPutCRLF(' ');
  61:main.c        **** 	#endif
  62:main.c        **** 	
  63:main.c        ****     
  64:main.c        ****     for(;;)
  65:main.c        ****     {
  66:main.c        ****         //float tmp = ProcessTemperature(flag_Timer);
  67:main.c        **** 		/* Process BLE Events. This function generates the respective 
  68:main.c        **** 		* events to application layer */
  69:main.c        **** 		CyBle_ProcessEvents();
  63              		.loc 1 69 0 discriminator 1
  64 001c FFF7FEFF 		bl	CyBle_ProcessEvents
  70:main.c        **** 
  71:main.c        **** 		/* If flag is set, then switch the GAP role between Peripheral and 
  72:main.c        **** 		* Central. This function disconnects existing connection, if any, 
  73:main.c        **** 		* before switching role. Depending on switched role, the system will
  74:main.c        **** 		* either start scanning or start advertisement */
  75:main.c        **** 		SwitchRole();
  65              		.loc 1 75 0 discriminator 1
  66 0020 FFF7FEFF 		bl	SwitchRole
  76:main.c        **** 		
  77:main.c        **** 		/* If a valid node is found, then this function will initiate a connection 
  78:main.c        **** 		* to that node. */
  79:main.c        **** 		ConnectToPeripheralDevice();
  67              		.loc 1 79 0 discriminator 1
  68 0024 FFF7FEFF 		bl	ConnectToPeripheralDevice
  80:main.c        **** 		
  81:main.c        **** 		/* This function will restart scanning when earlier connection has been
  82:main.c        **** 		* disconnected. This function also checks internal counter and sets flag to
  83:main.c        **** 		* switch role from Central to Peripheral when the count is above set value. */
  84:main.c        **** 		RestartCentralScanning();
  69              		.loc 1 84 0 discriminator 1
  70 0028 FFF7FEFF 		bl	RestartCentralScanning
  85:main.c        ****     }
  71              		.loc 1 85 0 discriminator 1
  72 002c F6E7     		b	.L2
  73              	.L4:
  74 002e C046     		.align	2
  75              	.L3:
  76 0030 00000000 		.word	flag_Timer
  77 0034 00000000 		.word	TemperatureStorage
  78              		.cfi_endproc
  79              	.LFE36:
  80              		.size	main, .-main
  81              		.text
  82              	.Letext0:
  83              		.file 2 "Generated_Source\\PSoC4/cytypes.h"
  84              		.file 3 "Generated_Source\\PSoC4/OneWire.h"
  85              		.file 4 "Generated_Source\\PSoC4/BLE_StackGatt.h"
  86              		.file 5 "Generated_Source\\PSoC4/BLE_StackGattServer.h"
ARM GAS  C:\Users\User\AppData\Local\Temp\cclWatFh.s 			page 4


  87              		.file 6 "Generated_Source\\PSoC4/BLE_Stack.h"
  88              		.file 7 "Generated_Source\\PSoC4/BLE_hts.h"
  89              		.file 8 "Generated_Source\\PSoC4/BLE_eventHandler.h"
  90              		.file 9 "Temperature.h"
  91              		.section	.debug_info,"",%progbits
  92              	.Ldebug_info0:
  93 0000 84040000 		.4byte	0x484
  94 0004 0400     		.2byte	0x4
  95 0006 00000000 		.4byte	.Ldebug_abbrev0
  96 000a 04       		.byte	0x4
  97 000b 01       		.uleb128 0x1
  98 000c E5050000 		.4byte	.LASF122
  99 0010 0C       		.byte	0xc
 100 0011 A3050000 		.4byte	.LASF123
 101 0015 D6080000 		.4byte	.LASF124
 102 0019 00000000 		.4byte	.Ldebug_ranges0+0
 103 001d 00000000 		.4byte	0
 104 0021 00000000 		.4byte	.Ldebug_line0
 105 0025 02       		.uleb128 0x2
 106 0026 01       		.byte	0x1
 107 0027 06       		.byte	0x6
 108 0028 44020000 		.4byte	.LASF0
 109 002c 02       		.uleb128 0x2
 110 002d 01       		.byte	0x1
 111 002e 08       		.byte	0x8
 112 002f 0A090000 		.4byte	.LASF1
 113 0033 02       		.uleb128 0x2
 114 0034 02       		.byte	0x2
 115 0035 05       		.byte	0x5
 116 0036 3C090000 		.4byte	.LASF2
 117 003a 02       		.uleb128 0x2
 118 003b 02       		.byte	0x2
 119 003c 07       		.byte	0x7
 120 003d FF040000 		.4byte	.LASF3
 121 0041 02       		.uleb128 0x2
 122 0042 04       		.byte	0x4
 123 0043 05       		.byte	0x5
 124 0044 23010000 		.4byte	.LASF4
 125 0048 02       		.uleb128 0x2
 126 0049 04       		.byte	0x4
 127 004a 07       		.byte	0x7
 128 004b 2C040000 		.4byte	.LASF5
 129 004f 02       		.uleb128 0x2
 130 0050 08       		.byte	0x8
 131 0051 05       		.byte	0x5
 132 0052 36020000 		.4byte	.LASF6
 133 0056 02       		.uleb128 0x2
 134 0057 08       		.byte	0x8
 135 0058 07       		.byte	0x7
 136 0059 37010000 		.4byte	.LASF7
 137 005d 03       		.uleb128 0x3
 138 005e 04       		.byte	0x4
 139 005f 05       		.byte	0x5
 140 0060 696E7400 		.ascii	"int\000"
 141 0064 02       		.uleb128 0x2
 142 0065 04       		.byte	0x4
 143 0066 07       		.byte	0x7
ARM GAS  C:\Users\User\AppData\Local\Temp\cclWatFh.s 			page 5


 144 0067 00040000 		.4byte	.LASF8
 145 006b 04       		.uleb128 0x4
 146 006c 16030000 		.4byte	.LASF9
 147 0070 02       		.byte	0x2
 148 0071 E601     		.2byte	0x1e6
 149 0073 2C000000 		.4byte	0x2c
 150 0077 04       		.uleb128 0x4
 151 0078 49000000 		.4byte	.LASF10
 152 007c 02       		.byte	0x2
 153 007d E701     		.2byte	0x1e7
 154 007f 3A000000 		.4byte	0x3a
 155 0083 02       		.uleb128 0x2
 156 0084 04       		.byte	0x4
 157 0085 04       		.byte	0x4
 158 0086 C8080000 		.4byte	.LASF11
 159 008a 02       		.uleb128 0x2
 160 008b 08       		.byte	0x8
 161 008c 04       		.byte	0x4
 162 008d 3B030000 		.4byte	.LASF12
 163 0091 02       		.uleb128 0x2
 164 0092 01       		.byte	0x1
 165 0093 08       		.byte	0x8
 166 0094 3B0A0000 		.4byte	.LASF13
 167 0098 05       		.uleb128 0x5
 168 0099 6B000000 		.4byte	0x6b
 169 009d 05       		.uleb128 0x5
 170 009e 77000000 		.4byte	0x77
 171 00a2 06       		.uleb128 0x6
 172 00a3 2C0C0000 		.4byte	.LASF125
 173 00a7 04       		.byte	0x4
 174 00a8 03       		.byte	0x3
 175 00a9 30       		.byte	0x30
 176 00aa C7000000 		.4byte	0xc7
 177 00ae 07       		.uleb128 0x7
 178 00af 8E0B0000 		.4byte	.LASF14
 179 00b3 03       		.byte	0x3
 180 00b4 31       		.byte	0x31
 181 00b5 77000000 		.4byte	0x77
 182 00b9 00       		.byte	0
 183 00ba 07       		.uleb128 0x7
 184 00bb CE080000 		.4byte	.LASF15
 185 00bf 03       		.byte	0x3
 186 00c0 32       		.byte	0x32
 187 00c1 6B000000 		.4byte	0x6b
 188 00c5 02       		.byte	0x2
 189 00c6 00       		.byte	0
 190 00c7 02       		.uleb128 0x2
 191 00c8 08       		.byte	0x8
 192 00c9 04       		.byte	0x4
 193 00ca 2F0A0000 		.4byte	.LASF16
 194 00ce 02       		.uleb128 0x2
 195 00cf 04       		.byte	0x4
 196 00d0 07       		.byte	0x7
 197 00d1 87070000 		.4byte	.LASF17
 198 00d5 08       		.uleb128 0x8
 199 00d6 01       		.byte	0x1
 200 00d7 2C000000 		.4byte	0x2c
ARM GAS  C:\Users\User\AppData\Local\Temp\cclWatFh.s 			page 6


 201 00db 06       		.byte	0x6
 202 00dc 3501     		.2byte	0x135
 203 00de 93020000 		.4byte	0x293
 204 00e2 09       		.uleb128 0x9
 205 00e3 12050000 		.4byte	.LASF18
 206 00e7 00       		.byte	0
 207 00e8 09       		.uleb128 0x9
 208 00e9 50020000 		.4byte	.LASF19
 209 00ed 01       		.byte	0x1
 210 00ee 09       		.uleb128 0x9
 211 00ef 11010000 		.4byte	.LASF20
 212 00f3 02       		.byte	0x2
 213 00f4 09       		.uleb128 0x9
 214 00f5 2E0B0000 		.4byte	.LASF21
 215 00f9 03       		.byte	0x3
 216 00fa 09       		.uleb128 0x9
 217 00fb 61010000 		.4byte	.LASF22
 218 00ff 04       		.byte	0x4
 219 0100 09       		.uleb128 0x9
 220 0101 2D000000 		.4byte	.LASF23
 221 0105 05       		.byte	0x5
 222 0106 09       		.uleb128 0x9
 223 0107 47050000 		.4byte	.LASF24
 224 010b 06       		.byte	0x6
 225 010c 09       		.uleb128 0x9
 226 010d C8060000 		.4byte	.LASF25
 227 0111 20       		.byte	0x20
 228 0112 09       		.uleb128 0x9
 229 0113 A0020000 		.4byte	.LASF26
 230 0117 21       		.byte	0x21
 231 0118 09       		.uleb128 0x9
 232 0119 60050000 		.4byte	.LASF27
 233 011d 22       		.byte	0x22
 234 011e 09       		.uleb128 0x9
 235 011f 080B0000 		.4byte	.LASF28
 236 0123 23       		.byte	0x23
 237 0124 09       		.uleb128 0x9
 238 0125 14080000 		.4byte	.LASF29
 239 0129 24       		.byte	0x24
 240 012a 09       		.uleb128 0x9
 241 012b 90070000 		.4byte	.LASF30
 242 012f 25       		.byte	0x25
 243 0130 09       		.uleb128 0x9
 244 0131 EE020000 		.4byte	.LASF31
 245 0135 26       		.byte	0x26
 246 0136 09       		.uleb128 0x9
 247 0137 84050000 		.4byte	.LASF32
 248 013b 27       		.byte	0x27
 249 013c 09       		.uleb128 0x9
 250 013d 5F0A0000 		.4byte	.LASF33
 251 0141 28       		.byte	0x28
 252 0142 09       		.uleb128 0x9
 253 0143 CD010000 		.4byte	.LASF34
 254 0147 29       		.byte	0x29
 255 0148 09       		.uleb128 0x9
 256 0149 56040000 		.4byte	.LASF35
 257 014d 2A       		.byte	0x2a
ARM GAS  C:\Users\User\AppData\Local\Temp\cclWatFh.s 			page 7


 258 014e 09       		.uleb128 0x9
 259 014f 77020000 		.4byte	.LASF36
 260 0153 2B       		.byte	0x2b
 261 0154 09       		.uleb128 0x9
 262 0155 C10B0000 		.4byte	.LASF37
 263 0159 2C       		.byte	0x2c
 264 015a 09       		.uleb128 0x9
 265 015b EA010000 		.4byte	.LASF38
 266 015f 2D       		.byte	0x2d
 267 0160 09       		.uleb128 0x9
 268 0161 18090000 		.4byte	.LASF39
 269 0165 2E       		.byte	0x2e
 270 0166 09       		.uleb128 0x9
 271 0167 470B0000 		.4byte	.LASF40
 272 016b 2F       		.byte	0x2f
 273 016c 09       		.uleb128 0x9
 274 016d F3070000 		.4byte	.LASF41
 275 0171 30       		.byte	0x30
 276 0172 09       		.uleb128 0x9
 277 0173 3C0C0000 		.4byte	.LASF42
 278 0177 31       		.byte	0x31
 279 0178 09       		.uleb128 0x9
 280 0179 D2070000 		.4byte	.LASF43
 281 017d 32       		.byte	0x32
 282 017e 09       		.uleb128 0x9
 283 017f E8090000 		.4byte	.LASF44
 284 0183 33       		.byte	0x33
 285 0184 09       		.uleb128 0x9
 286 0185 3E040000 		.4byte	.LASF45
 287 0189 34       		.byte	0x34
 288 018a 09       		.uleb128 0x9
 289 018b A4030000 		.4byte	.LASF46
 290 018f 35       		.byte	0x35
 291 0190 09       		.uleb128 0x9
 292 0191 C4050000 		.4byte	.LASF47
 293 0195 36       		.byte	0x36
 294 0196 09       		.uleb128 0x9
 295 0197 13070000 		.4byte	.LASF48
 296 019b 37       		.byte	0x37
 297 019c 09       		.uleb128 0x9
 298 019d CE090000 		.4byte	.LASF49
 299 01a1 40       		.byte	0x40
 300 01a2 09       		.uleb128 0x9
 301 01a3 8B060000 		.4byte	.LASF50
 302 01a7 41       		.byte	0x41
 303 01a8 09       		.uleb128 0x9
 304 01a9 7C0C0000 		.4byte	.LASF51
 305 01ad 42       		.byte	0x42
 306 01ae 09       		.uleb128 0x9
 307 01af 700B0000 		.4byte	.LASF52
 308 01b3 43       		.byte	0x43
 309 01b4 09       		.uleb128 0x9
 310 01b5 7F040000 		.4byte	.LASF53
 311 01b9 44       		.byte	0x44
 312 01ba 09       		.uleb128 0x9
 313 01bb A1080000 		.4byte	.LASF54
 314 01bf 45       		.byte	0x45
ARM GAS  C:\Users\User\AppData\Local\Temp\cclWatFh.s 			page 8


 315 01c0 09       		.uleb128 0x9
 316 01c1 66070000 		.4byte	.LASF55
 317 01c5 46       		.byte	0x46
 318 01c6 09       		.uleb128 0x9
 319 01c7 29050000 		.4byte	.LASF56
 320 01cb 47       		.byte	0x47
 321 01cc 09       		.uleb128 0x9
 322 01cd 9A0B0000 		.4byte	.LASF57
 323 01d1 48       		.byte	0x48
 324 01d2 09       		.uleb128 0x9
 325 01d3 B7020000 		.4byte	.LASF58
 326 01d7 49       		.byte	0x49
 327 01d8 09       		.uleb128 0x9
 328 01d9 00000000 		.4byte	.LASF59
 329 01dd 4A       		.byte	0x4a
 330 01de 09       		.uleb128 0x9
 331 01df 400A0000 		.4byte	.LASF60
 332 01e3 4B       		.byte	0x4b
 333 01e4 09       		.uleb128 0x9
 334 01e5 AA050000 		.4byte	.LASF61
 335 01e9 4C       		.byte	0x4c
 336 01ea 09       		.uleb128 0x9
 337 01eb B8070000 		.4byte	.LASF62
 338 01ef 4D       		.byte	0x4d
 339 01f0 09       		.uleb128 0x9
 340 01f1 D0020000 		.4byte	.LASF63
 341 01f5 4E       		.byte	0x4e
 342 01f6 09       		.uleb128 0x9
 343 01f7 8E090000 		.4byte	.LASF64
 344 01fb 4F       		.byte	0x4f
 345 01fc 09       		.uleb128 0x9
 346 01fd E3000000 		.4byte	.LASF65
 347 0201 50       		.byte	0x50
 348 0202 09       		.uleb128 0x9
 349 0203 1C030000 		.4byte	.LASF66
 350 0207 51       		.byte	0x51
 351 0208 09       		.uleb128 0x9
 352 0209 30080000 		.4byte	.LASF67
 353 020d 52       		.byte	0x52
 354 020e 09       		.uleb128 0x9
 355 020f 5B090000 		.4byte	.LASF68
 356 0213 53       		.byte	0x53
 357 0214 09       		.uleb128 0x9
 358 0215 AD090000 		.4byte	.LASF69
 359 0219 54       		.byte	0x54
 360 021a 09       		.uleb128 0x9
 361 021b 9D040000 		.4byte	.LASF70
 362 021f 55       		.byte	0x55
 363 0220 09       		.uleb128 0x9
 364 0221 DE030000 		.4byte	.LASF71
 365 0225 56       		.byte	0x56
 366 0226 09       		.uleb128 0x9
 367 0227 910A0000 		.4byte	.LASF72
 368 022b 57       		.byte	0x57
 369 022c 09       		.uleb128 0x9
 370 022d DC040000 		.4byte	.LASF73
 371 0231 58       		.byte	0x58
ARM GAS  C:\Users\User\AppData\Local\Temp\cclWatFh.s 			page 9


 372 0232 09       		.uleb128 0x9
 373 0233 A7010000 		.4byte	.LASF74
 374 0237 70       		.byte	0x70
 375 0238 09       		.uleb128 0x9
 376 0239 060C0000 		.4byte	.LASF75
 377 023d 71       		.byte	0x71
 378 023e 09       		.uleb128 0x9
 379 023f AC060000 		.4byte	.LASF76
 380 0243 72       		.byte	0x72
 381 0244 09       		.uleb128 0x9
 382 0245 48070000 		.4byte	.LASF77
 383 0249 73       		.byte	0x73
 384 024a 09       		.uleb128 0x9
 385 024b 83080000 		.4byte	.LASF78
 386 024f 74       		.byte	0x74
 387 0250 09       		.uleb128 0x9
 388 0251 E50B0000 		.4byte	.LASF79
 389 0255 75       		.byte	0x75
 390 0256 09       		.uleb128 0x9
 391 0257 C2000000 		.4byte	.LASF80
 392 025b 76       		.byte	0x76
 393 025c 09       		.uleb128 0x9
 394 025d 50000000 		.4byte	.LASF81
 395 0261 77       		.byte	0x77
 396 0262 09       		.uleb128 0x9
 397 0263 BA0A0000 		.4byte	.LASF82
 398 0267 78       		.byte	0x78
 399 0268 09       		.uleb128 0x9
 400 0269 13020000 		.4byte	.LASF83
 401 026d 79       		.byte	0x79
 402 026e 09       		.uleb128 0x9
 403 026f 80030000 		.4byte	.LASF84
 404 0273 7A       		.byte	0x7a
 405 0274 09       		.uleb128 0x9
 406 0275 A4000000 		.4byte	.LASF85
 407 0279 FA       		.byte	0xfa
 408 027a 09       		.uleb128 0x9
 409 027b 0D040000 		.4byte	.LASF86
 410 027f FB       		.byte	0xfb
 411 0280 09       		.uleb128 0x9
 412 0281 7C090000 		.4byte	.LASF87
 413 0285 FC       		.byte	0xfc
 414 0286 09       		.uleb128 0x9
 415 0287 73060000 		.4byte	.LASF88
 416 028b FD       		.byte	0xfd
 417 028c 09       		.uleb128 0x9
 418 028d 5E030000 		.4byte	.LASF89
 419 0291 FF       		.byte	0xff
 420 0292 00       		.byte	0
 421 0293 04       		.uleb128 0x4
 422 0294 600C0000 		.4byte	.LASF90
 423 0298 04       		.byte	0x4
 424 0299 8901     		.2byte	0x189
 425 029b 77000000 		.4byte	0x77
 426 029f 0A       		.uleb128 0xa
 427 02a0 02       		.byte	0x2
 428 02a1 04       		.byte	0x4
ARM GAS  C:\Users\User\AppData\Local\Temp\cclWatFh.s 			page 10


 429 02a2 9301     		.2byte	0x193
 430 02a4 C3020000 		.4byte	0x2c3
 431 02a8 0B       		.uleb128 0xb
 432 02a9 6C030000 		.4byte	.LASF91
 433 02ad 04       		.byte	0x4
 434 02ae 9A01     		.2byte	0x19a
 435 02b0 6B000000 		.4byte	0x6b
 436 02b4 00       		.byte	0
 437 02b5 0B       		.uleb128 0xb
 438 02b6 A6060000 		.4byte	.LASF92
 439 02ba 04       		.byte	0x4
 440 02bb A001     		.2byte	0x1a0
 441 02bd 6B000000 		.4byte	0x6b
 442 02c1 01       		.byte	0x1
 443 02c2 00       		.byte	0
 444 02c3 04       		.uleb128 0x4
 445 02c4 6F000000 		.4byte	.LASF93
 446 02c8 04       		.byte	0x4
 447 02c9 A201     		.2byte	0x1a2
 448 02cb 9F020000 		.4byte	0x29f
 449 02cf 0A       		.uleb128 0xa
 450 02d0 08       		.byte	0x8
 451 02d1 04       		.byte	0x4
 452 02d2 BE01     		.2byte	0x1be
 453 02d4 00030000 		.4byte	0x300
 454 02d8 0C       		.uleb128 0xc
 455 02d9 76616C00 		.ascii	"val\000"
 456 02dd 04       		.byte	0x4
 457 02de C101     		.2byte	0x1c1
 458 02e0 00030000 		.4byte	0x300
 459 02e4 00       		.byte	0
 460 02e5 0C       		.uleb128 0xc
 461 02e6 6C656E00 		.ascii	"len\000"
 462 02ea 04       		.byte	0x4
 463 02eb C401     		.2byte	0x1c4
 464 02ed 77000000 		.4byte	0x77
 465 02f1 04       		.byte	0x4
 466 02f2 0B       		.uleb128 0xb
 467 02f3 96020000 		.4byte	.LASF94
 468 02f7 04       		.byte	0x4
 469 02f8 CB01     		.2byte	0x1cb
 470 02fa 77000000 		.4byte	0x77
 471 02fe 06       		.byte	0x6
 472 02ff 00       		.byte	0
 473 0300 0D       		.uleb128 0xd
 474 0301 04       		.byte	0x4
 475 0302 83000000 		.4byte	0x83
 476 0306 04       		.uleb128 0x4
 477 0307 4E010000 		.4byte	.LASF95
 478 030b 04       		.byte	0x4
 479 030c CD01     		.2byte	0x1cd
 480 030e CF020000 		.4byte	0x2cf
 481 0312 0A       		.uleb128 0xa
 482 0313 0C       		.byte	0xc
 483 0314 04       		.byte	0x4
 484 0315 D001     		.2byte	0x1d0
 485 0317 36030000 		.4byte	0x336
ARM GAS  C:\Users\User\AppData\Local\Temp\cclWatFh.s 			page 11


 486 031b 0B       		.uleb128 0xb
 487 031c C1030000 		.4byte	.LASF96
 488 0320 04       		.byte	0x4
 489 0321 D301     		.2byte	0x1d3
 490 0323 06030000 		.4byte	0x306
 491 0327 00       		.byte	0
 492 0328 0B       		.uleb128 0xb
 493 0329 75030000 		.4byte	.LASF97
 494 032d 04       		.byte	0x4
 495 032e D601     		.2byte	0x1d6
 496 0330 93020000 		.4byte	0x293
 497 0334 08       		.byte	0x8
 498 0335 00       		.byte	0
 499 0336 04       		.uleb128 0x4
 500 0337 64080000 		.4byte	.LASF98
 501 033b 04       		.byte	0x4
 502 033c D801     		.2byte	0x1d8
 503 033e 12030000 		.4byte	0x312
 504 0342 0E       		.uleb128 0xe
 505 0343 10       		.byte	0x10
 506 0344 05       		.byte	0x5
 507 0345 8A       		.byte	0x8a
 508 0346 63030000 		.4byte	0x363
 509 034a 07       		.uleb128 0x7
 510 034b 83000000 		.4byte	.LASF99
 511 034f 05       		.byte	0x5
 512 0350 8D       		.byte	0x8d
 513 0351 C3020000 		.4byte	0x2c3
 514 0355 00       		.byte	0
 515 0356 07       		.uleb128 0x7
 516 0357 EC060000 		.4byte	.LASF100
 517 035b 05       		.byte	0x5
 518 035c 90       		.byte	0x90
 519 035d 36030000 		.4byte	0x336
 520 0361 04       		.byte	0x4
 521 0362 00       		.byte	0
 522 0363 0F       		.uleb128 0xf
 523 0364 76010000 		.4byte	.LASF101
 524 0368 05       		.byte	0x5
 525 0369 92       		.byte	0x92
 526 036a 42030000 		.4byte	0x342
 527 036e 10       		.uleb128 0x10
 528 036f 01       		.byte	0x1
 529 0370 2C000000 		.4byte	0x2c
 530 0374 07       		.byte	0x7
 531 0375 21       		.byte	0x21
 532 0376 99030000 		.4byte	0x399
 533 037a 09       		.uleb128 0x9
 534 037b C7030000 		.4byte	.LASF102
 535 037f 00       		.byte	0
 536 0380 09       		.uleb128 0x9
 537 0381 63020000 		.4byte	.LASF103
 538 0385 01       		.byte	0x1
 539 0386 09       		.uleb128 0x9
 540 0387 8E000000 		.4byte	.LASF104
 541 038b 02       		.byte	0x2
 542 038c 09       		.uleb128 0x9
ARM GAS  C:\Users\User\AppData\Local\Temp\cclWatFh.s 			page 12


 543 038d C1040000 		.4byte	.LASF105
 544 0391 03       		.byte	0x3
 545 0392 09       		.uleb128 0x9
 546 0393 46090000 		.4byte	.LASF106
 547 0397 04       		.byte	0x4
 548 0398 00       		.byte	0
 549 0399 10       		.uleb128 0x10
 550 039a 01       		.byte	0x1
 551 039b 2C000000 		.4byte	0x2c
 552 039f 07       		.byte	0x7
 553 03a0 2C       		.byte	0x2c
 554 03a1 B8030000 		.4byte	0x3b8
 555 03a5 09       		.uleb128 0x9
 556 03a6 1E000000 		.4byte	.LASF107
 557 03aa 00       		.byte	0
 558 03ab 09       		.uleb128 0x9
 559 03ac AA070000 		.4byte	.LASF108
 560 03b0 01       		.byte	0x1
 561 03b1 09       		.uleb128 0x9
 562 03b2 F20A0000 		.4byte	.LASF109
 563 03b6 02       		.byte	0x2
 564 03b7 00       		.byte	0
 565 03b8 08       		.uleb128 0x8
 566 03b9 01       		.byte	0x1
 567 03ba 2C000000 		.4byte	0x2c
 568 03be 08       		.byte	0x8
 569 03bf EB08     		.2byte	0x8eb
 570 03c1 EA030000 		.4byte	0x3ea
 571 03c5 09       		.uleb128 0x9
 572 03c6 200A0000 		.4byte	.LASF110
 573 03ca 00       		.byte	0
 574 03cb 09       		.uleb128 0x9
 575 03cc 810A0000 		.4byte	.LASF111
 576 03d0 01       		.byte	0x1
 577 03d1 09       		.uleb128 0x9
 578 03d2 51080000 		.4byte	.LASF112
 579 03d6 02       		.byte	0x2
 580 03d7 09       		.uleb128 0x9
 581 03d8 42030000 		.4byte	.LASF113
 582 03dc 02       		.byte	0x2
 583 03dd 09       		.uleb128 0x9
 584 03de 02010000 		.4byte	.LASF114
 585 03e2 03       		.byte	0x3
 586 03e3 09       		.uleb128 0x9
 587 03e4 0F0A0000 		.4byte	.LASF115
 588 03e8 04       		.byte	0x4
 589 03e9 00       		.byte	0
 590 03ea 11       		.uleb128 0x11
 591 03eb 59030000 		.4byte	.LASF126
 592 03ef 01       		.byte	0x1
 593 03f0 30       		.byte	0x30
 594 03f1 5D000000 		.4byte	0x5d
 595 03f5 00000000 		.4byte	.LFB36
 596 03f9 38000000 		.4byte	.LFE36-.LFB36
 597 03fd 01       		.uleb128 0x1
 598 03fe 9C       		.byte	0x9c
 599 03ff 12040000 		.4byte	0x412
ARM GAS  C:\Users\User\AppData\Local\Temp\cclWatFh.s 			page 13


 600 0403 12       		.uleb128 0x12
 601 0404 EC0A0000 		.4byte	.LASF116
 602 0408 01       		.byte	0x1
 603 0409 37       		.byte	0x37
 604 040a 12040000 		.4byte	0x412
 605 040e 02       		.uleb128 0x2
 606 040f 91       		.byte	0x91
 607 0410 68       		.sleb128 -24
 608 0411 00       		.byte	0
 609 0412 13       		.uleb128 0x13
 610 0413 83000000 		.4byte	0x83
 611 0417 22040000 		.4byte	0x422
 612 041b 14       		.uleb128 0x14
 613 041c CE000000 		.4byte	0xce
 614 0420 03       		.byte	0x3
 615 0421 00       		.byte	0
 616 0422 12       		.uleb128 0x12
 617 0423 2C010000 		.4byte	.LASF117
 618 0427 09       		.byte	0x9
 619 0428 14       		.byte	0x14
 620 0429 98000000 		.4byte	0x98
 621 042d 05       		.uleb128 0x5
 622 042e 03       		.byte	0x3
 623 042f 00000000 		.4byte	flag_Timer
 624 0433 13       		.uleb128 0x13
 625 0434 A2000000 		.4byte	0xa2
 626 0438 43040000 		.4byte	0x443
 627 043c 14       		.uleb128 0x14
 628 043d CE000000 		.4byte	0xce
 629 0441 07       		.byte	0x7
 630 0442 00       		.byte	0
 631 0443 15       		.uleb128 0x15
 632 0444 DD0A0000 		.4byte	.LASF118
 633 0448 03       		.byte	0x3
 634 0449 34       		.byte	0x34
 635 044a 33040000 		.4byte	0x433
 636 044e 05       		.uleb128 0x5
 637 044f 03       		.byte	0x3
 638 0450 00000000 		.4byte	OneWire_Sensor
 639 0454 15       		.uleb128 0x15
 640 0455 9A0C0000 		.4byte	.LASF119
 641 0459 03       		.byte	0x3
 642 045a 39       		.byte	0x39
 643 045b 98000000 		.4byte	0x98
 644 045f 05       		.uleb128 0x5
 645 0460 03       		.byte	0x3
 646 0461 00000000 		.4byte	OneWire_DataReady
 647 0465 15       		.uleb128 0x15
 648 0466 FA060000 		.4byte	.LASF120
 649 046a 01       		.byte	0x1
 650 046b 1B       		.byte	0x1b
 651 046c 9D000000 		.4byte	0x9d
 652 0470 05       		.uleb128 0x5
 653 0471 03       		.byte	0x3
 654 0472 00000000 		.4byte	current_watchdog_counter
 655 0476 15       		.uleb128 0x15
 656 0477 94010000 		.4byte	.LASF121
ARM GAS  C:\Users\User\AppData\Local\Temp\cclWatFh.s 			page 14


 657 047b 01       		.byte	0x1
 658 047c 1C       		.byte	0x1c
 659 047d 63030000 		.4byte	0x363
 660 0481 05       		.uleb128 0x5
 661 0482 03       		.byte	0x3
 662 0483 00000000 		.4byte	TemperatureStorage
 663 0487 00       		.byte	0
 664              		.section	.debug_abbrev,"",%progbits
 665              	.Ldebug_abbrev0:
 666 0000 01       		.uleb128 0x1
 667 0001 11       		.uleb128 0x11
 668 0002 01       		.byte	0x1
 669 0003 25       		.uleb128 0x25
 670 0004 0E       		.uleb128 0xe
 671 0005 13       		.uleb128 0x13
 672 0006 0B       		.uleb128 0xb
 673 0007 03       		.uleb128 0x3
 674 0008 0E       		.uleb128 0xe
 675 0009 1B       		.uleb128 0x1b
 676 000a 0E       		.uleb128 0xe
 677 000b 55       		.uleb128 0x55
 678 000c 17       		.uleb128 0x17
 679 000d 11       		.uleb128 0x11
 680 000e 01       		.uleb128 0x1
 681 000f 10       		.uleb128 0x10
 682 0010 17       		.uleb128 0x17
 683 0011 00       		.byte	0
 684 0012 00       		.byte	0
 685 0013 02       		.uleb128 0x2
 686 0014 24       		.uleb128 0x24
 687 0015 00       		.byte	0
 688 0016 0B       		.uleb128 0xb
 689 0017 0B       		.uleb128 0xb
 690 0018 3E       		.uleb128 0x3e
 691 0019 0B       		.uleb128 0xb
 692 001a 03       		.uleb128 0x3
 693 001b 0E       		.uleb128 0xe
 694 001c 00       		.byte	0
 695 001d 00       		.byte	0
 696 001e 03       		.uleb128 0x3
 697 001f 24       		.uleb128 0x24
 698 0020 00       		.byte	0
 699 0021 0B       		.uleb128 0xb
 700 0022 0B       		.uleb128 0xb
 701 0023 3E       		.uleb128 0x3e
 702 0024 0B       		.uleb128 0xb
 703 0025 03       		.uleb128 0x3
 704 0026 08       		.uleb128 0x8
 705 0027 00       		.byte	0
 706 0028 00       		.byte	0
 707 0029 04       		.uleb128 0x4
 708 002a 16       		.uleb128 0x16
 709 002b 00       		.byte	0
 710 002c 03       		.uleb128 0x3
 711 002d 0E       		.uleb128 0xe
 712 002e 3A       		.uleb128 0x3a
 713 002f 0B       		.uleb128 0xb
ARM GAS  C:\Users\User\AppData\Local\Temp\cclWatFh.s 			page 15


 714 0030 3B       		.uleb128 0x3b
 715 0031 05       		.uleb128 0x5
 716 0032 49       		.uleb128 0x49
 717 0033 13       		.uleb128 0x13
 718 0034 00       		.byte	0
 719 0035 00       		.byte	0
 720 0036 05       		.uleb128 0x5
 721 0037 35       		.uleb128 0x35
 722 0038 00       		.byte	0
 723 0039 49       		.uleb128 0x49
 724 003a 13       		.uleb128 0x13
 725 003b 00       		.byte	0
 726 003c 00       		.byte	0
 727 003d 06       		.uleb128 0x6
 728 003e 13       		.uleb128 0x13
 729 003f 01       		.byte	0x1
 730 0040 03       		.uleb128 0x3
 731 0041 0E       		.uleb128 0xe
 732 0042 0B       		.uleb128 0xb
 733 0043 0B       		.uleb128 0xb
 734 0044 3A       		.uleb128 0x3a
 735 0045 0B       		.uleb128 0xb
 736 0046 3B       		.uleb128 0x3b
 737 0047 0B       		.uleb128 0xb
 738 0048 01       		.uleb128 0x1
 739 0049 13       		.uleb128 0x13
 740 004a 00       		.byte	0
 741 004b 00       		.byte	0
 742 004c 07       		.uleb128 0x7
 743 004d 0D       		.uleb128 0xd
 744 004e 00       		.byte	0
 745 004f 03       		.uleb128 0x3
 746 0050 0E       		.uleb128 0xe
 747 0051 3A       		.uleb128 0x3a
 748 0052 0B       		.uleb128 0xb
 749 0053 3B       		.uleb128 0x3b
 750 0054 0B       		.uleb128 0xb
 751 0055 49       		.uleb128 0x49
 752 0056 13       		.uleb128 0x13
 753 0057 38       		.uleb128 0x38
 754 0058 0B       		.uleb128 0xb
 755 0059 00       		.byte	0
 756 005a 00       		.byte	0
 757 005b 08       		.uleb128 0x8
 758 005c 04       		.uleb128 0x4
 759 005d 01       		.byte	0x1
 760 005e 0B       		.uleb128 0xb
 761 005f 0B       		.uleb128 0xb
 762 0060 49       		.uleb128 0x49
 763 0061 13       		.uleb128 0x13
 764 0062 3A       		.uleb128 0x3a
 765 0063 0B       		.uleb128 0xb
 766 0064 3B       		.uleb128 0x3b
 767 0065 05       		.uleb128 0x5
 768 0066 01       		.uleb128 0x1
 769 0067 13       		.uleb128 0x13
 770 0068 00       		.byte	0
ARM GAS  C:\Users\User\AppData\Local\Temp\cclWatFh.s 			page 16


 771 0069 00       		.byte	0
 772 006a 09       		.uleb128 0x9
 773 006b 28       		.uleb128 0x28
 774 006c 00       		.byte	0
 775 006d 03       		.uleb128 0x3
 776 006e 0E       		.uleb128 0xe
 777 006f 1C       		.uleb128 0x1c
 778 0070 0B       		.uleb128 0xb
 779 0071 00       		.byte	0
 780 0072 00       		.byte	0
 781 0073 0A       		.uleb128 0xa
 782 0074 13       		.uleb128 0x13
 783 0075 01       		.byte	0x1
 784 0076 0B       		.uleb128 0xb
 785 0077 0B       		.uleb128 0xb
 786 0078 3A       		.uleb128 0x3a
 787 0079 0B       		.uleb128 0xb
 788 007a 3B       		.uleb128 0x3b
 789 007b 05       		.uleb128 0x5
 790 007c 01       		.uleb128 0x1
 791 007d 13       		.uleb128 0x13
 792 007e 00       		.byte	0
 793 007f 00       		.byte	0
 794 0080 0B       		.uleb128 0xb
 795 0081 0D       		.uleb128 0xd
 796 0082 00       		.byte	0
 797 0083 03       		.uleb128 0x3
 798 0084 0E       		.uleb128 0xe
 799 0085 3A       		.uleb128 0x3a
 800 0086 0B       		.uleb128 0xb
 801 0087 3B       		.uleb128 0x3b
 802 0088 05       		.uleb128 0x5
 803 0089 49       		.uleb128 0x49
 804 008a 13       		.uleb128 0x13
 805 008b 38       		.uleb128 0x38
 806 008c 0B       		.uleb128 0xb
 807 008d 00       		.byte	0
 808 008e 00       		.byte	0
 809 008f 0C       		.uleb128 0xc
 810 0090 0D       		.uleb128 0xd
 811 0091 00       		.byte	0
 812 0092 03       		.uleb128 0x3
 813 0093 08       		.uleb128 0x8
 814 0094 3A       		.uleb128 0x3a
 815 0095 0B       		.uleb128 0xb
 816 0096 3B       		.uleb128 0x3b
 817 0097 05       		.uleb128 0x5
 818 0098 49       		.uleb128 0x49
 819 0099 13       		.uleb128 0x13
 820 009a 38       		.uleb128 0x38
 821 009b 0B       		.uleb128 0xb
 822 009c 00       		.byte	0
 823 009d 00       		.byte	0
 824 009e 0D       		.uleb128 0xd
 825 009f 0F       		.uleb128 0xf
 826 00a0 00       		.byte	0
 827 00a1 0B       		.uleb128 0xb
ARM GAS  C:\Users\User\AppData\Local\Temp\cclWatFh.s 			page 17


 828 00a2 0B       		.uleb128 0xb
 829 00a3 49       		.uleb128 0x49
 830 00a4 13       		.uleb128 0x13
 831 00a5 00       		.byte	0
 832 00a6 00       		.byte	0
 833 00a7 0E       		.uleb128 0xe
 834 00a8 13       		.uleb128 0x13
 835 00a9 01       		.byte	0x1
 836 00aa 0B       		.uleb128 0xb
 837 00ab 0B       		.uleb128 0xb
 838 00ac 3A       		.uleb128 0x3a
 839 00ad 0B       		.uleb128 0xb
 840 00ae 3B       		.uleb128 0x3b
 841 00af 0B       		.uleb128 0xb
 842 00b0 01       		.uleb128 0x1
 843 00b1 13       		.uleb128 0x13
 844 00b2 00       		.byte	0
 845 00b3 00       		.byte	0
 846 00b4 0F       		.uleb128 0xf
 847 00b5 16       		.uleb128 0x16
 848 00b6 00       		.byte	0
 849 00b7 03       		.uleb128 0x3
 850 00b8 0E       		.uleb128 0xe
 851 00b9 3A       		.uleb128 0x3a
 852 00ba 0B       		.uleb128 0xb
 853 00bb 3B       		.uleb128 0x3b
 854 00bc 0B       		.uleb128 0xb
 855 00bd 49       		.uleb128 0x49
 856 00be 13       		.uleb128 0x13
 857 00bf 00       		.byte	0
 858 00c0 00       		.byte	0
 859 00c1 10       		.uleb128 0x10
 860 00c2 04       		.uleb128 0x4
 861 00c3 01       		.byte	0x1
 862 00c4 0B       		.uleb128 0xb
 863 00c5 0B       		.uleb128 0xb
 864 00c6 49       		.uleb128 0x49
 865 00c7 13       		.uleb128 0x13
 866 00c8 3A       		.uleb128 0x3a
 867 00c9 0B       		.uleb128 0xb
 868 00ca 3B       		.uleb128 0x3b
 869 00cb 0B       		.uleb128 0xb
 870 00cc 01       		.uleb128 0x1
 871 00cd 13       		.uleb128 0x13
 872 00ce 00       		.byte	0
 873 00cf 00       		.byte	0
 874 00d0 11       		.uleb128 0x11
 875 00d1 2E       		.uleb128 0x2e
 876 00d2 01       		.byte	0x1
 877 00d3 3F       		.uleb128 0x3f
 878 00d4 19       		.uleb128 0x19
 879 00d5 03       		.uleb128 0x3
 880 00d6 0E       		.uleb128 0xe
 881 00d7 3A       		.uleb128 0x3a
 882 00d8 0B       		.uleb128 0xb
 883 00d9 3B       		.uleb128 0x3b
 884 00da 0B       		.uleb128 0xb
ARM GAS  C:\Users\User\AppData\Local\Temp\cclWatFh.s 			page 18


 885 00db 49       		.uleb128 0x49
 886 00dc 13       		.uleb128 0x13
 887 00dd 11       		.uleb128 0x11
 888 00de 01       		.uleb128 0x1
 889 00df 12       		.uleb128 0x12
 890 00e0 06       		.uleb128 0x6
 891 00e1 40       		.uleb128 0x40
 892 00e2 18       		.uleb128 0x18
 893 00e3 9642     		.uleb128 0x2116
 894 00e5 19       		.uleb128 0x19
 895 00e6 01       		.uleb128 0x1
 896 00e7 13       		.uleb128 0x13
 897 00e8 00       		.byte	0
 898 00e9 00       		.byte	0
 899 00ea 12       		.uleb128 0x12
 900 00eb 34       		.uleb128 0x34
 901 00ec 00       		.byte	0
 902 00ed 03       		.uleb128 0x3
 903 00ee 0E       		.uleb128 0xe
 904 00ef 3A       		.uleb128 0x3a
 905 00f0 0B       		.uleb128 0xb
 906 00f1 3B       		.uleb128 0x3b
 907 00f2 0B       		.uleb128 0xb
 908 00f3 49       		.uleb128 0x49
 909 00f4 13       		.uleb128 0x13
 910 00f5 02       		.uleb128 0x2
 911 00f6 18       		.uleb128 0x18
 912 00f7 00       		.byte	0
 913 00f8 00       		.byte	0
 914 00f9 13       		.uleb128 0x13
 915 00fa 01       		.uleb128 0x1
 916 00fb 01       		.byte	0x1
 917 00fc 49       		.uleb128 0x49
 918 00fd 13       		.uleb128 0x13
 919 00fe 01       		.uleb128 0x1
 920 00ff 13       		.uleb128 0x13
 921 0100 00       		.byte	0
 922 0101 00       		.byte	0
 923 0102 14       		.uleb128 0x14
 924 0103 21       		.uleb128 0x21
 925 0104 00       		.byte	0
 926 0105 49       		.uleb128 0x49
 927 0106 13       		.uleb128 0x13
 928 0107 2F       		.uleb128 0x2f
 929 0108 0B       		.uleb128 0xb
 930 0109 00       		.byte	0
 931 010a 00       		.byte	0
 932 010b 15       		.uleb128 0x15
 933 010c 34       		.uleb128 0x34
 934 010d 00       		.byte	0
 935 010e 03       		.uleb128 0x3
 936 010f 0E       		.uleb128 0xe
 937 0110 3A       		.uleb128 0x3a
 938 0111 0B       		.uleb128 0xb
 939 0112 3B       		.uleb128 0x3b
 940 0113 0B       		.uleb128 0xb
 941 0114 49       		.uleb128 0x49
ARM GAS  C:\Users\User\AppData\Local\Temp\cclWatFh.s 			page 19


 942 0115 13       		.uleb128 0x13
 943 0116 3F       		.uleb128 0x3f
 944 0117 19       		.uleb128 0x19
 945 0118 02       		.uleb128 0x2
 946 0119 18       		.uleb128 0x18
 947 011a 00       		.byte	0
 948 011b 00       		.byte	0
 949 011c 00       		.byte	0
 950              		.section	.debug_aranges,"",%progbits
 951 0000 1C000000 		.4byte	0x1c
 952 0004 0200     		.2byte	0x2
 953 0006 00000000 		.4byte	.Ldebug_info0
 954 000a 04       		.byte	0x4
 955 000b 00       		.byte	0
 956 000c 0000     		.2byte	0
 957 000e 0000     		.2byte	0
 958 0010 00000000 		.4byte	.LFB36
 959 0014 38000000 		.4byte	.LFE36-.LFB36
 960 0018 00000000 		.4byte	0
 961 001c 00000000 		.4byte	0
 962              		.section	.debug_ranges,"",%progbits
 963              	.Ldebug_ranges0:
 964 0000 00000000 		.4byte	.LFB36
 965 0004 38000000 		.4byte	.LFE36
 966 0008 00000000 		.4byte	0
 967 000c 00000000 		.4byte	0
 968              		.section	.debug_line,"",%progbits
 969              	.Ldebug_line0:
 970 0000 F1000000 		.section	.debug_str,"MS",%progbits,1
 970      0200BD00 
 970      00000201 
 970      FB0E0D00 
 970      01010101 
 971              	.LASF59:
 972 0000 4359424C 		.ascii	"CYBLE_EVT_GATTC_READ_BLOB_RSP\000"
 972      455F4556 
 972      545F4741 
 972      5454435F 
 972      52454144 
 973              	.LASF107:
 974 001e 4359424C 		.ascii	"CYBLE_HTS_CCCD\000"
 974      455F4854 
 974      535F4343 
 974      434400
 975              	.LASF23:
 976 002d 4359424C 		.ascii	"CYBLE_EVT_STACK_BUSY_STATUS\000"
 976      455F4556 
 976      545F5354 
 976      41434B5F 
 976      42555359 
 977              	.LASF10:
 978 0049 75696E74 		.ascii	"uint16\000"
 978      313600
 979              	.LASF81:
 980 0050 4359424C 		.ascii	"CYBLE_EVT_L2CAP_CBFC_DATA_READ\000"
 980      455F4556 
 980      545F4C32 
ARM GAS  C:\Users\User\AppData\Local\Temp\cclWatFh.s 			page 20


 980      4341505F 
 980      43424643 
 981              	.LASF93:
 982 006f 4359424C 		.ascii	"CYBLE_CONN_HANDLE_T\000"
 982      455F434F 
 982      4E4E5F48 
 982      414E444C 
 982      455F5400 
 983              	.LASF99:
 984 0083 636F6E6E 		.ascii	"connHandle\000"
 984      48616E64 
 984      6C6500
 985              	.LASF104:
 986 008e 4359424C 		.ascii	"CYBLE_HTS_INTERM_TEMP\000"
 986      455F4854 
 986      535F494E 
 986      5445524D 
 986      5F54454D 
 987              	.LASF85:
 988 00a4 4359424C 		.ascii	"CYBLE_EVT_PENDING_FLASH_WRITE\000"
 988      455F4556 
 988      545F5045 
 988      4E44494E 
 988      475F464C 
 989              	.LASF80:
 990 00c2 4359424C 		.ascii	"CYBLE_EVT_L2CAP_CBFC_DISCONN_CNF\000"
 990      455F4556 
 990      545F4C32 
 990      4341505F 
 990      43424643 
 991              	.LASF65:
 992 00e3 4359424C 		.ascii	"CYBLE_EVT_GATTS_EXEC_WRITE_REQ\000"
 992      455F4556 
 992      545F4741 
 992      5454535F 
 992      45584543 
 993              	.LASF114:
 994 0102 4359424C 		.ascii	"CYBLE_SRVI_HTS\000"
 994      455F5352 
 994      56495F48 
 994      545300
 995              	.LASF20:
 996 0111 4359424C 		.ascii	"CYBLE_EVT_TIMEOUT\000"
 996      455F4556 
 996      545F5449 
 996      4D454F55 
 996      5400
 997              	.LASF4:
 998 0123 6C6F6E67 		.ascii	"long int\000"
 998      20696E74 
 998      00
 999              	.LASF117:
 1000 012c 666C6167 		.ascii	"flag_Timer\000"
 1000      5F54696D 
 1000      657200
 1001              	.LASF7:
 1002 0137 6C6F6E67 		.ascii	"long long unsigned int\000"
ARM GAS  C:\Users\User\AppData\Local\Temp\cclWatFh.s 			page 21


 1002      206C6F6E 
 1002      6720756E 
 1002      7369676E 
 1002      65642069 
 1003              	.LASF95:
 1004 014e 4359424C 		.ascii	"CYBLE_GATT_VALUE_T\000"
 1004      455F4741 
 1004      54545F56 
 1004      414C5545 
 1004      5F5400
 1005              	.LASF22:
 1006 0161 4359424C 		.ascii	"CYBLE_EVT_HCI_STATUS\000"
 1006      455F4556 
 1006      545F4843 
 1006      495F5354 
 1006      41545553 
 1007              	.LASF101:
 1008 0176 4359424C 		.ascii	"CYBLE_GATTS_WRITE_REQ_PARAM_T\000"
 1008      455F4741 
 1008      5454535F 
 1008      57524954 
 1008      455F5245 
 1009              	.LASF121:
 1010 0194 54656D70 		.ascii	"TemperatureStorage\000"
 1010      65726174 
 1010      75726553 
 1010      746F7261 
 1010      676500
 1011              	.LASF74:
 1012 01a7 4359424C 		.ascii	"CYBLE_EVT_L2CAP_CONN_PARAM_UPDATE_REQ\000"
 1012      455F4556 
 1012      545F4C32 
 1012      4341505F 
 1012      434F4E4E 
 1013              	.LASF34:
 1014 01cd 4359424C 		.ascii	"CYBLE_EVT_GAP_ENCRYPT_CHANGE\000"
 1014      455F4556 
 1014      545F4741 
 1014      505F454E 
 1014      43525950 
 1015              	.LASF38:
 1016 01ea 4359424C 		.ascii	"CYBLE_EVT_GAP_NUMERIC_COMPARISON_REQUEST\000"
 1016      455F4556 
 1016      545F4741 
 1016      505F4E55 
 1016      4D455249 
 1017              	.LASF83:
 1018 0213 4359424C 		.ascii	"CYBLE_EVT_L2CAP_CBFC_TX_CREDIT_IND\000"
 1018      455F4556 
 1018      545F4C32 
 1018      4341505F 
 1018      43424643 
 1019              	.LASF6:
 1020 0236 6C6F6E67 		.ascii	"long long int\000"
 1020      206C6F6E 
 1020      6720696E 
 1020      7400
ARM GAS  C:\Users\User\AppData\Local\Temp\cclWatFh.s 			page 22


 1021              	.LASF0:
 1022 0244 7369676E 		.ascii	"signed char\000"
 1022      65642063 
 1022      68617200 
 1023              	.LASF19:
 1024 0250 4359424C 		.ascii	"CYBLE_EVT_STACK_ON\000"
 1024      455F4556 
 1024      545F5354 
 1024      41434B5F 
 1024      4F4E00
 1025              	.LASF103:
 1026 0263 4359424C 		.ascii	"CYBLE_HTS_TEMP_TYPE\000"
 1026      455F4854 
 1026      535F5445 
 1026      4D505F54 
 1026      59504500 
 1027              	.LASF36:
 1028 0277 4359424C 		.ascii	"CYBLE_EVT_GAPC_SCAN_START_STOP\000"
 1028      455F4556 
 1028      545F4741 
 1028      50435F53 
 1028      43414E5F 
 1029              	.LASF94:
 1030 0296 61637475 		.ascii	"actualLen\000"
 1030      616C4C65 
 1030      6E00
 1031              	.LASF26:
 1032 02a0 4359424C 		.ascii	"CYBLE_EVT_GAP_AUTH_REQ\000"
 1032      455F4556 
 1032      545F4741 
 1032      505F4155 
 1032      54485F52 
 1033              	.LASF58:
 1034 02b7 4359424C 		.ascii	"CYBLE_EVT_GATTC_READ_RSP\000"
 1034      455F4556 
 1034      545F4741 
 1034      5454435F 
 1034      52454144 
 1035              	.LASF63:
 1036 02d0 4359424C 		.ascii	"CYBLE_EVT_GATTS_WRITE_CMD_REQ\000"
 1036      455F4556 
 1036      545F4741 
 1036      5454535F 
 1036      57524954 
 1037              	.LASF31:
 1038 02ee 4359424C 		.ascii	"CYBLE_EVT_GAPP_ADVERTISEMENT_START_STOP\000"
 1038      455F4556 
 1038      545F4741 
 1038      50505F41 
 1038      44564552 
 1039              	.LASF9:
 1040 0316 75696E74 		.ascii	"uint8\000"
 1040      3800
 1041              	.LASF66:
 1042 031c 4359424C 		.ascii	"CYBLE_EVT_GATTC_EXEC_WRITE_RSP\000"
 1042      455F4556 
 1042      545F4741 
ARM GAS  C:\Users\User\AppData\Local\Temp\cclWatFh.s 			page 23


 1042      5454435F 
 1042      45584543 
 1043              	.LASF12:
 1044 033b 646F7562 		.ascii	"double\000"
 1044      6C6500
 1045              	.LASF113:
 1046 0342 4359424C 		.ascii	"CYBLE_SRVI_CUSTOMS_END\000"
 1046      455F5352 
 1046      56495F43 
 1046      5553544F 
 1046      4D535F45 
 1047              	.LASF126:
 1048 0359 6D61696E 		.ascii	"main\000"
 1048      00
 1049              	.LASF89:
 1050 035e 4359424C 		.ascii	"CYBLE_EVT_MAX\000"
 1050      455F4556 
 1050      545F4D41 
 1050      5800
 1051              	.LASF91:
 1052 036c 62644861 		.ascii	"bdHandle\000"
 1052      6E646C65 
 1052      00
 1053              	.LASF97:
 1054 0375 61747472 		.ascii	"attrHandle\000"
 1054      48616E64 
 1054      6C6500
 1055              	.LASF84:
 1056 0380 4359424C 		.ascii	"CYBLE_EVT_L2CAP_CBFC_DATA_WRITE_IND\000"
 1056      455F4556 
 1056      545F4C32 
 1056      4341505F 
 1056      43424643 
 1057              	.LASF46:
 1058 03a4 4359424C 		.ascii	"CYBLE_EVT_GAP_SCAN_REQ_RECVD\000"
 1058      455F4556 
 1058      545F4741 
 1058      505F5343 
 1058      414E5F52 
 1059              	.LASF96:
 1060 03c1 76616C75 		.ascii	"value\000"
 1060      6500
 1061              	.LASF102:
 1062 03c7 4359424C 		.ascii	"CYBLE_HTS_TEMP_MEASURE\000"
 1062      455F4854 
 1062      535F5445 
 1062      4D505F4D 
 1062      45415355 
 1063              	.LASF71:
 1064 03de 4359424C 		.ascii	"CYBLE_EVT_GATTC_STOP_CMD_COMPLETE\000"
 1064      455F4556 
 1064      545F4741 
 1064      5454435F 
 1064      53544F50 
 1065              	.LASF8:
 1066 0400 756E7369 		.ascii	"unsigned int\000"
 1066      676E6564 
ARM GAS  C:\Users\User\AppData\Local\Temp\cclWatFh.s 			page 24


 1066      20696E74 
 1066      00
 1067              	.LASF86:
 1068 040d 4359424C 		.ascii	"CYBLE_EVT_LE_PING_AUTH_TIMEOUT\000"
 1068      455F4556 
 1068      545F4C45 
 1068      5F50494E 
 1068      475F4155 
 1069              	.LASF5:
 1070 042c 6C6F6E67 		.ascii	"long unsigned int\000"
 1070      20756E73 
 1070      69676E65 
 1070      6420696E 
 1070      7400
 1071              	.LASF45:
 1072 043e 4359424C 		.ascii	"CYBLE_EVT_GAP_CONN_ESTB\000"
 1072      455F4556 
 1072      545F4741 
 1072      505F434F 
 1072      4E4E5F45 
 1073              	.LASF35:
 1074 0456 4359424C 		.ascii	"CYBLE_EVT_GAP_CONNECTION_UPDATE_COMPLETE\000"
 1074      455F4556 
 1074      545F4741 
 1074      505F434F 
 1074      4E4E4543 
 1075              	.LASF53:
 1076 047f 4359424C 		.ascii	"CYBLE_EVT_GATTC_XCHNG_MTU_RSP\000"
 1076      455F4556 
 1076      545F4741 
 1076      5454435F 
 1076      5843484E 
 1077              	.LASF70:
 1078 049d 4359424C 		.ascii	"CYBLE_EVT_GATTS_DATA_SIGNED_CMD_REQ\000"
 1078      455F4556 
 1078      545F4741 
 1078      5454535F 
 1078      44415441 
 1079              	.LASF105:
 1080 04c1 4359424C 		.ascii	"CYBLE_HTS_MEASURE_INTERVAL\000"
 1080      455F4854 
 1080      535F4D45 
 1080      41535552 
 1080      455F494E 
 1081              	.LASF73:
 1082 04dc 4359424C 		.ascii	"CYBLE_EVT_GATTC_LONG_PROCEDURE_END\000"
 1082      455F4556 
 1082      545F4741 
 1082      5454435F 
 1082      4C4F4E47 
 1083              	.LASF3:
 1084 04ff 73686F72 		.ascii	"short unsigned int\000"
 1084      7420756E 
 1084      7369676E 
 1084      65642069 
 1084      6E7400
 1085              	.LASF18:
ARM GAS  C:\Users\User\AppData\Local\Temp\cclWatFh.s 			page 25


 1086 0512 4359424C 		.ascii	"CYBLE_EVT_HOST_INVALID\000"
 1086      455F4556 
 1086      545F484F 
 1086      53545F49 
 1086      4E56414C 
 1087              	.LASF56:
 1088 0529 4359424C 		.ascii	"CYBLE_EVT_GATTC_FIND_INFO_RSP\000"
 1088      455F4556 
 1088      545F4741 
 1088      5454435F 
 1088      46494E44 
 1089              	.LASF24:
 1090 0547 4359424C 		.ascii	"CYBLE_EVT_MEMORY_REQUEST\000"
 1090      455F4556 
 1090      545F4D45 
 1090      4D4F5259 
 1090      5F524551 
 1091              	.LASF27:
 1092 0560 4359424C 		.ascii	"CYBLE_EVT_GAP_PASSKEY_ENTRY_REQUEST\000"
 1092      455F4556 
 1092      545F4741 
 1092      505F5041 
 1092      53534B45 
 1093              	.LASF32:
 1094 0584 4359424C 		.ascii	"CYBLE_EVT_GAP_DEVICE_CONNECTED\000"
 1094      455F4556 
 1094      545F4741 
 1094      505F4445 
 1094      56494345 
 1095              	.LASF123:
 1096 05a3 6D61696E 		.ascii	"main.c\000"
 1096      2E6300
 1097              	.LASF61:
 1098 05aa 4359424C 		.ascii	"CYBLE_EVT_GATTS_WRITE_REQ\000"
 1098      455F4556 
 1098      545F4741 
 1098      5454535F 
 1098      57524954 
 1099              	.LASF47:
 1100 05c4 4359424C 		.ascii	"CYBLE_EVT_GAP_AUTH_REQ_REPLY_ERR\000"
 1100      455F4556 
 1100      545F4741 
 1100      505F4155 
 1100      54485F52 
 1101              	.LASF122:
 1102 05e5 474E5520 		.ascii	"GNU C11 5.4.1 20160609 (release) [ARM/embedded-5-br"
 1102      43313120 
 1102      352E342E 
 1102      31203230 
 1102      31363036 
 1103 0618 616E6368 		.ascii	"anch revision 237715] -mcpu=cortex-m0 -mthumb -g -O"
 1103      20726576 
 1103      6973696F 
 1103      6E203233 
 1103      37373135 
 1104 064b 30202D66 		.ascii	"0 -ffunction-sections -ffat-lto-objects\000"
 1104      66756E63 
ARM GAS  C:\Users\User\AppData\Local\Temp\cclWatFh.s 			page 26


 1104      74696F6E 
 1104      2D736563 
 1104      74696F6E 
 1105              	.LASF88:
 1106 0673 4359424C 		.ascii	"CYBLE_EVT_FLASH_CORRUPT\000"
 1106      455F4556 
 1106      545F464C 
 1106      4153485F 
 1106      434F5252 
 1107              	.LASF50:
 1108 068b 4359424C 		.ascii	"CYBLE_EVT_GATT_CONNECT_IND\000"
 1108      455F4556 
 1108      545F4741 
 1108      54545F43 
 1108      4F4E4E45 
 1109              	.LASF92:
 1110 06a6 61747449 		.ascii	"attId\000"
 1110      6400
 1111              	.LASF76:
 1112 06ac 4359424C 		.ascii	"CYBLE_EVT_L2CAP_COMMAND_REJ\000"
 1112      455F4556 
 1112      545F4C32 
 1112      4341505F 
 1112      434F4D4D 
 1113              	.LASF25:
 1114 06c8 4359424C 		.ascii	"CYBLE_EVT_GAPC_SCAN_PROGRESS_RESULT\000"
 1114      455F4556 
 1114      545F4741 
 1114      50435F53 
 1114      43414E5F 
 1115              	.LASF100:
 1116 06ec 68616E64 		.ascii	"handleValPair\000"
 1116      6C655661 
 1116      6C506169 
 1116      7200
 1117              	.LASF120:
 1118 06fa 63757272 		.ascii	"current_watchdog_counter\000"
 1118      656E745F 
 1118      77617463 
 1118      68646F67 
 1118      5F636F75 
 1119              	.LASF48:
 1120 0713 4359424C 		.ascii	"CYBLE_EVT_GAP_SMP_LOC_P256_KEYS_GEN_AND_SET_COMPLET"
 1120      455F4556 
 1120      545F4741 
 1120      505F534D 
 1120      505F4C4F 
 1121 0746 4500     		.ascii	"E\000"
 1122              	.LASF77:
 1123 0748 4359424C 		.ascii	"CYBLE_EVT_L2CAP_CBFC_CONN_IND\000"
 1123      455F4556 
 1123      545F4C32 
 1123      4341505F 
 1123      43424643 
 1124              	.LASF55:
 1125 0766 4359424C 		.ascii	"CYBLE_EVT_GATTC_READ_BY_TYPE_RSP\000"
 1125      455F4556 
ARM GAS  C:\Users\User\AppData\Local\Temp\cclWatFh.s 			page 27


 1125      545F4741 
 1125      5454435F 
 1125      52454144 
 1126              	.LASF17:
 1127 0787 73697A65 		.ascii	"sizetype\000"
 1127      74797065 
 1127      00
 1128              	.LASF30:
 1129 0790 4359424C 		.ascii	"CYBLE_EVT_GAP_AUTH_FAILED\000"
 1129      455F4556 
 1129      545F4741 
 1129      505F4155 
 1129      54485F46 
 1130              	.LASF108:
 1131 07aa 4359424C 		.ascii	"CYBLE_HTS_VRD\000"
 1131      455F4854 
 1131      535F5652 
 1131      4400
 1132              	.LASF62:
 1133 07b8 4359424C 		.ascii	"CYBLE_EVT_GATTC_WRITE_RSP\000"
 1133      455F4556 
 1133      545F4741 
 1133      5454435F 
 1133      57524954 
 1134              	.LASF43:
 1135 07d2 4359424C 		.ascii	"CYBLE_EVT_GAPC_DIRECT_ADV_REPORT\000"
 1135      455F4556 
 1135      545F4741 
 1135      50435F44 
 1135      49524543 
 1136              	.LASF41:
 1137 07f3 4359424C 		.ascii	"CYBLE_EVT_GAP_DATA_LENGTH_CHANGE\000"
 1137      455F4556 
 1137      545F4741 
 1137      505F4441 
 1137      54415F4C 
 1138              	.LASF29:
 1139 0814 4359424C 		.ascii	"CYBLE_EVT_GAP_AUTH_COMPLETE\000"
 1139      455F4556 
 1139      545F4741 
 1139      505F4155 
 1139      54485F43 
 1140              	.LASF67:
 1141 0830 4359424C 		.ascii	"CYBLE_EVT_GATTC_HANDLE_VALUE_NTF\000"
 1141      455F4556 
 1141      545F4741 
 1141      5454435F 
 1141      48414E44 
 1142              	.LASF112:
 1143 0851 4359424C 		.ascii	"CYBLE_SRVI_CUSTOMS\000"
 1143      455F5352 
 1143      56495F43 
 1143      5553544F 
 1143      4D5300
 1144              	.LASF98:
 1145 0864 4359424C 		.ascii	"CYBLE_GATT_HANDLE_VALUE_PAIR_T\000"
 1145      455F4741 
ARM GAS  C:\Users\User\AppData\Local\Temp\cclWatFh.s 			page 28


 1145      54545F48 
 1145      414E444C 
 1145      455F5641 
 1146              	.LASF78:
 1147 0883 4359424C 		.ascii	"CYBLE_EVT_L2CAP_CBFC_CONN_CNF\000"
 1147      455F4556 
 1147      545F4C32 
 1147      4341505F 
 1147      43424643 
 1148              	.LASF54:
 1149 08a1 4359424C 		.ascii	"CYBLE_EVT_GATTC_READ_BY_GROUP_TYPE_RSP\000"
 1149      455F4556 
 1149      545F4741 
 1149      5454435F 
 1149      52454144 
 1150              	.LASF11:
 1151 08c8 666C6F61 		.ascii	"float\000"
 1151      7400
 1152              	.LASF15:
 1153 08ce 70726573 		.ascii	"present\000"
 1153      656E7400 
 1154              	.LASF124:
 1155 08d6 433A5C55 		.ascii	"C:\\Users\\User\\Desktop\\Hi\\Demo1\\TM_Mesh_System"
 1155      73657273 
 1155      5C557365 
 1155      725C4465 
 1155      736B746F 
 1156 0903 2E637964 		.ascii	".cydsn\000"
 1156      736E00
 1157              	.LASF1:
 1158 090a 756E7369 		.ascii	"unsigned char\000"
 1158      676E6564 
 1158      20636861 
 1158      7200
 1159              	.LASF39:
 1160 0918 4359424C 		.ascii	"CYBLE_EVT_GAP_KEYPRESS_NOTIFICATION\000"
 1160      455F4556 
 1160      545F4741 
 1160      505F4B45 
 1160      59505245 
 1161              	.LASF2:
 1162 093c 73686F72 		.ascii	"short int\000"
 1162      7420696E 
 1162      7400
 1163              	.LASF106:
 1164 0946 4359424C 		.ascii	"CYBLE_HTS_CHAR_COUNT\000"
 1164      455F4854 
 1164      535F4348 
 1164      41525F43 
 1164      4F554E54 
 1165              	.LASF68:
 1166 095b 4359424C 		.ascii	"CYBLE_EVT_GATTC_HANDLE_VALUE_IND\000"
 1166      455F4556 
 1166      545F4741 
 1166      5454435F 
 1166      48414E44 
 1167              	.LASF87:
ARM GAS  C:\Users\User\AppData\Local\Temp\cclWatFh.s 			page 29


 1168 097c 4359424C 		.ascii	"CYBLE_EVT_HCI_PKT\000"
 1168      455F4556 
 1168      545F4843 
 1168      495F504B 
 1168      5400
 1169              	.LASF64:
 1170 098e 4359424C 		.ascii	"CYBLE_EVT_GATTS_PREP_WRITE_REQ\000"
 1170      455F4556 
 1170      545F4741 
 1170      5454535F 
 1170      50524550 
 1171              	.LASF69:
 1172 09ad 4359424C 		.ascii	"CYBLE_EVT_GATTS_HANDLE_VALUE_CNF\000"
 1172      455F4556 
 1172      545F4741 
 1172      5454535F 
 1172      48414E44 
 1173              	.LASF49:
 1174 09ce 4359424C 		.ascii	"CYBLE_EVT_GATTC_ERROR_RSP\000"
 1174      455F4556 
 1174      545F4741 
 1174      5454435F 
 1174      4552524F 
 1175              	.LASF44:
 1176 09e8 4359424C 		.ascii	"CYBLE_EVT_GAP_SMP_NEGOTIATED_AUTH_INFO\000"
 1176      455F4556 
 1176      545F4741 
 1176      505F534D 
 1176      505F4E45 
 1177              	.LASF115:
 1178 0a0f 4359424C 		.ascii	"CYBLE_SRVI_COUNT\000"
 1178      455F5352 
 1178      56495F43 
 1178      4F554E54 
 1178      00
 1179              	.LASF110:
 1180 0a20 4359424C 		.ascii	"CYBLE_SRVI_GAP\000"
 1180      455F5352 
 1180      56495F47 
 1180      415000
 1181              	.LASF16:
 1182 0a2f 6C6F6E67 		.ascii	"long double\000"
 1182      20646F75 
 1182      626C6500 
 1183              	.LASF13:
 1184 0a3b 63686172 		.ascii	"char\000"
 1184      00
 1185              	.LASF60:
 1186 0a40 4359424C 		.ascii	"CYBLE_EVT_GATTC_READ_MULTI_RSP\000"
 1186      455F4556 
 1186      545F4741 
 1186      5454435F 
 1186      52454144 
 1187              	.LASF33:
 1188 0a5f 4359424C 		.ascii	"CYBLE_EVT_GAP_DEVICE_DISCONNECTED\000"
 1188      455F4556 
 1188      545F4741 
ARM GAS  C:\Users\User\AppData\Local\Temp\cclWatFh.s 			page 30


 1188      505F4445 
 1188      56494345 
 1189              	.LASF111:
 1190 0a81 4359424C 		.ascii	"CYBLE_SRVI_GATT\000"
 1190      455F5352 
 1190      56495F47 
 1190      41545400 
 1191              	.LASF72:
 1192 0a91 4359424C 		.ascii	"CYBLE_EVT_GATTS_READ_CHAR_VAL_ACCESS_REQ\000"
 1192      455F4556 
 1192      545F4741 
 1192      5454535F 
 1192      52454144 
 1193              	.LASF82:
 1194 0aba 4359424C 		.ascii	"CYBLE_EVT_L2CAP_CBFC_RX_CREDIT_IND\000"
 1194      455F4556 
 1194      545F4C32 
 1194      4341505F 
 1194      43424643 
 1195              	.LASF118:
 1196 0add 4F6E6557 		.ascii	"OneWire_Sensor\000"
 1196      6972655F 
 1196      53656E73 
 1196      6F7200
 1197              	.LASF116:
 1198 0aec 74656D70 		.ascii	"temps\000"
 1198      7300
 1199              	.LASF109:
 1200 0af2 4359424C 		.ascii	"CYBLE_HTS_DESCR_COUNT\000"
 1200      455F4854 
 1200      535F4445 
 1200      5343525F 
 1200      434F554E 
 1201              	.LASF28:
 1202 0b08 4359424C 		.ascii	"CYBLE_EVT_GAP_PASSKEY_DISPLAY_REQUEST\000"
 1202      455F4556 
 1202      545F4741 
 1202      505F5041 
 1202      53534B45 
 1203              	.LASF21:
 1204 0b2e 4359424C 		.ascii	"CYBLE_EVT_HARDWARE_ERROR\000"
 1204      455F4556 
 1204      545F4841 
 1204      52445741 
 1204      52455F45 
 1205              	.LASF40:
 1206 0b47 4359424C 		.ascii	"CYBLE_EVT_GAP_OOB_GENERATED_NOTIFICATION\000"
 1206      455F4556 
 1206      545F4741 
 1206      505F4F4F 
 1206      425F4745 
 1207              	.LASF52:
 1208 0b70 4359424C 		.ascii	"CYBLE_EVT_GATTS_XCNHG_MTU_REQ\000"
 1208      455F4556 
 1208      545F4741 
 1208      5454535F 
 1208      58434E48 
ARM GAS  C:\Users\User\AppData\Local\Temp\cclWatFh.s 			page 31


 1209              	.LASF14:
 1210 0b8e 54656D70 		.ascii	"Temperature\000"
 1210      65726174 
 1210      75726500 
 1211              	.LASF57:
 1212 0b9a 4359424C 		.ascii	"CYBLE_EVT_GATTC_FIND_BY_TYPE_VALUE_RSP\000"
 1212      455F4556 
 1212      545F4741 
 1212      5454435F 
 1212      46494E44 
 1213              	.LASF37:
 1214 0bc1 4359424C 		.ascii	"CYBLE_EVT_GAP_KEYINFO_EXCHNGE_CMPLT\000"
 1214      455F4556 
 1214      545F4741 
 1214      505F4B45 
 1214      59494E46 
 1215              	.LASF79:
 1216 0be5 4359424C 		.ascii	"CYBLE_EVT_L2CAP_CBFC_DISCONN_IND\000"
 1216      455F4556 
 1216      545F4C32 
 1216      4341505F 
 1216      43424643 
 1217              	.LASF75:
 1218 0c06 4359424C 		.ascii	"CYBLE_EVT_L2CAP_CONN_PARAM_UPDATE_RSP\000"
 1218      455F4556 
 1218      545F4C32 
 1218      4341505F 
 1218      434F4E4E 
 1219              	.LASF125:
 1220 0c2c 4F6E6557 		.ascii	"OneWire_TSensor\000"
 1220      6972655F 
 1220      5453656E 
 1220      736F7200 
 1221              	.LASF42:
 1222 0c3c 4359424C 		.ascii	"CYBLE_EVT_GAP_ENHANCE_CONN_COMPLETE\000"
 1222      455F4556 
 1222      545F4741 
 1222      505F454E 
 1222      48414E43 
 1223              	.LASF90:
 1224 0c60 4359424C 		.ascii	"CYBLE_GATT_DB_ATTR_HANDLE_T\000"
 1224      455F4741 
 1224      54545F44 
 1224      425F4154 
 1224      54525F48 
 1225              	.LASF51:
 1226 0c7c 4359424C 		.ascii	"CYBLE_EVT_GATT_DISCONNECT_IND\000"
 1226      455F4556 
 1226      545F4741 
 1226      54545F44 
 1226      4953434F 
 1227              	.LASF119:
 1228 0c9a 4F6E6557 		.ascii	"OneWire_DataReady\000"
 1228      6972655F 
 1228      44617461 
 1228      52656164 
 1228      7900
ARM GAS  C:\Users\User\AppData\Local\Temp\cclWatFh.s 			page 32


 1229              		.ident	"GCC: (GNU Tools for ARM Embedded Processors) 5.4.1 20160609 (release) [ARM/embedded-5-bran
