ARM GAS  C:\Users\User\AppData\Local\Temp\ccj0HfO2.s 			page 1


   1              		.syntax unified
   2              		.cpu cortex-m0
   3              		.fpu softvfp
   4              		.eabi_attribute 20, 1
   5              		.eabi_attribute 21, 1
   6              		.eabi_attribute 23, 3
   7              		.eabi_attribute 24, 1
   8              		.eabi_attribute 25, 1
   9              		.eabi_attribute 26, 1
  10              		.eabi_attribute 30, 6
  11              		.eabi_attribute 34, 0
  12              		.eabi_attribute 18, 4
  13              		.thumb
  14              		.syntax unified
  15              		.file	"Temperature.c"
  16              		.text
  17              	.Ltext0:
  18              		.cfi_sections	.debug_frame
  19              		.comm	OneWire_Sensor,32,4
  20              		.comm	OneWire_DataReady,1,1
  21              		.data
  22              		.type	flag_Timer, %object
  23              		.size	flag_Timer, 1
  24              	flag_Timer:
  25 0000 01       		.byte	1
  26              		.section	.text.isr_Timer,"ax",%progbits
  27              		.align	2
  28              		.global	isr_Timer
  29              		.code	16
  30              		.thumb_func
  31              		.type	isr_Timer, %function
  32              	isr_Timer:
  33              	.LFB36:
  34              		.file 1 "Temperature.c"
   1:Temperature.c **** /****************************************************************************
   2:Temperature.c **** * File Name: Temperature.c
   3:Temperature.c **** *
   4:Temperature.c **** * Description:
   5:Temperature.c **** * This file implements the common functions for temperature measuring.
   6:Temperature.c **** *
   7:Temperature.c **** * Authors: Yaroslav Morozevych, Sophiia Myntiuk, Yana Mularska
   8:Temperature.c **** *
   9:Temperature.c **** *****************************************************************************/
  10:Temperature.c **** 
  11:Temperature.c **** 
  12:Temperature.c **** /*****************************************************************************
  13:Temperature.c **** * Included headers
  14:Temperature.c **** *****************************************************************************/
  15:Temperature.c **** #include <project.h>
  16:Temperature.c **** #include <stdio.h>
  17:Temperature.c **** #include "Temperature.h"
  18:Temperature.c **** #include "CommonFunctions.h"
  19:Temperature.c **** #include "main.h"
  20:Temperature.c **** 
  21:Temperature.c **** 
  22:Temperature.c **** /* Enable Interrupts */
  23:Temperature.c **** CY_ISR(isr_Timer) 
ARM GAS  C:\Users\User\AppData\Local\Temp\ccj0HfO2.s 			page 2


  24:Temperature.c **** {
  35              		.loc 1 24 0
  36              		.cfi_startproc
  37              		@ args = 0, pretend = 0, frame = 0
  38              		@ frame_needed = 1, uses_anonymous_args = 0
  39 0000 80B5     		push	{r7, lr}
  40              		.cfi_def_cfa_offset 8
  41              		.cfi_offset 7, -8
  42              		.cfi_offset 14, -4
  43 0002 00AF     		add	r7, sp, #0
  44              		.cfi_def_cfa_register 7
  25:Temperature.c ****     flag_Timer = 1;
  45              		.loc 1 25 0
  46 0004 024B     		ldr	r3, .L2
  47 0006 0122     		movs	r2, #1
  48 0008 1A70     		strb	r2, [r3]
  26:Temperature.c **** }
  49              		.loc 1 26 0
  50 000a C046     		nop
  51 000c BD46     		mov	sp, r7
  52              		@ sp needed
  53 000e 80BD     		pop	{r7, pc}
  54              	.L3:
  55              		.align	2
  56              	.L2:
  57 0010 00000000 		.word	flag_Timer
  58              		.cfi_endproc
  59              	.LFE36:
  60              		.size	isr_Timer, .-isr_Timer
  61              		.global	__aeabi_fcmpeq
  62              		.section	.text.GetTemperature,"ax",%progbits
  63              		.align	2
  64              		.global	GetTemperature
  65              		.code	16
  66              		.thumb_func
  67              		.type	GetTemperature, %function
  68              	GetTemperature:
  69              	.LFB37:
  27:Temperature.c **** 
  28:Temperature.c **** 
  29:Temperature.c **** /*****************************************************************************
  30:Temperature.c **** * Function Name: GetTemperature()
  31:Temperature.c **** ******************************************************************************
  32:Temperature.c **** * Description:
  33:Temperature.c **** * Tries to establish connection with sensor and if established -
  34:Temperature.c **** * Returns temperature measured by DS18S20 sensor when data is ready
  35:Temperature.c **** *
  36:Temperature.c **** * Parameters:
  37:Temperature.c **** * (CYBIT) flag_Timer - timer used by DS18S20 (look for in TopDesign.cysch)
  38:Temperature.c **** *
  39:Temperature.c **** * Return:
  40:Temperature.c **** * (float) temperature - temperature
  41:Temperature.c **** *
  42:Temperature.c **** *****************************************************************************/
  43:Temperature.c **** float GetTemperature(CYBIT flag_Timer) {
  70              		.loc 1 43 0
  71              		.cfi_startproc
ARM GAS  C:\Users\User\AppData\Local\Temp\ccj0HfO2.s 			page 3


  72              		@ args = 0, pretend = 0, frame = 16
  73              		@ frame_needed = 1, uses_anonymous_args = 0
  74 0000 80B5     		push	{r7, lr}
  75              		.cfi_def_cfa_offset 8
  76              		.cfi_offset 7, -8
  77              		.cfi_offset 14, -4
  78 0002 84B0     		sub	sp, sp, #16
  79              		.cfi_def_cfa_offset 24
  80 0004 00AF     		add	r7, sp, #0
  81              		.cfi_def_cfa_register 7
  82 0006 0200     		movs	r2, r0
  83 0008 FB1D     		adds	r3, r7, #7
  84 000a 1A70     		strb	r2, [r3]
  85              	.LBB2:
  44:Temperature.c ****     float temperature;
  45:Temperature.c ****     
  46:Temperature.c ****     // Try to establish connection to buss and return value if established
  47:Temperature.c ****     for (int i = 0; i < 50; i++) {
  86              		.loc 1 47 0
  87 000c 0023     		movs	r3, #0
  88 000e FB60     		str	r3, [r7, #12]
  89 0010 11E0     		b	.L5
  90              	.L9:
  48:Temperature.c ****         temperature = ProcessTemperature(flag_Timer);
  91              		.loc 1 48 0
  92 0012 FB1D     		adds	r3, r7, #7
  93 0014 1B78     		ldrb	r3, [r3]
  94 0016 1800     		movs	r0, r3
  95 0018 FFF7FEFF 		bl	ProcessTemperature
  96 001c 031C     		adds	r3, r0, #0
  97 001e BB60     		str	r3, [r7, #8]
  49:Temperature.c ****         if (temperature != 0) {
  98              		.loc 1 49 0
  99 0020 0021     		movs	r1, #0
 100 0022 B868     		ldr	r0, [r7, #8]
 101 0024 FFF7FEFF 		bl	__aeabi_fcmpeq
 102 0028 031E     		subs	r3, r0, #0
 103 002a 01D1     		bne	.L11
  50:Temperature.c ****             return temperature;
 104              		.loc 1 50 0
 105 002c BB68     		ldr	r3, [r7, #8]
 106 002e 06E0     		b	.L8
 107              	.L11:
  47:Temperature.c ****         temperature = ProcessTemperature(flag_Timer);
 108              		.loc 1 47 0 discriminator 2
 109 0030 FB68     		ldr	r3, [r7, #12]
 110 0032 0133     		adds	r3, r3, #1
 111 0034 FB60     		str	r3, [r7, #12]
 112              	.L5:
  47:Temperature.c ****         temperature = ProcessTemperature(flag_Timer);
 113              		.loc 1 47 0 is_stmt 0 discriminator 1
 114 0036 FB68     		ldr	r3, [r7, #12]
 115 0038 312B     		cmp	r3, #49
 116 003a EADD     		ble	.L9
 117              	.LBE2:
  51:Temperature.c ****         }
  52:Temperature.c ****     }
ARM GAS  C:\Users\User\AppData\Local\Temp\ccj0HfO2.s 			page 4


  53:Temperature.c ****     return 0;
 118              		.loc 1 53 0 is_stmt 1
 119 003c 0023     		movs	r3, #0
 120              	.L8:
  54:Temperature.c **** }
 121              		.loc 1 54 0
 122 003e 181C     		adds	r0, r3, #0
 123 0040 BD46     		mov	sp, r7
 124 0042 04B0     		add	sp, sp, #16
 125              		@ sp needed
 126 0044 80BD     		pop	{r7, pc}
 127              		.cfi_endproc
 128              	.LFE37:
 129              		.size	GetTemperature, .-GetTemperature
 130 0046 C046     		.section	.text.ProcessTemperature,"ax",%progbits
 131              		.align	2
 132              		.global	ProcessTemperature
 133              		.code	16
 134              		.thumb_func
 135              		.type	ProcessTemperature, %function
 136              	ProcessTemperature:
 137              	.LFB38:
  55:Temperature.c **** 
  56:Temperature.c **** 
  57:Temperature.c **** 
  58:Temperature.c **** /*****************************************************************************
  59:Temperature.c **** * Function Name: ProcessTemperature()
  60:Temperature.c **** ******************************************************************************
  61:Temperature.c **** * Description:
  62:Temperature.c **** * Returns temperature measured by DS18S20 sensor when data is ready
  63:Temperature.c **** *
  64:Temperature.c **** * Parameters:
  65:Temperature.c **** * (CYBIT) flag_Timer - timer used by DS18S20 (look for in TopDesign.cysch)
  66:Temperature.c **** *
  67:Temperature.c **** * Return:
  68:Temperature.c **** * (float) temperature - temperature
  69:Temperature.c **** *
  70:Temperature.c **** *****************************************************************************/
  71:Temperature.c **** float ProcessTemperature(CYBIT flag_Timer) {
 138              		.loc 1 71 0
 139              		.cfi_startproc
 140              		@ args = 0, pretend = 0, frame = 16
 141              		@ frame_needed = 1, uses_anonymous_args = 0
 142 0000 80B5     		push	{r7, lr}
 143              		.cfi_def_cfa_offset 8
 144              		.cfi_offset 7, -8
 145              		.cfi_offset 14, -4
 146 0002 84B0     		sub	sp, sp, #16
 147              		.cfi_def_cfa_offset 24
 148 0004 00AF     		add	r7, sp, #0
 149              		.cfi_def_cfa_register 7
 150 0006 0200     		movs	r2, r0
 151 0008 FB1D     		adds	r3, r7, #7
 152 000a 1A70     		strb	r2, [r3]
  72:Temperature.c ****     
  73:Temperature.c ****     float temperature = 0;
 153              		.loc 1 73 0
ARM GAS  C:\Users\User\AppData\Local\Temp\ccj0HfO2.s 			page 5


 154 000c 0023     		movs	r3, #0
 155 000e FB60     		str	r3, [r7, #12]
  74:Temperature.c ****  
  75:Temperature.c ****     if(flag_Timer) //read DS18B20 on timer, intervals > 1sec
 156              		.loc 1 75 0
 157 0010 FB1D     		adds	r3, r7, #7
 158 0012 1B78     		ldrb	r3, [r3]
 159 0014 002B     		cmp	r3, #0
 160 0016 09D0     		beq	.L13
  76:Temperature.c **** 	{   
  77:Temperature.c ****         flag_Timer = 0;
 161              		.loc 1 77 0
 162 0018 FB1D     		adds	r3, r7, #7
 163 001a 0022     		movs	r2, #0
 164 001c 1A70     		strb	r2, [r3]
  78:Temperature.c ****      
  79:Temperature.c ****         CyDelay(400);
 165              		.loc 1 79 0
 166 001e C823     		movs	r3, #200
 167 0020 5B00     		lsls	r3, r3, #1
 168 0022 1800     		movs	r0, r3
 169 0024 FFF7FEFF 		bl	CyDelay
  80:Temperature.c ****         OneWire_SendTemperatureRequest();
 170              		.loc 1 80 0
 171 0028 FFF7FEFF 		bl	OneWire_SendTemperatureRequest
 172              	.L13:
  81:Temperature.c ****     }
  82:Temperature.c ****     
  83:Temperature.c ****     if (OneWire_DataReady) // DS18 completed temperature measurement - begin read dataa
 173              		.loc 1 83 0
 174 002c 074B     		ldr	r3, .L16
 175 002e 1B78     		ldrb	r3, [r3]
 176 0030 DBB2     		uxtb	r3, r3
 177 0032 002B     		cmp	r3, #0
 178 0034 05D0     		beq	.L14
  84:Temperature.c **** 	{  
  85:Temperature.c ****         OneWire_ReadTemperature();
 179              		.loc 1 85 0
 180 0036 FFF7FEFF 		bl	OneWire_ReadTemperature
  86:Temperature.c ****         temperature = ReportTemperature();
 181              		.loc 1 86 0
 182 003a FFF7FEFF 		bl	ReportTemperature
 183 003e 031C     		adds	r3, r0, #0
 184 0040 FB60     		str	r3, [r7, #12]
 185              	.L14:
  87:Temperature.c ****     }
  88:Temperature.c ****     return temperature;
 186              		.loc 1 88 0
 187 0042 FB68     		ldr	r3, [r7, #12]
  89:Temperature.c **** }
 188              		.loc 1 89 0
 189 0044 181C     		adds	r0, r3, #0
 190 0046 BD46     		mov	sp, r7
 191 0048 04B0     		add	sp, sp, #16
 192              		@ sp needed
 193 004a 80BD     		pop	{r7, pc}
 194              	.L17:
ARM GAS  C:\Users\User\AppData\Local\Temp\ccj0HfO2.s 			page 6


 195              		.align	2
 196              	.L16:
 197 004c 00000000 		.word	OneWire_DataReady
 198              		.cfi_endproc
 199              	.LFE38:
 200              		.size	ProcessTemperature, .-ProcessTemperature
 201              		.section	.text.ReportTemperature,"ax",%progbits
 202              		.align	2
 203              		.global	ReportTemperature
 204              		.code	16
 205              		.thumb_func
 206              		.type	ReportTemperature, %function
 207              	ReportTemperature:
 208              	.LFB39:
  90:Temperature.c **** 
  91:Temperature.c **** 
  92:Temperature.c **** 
  93:Temperature.c **** /*****************************************************************************
  94:Temperature.c **** * Function Name: ReportTemperature()
  95:Temperature.c **** ******************************************************************************
  96:Temperature.c **** * Description:
  97:Temperature.c **** * Convert temperature code to degC and 
  98:Temperature.c **** * Send result to Terminal using UART
  99:Temperature.c **** *
 100:Temperature.c **** * Parameters:
 101:Temperature.c **** * None
 102:Temperature.c **** *
 103:Temperature.c **** * Return:
 104:Temperature.c **** * (float) temperature - temperature
 105:Temperature.c **** *
 106:Temperature.c **** *****************************************************************************/
 107:Temperature.c **** float ReportTemperature(void) 
 108:Temperature.c **** {
 209              		.loc 1 108 0
 210              		.cfi_startproc
 211              		@ args = 0, pretend = 0, frame = 8
 212              		@ frame_needed = 1, uses_anonymous_args = 0
 213 0000 80B5     		push	{r7, lr}
 214              		.cfi_def_cfa_offset 8
 215              		.cfi_offset 7, -8
 216              		.cfi_offset 14, -4
 217 0002 82B0     		sub	sp, sp, #8
 218              		.cfi_def_cfa_offset 16
 219 0004 00AF     		add	r7, sp, #0
 220              		.cfi_def_cfa_register 7
 109:Temperature.c ****     float temperature = OneWire_GetTemperatureAsFloat(0);
 221              		.loc 1 109 0
 222 0006 0020     		movs	r0, #0
 223 0008 FFF7FEFF 		bl	OneWire_GetTemperatureAsFloat
 224 000c 031C     		adds	r3, r0, #0
 225 000e 7B60     		str	r3, [r7, #4]
 110:Temperature.c ****     // SendTemperarureToUart(float temperature);
 111:Temperature.c ****  
 112:Temperature.c ****     return temperature;
 226              		.loc 1 112 0
 227 0010 7B68     		ldr	r3, [r7, #4]
 113:Temperature.c **** }
ARM GAS  C:\Users\User\AppData\Local\Temp\ccj0HfO2.s 			page 7


 228              		.loc 1 113 0
 229 0012 181C     		adds	r0, r3, #0
 230 0014 BD46     		mov	sp, r7
 231 0016 02B0     		add	sp, sp, #8
 232              		@ sp needed
 233 0018 80BD     		pop	{r7, pc}
 234              		.cfi_endproc
 235              	.LFE39:
 236              		.size	ReportTemperature, .-ReportTemperature
 237 001a C046     		.section	.rodata
 238              		.align	2
 239              	.LC2:
 240 0000 54656D70 		.ascii	"Temperature: %s\000"
 240      65726174 
 240      7572653A 
 240      20257300 
 241              		.section	.text.SendTemperarureToUart,"ax",%progbits
 242              		.align	2
 243              		.global	SendTemperarureToUart
 244              		.code	16
 245              		.thumb_func
 246              		.type	SendTemperarureToUart, %function
 247              	SendTemperarureToUart:
 248              	.LFB40:
 114:Temperature.c **** 
 115:Temperature.c **** 
 116:Temperature.c **** void SendTemperarureToUart(float temperature) {
 249              		.loc 1 116 0
 250              		.cfi_startproc
 251              		@ args = 0, pretend = 0, frame = 96
 252              		@ frame_needed = 1, uses_anonymous_args = 0
 253 0000 80B5     		push	{r7, lr}
 254              		.cfi_def_cfa_offset 8
 255              		.cfi_offset 7, -8
 256              		.cfi_offset 14, -4
 257 0002 98B0     		sub	sp, sp, #96
 258              		.cfi_def_cfa_offset 104
 259 0004 00AF     		add	r7, sp, #0
 260              		.cfi_def_cfa_register 7
 261 0006 7860     		str	r0, [r7, #4]
 117:Temperature.c ****     char strMsg[80];
 118:Temperature.c ****     char buf[6];
 119:Temperature.c ****     
 120:Temperature.c ****     // convert float to string
 121:Temperature.c ****     if (temperature) {
 262              		.loc 1 121 0
 263 0008 0021     		movs	r1, #0
 264 000a 7868     		ldr	r0, [r7, #4]
 265 000c FFF7FEFF 		bl	__aeabi_fcmpeq
 266 0010 031E     		subs	r3, r0, #0
 267 0012 07D1     		bne	.L25
 122:Temperature.c ****         ftoa(temperature, buf, 2);
 268              		.loc 1 122 0
 269 0014 0823     		movs	r3, #8
 270 0016 F918     		adds	r1, r7, r3
 271 0018 7B68     		ldr	r3, [r7, #4]
 272 001a 0222     		movs	r2, #2
ARM GAS  C:\Users\User\AppData\Local\Temp\ccj0HfO2.s 			page 8


 273 001c 181C     		adds	r0, r3, #0
 274 001e FFF7FEFF 		bl	ftoa
 275 0022 03E0     		b	.L23
 276              	.L25:
 123:Temperature.c ****     } else {
 124:Temperature.c ****         buf[0] = '0';
 277              		.loc 1 124 0
 278 0024 0823     		movs	r3, #8
 279 0026 FB18     		adds	r3, r7, r3
 280 0028 3022     		movs	r2, #48
 281 002a 1A70     		strb	r2, [r3]
 282              	.L23:
 125:Temperature.c ****     }
 126:Temperature.c ****     
 127:Temperature.c ****     sniprintf(strMsg, 80, "Temperature: %s", buf);
 283              		.loc 1 127 0
 284 002c 0823     		movs	r3, #8
 285 002e FB18     		adds	r3, r7, r3
 286 0030 0A4A     		ldr	r2, .L26
 287 0032 1021     		movs	r1, #16
 288 0034 7818     		adds	r0, r7, r1
 289 0036 5021     		movs	r1, #80
 290 0038 FFF7FEFF 		bl	sniprintf
 128:Temperature.c ****     
 129:Temperature.c ****     UART_UartPutCRLF(' ');
 291              		.loc 1 129 0
 292 003c 2020     		movs	r0, #32
 293 003e FFF7FEFF 		bl	UART_UartPutCRLF
 130:Temperature.c ****     UART_UartPutString(strMsg);   
 294              		.loc 1 130 0
 295 0042 1023     		movs	r3, #16
 296 0044 FB18     		adds	r3, r7, r3
 297 0046 1800     		movs	r0, r3
 298 0048 FFF7FEFF 		bl	UART_UartPutString
 131:Temperature.c ****     UART_UartPutCRLF(' ');
 299              		.loc 1 131 0
 300 004c 2020     		movs	r0, #32
 301 004e FFF7FEFF 		bl	UART_UartPutCRLF
 132:Temperature.c **** }
 302              		.loc 1 132 0
 303 0052 C046     		nop
 304 0054 BD46     		mov	sp, r7
 305 0056 18B0     		add	sp, sp, #96
 306              		@ sp needed
 307 0058 80BD     		pop	{r7, pc}
 308              	.L27:
 309 005a C046     		.align	2
 310              	.L26:
 311 005c 00000000 		.word	.LC2
 312              		.cfi_endproc
 313              	.LFE40:
 314              		.size	SendTemperarureToUart, .-SendTemperarureToUart
 315              		.section	.rodata
 316              		.align	2
 317              	.LC4:
 318 0010 2D2D2D2D 		.ascii	"----- Temperature Array -----\000"
 318      2D205465 
ARM GAS  C:\Users\User\AppData\Local\Temp\ccj0HfO2.s 			page 9


 318      6D706572 
 318      61747572 
 318      65204172 
 319 002e 0000     		.align	2
 320              	.LC6:
 321 0030 25642E3A 		.ascii	"%d.: %s\000"
 321      20257300 
 322              		.section	.text.SendTempArrayToUart,"ax",%progbits
 323              		.align	2
 324              		.global	SendTempArrayToUart
 325              		.code	16
 326              		.thumb_func
 327              		.type	SendTempArrayToUart, %function
 328              	SendTempArrayToUart:
 329              	.LFB41:
 133:Temperature.c **** 
 134:Temperature.c **** 
 135:Temperature.c **** void SendTempArrayToUart(float* array) {
 330              		.loc 1 135 0
 331              		.cfi_startproc
 332              		@ args = 0, pretend = 0, frame = 104
 333              		@ frame_needed = 1, uses_anonymous_args = 0
 334 0000 80B5     		push	{r7, lr}
 335              		.cfi_def_cfa_offset 8
 336              		.cfi_offset 7, -8
 337              		.cfi_offset 14, -4
 338 0002 9CB0     		sub	sp, sp, #112
 339              		.cfi_def_cfa_offset 120
 340 0004 02AF     		add	r7, sp, #8
 341              		.cfi_def_cfa 7, 112
 342 0006 7860     		str	r0, [r7, #4]
 136:Temperature.c ****     UART_UartPutCRLF(' ');
 343              		.loc 1 136 0
 344 0008 2020     		movs	r0, #32
 345 000a FFF7FEFF 		bl	UART_UartPutCRLF
 137:Temperature.c ****     UART_UartPutString("----- Temperature Array -----");
 346              		.loc 1 137 0
 347 000e 244B     		ldr	r3, .L36
 348 0010 1800     		movs	r0, r3
 349 0012 FFF7FEFF 		bl	UART_UartPutString
 138:Temperature.c ****     UART_UartPutCRLF(' ');
 350              		.loc 1 138 0
 351 0016 2020     		movs	r0, #32
 352 0018 FFF7FEFF 		bl	UART_UartPutCRLF
 353              	.LBB3:
 139:Temperature.c ****     
 140:Temperature.c ****     for (int i = 0; i < DEVICE_NUMBER; i++) {
 354              		.loc 1 140 0
 355 001c 0023     		movs	r3, #0
 356 001e 7B66     		str	r3, [r7, #100]
 357 0020 34E0     		b	.L29
 358              	.L33:
 359              	.LBB4:
 141:Temperature.c ****         char strMsg[80];
 142:Temperature.c ****         char buf[6];
 143:Temperature.c ****         buf[0] = '\0';
 360              		.loc 1 143 0
ARM GAS  C:\Users\User\AppData\Local\Temp\ccj0HfO2.s 			page 10


 361 0022 5C23     		movs	r3, #92
 362 0024 FB18     		adds	r3, r7, r3
 363 0026 0022     		movs	r2, #0
 364 0028 1A70     		strb	r2, [r3]
 144:Temperature.c ****         
 145:Temperature.c ****         if (array[i]) {
 365              		.loc 1 145 0
 366 002a 7B6E     		ldr	r3, [r7, #100]
 367 002c 9B00     		lsls	r3, r3, #2
 368 002e 7A68     		ldr	r2, [r7, #4]
 369 0030 D318     		adds	r3, r2, r3
 370 0032 1B68     		ldr	r3, [r3]
 371 0034 0021     		movs	r1, #0
 372 0036 181C     		adds	r0, r3, #0
 373 0038 FFF7FEFF 		bl	__aeabi_fcmpeq
 374 003c 031E     		subs	r3, r0, #0
 375 003e 0BD1     		bne	.L35
 146:Temperature.c ****             ftoa(array[i], buf, 2);
 376              		.loc 1 146 0
 377 0040 7B6E     		ldr	r3, [r7, #100]
 378 0042 9B00     		lsls	r3, r3, #2
 379 0044 7A68     		ldr	r2, [r7, #4]
 380 0046 D318     		adds	r3, r2, r3
 381 0048 1B68     		ldr	r3, [r3]
 382 004a 5C22     		movs	r2, #92
 383 004c B918     		adds	r1, r7, r2
 384 004e 0222     		movs	r2, #2
 385 0050 181C     		adds	r0, r3, #0
 386 0052 FFF7FEFF 		bl	ftoa
 387 0056 03E0     		b	.L32
 388              	.L35:
 147:Temperature.c ****         } else {
 148:Temperature.c ****             buf[0] = '0';
 389              		.loc 1 148 0
 390 0058 5C23     		movs	r3, #92
 391 005a FB18     		adds	r3, r7, r3
 392 005c 3022     		movs	r2, #48
 393 005e 1A70     		strb	r2, [r3]
 394              	.L32:
 149:Temperature.c ****         }
 150:Temperature.c ****     
 151:Temperature.c ****         sniprintf(strMsg, 80, "%d.: %s", i, buf);
 395              		.loc 1 151 0 discriminator 2
 396 0060 796E     		ldr	r1, [r7, #100]
 397 0062 104A     		ldr	r2, .L36+4
 398 0064 0C23     		movs	r3, #12
 399 0066 F818     		adds	r0, r7, r3
 400 0068 5C23     		movs	r3, #92
 401 006a FB18     		adds	r3, r7, r3
 402 006c 0093     		str	r3, [sp]
 403 006e 0B00     		movs	r3, r1
 404 0070 5021     		movs	r1, #80
 405 0072 FFF7FEFF 		bl	sniprintf
 152:Temperature.c ****         UART_UartPutString(strMsg);   
 406              		.loc 1 152 0 discriminator 2
 407 0076 0C23     		movs	r3, #12
 408 0078 FB18     		adds	r3, r7, r3
ARM GAS  C:\Users\User\AppData\Local\Temp\ccj0HfO2.s 			page 11


 409 007a 1800     		movs	r0, r3
 410 007c FFF7FEFF 		bl	UART_UartPutString
 153:Temperature.c ****         UART_UartPutCRLF(' ');
 411              		.loc 1 153 0 discriminator 2
 412 0080 2020     		movs	r0, #32
 413 0082 FFF7FEFF 		bl	UART_UartPutCRLF
 414              	.LBE4:
 140:Temperature.c ****         char strMsg[80];
 415              		.loc 1 140 0 discriminator 2
 416 0086 7B6E     		ldr	r3, [r7, #100]
 417 0088 0133     		adds	r3, r3, #1
 418 008a 7B66     		str	r3, [r7, #100]
 419              	.L29:
 140:Temperature.c ****         char strMsg[80];
 420              		.loc 1 140 0 is_stmt 0 discriminator 1
 421 008c 7B6E     		ldr	r3, [r7, #100]
 422 008e 032B     		cmp	r3, #3
 423 0090 C7DD     		ble	.L33
 424              	.LBE3:
 154:Temperature.c ****     }
 155:Temperature.c ****     UART_UartPutCRLF(' ');
 425              		.loc 1 155 0 is_stmt 1
 426 0092 2020     		movs	r0, #32
 427 0094 FFF7FEFF 		bl	UART_UartPutCRLF
 156:Temperature.c **** }
 428              		.loc 1 156 0
 429 0098 C046     		nop
 430 009a BD46     		mov	sp, r7
 431 009c 1AB0     		add	sp, sp, #104
 432              		@ sp needed
 433 009e 80BD     		pop	{r7, pc}
 434              	.L37:
 435              		.align	2
 436              	.L36:
 437 00a0 10000000 		.word	.LC4
 438 00a4 30000000 		.word	.LC6
 439              		.cfi_endproc
 440              	.LFE41:
 441              		.size	SendTempArrayToUart, .-SendTempArrayToUart
 442              		.text
 443              	.Letext0:
 444              		.file 2 "Generated_Source\\PSoC4/cytypes.h"
 445              		.file 3 "Generated_Source\\PSoC4/OneWire.h"
 446              		.file 4 "Generated_Source\\PSoC4/BLE_Stack.h"
 447              		.file 5 "Generated_Source\\PSoC4/BLE_hts.h"
 448              		.file 6 "Generated_Source\\PSoC4/BLE_eventHandler.h"
 449              		.file 7 "Temperature.h"
 450              		.section	.debug_info,"",%progbits
 451              	.Ldebug_info0:
 452 0000 D0040000 		.4byte	0x4d0
 453 0004 0400     		.2byte	0x4
 454 0006 00000000 		.4byte	.Ldebug_abbrev0
 455 000a 04       		.byte	0x4
 456 000b 01       		.uleb128 0x1
 457 000c 2A040000 		.4byte	.LASF115
 458 0010 0C       		.byte	0xc
 459 0011 61010000 		.4byte	.LASF116
ARM GAS  C:\Users\User\AppData\Local\Temp\ccj0HfO2.s 			page 12


 460 0015 04030000 		.4byte	.LASF117
 461 0019 00000000 		.4byte	.Ldebug_ranges0+0
 462 001d 00000000 		.4byte	0
 463 0021 00000000 		.4byte	.Ldebug_line0
 464 0025 02       		.uleb128 0x2
 465 0026 01       		.byte	0x1
 466 0027 06       		.byte	0x6
 467 0028 87020000 		.4byte	.LASF0
 468 002c 02       		.uleb128 0x2
 469 002d 01       		.byte	0x1
 470 002e 08       		.byte	0x8
 471 002f 82050000 		.4byte	.LASF1
 472 0033 02       		.uleb128 0x2
 473 0034 02       		.byte	0x2
 474 0035 05       		.byte	0x5
 475 0036 5D000000 		.4byte	.LASF2
 476 003a 02       		.uleb128 0x2
 477 003b 02       		.byte	0x2
 478 003c 07       		.byte	0x7
 479 003d 7C070000 		.4byte	.LASF3
 480 0041 02       		.uleb128 0x2
 481 0042 04       		.byte	0x4
 482 0043 05       		.byte	0x5
 483 0044 38030000 		.4byte	.LASF4
 484 0048 02       		.uleb128 0x2
 485 0049 04       		.byte	0x4
 486 004a 07       		.byte	0x7
 487 004b CB010000 		.4byte	.LASF5
 488 004f 02       		.uleb128 0x2
 489 0050 08       		.byte	0x8
 490 0051 05       		.byte	0x5
 491 0052 7C090000 		.4byte	.LASF6
 492 0056 02       		.uleb128 0x2
 493 0057 08       		.byte	0x8
 494 0058 07       		.byte	0x7
 495 0059 ED020000 		.4byte	.LASF7
 496 005d 03       		.uleb128 0x3
 497 005e 04       		.byte	0x4
 498 005f 05       		.byte	0x5
 499 0060 696E7400 		.ascii	"int\000"
 500 0064 02       		.uleb128 0x2
 501 0065 04       		.byte	0x4
 502 0066 07       		.byte	0x7
 503 0067 5A0B0000 		.4byte	.LASF8
 504 006b 04       		.uleb128 0x4
 505 006c 02020000 		.4byte	.LASF9
 506 0070 02       		.byte	0x2
 507 0071 E601     		.2byte	0x1e6
 508 0073 2C000000 		.4byte	0x2c
 509 0077 04       		.uleb128 0x4
 510 0078 FB010000 		.4byte	.LASF10
 511 007c 02       		.byte	0x2
 512 007d E701     		.2byte	0x1e7
 513 007f 3A000000 		.4byte	0x3a
 514 0083 02       		.uleb128 0x2
 515 0084 04       		.byte	0x4
 516 0085 04       		.byte	0x4
ARM GAS  C:\Users\User\AppData\Local\Temp\ccj0HfO2.s 			page 13


 517 0086 93020000 		.4byte	.LASF11
 518 008a 02       		.uleb128 0x2
 519 008b 08       		.byte	0x8
 520 008c 04       		.byte	0x4
 521 008d 2F090000 		.4byte	.LASF12
 522 0091 02       		.uleb128 0x2
 523 0092 01       		.byte	0x1
 524 0093 08       		.byte	0x8
 525 0094 09080000 		.4byte	.LASF13
 526 0098 05       		.uleb128 0x5
 527 0099 6B000000 		.4byte	0x6b
 528 009d 06       		.uleb128 0x6
 529 009e EA070000 		.4byte	.LASF118
 530 00a2 04       		.byte	0x4
 531 00a3 03       		.byte	0x3
 532 00a4 30       		.byte	0x30
 533 00a5 C2000000 		.4byte	0xc2
 534 00a9 07       		.uleb128 0x7
 535 00aa E20A0000 		.4byte	.LASF14
 536 00ae 03       		.byte	0x3
 537 00af 31       		.byte	0x31
 538 00b0 77000000 		.4byte	0x77
 539 00b4 00       		.byte	0
 540 00b5 07       		.uleb128 0x7
 541 00b6 4D0A0000 		.4byte	.LASF15
 542 00ba 03       		.byte	0x3
 543 00bb 32       		.byte	0x32
 544 00bc 6B000000 		.4byte	0x6b
 545 00c0 02       		.byte	0x2
 546 00c1 00       		.byte	0
 547 00c2 02       		.uleb128 0x2
 548 00c3 08       		.byte	0x8
 549 00c4 04       		.byte	0x4
 550 00c5 50050000 		.4byte	.LASF16
 551 00c9 02       		.uleb128 0x2
 552 00ca 04       		.byte	0x4
 553 00cb 07       		.byte	0x7
 554 00cc 62030000 		.4byte	.LASF17
 555 00d0 08       		.uleb128 0x8
 556 00d1 01       		.byte	0x1
 557 00d2 2C000000 		.4byte	0x2c
 558 00d6 04       		.byte	0x4
 559 00d7 3501     		.2byte	0x135
 560 00d9 8E020000 		.4byte	0x28e
 561 00dd 09       		.uleb128 0x9
 562 00de 29020000 		.4byte	.LASF18
 563 00e2 00       		.byte	0
 564 00e3 09       		.uleb128 0x9
 565 00e4 A5010000 		.4byte	.LASF19
 566 00e8 01       		.byte	0x1
 567 00e9 09       		.uleb128 0x9
 568 00ea EE0A0000 		.4byte	.LASF20
 569 00ee 02       		.byte	0x2
 570 00ef 09       		.uleb128 0x9
 571 00f0 96090000 		.4byte	.LASF21
 572 00f4 03       		.byte	0x3
 573 00f5 09       		.uleb128 0x9
ARM GAS  C:\Users\User\AppData\Local\Temp\ccj0HfO2.s 			page 14


 574 00f6 6F010000 		.4byte	.LASF22
 575 00fa 04       		.byte	0x4
 576 00fb 09       		.uleb128 0x9
 577 00fc D2030000 		.4byte	.LASF23
 578 0100 05       		.byte	0x5
 579 0101 09       		.uleb128 0x9
 580 0102 3A000000 		.4byte	.LASF24
 581 0106 06       		.byte	0x6
 582 0107 09       		.uleb128 0x9
 583 0108 F4090000 		.4byte	.LASF25
 584 010c 20       		.byte	0x20
 585 010d 09       		.uleb128 0x9
 586 010e C5060000 		.4byte	.LASF26
 587 0112 21       		.byte	0x21
 588 0113 09       		.uleb128 0x9
 589 0114 00000000 		.4byte	.LASF27
 590 0118 22       		.byte	0x22
 591 0119 09       		.uleb128 0x9
 592 011a 04040000 		.4byte	.LASF28
 593 011e 23       		.byte	0x23
 594 011f 09       		.uleb128 0x9
 595 0120 66060000 		.4byte	.LASF29
 596 0124 24       		.byte	0x24
 597 0125 09       		.uleb128 0x9
 598 0126 67000000 		.4byte	.LASF30
 599 012a 25       		.byte	0x25
 600 012b 09       		.uleb128 0x9
 601 012c 94000000 		.4byte	.LASF31
 602 0130 26       		.byte	0x26
 603 0131 09       		.uleb128 0x9
 604 0132 7B030000 		.4byte	.LASF32
 605 0136 27       		.byte	0x27
 606 0137 09       		.uleb128 0x9
 607 0138 860B0000 		.4byte	.LASF33
 608 013c 28       		.byte	0x28
 609 013d 09       		.uleb128 0x9
 610 013e 24070000 		.4byte	.LASF34
 611 0142 29       		.byte	0x29
 612 0143 09       		.uleb128 0x9
 613 0144 9A070000 		.4byte	.LASF35
 614 0148 2A       		.byte	0x2a
 615 0149 09       		.uleb128 0x9
 616 014a B0080000 		.4byte	.LASF36
 617 014e 2B       		.byte	0x2b
 618 014f 09       		.uleb128 0x9
 619 0150 B70B0000 		.4byte	.LASF37
 620 0154 2C       		.byte	0x2c
 621 0155 09       		.uleb128 0x9
 622 0156 F5000000 		.4byte	.LASF38
 623 015a 2D       		.byte	0x2d
 624 015b 09       		.uleb128 0x9
 625 015c 1B060000 		.4byte	.LASF39
 626 0160 2E       		.byte	0x2e
 627 0161 09       		.uleb128 0x9
 628 0162 110C0000 		.4byte	.LASF40
 629 0166 2F       		.byte	0x2f
 630 0167 09       		.uleb128 0x9
ARM GAS  C:\Users\User\AppData\Local\Temp\ccj0HfO2.s 			page 15


 631 0168 BC000000 		.4byte	.LASF41
 632 016c 30       		.byte	0x30
 633 016d 09       		.uleb128 0x9
 634 016e 0B090000 		.4byte	.LASF42
 635 0172 31       		.byte	0x31
 636 0173 09       		.uleb128 0x9
 637 0174 CC020000 		.4byte	.LASF43
 638 0178 32       		.byte	0x32
 639 0179 09       		.uleb128 0x9
 640 017a C3070000 		.4byte	.LASF44
 641 017e 33       		.byte	0x33
 642 017f 09       		.uleb128 0x9
 643 0180 41070000 		.4byte	.LASF45
 644 0184 34       		.byte	0x34
 645 0185 09       		.uleb128 0x9
 646 0186 5F090000 		.4byte	.LASF46
 647 018a 35       		.byte	0x35
 648 018b 09       		.uleb128 0x9
 649 018c DC040000 		.4byte	.LASF47
 650 0190 36       		.byte	0x36
 651 0191 09       		.uleb128 0x9
 652 0192 1B050000 		.4byte	.LASF48
 653 0196 37       		.byte	0x37
 654 0197 09       		.uleb128 0x9
 655 0198 35010000 		.4byte	.LASF49
 656 019c 40       		.byte	0x40
 657 019d 09       		.uleb128 0x9
 658 019e 9C060000 		.4byte	.LASF50
 659 01a2 41       		.byte	0x41
 660 01a3 09       		.uleb128 0x9
 661 01a4 690A0000 		.4byte	.LASF51
 662 01a8 42       		.byte	0x42
 663 01a9 09       		.uleb128 0x9
 664 01aa DD010000 		.4byte	.LASF52
 665 01ae 43       		.byte	0x43
 666 01af 09       		.uleb128 0x9
 667 01b0 A50A0000 		.4byte	.LASF53
 668 01b4 44       		.byte	0x44
 669 01b5 09       		.uleb128 0x9
 670 01b6 DC060000 		.4byte	.LASF54
 671 01ba 45       		.byte	0x45
 672 01bb 09       		.uleb128 0x9
 673 01bc 84010000 		.4byte	.LASF55
 674 01c0 46       		.byte	0x46
 675 01c1 09       		.uleb128 0x9
 676 01c2 E2050000 		.4byte	.LASF56
 677 01c6 47       		.byte	0x47
 678 01c7 09       		.uleb128 0x9
 679 01c8 3F060000 		.4byte	.LASF57
 680 01cc 48       		.byte	0x48
 681 01cd 09       		.uleb128 0x9
 682 01ce 99020000 		.4byte	.LASF58
 683 01d2 49       		.byte	0x49
 684 01d3 09       		.uleb128 0x9
 685 01d4 64080000 		.4byte	.LASF59
 686 01d8 4A       		.byte	0x4a
 687 01d9 09       		.uleb128 0x9
ARM GAS  C:\Users\User\AppData\Local\Temp\ccj0HfO2.s 			page 16


 688 01da C30A0000 		.4byte	.LASF60
 689 01de 4B       		.byte	0x4b
 690 01df 09       		.uleb128 0x9
 691 01e0 82060000 		.4byte	.LASF61
 692 01e4 4C       		.byte	0x4c
 693 01e5 09       		.uleb128 0x9
 694 01e6 B2020000 		.4byte	.LASF62
 695 01ea 4D       		.byte	0x4d
 696 01eb 09       		.uleb128 0x9
 697 01ec 870A0000 		.4byte	.LASF63
 698 01f0 4E       		.byte	0x4e
 699 01f1 09       		.uleb128 0x9
 700 01f2 90050000 		.4byte	.LASF64
 701 01f6 4F       		.byte	0x4f
 702 01f7 09       		.uleb128 0x9
 703 01f8 670B0000 		.4byte	.LASF65
 704 01fc 50       		.byte	0x50
 705 01fd 09       		.uleb128 0x9
 706 01fe 91080000 		.4byte	.LASF66
 707 0202 51       		.byte	0x51
 708 0203 09       		.uleb128 0x9
 709 0204 B1030000 		.4byte	.LASF67
 710 0208 52       		.byte	0x52
 711 0209 09       		.uleb128 0x9
 712 020a 41030000 		.4byte	.LASF68
 713 020e 53       		.byte	0x53
 714 020f 09       		.uleb128 0x9
 715 0210 08020000 		.4byte	.LASF69
 716 0214 54       		.byte	0x54
 717 0215 09       		.uleb128 0x9
 718 0216 DB0B0000 		.4byte	.LASF70
 719 021a 55       		.byte	0x55
 720 021b 09       		.uleb128 0x9
 721 021c 380B0000 		.4byte	.LASF71
 722 0220 56       		.byte	0x56
 723 0221 09       		.uleb128 0x9
 724 0222 0F0B0000 		.4byte	.LASF72
 725 0226 57       		.byte	0x57
 726 0227 09       		.uleb128 0x9
 727 0228 59070000 		.4byte	.LASF73
 728 022c 58       		.byte	0x58
 729 022d 09       		.uleb128 0x9
 730 022e 5C050000 		.4byte	.LASF74
 731 0232 70       		.byte	0x70
 732 0233 09       		.uleb128 0x9
 733 0234 CE090000 		.4byte	.LASF75
 734 0238 71       		.byte	0x71
 735 0239 09       		.uleb128 0x9
 736 023a 39080000 		.4byte	.LASF76
 737 023e 72       		.byte	0x72
 738 023f 09       		.uleb128 0x9
 739 0240 ED080000 		.4byte	.LASF77
 740 0244 73       		.byte	0x73
 741 0245 09       		.uleb128 0x9
 742 0246 FD040000 		.4byte	.LASF78
 743 024a 74       		.byte	0x74
 744 024b 09       		.uleb128 0x9
ARM GAS  C:\Users\User\AppData\Local\Temp\ccj0HfO2.s 			page 17


 745 024c 03070000 		.4byte	.LASF79
 746 0250 75       		.byte	0x75
 747 0251 09       		.uleb128 0x9
 748 0252 66020000 		.4byte	.LASF80
 749 0256 76       		.byte	0x76
 750 0257 09       		.uleb128 0x9
 751 0258 AF090000 		.4byte	.LASF81
 752 025c 77       		.byte	0x77
 753 025d 09       		.uleb128 0x9
 754 025e 180A0000 		.4byte	.LASF82
 755 0262 78       		.byte	0x78
 756 0263 09       		.uleb128 0x9
 757 0264 3C090000 		.4byte	.LASF83
 758 0268 79       		.byte	0x79
 759 0269 09       		.uleb128 0x9
 760 026a B8040000 		.4byte	.LASF84
 761 026e 7A       		.byte	0x7a
 762 026f 09       		.uleb128 0x9
 763 0270 CF080000 		.4byte	.LASF85
 764 0274 FA       		.byte	0xfa
 765 0275 09       		.uleb128 0x9
 766 0276 C3050000 		.4byte	.LASF86
 767 027a FB       		.byte	0xfb
 768 027b 09       		.uleb128 0x9
 769 027c FF0B0000 		.4byte	.LASF87
 770 0280 FC       		.byte	0xfc
 771 0281 09       		.uleb128 0x9
 772 0282 DD000000 		.4byte	.LASF88
 773 0286 FD       		.byte	0xfd
 774 0287 09       		.uleb128 0x9
 775 0288 B7060000 		.4byte	.LASF89
 776 028c FF       		.byte	0xff
 777 028d 00       		.byte	0
 778 028e 0A       		.uleb128 0xa
 779 028f 04       		.byte	0x4
 780 0290 83000000 		.4byte	0x83
 781 0294 0B       		.uleb128 0xb
 782 0295 01       		.byte	0x1
 783 0296 2C000000 		.4byte	0x2c
 784 029a 05       		.byte	0x5
 785 029b 21       		.byte	0x21
 786 029c BF020000 		.4byte	0x2bf
 787 02a0 09       		.uleb128 0x9
 788 02a1 1E010000 		.4byte	.LASF90
 789 02a5 00       		.byte	0
 790 02a6 09       		.uleb128 0x9
 791 02a7 550A0000 		.4byte	.LASF91
 792 02ab 01       		.byte	0x1
 793 02ac 09       		.uleb128 0x9
 794 02ad 0E080000 		.4byte	.LASF92
 795 02b1 02       		.byte	0x2
 796 02b2 09       		.uleb128 0x9
 797 02b3 00060000 		.4byte	.LASF93
 798 02b7 03       		.byte	0x3
 799 02b8 09       		.uleb128 0x9
 800 02b9 24080000 		.4byte	.LASF94
 801 02bd 04       		.byte	0x4
ARM GAS  C:\Users\User\AppData\Local\Temp\ccj0HfO2.s 			page 18


 802 02be 00       		.byte	0
 803 02bf 0B       		.uleb128 0xb
 804 02c0 01       		.byte	0x1
 805 02c1 2C000000 		.4byte	0x2c
 806 02c5 05       		.byte	0x5
 807 02c6 2C       		.byte	0x2c
 808 02c7 DE020000 		.4byte	0x2de
 809 02cb 09       		.uleb128 0x9
 810 02cc A80B0000 		.4byte	.LASF95
 811 02d0 00       		.byte	0
 812 02d1 09       		.uleb128 0x9
 813 02d2 58020000 		.4byte	.LASF96
 814 02d6 01       		.byte	0x1
 815 02d7 09       		.uleb128 0x9
 816 02d8 24000000 		.4byte	.LASF97
 817 02dc 02       		.byte	0x2
 818 02dd 00       		.byte	0
 819 02de 08       		.uleb128 0x8
 820 02df 01       		.byte	0x1
 821 02e0 2C000000 		.4byte	0x2c
 822 02e4 06       		.byte	0x6
 823 02e5 EB08     		.2byte	0x8eb
 824 02e7 10030000 		.4byte	0x310
 825 02eb 09       		.uleb128 0x9
 826 02ec 82080000 		.4byte	.LASF98
 827 02f0 00       		.byte	0
 828 02f1 09       		.uleb128 0x9
 829 02f2 6B030000 		.4byte	.LASF99
 830 02f6 01       		.byte	0x1
 831 02f7 09       		.uleb128 0x9
 832 02f8 81000000 		.4byte	.LASF100
 833 02fc 02       		.byte	0x2
 834 02fd 09       		.uleb128 0x9
 835 02fe 9A030000 		.4byte	.LASF101
 836 0302 02       		.byte	0x2
 837 0303 09       		.uleb128 0x9
 838 0304 55080000 		.4byte	.LASF102
 839 0308 03       		.byte	0x3
 840 0309 09       		.uleb128 0x9
 841 030a 40020000 		.4byte	.LASF103
 842 030e 04       		.byte	0x4
 843 030f 00       		.byte	0
 844 0310 0C       		.uleb128 0xc
 845 0311 53000000 		.4byte	.LASF119
 846 0315 01       		.byte	0x1
 847 0316 17       		.byte	0x17
 848 0317 00000000 		.4byte	.LFB36
 849 031b 14000000 		.4byte	.LFE36-.LFB36
 850 031f 01       		.uleb128 0x1
 851 0320 9C       		.byte	0x9c
 852 0321 0D       		.uleb128 0xd
 853 0322 000B0000 		.4byte	.LASF105
 854 0326 01       		.byte	0x1
 855 0327 2B       		.byte	0x2b
 856 0328 83000000 		.4byte	0x83
 857 032c 00000000 		.4byte	.LFB37
 858 0330 46000000 		.4byte	.LFE37-.LFB37
ARM GAS  C:\Users\User\AppData\Local\Temp\ccj0HfO2.s 			page 19


 859 0334 01       		.uleb128 0x1
 860 0335 9C       		.byte	0x9c
 861 0336 6D030000 		.4byte	0x36d
 862 033a 0E       		.uleb128 0xe
 863 033b 8F070000 		.4byte	.LASF107
 864 033f 01       		.byte	0x1
 865 0340 2B       		.byte	0x2b
 866 0341 6B000000 		.4byte	0x6b
 867 0345 02       		.uleb128 0x2
 868 0346 91       		.byte	0x91
 869 0347 6F       		.sleb128 -17
 870 0348 0F       		.uleb128 0xf
 871 0349 8A090000 		.4byte	.LASF104
 872 034d 01       		.byte	0x1
 873 034e 2C       		.byte	0x2c
 874 034f 83000000 		.4byte	0x83
 875 0353 02       		.uleb128 0x2
 876 0354 91       		.byte	0x91
 877 0355 70       		.sleb128 -16
 878 0356 10       		.uleb128 0x10
 879 0357 0C000000 		.4byte	.LBB2
 880 035b 30000000 		.4byte	.LBE2-.LBB2
 881 035f 11       		.uleb128 0x11
 882 0360 6900     		.ascii	"i\000"
 883 0362 01       		.byte	0x1
 884 0363 2F       		.byte	0x2f
 885 0364 5D000000 		.4byte	0x5d
 886 0368 02       		.uleb128 0x2
 887 0369 91       		.byte	0x91
 888 036a 74       		.sleb128 -12
 889 036b 00       		.byte	0
 890 036c 00       		.byte	0
 891 036d 0D       		.uleb128 0xd
 892 036e B8010000 		.4byte	.LASF106
 893 0372 01       		.byte	0x1
 894 0373 47       		.byte	0x47
 895 0374 83000000 		.4byte	0x83
 896 0378 00000000 		.4byte	.LFB38
 897 037c 50000000 		.4byte	.LFE38-.LFB38
 898 0380 01       		.uleb128 0x1
 899 0381 9C       		.byte	0x9c
 900 0382 A3030000 		.4byte	0x3a3
 901 0386 0E       		.uleb128 0xe
 902 0387 8F070000 		.4byte	.LASF107
 903 038b 01       		.byte	0x1
 904 038c 47       		.byte	0x47
 905 038d 6B000000 		.4byte	0x6b
 906 0391 02       		.uleb128 0x2
 907 0392 91       		.byte	0x91
 908 0393 6F       		.sleb128 -17
 909 0394 0F       		.uleb128 0xf
 910 0395 8A090000 		.4byte	.LASF104
 911 0399 01       		.byte	0x1
 912 039a 49       		.byte	0x49
 913 039b 83000000 		.4byte	0x83
 914 039f 02       		.uleb128 0x2
 915 03a0 91       		.byte	0x91
ARM GAS  C:\Users\User\AppData\Local\Temp\ccj0HfO2.s 			page 20


 916 03a1 74       		.sleb128 -12
 917 03a2 00       		.byte	0
 918 03a3 0D       		.uleb128 0xd
 919 03a4 3B0A0000 		.4byte	.LASF108
 920 03a8 01       		.byte	0x1
 921 03a9 6B       		.byte	0x6b
 922 03aa 83000000 		.4byte	0x83
 923 03ae 00000000 		.4byte	.LFB39
 924 03b2 1A000000 		.4byte	.LFE39-.LFB39
 925 03b6 01       		.uleb128 0x1
 926 03b7 9C       		.byte	0x9c
 927 03b8 CB030000 		.4byte	0x3cb
 928 03bc 0F       		.uleb128 0xf
 929 03bd 8A090000 		.4byte	.LASF104
 930 03c1 01       		.byte	0x1
 931 03c2 6D       		.byte	0x6d
 932 03c3 83000000 		.4byte	0x83
 933 03c7 02       		.uleb128 0x2
 934 03c8 91       		.byte	0x91
 935 03c9 74       		.sleb128 -12
 936 03ca 00       		.byte	0
 937 03cb 12       		.uleb128 0x12
 938 03cc EE030000 		.4byte	.LASF110
 939 03d0 01       		.byte	0x1
 940 03d1 74       		.byte	0x74
 941 03d2 00000000 		.4byte	.LFB40
 942 03d6 60000000 		.4byte	.LFE40-.LFB40
 943 03da 01       		.uleb128 0x1
 944 03db 9C       		.byte	0x9c
 945 03dc 0E040000 		.4byte	0x40e
 946 03e0 0E       		.uleb128 0xe
 947 03e1 8A090000 		.4byte	.LASF104
 948 03e5 01       		.byte	0x1
 949 03e6 74       		.byte	0x74
 950 03e7 83000000 		.4byte	0x83
 951 03eb 03       		.uleb128 0x3
 952 03ec 91       		.byte	0x91
 953 03ed 9C7F     		.sleb128 -100
 954 03ef 0F       		.uleb128 0xf
 955 03f0 51020000 		.4byte	.LASF109
 956 03f4 01       		.byte	0x1
 957 03f5 75       		.byte	0x75
 958 03f6 0E040000 		.4byte	0x40e
 959 03fa 03       		.uleb128 0x3
 960 03fb 91       		.byte	0x91
 961 03fc A87F     		.sleb128 -88
 962 03fe 11       		.uleb128 0x11
 963 03ff 62756600 		.ascii	"buf\000"
 964 0403 01       		.byte	0x1
 965 0404 76       		.byte	0x76
 966 0405 1E040000 		.4byte	0x41e
 967 0409 03       		.uleb128 0x3
 968 040a 91       		.byte	0x91
 969 040b A07F     		.sleb128 -96
 970 040d 00       		.byte	0
 971 040e 13       		.uleb128 0x13
 972 040f 91000000 		.4byte	0x91
ARM GAS  C:\Users\User\AppData\Local\Temp\ccj0HfO2.s 			page 21


 973 0413 1E040000 		.4byte	0x41e
 974 0417 14       		.uleb128 0x14
 975 0418 C9000000 		.4byte	0xc9
 976 041c 4F       		.byte	0x4f
 977 041d 00       		.byte	0
 978 041e 13       		.uleb128 0x13
 979 041f 91000000 		.4byte	0x91
 980 0423 2E040000 		.4byte	0x42e
 981 0427 14       		.uleb128 0x14
 982 0428 C9000000 		.4byte	0xc9
 983 042c 05       		.byte	0x5
 984 042d 00       		.byte	0
 985 042e 12       		.uleb128 0x12
 986 042f AF050000 		.4byte	.LASF111
 987 0433 01       		.byte	0x1
 988 0434 87       		.byte	0x87
 989 0435 00000000 		.4byte	.LFB41
 990 0439 A8000000 		.4byte	.LFE41-.LFB41
 991 043d 01       		.uleb128 0x1
 992 043e 9C       		.byte	0x9c
 993 043f 90040000 		.4byte	0x490
 994 0443 0E       		.uleb128 0xe
 995 0444 36090000 		.4byte	.LASF112
 996 0448 01       		.byte	0x1
 997 0449 87       		.byte	0x87
 998 044a 8E020000 		.4byte	0x28e
 999 044e 03       		.uleb128 0x3
 1000 044f 91       		.byte	0x91
 1001 0450 947F     		.sleb128 -108
 1002 0452 10       		.uleb128 0x10
 1003 0453 1C000000 		.4byte	.LBB3
 1004 0457 76000000 		.4byte	.LBE3-.LBB3
 1005 045b 11       		.uleb128 0x11
 1006 045c 6900     		.ascii	"i\000"
 1007 045e 01       		.byte	0x1
 1008 045f 8C       		.byte	0x8c
 1009 0460 5D000000 		.4byte	0x5d
 1010 0464 02       		.uleb128 0x2
 1011 0465 91       		.byte	0x91
 1012 0466 74       		.sleb128 -12
 1013 0467 10       		.uleb128 0x10
 1014 0468 22000000 		.4byte	.LBB4
 1015 046c 64000000 		.4byte	.LBE4-.LBB4
 1016 0470 0F       		.uleb128 0xf
 1017 0471 51020000 		.4byte	.LASF109
 1018 0475 01       		.byte	0x1
 1019 0476 8D       		.byte	0x8d
 1020 0477 0E040000 		.4byte	0x40e
 1021 047b 03       		.uleb128 0x3
 1022 047c 91       		.byte	0x91
 1023 047d 9C7F     		.sleb128 -100
 1024 047f 11       		.uleb128 0x11
 1025 0480 62756600 		.ascii	"buf\000"
 1026 0484 01       		.byte	0x1
 1027 0485 8E       		.byte	0x8e
 1028 0486 1E040000 		.4byte	0x41e
 1029 048a 02       		.uleb128 0x2
ARM GAS  C:\Users\User\AppData\Local\Temp\ccj0HfO2.s 			page 22


 1030 048b 91       		.byte	0x91
 1031 048c 6C       		.sleb128 -20
 1032 048d 00       		.byte	0
 1033 048e 00       		.byte	0
 1034 048f 00       		.byte	0
 1035 0490 0F       		.uleb128 0xf
 1036 0491 8F070000 		.4byte	.LASF107
 1037 0495 07       		.byte	0x7
 1038 0496 14       		.byte	0x14
 1039 0497 98000000 		.4byte	0x98
 1040 049b 05       		.uleb128 0x5
 1041 049c 03       		.byte	0x3
 1042 049d 00000000 		.4byte	flag_Timer
 1043 04a1 13       		.uleb128 0x13
 1044 04a2 9D000000 		.4byte	0x9d
 1045 04a6 B1040000 		.4byte	0x4b1
 1046 04aa 14       		.uleb128 0x14
 1047 04ab C9000000 		.4byte	0xc9
 1048 04af 07       		.byte	0x7
 1049 04b0 00       		.byte	0
 1050 04b1 15       		.uleb128 0x15
 1051 04b2 FA070000 		.4byte	.LASF113
 1052 04b6 03       		.byte	0x3
 1053 04b7 34       		.byte	0x34
 1054 04b8 A1040000 		.4byte	0x4a1
 1055 04bc 05       		.uleb128 0x5
 1056 04bd 03       		.byte	0x3
 1057 04be 00000000 		.4byte	OneWire_Sensor
 1058 04c2 15       		.uleb128 0x15
 1059 04c3 4F010000 		.4byte	.LASF114
 1060 04c7 03       		.byte	0x3
 1061 04c8 39       		.byte	0x39
 1062 04c9 98000000 		.4byte	0x98
 1063 04cd 05       		.uleb128 0x5
 1064 04ce 03       		.byte	0x3
 1065 04cf 00000000 		.4byte	OneWire_DataReady
 1066 04d3 00       		.byte	0
 1067              		.section	.debug_abbrev,"",%progbits
 1068              	.Ldebug_abbrev0:
 1069 0000 01       		.uleb128 0x1
 1070 0001 11       		.uleb128 0x11
 1071 0002 01       		.byte	0x1
 1072 0003 25       		.uleb128 0x25
 1073 0004 0E       		.uleb128 0xe
 1074 0005 13       		.uleb128 0x13
 1075 0006 0B       		.uleb128 0xb
 1076 0007 03       		.uleb128 0x3
 1077 0008 0E       		.uleb128 0xe
 1078 0009 1B       		.uleb128 0x1b
 1079 000a 0E       		.uleb128 0xe
 1080 000b 55       		.uleb128 0x55
 1081 000c 17       		.uleb128 0x17
 1082 000d 11       		.uleb128 0x11
 1083 000e 01       		.uleb128 0x1
 1084 000f 10       		.uleb128 0x10
 1085 0010 17       		.uleb128 0x17
 1086 0011 00       		.byte	0
ARM GAS  C:\Users\User\AppData\Local\Temp\ccj0HfO2.s 			page 23


 1087 0012 00       		.byte	0
 1088 0013 02       		.uleb128 0x2
 1089 0014 24       		.uleb128 0x24
 1090 0015 00       		.byte	0
 1091 0016 0B       		.uleb128 0xb
 1092 0017 0B       		.uleb128 0xb
 1093 0018 3E       		.uleb128 0x3e
 1094 0019 0B       		.uleb128 0xb
 1095 001a 03       		.uleb128 0x3
 1096 001b 0E       		.uleb128 0xe
 1097 001c 00       		.byte	0
 1098 001d 00       		.byte	0
 1099 001e 03       		.uleb128 0x3
 1100 001f 24       		.uleb128 0x24
 1101 0020 00       		.byte	0
 1102 0021 0B       		.uleb128 0xb
 1103 0022 0B       		.uleb128 0xb
 1104 0023 3E       		.uleb128 0x3e
 1105 0024 0B       		.uleb128 0xb
 1106 0025 03       		.uleb128 0x3
 1107 0026 08       		.uleb128 0x8
 1108 0027 00       		.byte	0
 1109 0028 00       		.byte	0
 1110 0029 04       		.uleb128 0x4
 1111 002a 16       		.uleb128 0x16
 1112 002b 00       		.byte	0
 1113 002c 03       		.uleb128 0x3
 1114 002d 0E       		.uleb128 0xe
 1115 002e 3A       		.uleb128 0x3a
 1116 002f 0B       		.uleb128 0xb
 1117 0030 3B       		.uleb128 0x3b
 1118 0031 05       		.uleb128 0x5
 1119 0032 49       		.uleb128 0x49
 1120 0033 13       		.uleb128 0x13
 1121 0034 00       		.byte	0
 1122 0035 00       		.byte	0
 1123 0036 05       		.uleb128 0x5
 1124 0037 35       		.uleb128 0x35
 1125 0038 00       		.byte	0
 1126 0039 49       		.uleb128 0x49
 1127 003a 13       		.uleb128 0x13
 1128 003b 00       		.byte	0
 1129 003c 00       		.byte	0
 1130 003d 06       		.uleb128 0x6
 1131 003e 13       		.uleb128 0x13
 1132 003f 01       		.byte	0x1
 1133 0040 03       		.uleb128 0x3
 1134 0041 0E       		.uleb128 0xe
 1135 0042 0B       		.uleb128 0xb
 1136 0043 0B       		.uleb128 0xb
 1137 0044 3A       		.uleb128 0x3a
 1138 0045 0B       		.uleb128 0xb
 1139 0046 3B       		.uleb128 0x3b
 1140 0047 0B       		.uleb128 0xb
 1141 0048 01       		.uleb128 0x1
 1142 0049 13       		.uleb128 0x13
 1143 004a 00       		.byte	0
ARM GAS  C:\Users\User\AppData\Local\Temp\ccj0HfO2.s 			page 24


 1144 004b 00       		.byte	0
 1145 004c 07       		.uleb128 0x7
 1146 004d 0D       		.uleb128 0xd
 1147 004e 00       		.byte	0
 1148 004f 03       		.uleb128 0x3
 1149 0050 0E       		.uleb128 0xe
 1150 0051 3A       		.uleb128 0x3a
 1151 0052 0B       		.uleb128 0xb
 1152 0053 3B       		.uleb128 0x3b
 1153 0054 0B       		.uleb128 0xb
 1154 0055 49       		.uleb128 0x49
 1155 0056 13       		.uleb128 0x13
 1156 0057 38       		.uleb128 0x38
 1157 0058 0B       		.uleb128 0xb
 1158 0059 00       		.byte	0
 1159 005a 00       		.byte	0
 1160 005b 08       		.uleb128 0x8
 1161 005c 04       		.uleb128 0x4
 1162 005d 01       		.byte	0x1
 1163 005e 0B       		.uleb128 0xb
 1164 005f 0B       		.uleb128 0xb
 1165 0060 49       		.uleb128 0x49
 1166 0061 13       		.uleb128 0x13
 1167 0062 3A       		.uleb128 0x3a
 1168 0063 0B       		.uleb128 0xb
 1169 0064 3B       		.uleb128 0x3b
 1170 0065 05       		.uleb128 0x5
 1171 0066 01       		.uleb128 0x1
 1172 0067 13       		.uleb128 0x13
 1173 0068 00       		.byte	0
 1174 0069 00       		.byte	0
 1175 006a 09       		.uleb128 0x9
 1176 006b 28       		.uleb128 0x28
 1177 006c 00       		.byte	0
 1178 006d 03       		.uleb128 0x3
 1179 006e 0E       		.uleb128 0xe
 1180 006f 1C       		.uleb128 0x1c
 1181 0070 0B       		.uleb128 0xb
 1182 0071 00       		.byte	0
 1183 0072 00       		.byte	0
 1184 0073 0A       		.uleb128 0xa
 1185 0074 0F       		.uleb128 0xf
 1186 0075 00       		.byte	0
 1187 0076 0B       		.uleb128 0xb
 1188 0077 0B       		.uleb128 0xb
 1189 0078 49       		.uleb128 0x49
 1190 0079 13       		.uleb128 0x13
 1191 007a 00       		.byte	0
 1192 007b 00       		.byte	0
 1193 007c 0B       		.uleb128 0xb
 1194 007d 04       		.uleb128 0x4
 1195 007e 01       		.byte	0x1
 1196 007f 0B       		.uleb128 0xb
 1197 0080 0B       		.uleb128 0xb
 1198 0081 49       		.uleb128 0x49
 1199 0082 13       		.uleb128 0x13
 1200 0083 3A       		.uleb128 0x3a
ARM GAS  C:\Users\User\AppData\Local\Temp\ccj0HfO2.s 			page 25


 1201 0084 0B       		.uleb128 0xb
 1202 0085 3B       		.uleb128 0x3b
 1203 0086 0B       		.uleb128 0xb
 1204 0087 01       		.uleb128 0x1
 1205 0088 13       		.uleb128 0x13
 1206 0089 00       		.byte	0
 1207 008a 00       		.byte	0
 1208 008b 0C       		.uleb128 0xc
 1209 008c 2E       		.uleb128 0x2e
 1210 008d 00       		.byte	0
 1211 008e 3F       		.uleb128 0x3f
 1212 008f 19       		.uleb128 0x19
 1213 0090 03       		.uleb128 0x3
 1214 0091 0E       		.uleb128 0xe
 1215 0092 3A       		.uleb128 0x3a
 1216 0093 0B       		.uleb128 0xb
 1217 0094 3B       		.uleb128 0x3b
 1218 0095 0B       		.uleb128 0xb
 1219 0096 27       		.uleb128 0x27
 1220 0097 19       		.uleb128 0x19
 1221 0098 11       		.uleb128 0x11
 1222 0099 01       		.uleb128 0x1
 1223 009a 12       		.uleb128 0x12
 1224 009b 06       		.uleb128 0x6
 1225 009c 40       		.uleb128 0x40
 1226 009d 18       		.uleb128 0x18
 1227 009e 9742     		.uleb128 0x2117
 1228 00a0 19       		.uleb128 0x19
 1229 00a1 00       		.byte	0
 1230 00a2 00       		.byte	0
 1231 00a3 0D       		.uleb128 0xd
 1232 00a4 2E       		.uleb128 0x2e
 1233 00a5 01       		.byte	0x1
 1234 00a6 3F       		.uleb128 0x3f
 1235 00a7 19       		.uleb128 0x19
 1236 00a8 03       		.uleb128 0x3
 1237 00a9 0E       		.uleb128 0xe
 1238 00aa 3A       		.uleb128 0x3a
 1239 00ab 0B       		.uleb128 0xb
 1240 00ac 3B       		.uleb128 0x3b
 1241 00ad 0B       		.uleb128 0xb
 1242 00ae 27       		.uleb128 0x27
 1243 00af 19       		.uleb128 0x19
 1244 00b0 49       		.uleb128 0x49
 1245 00b1 13       		.uleb128 0x13
 1246 00b2 11       		.uleb128 0x11
 1247 00b3 01       		.uleb128 0x1
 1248 00b4 12       		.uleb128 0x12
 1249 00b5 06       		.uleb128 0x6
 1250 00b6 40       		.uleb128 0x40
 1251 00b7 18       		.uleb128 0x18
 1252 00b8 9642     		.uleb128 0x2116
 1253 00ba 19       		.uleb128 0x19
 1254 00bb 01       		.uleb128 0x1
 1255 00bc 13       		.uleb128 0x13
 1256 00bd 00       		.byte	0
 1257 00be 00       		.byte	0
ARM GAS  C:\Users\User\AppData\Local\Temp\ccj0HfO2.s 			page 26


 1258 00bf 0E       		.uleb128 0xe
 1259 00c0 05       		.uleb128 0x5
 1260 00c1 00       		.byte	0
 1261 00c2 03       		.uleb128 0x3
 1262 00c3 0E       		.uleb128 0xe
 1263 00c4 3A       		.uleb128 0x3a
 1264 00c5 0B       		.uleb128 0xb
 1265 00c6 3B       		.uleb128 0x3b
 1266 00c7 0B       		.uleb128 0xb
 1267 00c8 49       		.uleb128 0x49
 1268 00c9 13       		.uleb128 0x13
 1269 00ca 02       		.uleb128 0x2
 1270 00cb 18       		.uleb128 0x18
 1271 00cc 00       		.byte	0
 1272 00cd 00       		.byte	0
 1273 00ce 0F       		.uleb128 0xf
 1274 00cf 34       		.uleb128 0x34
 1275 00d0 00       		.byte	0
 1276 00d1 03       		.uleb128 0x3
 1277 00d2 0E       		.uleb128 0xe
 1278 00d3 3A       		.uleb128 0x3a
 1279 00d4 0B       		.uleb128 0xb
 1280 00d5 3B       		.uleb128 0x3b
 1281 00d6 0B       		.uleb128 0xb
 1282 00d7 49       		.uleb128 0x49
 1283 00d8 13       		.uleb128 0x13
 1284 00d9 02       		.uleb128 0x2
 1285 00da 18       		.uleb128 0x18
 1286 00db 00       		.byte	0
 1287 00dc 00       		.byte	0
 1288 00dd 10       		.uleb128 0x10
 1289 00de 0B       		.uleb128 0xb
 1290 00df 01       		.byte	0x1
 1291 00e0 11       		.uleb128 0x11
 1292 00e1 01       		.uleb128 0x1
 1293 00e2 12       		.uleb128 0x12
 1294 00e3 06       		.uleb128 0x6
 1295 00e4 00       		.byte	0
 1296 00e5 00       		.byte	0
 1297 00e6 11       		.uleb128 0x11
 1298 00e7 34       		.uleb128 0x34
 1299 00e8 00       		.byte	0
 1300 00e9 03       		.uleb128 0x3
 1301 00ea 08       		.uleb128 0x8
 1302 00eb 3A       		.uleb128 0x3a
 1303 00ec 0B       		.uleb128 0xb
 1304 00ed 3B       		.uleb128 0x3b
 1305 00ee 0B       		.uleb128 0xb
 1306 00ef 49       		.uleb128 0x49
 1307 00f0 13       		.uleb128 0x13
 1308 00f1 02       		.uleb128 0x2
 1309 00f2 18       		.uleb128 0x18
 1310 00f3 00       		.byte	0
 1311 00f4 00       		.byte	0
 1312 00f5 12       		.uleb128 0x12
 1313 00f6 2E       		.uleb128 0x2e
 1314 00f7 01       		.byte	0x1
ARM GAS  C:\Users\User\AppData\Local\Temp\ccj0HfO2.s 			page 27


 1315 00f8 3F       		.uleb128 0x3f
 1316 00f9 19       		.uleb128 0x19
 1317 00fa 03       		.uleb128 0x3
 1318 00fb 0E       		.uleb128 0xe
 1319 00fc 3A       		.uleb128 0x3a
 1320 00fd 0B       		.uleb128 0xb
 1321 00fe 3B       		.uleb128 0x3b
 1322 00ff 0B       		.uleb128 0xb
 1323 0100 27       		.uleb128 0x27
 1324 0101 19       		.uleb128 0x19
 1325 0102 11       		.uleb128 0x11
 1326 0103 01       		.uleb128 0x1
 1327 0104 12       		.uleb128 0x12
 1328 0105 06       		.uleb128 0x6
 1329 0106 40       		.uleb128 0x40
 1330 0107 18       		.uleb128 0x18
 1331 0108 9642     		.uleb128 0x2116
 1332 010a 19       		.uleb128 0x19
 1333 010b 01       		.uleb128 0x1
 1334 010c 13       		.uleb128 0x13
 1335 010d 00       		.byte	0
 1336 010e 00       		.byte	0
 1337 010f 13       		.uleb128 0x13
 1338 0110 01       		.uleb128 0x1
 1339 0111 01       		.byte	0x1
 1340 0112 49       		.uleb128 0x49
 1341 0113 13       		.uleb128 0x13
 1342 0114 01       		.uleb128 0x1
 1343 0115 13       		.uleb128 0x13
 1344 0116 00       		.byte	0
 1345 0117 00       		.byte	0
 1346 0118 14       		.uleb128 0x14
 1347 0119 21       		.uleb128 0x21
 1348 011a 00       		.byte	0
 1349 011b 49       		.uleb128 0x49
 1350 011c 13       		.uleb128 0x13
 1351 011d 2F       		.uleb128 0x2f
 1352 011e 0B       		.uleb128 0xb
 1353 011f 00       		.byte	0
 1354 0120 00       		.byte	0
 1355 0121 15       		.uleb128 0x15
 1356 0122 34       		.uleb128 0x34
 1357 0123 00       		.byte	0
 1358 0124 03       		.uleb128 0x3
 1359 0125 0E       		.uleb128 0xe
 1360 0126 3A       		.uleb128 0x3a
 1361 0127 0B       		.uleb128 0xb
 1362 0128 3B       		.uleb128 0x3b
 1363 0129 0B       		.uleb128 0xb
 1364 012a 49       		.uleb128 0x49
 1365 012b 13       		.uleb128 0x13
 1366 012c 3F       		.uleb128 0x3f
 1367 012d 19       		.uleb128 0x19
 1368 012e 02       		.uleb128 0x2
 1369 012f 18       		.uleb128 0x18
 1370 0130 00       		.byte	0
 1371 0131 00       		.byte	0
ARM GAS  C:\Users\User\AppData\Local\Temp\ccj0HfO2.s 			page 28


 1372 0132 00       		.byte	0
 1373              		.section	.debug_aranges,"",%progbits
 1374 0000 44000000 		.4byte	0x44
 1375 0004 0200     		.2byte	0x2
 1376 0006 00000000 		.4byte	.Ldebug_info0
 1377 000a 04       		.byte	0x4
 1378 000b 00       		.byte	0
 1379 000c 0000     		.2byte	0
 1380 000e 0000     		.2byte	0
 1381 0010 00000000 		.4byte	.LFB36
 1382 0014 14000000 		.4byte	.LFE36-.LFB36
 1383 0018 00000000 		.4byte	.LFB37
 1384 001c 46000000 		.4byte	.LFE37-.LFB37
 1385 0020 00000000 		.4byte	.LFB38
 1386 0024 50000000 		.4byte	.LFE38-.LFB38
 1387 0028 00000000 		.4byte	.LFB39
 1388 002c 1A000000 		.4byte	.LFE39-.LFB39
 1389 0030 00000000 		.4byte	.LFB40
 1390 0034 60000000 		.4byte	.LFE40-.LFB40
 1391 0038 00000000 		.4byte	.LFB41
 1392 003c A8000000 		.4byte	.LFE41-.LFB41
 1393 0040 00000000 		.4byte	0
 1394 0044 00000000 		.4byte	0
 1395              		.section	.debug_ranges,"",%progbits
 1396              	.Ldebug_ranges0:
 1397 0000 00000000 		.4byte	.LFB36
 1398 0004 14000000 		.4byte	.LFE36
 1399 0008 00000000 		.4byte	.LFB37
 1400 000c 46000000 		.4byte	.LFE37
 1401 0010 00000000 		.4byte	.LFB38
 1402 0014 50000000 		.4byte	.LFE38
 1403 0018 00000000 		.4byte	.LFB39
 1404 001c 1A000000 		.4byte	.LFE39
 1405 0020 00000000 		.4byte	.LFB40
 1406 0024 60000000 		.4byte	.LFE40
 1407 0028 00000000 		.4byte	.LFB41
 1408 002c A8000000 		.4byte	.LFE41
 1409 0030 00000000 		.4byte	0
 1410 0034 00000000 		.4byte	0
 1411              		.section	.debug_line,"",%progbits
 1412              	.Ldebug_line0:
 1413 0000 4E010000 		.section	.debug_str,"MS",%progbits,1
 1413      02009800 
 1413      00000201 
 1413      FB0E0D00 
 1413      01010101 
 1414              	.LASF27:
 1415 0000 4359424C 		.ascii	"CYBLE_EVT_GAP_PASSKEY_ENTRY_REQUEST\000"
 1415      455F4556 
 1415      545F4741 
 1415      505F5041 
 1415      53534B45 
 1416              	.LASF97:
 1417 0024 4359424C 		.ascii	"CYBLE_HTS_DESCR_COUNT\000"
 1417      455F4854 
 1417      535F4445 
 1417      5343525F 
ARM GAS  C:\Users\User\AppData\Local\Temp\ccj0HfO2.s 			page 29


 1417      434F554E 
 1418              	.LASF24:
 1419 003a 4359424C 		.ascii	"CYBLE_EVT_MEMORY_REQUEST\000"
 1419      455F4556 
 1419      545F4D45 
 1419      4D4F5259 
 1419      5F524551 
 1420              	.LASF119:
 1421 0053 6973725F 		.ascii	"isr_Timer\000"
 1421      54696D65 
 1421      7200
 1422              	.LASF2:
 1423 005d 73686F72 		.ascii	"short int\000"
 1423      7420696E 
 1423      7400
 1424              	.LASF30:
 1425 0067 4359424C 		.ascii	"CYBLE_EVT_GAP_AUTH_FAILED\000"
 1425      455F4556 
 1425      545F4741 
 1425      505F4155 
 1425      54485F46 
 1426              	.LASF100:
 1427 0081 4359424C 		.ascii	"CYBLE_SRVI_CUSTOMS\000"
 1427      455F5352 
 1427      56495F43 
 1427      5553544F 
 1427      4D5300
 1428              	.LASF31:
 1429 0094 4359424C 		.ascii	"CYBLE_EVT_GAPP_ADVERTISEMENT_START_STOP\000"
 1429      455F4556 
 1429      545F4741 
 1429      50505F41 
 1429      44564552 
 1430              	.LASF41:
 1431 00bc 4359424C 		.ascii	"CYBLE_EVT_GAP_DATA_LENGTH_CHANGE\000"
 1431      455F4556 
 1431      545F4741 
 1431      505F4441 
 1431      54415F4C 
 1432              	.LASF88:
 1433 00dd 4359424C 		.ascii	"CYBLE_EVT_FLASH_CORRUPT\000"
 1433      455F4556 
 1433      545F464C 
 1433      4153485F 
 1433      434F5252 
 1434              	.LASF38:
 1435 00f5 4359424C 		.ascii	"CYBLE_EVT_GAP_NUMERIC_COMPARISON_REQUEST\000"
 1435      455F4556 
 1435      545F4741 
 1435      505F4E55 
 1435      4D455249 
 1436              	.LASF90:
 1437 011e 4359424C 		.ascii	"CYBLE_HTS_TEMP_MEASURE\000"
 1437      455F4854 
 1437      535F5445 
 1437      4D505F4D 
 1437      45415355 
ARM GAS  C:\Users\User\AppData\Local\Temp\ccj0HfO2.s 			page 30


 1438              	.LASF49:
 1439 0135 4359424C 		.ascii	"CYBLE_EVT_GATTC_ERROR_RSP\000"
 1439      455F4556 
 1439      545F4741 
 1439      5454435F 
 1439      4552524F 
 1440              	.LASF114:
 1441 014f 4F6E6557 		.ascii	"OneWire_DataReady\000"
 1441      6972655F 
 1441      44617461 
 1441      52656164 
 1441      7900
 1442              	.LASF116:
 1443 0161 54656D70 		.ascii	"Temperature.c\000"
 1443      65726174 
 1443      7572652E 
 1443      6300
 1444              	.LASF22:
 1445 016f 4359424C 		.ascii	"CYBLE_EVT_HCI_STATUS\000"
 1445      455F4556 
 1445      545F4843 
 1445      495F5354 
 1445      41545553 
 1446              	.LASF55:
 1447 0184 4359424C 		.ascii	"CYBLE_EVT_GATTC_READ_BY_TYPE_RSP\000"
 1447      455F4556 
 1447      545F4741 
 1447      5454435F 
 1447      52454144 
 1448              	.LASF19:
 1449 01a5 4359424C 		.ascii	"CYBLE_EVT_STACK_ON\000"
 1449      455F4556 
 1449      545F5354 
 1449      41434B5F 
 1449      4F4E00
 1450              	.LASF106:
 1451 01b8 50726F63 		.ascii	"ProcessTemperature\000"
 1451      65737354 
 1451      656D7065 
 1451      72617475 
 1451      726500
 1452              	.LASF5:
 1453 01cb 6C6F6E67 		.ascii	"long unsigned int\000"
 1453      20756E73 
 1453      69676E65 
 1453      6420696E 
 1453      7400
 1454              	.LASF52:
 1455 01dd 4359424C 		.ascii	"CYBLE_EVT_GATTS_XCNHG_MTU_REQ\000"
 1455      455F4556 
 1455      545F4741 
 1455      5454535F 
 1455      58434E48 
 1456              	.LASF10:
 1457 01fb 75696E74 		.ascii	"uint16\000"
 1457      313600
 1458              	.LASF9:
ARM GAS  C:\Users\User\AppData\Local\Temp\ccj0HfO2.s 			page 31


 1459 0202 75696E74 		.ascii	"uint8\000"
 1459      3800
 1460              	.LASF69:
 1461 0208 4359424C 		.ascii	"CYBLE_EVT_GATTS_HANDLE_VALUE_CNF\000"
 1461      455F4556 
 1461      545F4741 
 1461      5454535F 
 1461      48414E44 
 1462              	.LASF18:
 1463 0229 4359424C 		.ascii	"CYBLE_EVT_HOST_INVALID\000"
 1463      455F4556 
 1463      545F484F 
 1463      53545F49 
 1463      4E56414C 
 1464              	.LASF103:
 1465 0240 4359424C 		.ascii	"CYBLE_SRVI_COUNT\000"
 1465      455F5352 
 1465      56495F43 
 1465      4F554E54 
 1465      00
 1466              	.LASF109:
 1467 0251 7374724D 		.ascii	"strMsg\000"
 1467      736700
 1468              	.LASF96:
 1469 0258 4359424C 		.ascii	"CYBLE_HTS_VRD\000"
 1469      455F4854 
 1469      535F5652 
 1469      4400
 1470              	.LASF80:
 1471 0266 4359424C 		.ascii	"CYBLE_EVT_L2CAP_CBFC_DISCONN_CNF\000"
 1471      455F4556 
 1471      545F4C32 
 1471      4341505F 
 1471      43424643 
 1472              	.LASF0:
 1473 0287 7369676E 		.ascii	"signed char\000"
 1473      65642063 
 1473      68617200 
 1474              	.LASF11:
 1475 0293 666C6F61 		.ascii	"float\000"
 1475      7400
 1476              	.LASF58:
 1477 0299 4359424C 		.ascii	"CYBLE_EVT_GATTC_READ_RSP\000"
 1477      455F4556 
 1477      545F4741 
 1477      5454435F 
 1477      52454144 
 1478              	.LASF62:
 1479 02b2 4359424C 		.ascii	"CYBLE_EVT_GATTC_WRITE_RSP\000"
 1479      455F4556 
 1479      545F4741 
 1479      5454435F 
 1479      57524954 
 1480              	.LASF43:
 1481 02cc 4359424C 		.ascii	"CYBLE_EVT_GAPC_DIRECT_ADV_REPORT\000"
 1481      455F4556 
 1481      545F4741 
ARM GAS  C:\Users\User\AppData\Local\Temp\ccj0HfO2.s 			page 32


 1481      50435F44 
 1481      49524543 
 1482              	.LASF7:
 1483 02ed 6C6F6E67 		.ascii	"long long unsigned int\000"
 1483      206C6F6E 
 1483      6720756E 
 1483      7369676E 
 1483      65642069 
 1484              	.LASF117:
 1485 0304 433A5C55 		.ascii	"C:\\Users\\User\\Desktop\\Hi\\Demo1\\TM_Mesh_System"
 1485      73657273 
 1485      5C557365 
 1485      725C4465 
 1485      736B746F 
 1486 0331 2E637964 		.ascii	".cydsn\000"
 1486      736E00
 1487              	.LASF4:
 1488 0338 6C6F6E67 		.ascii	"long int\000"
 1488      20696E74 
 1488      00
 1489              	.LASF68:
 1490 0341 4359424C 		.ascii	"CYBLE_EVT_GATTC_HANDLE_VALUE_IND\000"
 1490      455F4556 
 1490      545F4741 
 1490      5454435F 
 1490      48414E44 
 1491              	.LASF17:
 1492 0362 73697A65 		.ascii	"sizetype\000"
 1492      74797065 
 1492      00
 1493              	.LASF99:
 1494 036b 4359424C 		.ascii	"CYBLE_SRVI_GATT\000"
 1494      455F5352 
 1494      56495F47 
 1494      41545400 
 1495              	.LASF32:
 1496 037b 4359424C 		.ascii	"CYBLE_EVT_GAP_DEVICE_CONNECTED\000"
 1496      455F4556 
 1496      545F4741 
 1496      505F4445 
 1496      56494345 
 1497              	.LASF101:
 1498 039a 4359424C 		.ascii	"CYBLE_SRVI_CUSTOMS_END\000"
 1498      455F5352 
 1498      56495F43 
 1498      5553544F 
 1498      4D535F45 
 1499              	.LASF67:
 1500 03b1 4359424C 		.ascii	"CYBLE_EVT_GATTC_HANDLE_VALUE_NTF\000"
 1500      455F4556 
 1500      545F4741 
 1500      5454435F 
 1500      48414E44 
 1501              	.LASF23:
 1502 03d2 4359424C 		.ascii	"CYBLE_EVT_STACK_BUSY_STATUS\000"
 1502      455F4556 
 1502      545F5354 
ARM GAS  C:\Users\User\AppData\Local\Temp\ccj0HfO2.s 			page 33


 1502      41434B5F 
 1502      42555359 
 1503              	.LASF110:
 1504 03ee 53656E64 		.ascii	"SendTemperarureToUart\000"
 1504      54656D70 
 1504      65726172 
 1504      75726554 
 1504      6F556172 
 1505              	.LASF28:
 1506 0404 4359424C 		.ascii	"CYBLE_EVT_GAP_PASSKEY_DISPLAY_REQUEST\000"
 1506      455F4556 
 1506      545F4741 
 1506      505F5041 
 1506      53534B45 
 1507              	.LASF115:
 1508 042a 474E5520 		.ascii	"GNU C11 5.4.1 20160609 (release) [ARM/embedded-5-br"
 1508      43313120 
 1508      352E342E 
 1508      31203230 
 1508      31363036 
 1509 045d 616E6368 		.ascii	"anch revision 237715] -mcpu=cortex-m0 -mthumb -g -O"
 1509      20726576 
 1509      6973696F 
 1509      6E203233 
 1509      37373135 
 1510 0490 30202D66 		.ascii	"0 -ffunction-sections -ffat-lto-objects\000"
 1510      66756E63 
 1510      74696F6E 
 1510      2D736563 
 1510      74696F6E 
 1511              	.LASF84:
 1512 04b8 4359424C 		.ascii	"CYBLE_EVT_L2CAP_CBFC_DATA_WRITE_IND\000"
 1512      455F4556 
 1512      545F4C32 
 1512      4341505F 
 1512      43424643 
 1513              	.LASF47:
 1514 04dc 4359424C 		.ascii	"CYBLE_EVT_GAP_AUTH_REQ_REPLY_ERR\000"
 1514      455F4556 
 1514      545F4741 
 1514      505F4155 
 1514      54485F52 
 1515              	.LASF78:
 1516 04fd 4359424C 		.ascii	"CYBLE_EVT_L2CAP_CBFC_CONN_CNF\000"
 1516      455F4556 
 1516      545F4C32 
 1516      4341505F 
 1516      43424643 
 1517              	.LASF48:
 1518 051b 4359424C 		.ascii	"CYBLE_EVT_GAP_SMP_LOC_P256_KEYS_GEN_AND_SET_COMPLET"
 1518      455F4556 
 1518      545F4741 
 1518      505F534D 
 1518      505F4C4F 
 1519 054e 4500     		.ascii	"E\000"
 1520              	.LASF16:
 1521 0550 6C6F6E67 		.ascii	"long double\000"
ARM GAS  C:\Users\User\AppData\Local\Temp\ccj0HfO2.s 			page 34


 1521      20646F75 
 1521      626C6500 
 1522              	.LASF74:
 1523 055c 4359424C 		.ascii	"CYBLE_EVT_L2CAP_CONN_PARAM_UPDATE_REQ\000"
 1523      455F4556 
 1523      545F4C32 
 1523      4341505F 
 1523      434F4E4E 
 1524              	.LASF1:
 1525 0582 756E7369 		.ascii	"unsigned char\000"
 1525      676E6564 
 1525      20636861 
 1525      7200
 1526              	.LASF64:
 1527 0590 4359424C 		.ascii	"CYBLE_EVT_GATTS_PREP_WRITE_REQ\000"
 1527      455F4556 
 1527      545F4741 
 1527      5454535F 
 1527      50524550 
 1528              	.LASF111:
 1529 05af 53656E64 		.ascii	"SendTempArrayToUart\000"
 1529      54656D70 
 1529      41727261 
 1529      79546F55 
 1529      61727400 
 1530              	.LASF86:
 1531 05c3 4359424C 		.ascii	"CYBLE_EVT_LE_PING_AUTH_TIMEOUT\000"
 1531      455F4556 
 1531      545F4C45 
 1531      5F50494E 
 1531      475F4155 
 1532              	.LASF56:
 1533 05e2 4359424C 		.ascii	"CYBLE_EVT_GATTC_FIND_INFO_RSP\000"
 1533      455F4556 
 1533      545F4741 
 1533      5454435F 
 1533      46494E44 
 1534              	.LASF93:
 1535 0600 4359424C 		.ascii	"CYBLE_HTS_MEASURE_INTERVAL\000"
 1535      455F4854 
 1535      535F4D45 
 1535      41535552 
 1535      455F494E 
 1536              	.LASF39:
 1537 061b 4359424C 		.ascii	"CYBLE_EVT_GAP_KEYPRESS_NOTIFICATION\000"
 1537      455F4556 
 1537      545F4741 
 1537      505F4B45 
 1537      59505245 
 1538              	.LASF57:
 1539 063f 4359424C 		.ascii	"CYBLE_EVT_GATTC_FIND_BY_TYPE_VALUE_RSP\000"
 1539      455F4556 
 1539      545F4741 
 1539      5454435F 
 1539      46494E44 
 1540              	.LASF29:
 1541 0666 4359424C 		.ascii	"CYBLE_EVT_GAP_AUTH_COMPLETE\000"
ARM GAS  C:\Users\User\AppData\Local\Temp\ccj0HfO2.s 			page 35


 1541      455F4556 
 1541      545F4741 
 1541      505F4155 
 1541      54485F43 
 1542              	.LASF61:
 1543 0682 4359424C 		.ascii	"CYBLE_EVT_GATTS_WRITE_REQ\000"
 1543      455F4556 
 1543      545F4741 
 1543      5454535F 
 1543      57524954 
 1544              	.LASF50:
 1545 069c 4359424C 		.ascii	"CYBLE_EVT_GATT_CONNECT_IND\000"
 1545      455F4556 
 1545      545F4741 
 1545      54545F43 
 1545      4F4E4E45 
 1546              	.LASF89:
 1547 06b7 4359424C 		.ascii	"CYBLE_EVT_MAX\000"
 1547      455F4556 
 1547      545F4D41 
 1547      5800
 1548              	.LASF26:
 1549 06c5 4359424C 		.ascii	"CYBLE_EVT_GAP_AUTH_REQ\000"
 1549      455F4556 
 1549      545F4741 
 1549      505F4155 
 1549      54485F52 
 1550              	.LASF54:
 1551 06dc 4359424C 		.ascii	"CYBLE_EVT_GATTC_READ_BY_GROUP_TYPE_RSP\000"
 1551      455F4556 
 1551      545F4741 
 1551      5454435F 
 1551      52454144 
 1552              	.LASF79:
 1553 0703 4359424C 		.ascii	"CYBLE_EVT_L2CAP_CBFC_DISCONN_IND\000"
 1553      455F4556 
 1553      545F4C32 
 1553      4341505F 
 1553      43424643 
 1554              	.LASF34:
 1555 0724 4359424C 		.ascii	"CYBLE_EVT_GAP_ENCRYPT_CHANGE\000"
 1555      455F4556 
 1555      545F4741 
 1555      505F454E 
 1555      43525950 
 1556              	.LASF45:
 1557 0741 4359424C 		.ascii	"CYBLE_EVT_GAP_CONN_ESTB\000"
 1557      455F4556 
 1557      545F4741 
 1557      505F434F 
 1557      4E4E5F45 
 1558              	.LASF73:
 1559 0759 4359424C 		.ascii	"CYBLE_EVT_GATTC_LONG_PROCEDURE_END\000"
 1559      455F4556 
 1559      545F4741 
 1559      5454435F 
 1559      4C4F4E47 
ARM GAS  C:\Users\User\AppData\Local\Temp\ccj0HfO2.s 			page 36


 1560              	.LASF3:
 1561 077c 73686F72 		.ascii	"short unsigned int\000"
 1561      7420756E 
 1561      7369676E 
 1561      65642069 
 1561      6E7400
 1562              	.LASF107:
 1563 078f 666C6167 		.ascii	"flag_Timer\000"
 1563      5F54696D 
 1563      657200
 1564              	.LASF35:
 1565 079a 4359424C 		.ascii	"CYBLE_EVT_GAP_CONNECTION_UPDATE_COMPLETE\000"
 1565      455F4556 
 1565      545F4741 
 1565      505F434F 
 1565      4E4E4543 
 1566              	.LASF44:
 1567 07c3 4359424C 		.ascii	"CYBLE_EVT_GAP_SMP_NEGOTIATED_AUTH_INFO\000"
 1567      455F4556 
 1567      545F4741 
 1567      505F534D 
 1567      505F4E45 
 1568              	.LASF118:
 1569 07ea 4F6E6557 		.ascii	"OneWire_TSensor\000"
 1569      6972655F 
 1569      5453656E 
 1569      736F7200 
 1570              	.LASF113:
 1571 07fa 4F6E6557 		.ascii	"OneWire_Sensor\000"
 1571      6972655F 
 1571      53656E73 
 1571      6F7200
 1572              	.LASF13:
 1573 0809 63686172 		.ascii	"char\000"
 1573      00
 1574              	.LASF92:
 1575 080e 4359424C 		.ascii	"CYBLE_HTS_INTERM_TEMP\000"
 1575      455F4854 
 1575      535F494E 
 1575      5445524D 
 1575      5F54454D 
 1576              	.LASF94:
 1577 0824 4359424C 		.ascii	"CYBLE_HTS_CHAR_COUNT\000"
 1577      455F4854 
 1577      535F4348 
 1577      41525F43 
 1577      4F554E54 
 1578              	.LASF76:
 1579 0839 4359424C 		.ascii	"CYBLE_EVT_L2CAP_COMMAND_REJ\000"
 1579      455F4556 
 1579      545F4C32 
 1579      4341505F 
 1579      434F4D4D 
 1580              	.LASF102:
 1581 0855 4359424C 		.ascii	"CYBLE_SRVI_HTS\000"
 1581      455F5352 
 1581      56495F48 
ARM GAS  C:\Users\User\AppData\Local\Temp\ccj0HfO2.s 			page 37


 1581      545300
 1582              	.LASF59:
 1583 0864 4359424C 		.ascii	"CYBLE_EVT_GATTC_READ_BLOB_RSP\000"
 1583      455F4556 
 1583      545F4741 
 1583      5454435F 
 1583      52454144 
 1584              	.LASF98:
 1585 0882 4359424C 		.ascii	"CYBLE_SRVI_GAP\000"
 1585      455F5352 
 1585      56495F47 
 1585      415000
 1586              	.LASF66:
 1587 0891 4359424C 		.ascii	"CYBLE_EVT_GATTC_EXEC_WRITE_RSP\000"
 1587      455F4556 
 1587      545F4741 
 1587      5454435F 
 1587      45584543 
 1588              	.LASF36:
 1589 08b0 4359424C 		.ascii	"CYBLE_EVT_GAPC_SCAN_START_STOP\000"
 1589      455F4556 
 1589      545F4741 
 1589      50435F53 
 1589      43414E5F 
 1590              	.LASF85:
 1591 08cf 4359424C 		.ascii	"CYBLE_EVT_PENDING_FLASH_WRITE\000"
 1591      455F4556 
 1591      545F5045 
 1591      4E44494E 
 1591      475F464C 
 1592              	.LASF77:
 1593 08ed 4359424C 		.ascii	"CYBLE_EVT_L2CAP_CBFC_CONN_IND\000"
 1593      455F4556 
 1593      545F4C32 
 1593      4341505F 
 1593      43424643 
 1594              	.LASF42:
 1595 090b 4359424C 		.ascii	"CYBLE_EVT_GAP_ENHANCE_CONN_COMPLETE\000"
 1595      455F4556 
 1595      545F4741 
 1595      505F454E 
 1595      48414E43 
 1596              	.LASF12:
 1597 092f 646F7562 		.ascii	"double\000"
 1597      6C6500
 1598              	.LASF112:
 1599 0936 61727261 		.ascii	"array\000"
 1599      7900
 1600              	.LASF83:
 1601 093c 4359424C 		.ascii	"CYBLE_EVT_L2CAP_CBFC_TX_CREDIT_IND\000"
 1601      455F4556 
 1601      545F4C32 
 1601      4341505F 
 1601      43424643 
 1602              	.LASF46:
 1603 095f 4359424C 		.ascii	"CYBLE_EVT_GAP_SCAN_REQ_RECVD\000"
 1603      455F4556 
ARM GAS  C:\Users\User\AppData\Local\Temp\ccj0HfO2.s 			page 38


 1603      545F4741 
 1603      505F5343 
 1603      414E5F52 
 1604              	.LASF6:
 1605 097c 6C6F6E67 		.ascii	"long long int\000"
 1605      206C6F6E 
 1605      6720696E 
 1605      7400
 1606              	.LASF104:
 1607 098a 74656D70 		.ascii	"temperature\000"
 1607      65726174 
 1607      75726500 
 1608              	.LASF21:
 1609 0996 4359424C 		.ascii	"CYBLE_EVT_HARDWARE_ERROR\000"
 1609      455F4556 
 1609      545F4841 
 1609      52445741 
 1609      52455F45 
 1610              	.LASF81:
 1611 09af 4359424C 		.ascii	"CYBLE_EVT_L2CAP_CBFC_DATA_READ\000"
 1611      455F4556 
 1611      545F4C32 
 1611      4341505F 
 1611      43424643 
 1612              	.LASF75:
 1613 09ce 4359424C 		.ascii	"CYBLE_EVT_L2CAP_CONN_PARAM_UPDATE_RSP\000"
 1613      455F4556 
 1613      545F4C32 
 1613      4341505F 
 1613      434F4E4E 
 1614              	.LASF25:
 1615 09f4 4359424C 		.ascii	"CYBLE_EVT_GAPC_SCAN_PROGRESS_RESULT\000"
 1615      455F4556 
 1615      545F4741 
 1615      50435F53 
 1615      43414E5F 
 1616              	.LASF82:
 1617 0a18 4359424C 		.ascii	"CYBLE_EVT_L2CAP_CBFC_RX_CREDIT_IND\000"
 1617      455F4556 
 1617      545F4C32 
 1617      4341505F 
 1617      43424643 
 1618              	.LASF108:
 1619 0a3b 5265706F 		.ascii	"ReportTemperature\000"
 1619      72745465 
 1619      6D706572 
 1619      61747572 
 1619      6500
 1620              	.LASF15:
 1621 0a4d 70726573 		.ascii	"present\000"
 1621      656E7400 
 1622              	.LASF91:
 1623 0a55 4359424C 		.ascii	"CYBLE_HTS_TEMP_TYPE\000"
 1623      455F4854 
 1623      535F5445 
 1623      4D505F54 
 1623      59504500 
ARM GAS  C:\Users\User\AppData\Local\Temp\ccj0HfO2.s 			page 39


 1624              	.LASF51:
 1625 0a69 4359424C 		.ascii	"CYBLE_EVT_GATT_DISCONNECT_IND\000"
 1625      455F4556 
 1625      545F4741 
 1625      54545F44 
 1625      4953434F 
 1626              	.LASF63:
 1627 0a87 4359424C 		.ascii	"CYBLE_EVT_GATTS_WRITE_CMD_REQ\000"
 1627      455F4556 
 1627      545F4741 
 1627      5454535F 
 1627      57524954 
 1628              	.LASF53:
 1629 0aa5 4359424C 		.ascii	"CYBLE_EVT_GATTC_XCHNG_MTU_RSP\000"
 1629      455F4556 
 1629      545F4741 
 1629      5454435F 
 1629      5843484E 
 1630              	.LASF60:
 1631 0ac3 4359424C 		.ascii	"CYBLE_EVT_GATTC_READ_MULTI_RSP\000"
 1631      455F4556 
 1631      545F4741 
 1631      5454435F 
 1631      52454144 
 1632              	.LASF14:
 1633 0ae2 54656D70 		.ascii	"Temperature\000"
 1633      65726174 
 1633      75726500 
 1634              	.LASF20:
 1635 0aee 4359424C 		.ascii	"CYBLE_EVT_TIMEOUT\000"
 1635      455F4556 
 1635      545F5449 
 1635      4D454F55 
 1635      5400
 1636              	.LASF105:
 1637 0b00 47657454 		.ascii	"GetTemperature\000"
 1637      656D7065 
 1637      72617475 
 1637      726500
 1638              	.LASF72:
 1639 0b0f 4359424C 		.ascii	"CYBLE_EVT_GATTS_READ_CHAR_VAL_ACCESS_REQ\000"
 1639      455F4556 
 1639      545F4741 
 1639      5454535F 
 1639      52454144 
 1640              	.LASF71:
 1641 0b38 4359424C 		.ascii	"CYBLE_EVT_GATTC_STOP_CMD_COMPLETE\000"
 1641      455F4556 
 1641      545F4741 
 1641      5454435F 
 1641      53544F50 
 1642              	.LASF8:
 1643 0b5a 756E7369 		.ascii	"unsigned int\000"
 1643      676E6564 
 1643      20696E74 
 1643      00
 1644              	.LASF65:
ARM GAS  C:\Users\User\AppData\Local\Temp\ccj0HfO2.s 			page 40


 1645 0b67 4359424C 		.ascii	"CYBLE_EVT_GATTS_EXEC_WRITE_REQ\000"
 1645      455F4556 
 1645      545F4741 
 1645      5454535F 
 1645      45584543 
 1646              	.LASF33:
 1647 0b86 4359424C 		.ascii	"CYBLE_EVT_GAP_DEVICE_DISCONNECTED\000"
 1647      455F4556 
 1647      545F4741 
 1647      505F4445 
 1647      56494345 
 1648              	.LASF95:
 1649 0ba8 4359424C 		.ascii	"CYBLE_HTS_CCCD\000"
 1649      455F4854 
 1649      535F4343 
 1649      434400
 1650              	.LASF37:
 1651 0bb7 4359424C 		.ascii	"CYBLE_EVT_GAP_KEYINFO_EXCHNGE_CMPLT\000"
 1651      455F4556 
 1651      545F4741 
 1651      505F4B45 
 1651      59494E46 
 1652              	.LASF70:
 1653 0bdb 4359424C 		.ascii	"CYBLE_EVT_GATTS_DATA_SIGNED_CMD_REQ\000"
 1653      455F4556 
 1653      545F4741 
 1653      5454535F 
 1653      44415441 
 1654              	.LASF87:
 1655 0bff 4359424C 		.ascii	"CYBLE_EVT_HCI_PKT\000"
 1655      455F4556 
 1655      545F4843 
 1655      495F504B 
 1655      5400
 1656              	.LASF40:
 1657 0c11 4359424C 		.ascii	"CYBLE_EVT_GAP_OOB_GENERATED_NOTIFICATION\000"
 1657      455F4556 
 1657      545F4741 
 1657      505F4F4F 
 1657      425F4745 
 1658              		.ident	"GCC: (GNU Tools for ARM Embedded Processors) 5.4.1 20160609 (release) [ARM/embedded-5-bran
