ARM GAS  C:\Users\User\AppData\Local\Temp\cc3pWpp2.s 			page 1


   1              		.syntax unified
   2              		.cpu cortex-m0
   3              		.fpu softvfp
   4              		.eabi_attribute 20, 1
   5              		.eabi_attribute 21, 1
   6              		.eabi_attribute 23, 3
   7              		.eabi_attribute 24, 1
   8              		.eabi_attribute 25, 1
   9              		.eabi_attribute 26, 1
  10              		.eabi_attribute 30, 6
  11              		.eabi_attribute 34, 0
  12              		.eabi_attribute 18, 4
  13              		.thumb
  14              		.syntax unified
  15              		.file	"WDT.c"
  16              		.text
  17              	.Ltext0:
  18              		.cfi_sections	.debug_frame
  19              		.comm	OneWire_Sensor,32,4
  20              		.comm	OneWire_DataReady,1,1
  21              		.bss
  22              	flag_Timer:
  23 0000 00       		.space	1
  24              		.comm	current_watchdog_counter,2,2
  25              		.section	.text.InitializeWatchdog,"ax",%progbits
  26              		.align	2
  27              		.global	InitializeWatchdog
  28              		.code	16
  29              		.thumb_func
  30              		.type	InitializeWatchdog, %function
  31              	InitializeWatchdog:
  32              	.LFB35:
  33              		.file 1 "..\\..\\..\\PSoC-4-BLE-master\\100_Projects_in_100_Days\\Day049_BLE_Mesh_Flood\\Mesh_Floo
   1:..\..\..\PSoC-4-BLE-master\100_Projects_in_100_Days\Day049_BLE_Mesh_Flood\Mesh_Flood\Mesh_Flood_PSoC4BLE.cydsn/WDT.c **** /*******************************************************************************
   2:..\..\..\PSoC-4-BLE-master\100_Projects_in_100_Days\Day049_BLE_Mesh_Flood\Mesh_Flood\Mesh_Flood_PSoC4BLE.cydsn/WDT.c **** * File Name: WDT.c
   3:..\..\..\PSoC-4-BLE-master\100_Projects_in_100_Days\Day049_BLE_Mesh_Flood\Mesh_Flood\Mesh_Flood_PSoC4BLE.cydsn/WDT.c **** *
   4:..\..\..\PSoC-4-BLE-master\100_Projects_in_100_Days\Day049_BLE_Mesh_Flood\Mesh_Flood\Mesh_Flood_PSoC4BLE.cydsn/WDT.c **** * Version: 1.0
   5:..\..\..\PSoC-4-BLE-master\100_Projects_in_100_Days\Day049_BLE_Mesh_Flood\Mesh_Flood\Mesh_Flood_PSoC4BLE.cydsn/WDT.c **** *
   6:..\..\..\PSoC-4-BLE-master\100_Projects_in_100_Days\Day049_BLE_Mesh_Flood\Mesh_Flood\Mesh_Flood_PSoC4BLE.cydsn/WDT.c **** * Description:
   7:..\..\..\PSoC-4-BLE-master\100_Projects_in_100_Days\Day049_BLE_Mesh_Flood\Mesh_Flood\Mesh_Flood_PSoC4BLE.cydsn/WDT.c **** * This file contains the functions to initialize Watchdog (WDT) counter and 
   8:..\..\..\PSoC-4-BLE-master\100_Projects_in_100_Days\Day049_BLE_Mesh_Flood\Mesh_Flood\Mesh_Flood_PSoC4BLE.cydsn/WDT.c **** * record times for various timing operation in application.
   9:..\..\..\PSoC-4-BLE-master\100_Projects_in_100_Days\Day049_BLE_Mesh_Flood\Mesh_Flood\Mesh_Flood_PSoC4BLE.cydsn/WDT.c **** *
  10:..\..\..\PSoC-4-BLE-master\100_Projects_in_100_Days\Day049_BLE_Mesh_Flood\Mesh_Flood\Mesh_Flood_PSoC4BLE.cydsn/WDT.c **** ********************************************************************************
  11:..\..\..\PSoC-4-BLE-master\100_Projects_in_100_Days\Day049_BLE_Mesh_Flood\Mesh_Flood\Mesh_Flood_PSoC4BLE.cydsn/WDT.c **** * Copyright 2015, Cypress Semiconductor Corporation.  All rights reserved.
  12:..\..\..\PSoC-4-BLE-master\100_Projects_in_100_Days\Day049_BLE_Mesh_Flood\Mesh_Flood\Mesh_Flood_PSoC4BLE.cydsn/WDT.c **** * You may use this file only in accordance with the license, terms, conditions,
  13:..\..\..\PSoC-4-BLE-master\100_Projects_in_100_Days\Day049_BLE_Mesh_Flood\Mesh_Flood\Mesh_Flood_PSoC4BLE.cydsn/WDT.c **** * disclaimers, and limitations in the end user license agreement accompanying
  14:..\..\..\PSoC-4-BLE-master\100_Projects_in_100_Days\Day049_BLE_Mesh_Flood\Mesh_Flood\Mesh_Flood_PSoC4BLE.cydsn/WDT.c **** * the software package with which this file was provided.
  15:..\..\..\PSoC-4-BLE-master\100_Projects_in_100_Days\Day049_BLE_Mesh_Flood\Mesh_Flood\Mesh_Flood_PSoC4BLE.cydsn/WDT.c **** *******************************************************************************/
  16:..\..\..\PSoC-4-BLE-master\100_Projects_in_100_Days\Day049_BLE_Mesh_Flood\Mesh_Flood\Mesh_Flood_PSoC4BLE.cydsn/WDT.c **** #include "main.h"
  17:..\..\..\PSoC-4-BLE-master\100_Projects_in_100_Days\Day049_BLE_Mesh_Flood\Mesh_Flood\Mesh_Flood_PSoC4BLE.cydsn/WDT.c **** 
  18:..\..\..\PSoC-4-BLE-master\100_Projects_in_100_Days\Day049_BLE_Mesh_Flood\Mesh_Flood\Mesh_Flood_PSoC4BLE.cydsn/WDT.c **** extern uint8 ble_gap_state;
  19:..\..\..\PSoC-4-BLE-master\100_Projects_in_100_Days\Day049_BLE_Mesh_Flood\Mesh_Flood\Mesh_Flood_PSoC4BLE.cydsn/WDT.c **** extern volatile uint16 RGBdataReceivedCounter;
  20:..\..\..\PSoC-4-BLE-master\100_Projects_in_100_Days\Day049_BLE_Mesh_Flood\Mesh_Flood\Mesh_Flood_PSoC4BLE.cydsn/WDT.c **** extern uint8 switch_Role;
  21:..\..\..\PSoC-4-BLE-master\100_Projects_in_100_Days\Day049_BLE_Mesh_Flood\Mesh_Flood\Mesh_Flood_PSoC4BLE.cydsn/WDT.c **** /*******************************************************************************
  22:..\..\..\PSoC-4-BLE-master\100_Projects_in_100_Days\Day049_BLE_Mesh_Flood\Mesh_Flood\Mesh_Flood_PSoC4BLE.cydsn/WDT.c **** * Function Name: InitializeWatchdog
  23:..\..\..\PSoC-4-BLE-master\100_Projects_in_100_Days\Day049_BLE_Mesh_Flood\Mesh_Flood\Mesh_Flood_PSoC4BLE.cydsn/WDT.c **** ********************************************************************************
  24:..\..\..\PSoC-4-BLE-master\100_Projects_in_100_Days\Day049_BLE_Mesh_Flood\Mesh_Flood\Mesh_Flood_PSoC4BLE.cydsn/WDT.c **** * Summary:
ARM GAS  C:\Users\User\AppData\Local\Temp\cc3pWpp2.s 			page 2


  25:..\..\..\PSoC-4-BLE-master\100_Projects_in_100_Days\Day049_BLE_Mesh_Flood\Mesh_Flood\Mesh_Flood_PSoC4BLE.cydsn/WDT.c **** *        Start watchdog timer with given period
  26:..\..\..\PSoC-4-BLE-master\100_Projects_in_100_Days\Day049_BLE_Mesh_Flood\Mesh_Flood\Mesh_Flood_PSoC4BLE.cydsn/WDT.c **** *
  27:..\..\..\PSoC-4-BLE-master\100_Projects_in_100_Days\Day049_BLE_Mesh_Flood\Mesh_Flood\Mesh_Flood_PSoC4BLE.cydsn/WDT.c **** * Parameters:
  28:..\..\..\PSoC-4-BLE-master\100_Projects_in_100_Days\Day049_BLE_Mesh_Flood\Mesh_Flood\Mesh_Flood_PSoC4BLE.cydsn/WDT.c **** *  void
  29:..\..\..\PSoC-4-BLE-master\100_Projects_in_100_Days\Day049_BLE_Mesh_Flood\Mesh_Flood\Mesh_Flood_PSoC4BLE.cydsn/WDT.c **** *
  30:..\..\..\PSoC-4-BLE-master\100_Projects_in_100_Days\Day049_BLE_Mesh_Flood\Mesh_Flood\Mesh_Flood_PSoC4BLE.cydsn/WDT.c **** * Return:
  31:..\..\..\PSoC-4-BLE-master\100_Projects_in_100_Days\Day049_BLE_Mesh_Flood\Mesh_Flood\Mesh_Flood_PSoC4BLE.cydsn/WDT.c **** *  void
  32:..\..\..\PSoC-4-BLE-master\100_Projects_in_100_Days\Day049_BLE_Mesh_Flood\Mesh_Flood\Mesh_Flood_PSoC4BLE.cydsn/WDT.c **** *
  33:..\..\..\PSoC-4-BLE-master\100_Projects_in_100_Days\Day049_BLE_Mesh_Flood\Mesh_Flood\Mesh_Flood_PSoC4BLE.cydsn/WDT.c **** *******************************************************************************/
  34:..\..\..\PSoC-4-BLE-master\100_Projects_in_100_Days\Day049_BLE_Mesh_Flood\Mesh_Flood\Mesh_Flood_PSoC4BLE.cydsn/WDT.c **** void InitializeWatchdog(uint32 match_val)
  35:..\..\..\PSoC-4-BLE-master\100_Projects_in_100_Days\Day049_BLE_Mesh_Flood\Mesh_Flood\Mesh_Flood_PSoC4BLE.cydsn/WDT.c **** {
  34              		.loc 1 35 0
  35              		.cfi_startproc
  36              		@ args = 0, pretend = 0, frame = 8
  37              		@ frame_needed = 1, uses_anonymous_args = 0
  38 0000 80B5     		push	{r7, lr}
  39              		.cfi_def_cfa_offset 8
  40              		.cfi_offset 7, -8
  41              		.cfi_offset 14, -4
  42 0002 82B0     		sub	sp, sp, #8
  43              		.cfi_def_cfa_offset 16
  44 0004 00AF     		add	r7, sp, #0
  45              		.cfi_def_cfa_register 7
  46 0006 7860     		str	r0, [r7, #4]
  36:..\..\..\PSoC-4-BLE-master\100_Projects_in_100_Days\Day049_BLE_Mesh_Flood\Mesh_Flood\Mesh_Flood_PSoC4BLE.cydsn/WDT.c **** 	/* Unlock the WDT registers for modification */
  37:..\..\..\PSoC-4-BLE-master\100_Projects_in_100_Days\Day049_BLE_Mesh_Flood\Mesh_Flood\Mesh_Flood_PSoC4BLE.cydsn/WDT.c **** 	CySysWdtUnlock(); 
  47              		.loc 1 37 0
  48 0008 FFF7FEFF 		bl	CySysWdtUnlock
  38:..\..\..\PSoC-4-BLE-master\100_Projects_in_100_Days\Day049_BLE_Mesh_Flood\Mesh_Flood\Mesh_Flood_PSoC4BLE.cydsn/WDT.c **** 	
  39:..\..\..\PSoC-4-BLE-master\100_Projects_in_100_Days\Day049_BLE_Mesh_Flood\Mesh_Flood\Mesh_Flood_PSoC4BLE.cydsn/WDT.c **** 	/* Write Mode for Counter 0 as Interrupt on Match */
  40:..\..\..\PSoC-4-BLE-master\100_Projects_in_100_Days\Day049_BLE_Mesh_Flood\Mesh_Flood\Mesh_Flood_PSoC4BLE.cydsn/WDT.c ****     CySysWdtWriteMode(CY_SYS_WDT_COUNTER0, CY_SYS_WDT_MODE_INT);
  49              		.loc 1 40 0
  50 000c 0121     		movs	r1, #1
  51 000e 0020     		movs	r0, #0
  52 0010 FFF7FEFF 		bl	CySysWdtSetMode
  41:..\..\..\PSoC-4-BLE-master\100_Projects_in_100_Days\Day049_BLE_Mesh_Flood\Mesh_Flood\Mesh_Flood_PSoC4BLE.cydsn/WDT.c **** 	
  42:..\..\..\PSoC-4-BLE-master\100_Projects_in_100_Days\Day049_BLE_Mesh_Flood\Mesh_Flood\Mesh_Flood_PSoC4BLE.cydsn/WDT.c **** 	/* Set Clear on Match for Counter 0*/
  43:..\..\..\PSoC-4-BLE-master\100_Projects_in_100_Days\Day049_BLE_Mesh_Flood\Mesh_Flood\Mesh_Flood_PSoC4BLE.cydsn/WDT.c **** 	CySysWdtWriteClearOnMatch(CY_SYS_WDT_COUNTER0, TRUE);
  53              		.loc 1 43 0
  54 0014 0121     		movs	r1, #1
  55 0016 0020     		movs	r0, #0
  56 0018 FFF7FEFF 		bl	CySysWdtSetClearOnMatch
  44:..\..\..\PSoC-4-BLE-master\100_Projects_in_100_Days\Day049_BLE_Mesh_Flood\Mesh_Flood\Mesh_Flood_PSoC4BLE.cydsn/WDT.c ****     
  45:..\..\..\PSoC-4-BLE-master\100_Projects_in_100_Days\Day049_BLE_Mesh_Flood\Mesh_Flood\Mesh_Flood_PSoC4BLE.cydsn/WDT.c **** 	/* Write the match value equal to 1 second in Counter 0 */
  46:..\..\..\PSoC-4-BLE-master\100_Projects_in_100_Days\Day049_BLE_Mesh_Flood\Mesh_Flood\Mesh_Flood_PSoC4BLE.cydsn/WDT.c **** 	CySysWdtWriteMatch(CY_SYS_WDT_COUNTER0, match_val);
  57              		.loc 1 46 0
  58 001c 7B68     		ldr	r3, [r7, #4]
  59 001e 1900     		movs	r1, r3
  60 0020 0020     		movs	r0, #0
  61 0022 FFF7FEFF 		bl	CySysWdtSetMatch
  47:..\..\..\PSoC-4-BLE-master\100_Projects_in_100_Days\Day049_BLE_Mesh_Flood\Mesh_Flood\Mesh_Flood_PSoC4BLE.cydsn/WDT.c ****     CyDelayUs(WATCHDOG_REG_UPDATE_WAIT_TIME);
  62              		.loc 1 47 0
  63 0026 5A20     		movs	r0, #90
  64 0028 FFF7FEFF 		bl	CyDelayUs
  48:..\..\..\PSoC-4-BLE-master\100_Projects_in_100_Days\Day049_BLE_Mesh_Flood\Mesh_Flood\Mesh_Flood_PSoC4BLE.cydsn/WDT.c **** 	
  49:..\..\..\PSoC-4-BLE-master\100_Projects_in_100_Days\Day049_BLE_Mesh_Flood\Mesh_Flood\Mesh_Flood_PSoC4BLE.cydsn/WDT.c **** 	/* Enable Counter 0 */
  50:..\..\..\PSoC-4-BLE-master\100_Projects_in_100_Days\Day049_BLE_Mesh_Flood\Mesh_Flood\Mesh_Flood_PSoC4BLE.cydsn/WDT.c ****     CySysWdtEnable(CY_SYS_WDT_COUNTER0_MASK);
ARM GAS  C:\Users\User\AppData\Local\Temp\cc3pWpp2.s 			page 3


  65              		.loc 1 50 0
  66 002c 0120     		movs	r0, #1
  67 002e FFF7FEFF 		bl	CySysWdtEnable
  51:..\..\..\PSoC-4-BLE-master\100_Projects_in_100_Days\Day049_BLE_Mesh_Flood\Mesh_Flood\Mesh_Flood_PSoC4BLE.cydsn/WDT.c **** 	
  52:..\..\..\PSoC-4-BLE-master\100_Projects_in_100_Days\Day049_BLE_Mesh_Flood\Mesh_Flood\Mesh_Flood_PSoC4BLE.cydsn/WDT.c **** 	/* Lock Watchdog to prevent further changes */
  53:..\..\..\PSoC-4-BLE-master\100_Projects_in_100_Days\Day049_BLE_Mesh_Flood\Mesh_Flood\Mesh_Flood_PSoC4BLE.cydsn/WDT.c ****     CySysWdtLock();
  68              		.loc 1 53 0
  69 0032 FFF7FEFF 		bl	CySysWdtLock
  54:..\..\..\PSoC-4-BLE-master\100_Projects_in_100_Days\Day049_BLE_Mesh_Flood\Mesh_Flood\Mesh_Flood_PSoC4BLE.cydsn/WDT.c **** 	
  55:..\..\..\PSoC-4-BLE-master\100_Projects_in_100_Days\Day049_BLE_Mesh_Flood\Mesh_Flood\Mesh_Flood_PSoC4BLE.cydsn/WDT.c **** 	isr_WDT_StartEx(WDT_INT_Handler);
  70              		.loc 1 55 0
  71 0036 044B     		ldr	r3, .L2
  72 0038 1800     		movs	r0, r3
  73 003a FFF7FEFF 		bl	isr_WDT_StartEx
  56:..\..\..\PSoC-4-BLE-master\100_Projects_in_100_Days\Day049_BLE_Mesh_Flood\Mesh_Flood\Mesh_Flood_PSoC4BLE.cydsn/WDT.c **** }
  74              		.loc 1 56 0
  75 003e C046     		nop
  76 0040 BD46     		mov	sp, r7
  77 0042 02B0     		add	sp, sp, #8
  78              		@ sp needed
  79 0044 80BD     		pop	{r7, pc}
  80              	.L3:
  81 0046 C046     		.align	2
  82              	.L2:
  83 0048 00000000 		.word	WDT_INT_Handler
  84              		.cfi_endproc
  85              	.LFE35:
  86              		.size	InitializeWatchdog, .-InitializeWatchdog
  87              		.section	.text.WDT_INT_Handler,"ax",%progbits
  88              		.align	2
  89              		.global	WDT_INT_Handler
  90              		.code	16
  91              		.thumb_func
  92              		.type	WDT_INT_Handler, %function
  93              	WDT_INT_Handler:
  94              	.LFB36:
  57:..\..\..\PSoC-4-BLE-master\100_Projects_in_100_Days\Day049_BLE_Mesh_Flood\Mesh_Flood\Mesh_Flood_PSoC4BLE.cydsn/WDT.c **** 
  58:..\..\..\PSoC-4-BLE-master\100_Projects_in_100_Days\Day049_BLE_Mesh_Flood\Mesh_Flood\Mesh_Flood_PSoC4BLE.cydsn/WDT.c **** /*******************************************************************************
  59:..\..\..\PSoC-4-BLE-master\100_Projects_in_100_Days\Day049_BLE_Mesh_Flood\Mesh_Flood\Mesh_Flood_PSoC4BLE.cydsn/WDT.c **** * Function Name: WDT_INT_Handler
  60:..\..\..\PSoC-4-BLE-master\100_Projects_in_100_Days\Day049_BLE_Mesh_Flood\Mesh_Flood\Mesh_Flood_PSoC4BLE.cydsn/WDT.c **** ********************************************************************************
  61:..\..\..\PSoC-4-BLE-master\100_Projects_in_100_Days\Day049_BLE_Mesh_Flood\Mesh_Flood\Mesh_Flood_PSoC4BLE.cydsn/WDT.c **** * Summary:
  62:..\..\..\PSoC-4-BLE-master\100_Projects_in_100_Days\Day049_BLE_Mesh_Flood\Mesh_Flood\Mesh_Flood_PSoC4BLE.cydsn/WDT.c **** *        Watchdog interrupt routine for counting operation
  63:..\..\..\PSoC-4-BLE-master\100_Projects_in_100_Days\Day049_BLE_Mesh_Flood\Mesh_Flood\Mesh_Flood_PSoC4BLE.cydsn/WDT.c **** *
  64:..\..\..\PSoC-4-BLE-master\100_Projects_in_100_Days\Day049_BLE_Mesh_Flood\Mesh_Flood\Mesh_Flood_PSoC4BLE.cydsn/WDT.c **** * Parameters:
  65:..\..\..\PSoC-4-BLE-master\100_Projects_in_100_Days\Day049_BLE_Mesh_Flood\Mesh_Flood\Mesh_Flood_PSoC4BLE.cydsn/WDT.c **** *  void
  66:..\..\..\PSoC-4-BLE-master\100_Projects_in_100_Days\Day049_BLE_Mesh_Flood\Mesh_Flood\Mesh_Flood_PSoC4BLE.cydsn/WDT.c **** *
  67:..\..\..\PSoC-4-BLE-master\100_Projects_in_100_Days\Day049_BLE_Mesh_Flood\Mesh_Flood\Mesh_Flood_PSoC4BLE.cydsn/WDT.c **** * Return:
  68:..\..\..\PSoC-4-BLE-master\100_Projects_in_100_Days\Day049_BLE_Mesh_Flood\Mesh_Flood\Mesh_Flood_PSoC4BLE.cydsn/WDT.c **** *  void
  69:..\..\..\PSoC-4-BLE-master\100_Projects_in_100_Days\Day049_BLE_Mesh_Flood\Mesh_Flood\Mesh_Flood_PSoC4BLE.cydsn/WDT.c **** *
  70:..\..\..\PSoC-4-BLE-master\100_Projects_in_100_Days\Day049_BLE_Mesh_Flood\Mesh_Flood\Mesh_Flood_PSoC4BLE.cydsn/WDT.c **** *******************************************************************************/
  71:..\..\..\PSoC-4-BLE-master\100_Projects_in_100_Days\Day049_BLE_Mesh_Flood\Mesh_Flood\Mesh_Flood_PSoC4BLE.cydsn/WDT.c **** void WDT_INT_Handler(void)
  72:..\..\..\PSoC-4-BLE-master\100_Projects_in_100_Days\Day049_BLE_Mesh_Flood\Mesh_Flood\Mesh_Flood_PSoC4BLE.cydsn/WDT.c **** {
  95              		.loc 1 72 0
  96              		.cfi_startproc
  97              		@ args = 0, pretend = 0, frame = 0
  98              		@ frame_needed = 1, uses_anonymous_args = 0
  99 0000 80B5     		push	{r7, lr}
ARM GAS  C:\Users\User\AppData\Local\Temp\cc3pWpp2.s 			page 4


 100              		.cfi_def_cfa_offset 8
 101              		.cfi_offset 7, -8
 102              		.cfi_offset 14, -4
 103 0002 00AF     		add	r7, sp, #0
 104              		.cfi_def_cfa_register 7
  73:..\..\..\PSoC-4-BLE-master\100_Projects_in_100_Days\Day049_BLE_Mesh_Flood\Mesh_Flood\Mesh_Flood_PSoC4BLE.cydsn/WDT.c **** 	/* Clear Pending Interrupt */
  74:..\..\..\PSoC-4-BLE-master\100_Projects_in_100_Days\Day049_BLE_Mesh_Flood\Mesh_Flood\Mesh_Flood_PSoC4BLE.cydsn/WDT.c **** 	isr_WDT_ClearPending();
 105              		.loc 1 74 0
 106 0004 FFF7FEFF 		bl	isr_WDT_ClearPending
  75:..\..\..\PSoC-4-BLE-master\100_Projects_in_100_Days\Day049_BLE_Mesh_Flood\Mesh_Flood\Mesh_Flood_PSoC4BLE.cydsn/WDT.c **** 	
  76:..\..\..\PSoC-4-BLE-master\100_Projects_in_100_Days\Day049_BLE_Mesh_Flood\Mesh_Flood\Mesh_Flood_PSoC4BLE.cydsn/WDT.c **** 	/* If the Interrupt source is Counter 0 match, then process */
  77:..\..\..\PSoC-4-BLE-master\100_Projects_in_100_Days\Day049_BLE_Mesh_Flood\Mesh_Flood\Mesh_Flood_PSoC4BLE.cydsn/WDT.c **** 	if(CySysWdtGetInterruptSource() & CY_SYS_WDT_COUNTER0_INT)
 107              		.loc 1 77 0
 108 0008 FFF7FEFF 		bl	CySysWdtGetInterruptSource
 109 000c 0200     		movs	r2, r0
 110 000e 0423     		movs	r3, #4
 111 0010 1340     		ands	r3, r2
 112 0012 09D0     		beq	.L6
  78:..\..\..\PSoC-4-BLE-master\100_Projects_in_100_Days\Day049_BLE_Mesh_Flood\Mesh_Flood\Mesh_Flood_PSoC4BLE.cydsn/WDT.c **** 	{
  79:..\..\..\PSoC-4-BLE-master\100_Projects_in_100_Days\Day049_BLE_Mesh_Flood\Mesh_Flood\Mesh_Flood_PSoC4BLE.cydsn/WDT.c **** 		/* Clear Watchdog Interrupt from Counter 0 */
  80:..\..\..\PSoC-4-BLE-master\100_Projects_in_100_Days\Day049_BLE_Mesh_Flood\Mesh_Flood\Mesh_Flood_PSoC4BLE.cydsn/WDT.c **** 		CySysWdtClearInterrupt(CY_SYS_WDT_COUNTER0_INT);
 113              		.loc 1 80 0
 114 0014 0420     		movs	r0, #4
 115 0016 FFF7FEFF 		bl	CySysWdtClearInterrupt
  81:..\..\..\PSoC-4-BLE-master\100_Projects_in_100_Days\Day049_BLE_Mesh_Flood\Mesh_Flood\Mesh_Flood_PSoC4BLE.cydsn/WDT.c **** 		
  82:..\..\..\PSoC-4-BLE-master\100_Projects_in_100_Days\Day049_BLE_Mesh_Flood\Mesh_Flood\Mesh_Flood_PSoC4BLE.cydsn/WDT.c **** 		/* Increment global counter variable */
  83:..\..\..\PSoC-4-BLE-master\100_Projects_in_100_Days\Day049_BLE_Mesh_Flood\Mesh_Flood\Mesh_Flood_PSoC4BLE.cydsn/WDT.c **** 		current_watchdog_counter++;
 116              		.loc 1 83 0
 117 001a 054B     		ldr	r3, .L7
 118 001c 1B88     		ldrh	r3, [r3]
 119 001e 9BB2     		uxth	r3, r3
 120 0020 0133     		adds	r3, r3, #1
 121 0022 9AB2     		uxth	r2, r3
 122 0024 024B     		ldr	r3, .L7
 123 0026 1A80     		strh	r2, [r3]
 124              	.L6:
  84:..\..\..\PSoC-4-BLE-master\100_Projects_in_100_Days\Day049_BLE_Mesh_Flood\Mesh_Flood\Mesh_Flood_PSoC4BLE.cydsn/WDT.c **** 	}
  85:..\..\..\PSoC-4-BLE-master\100_Projects_in_100_Days\Day049_BLE_Mesh_Flood\Mesh_Flood\Mesh_Flood_PSoC4BLE.cydsn/WDT.c **** }
 125              		.loc 1 85 0
 126 0028 C046     		nop
 127 002a BD46     		mov	sp, r7
 128              		@ sp needed
 129 002c 80BD     		pop	{r7, pc}
 130              	.L8:
 131 002e C046     		.align	2
 132              	.L7:
 133 0030 00000000 		.word	current_watchdog_counter
 134              		.cfi_endproc
 135              	.LFE36:
 136              		.size	WDT_INT_Handler, .-WDT_INT_Handler
 137              		.text
 138              	.Letext0:
 139              		.file 2 "Generated_Source\\PSoC4/cytypes.h"
 140              		.file 3 "Generated_Source\\PSoC4/OneWire.h"
 141              		.file 4 "Generated_Source\\PSoC4/BLE_Stack.h"
 142              		.file 5 "Generated_Source\\PSoC4/BLE_hts.h"
 143              		.file 6 "Generated_Source\\PSoC4/BLE_eventHandler.h"
ARM GAS  C:\Users\User\AppData\Local\Temp\cc3pWpp2.s 			page 5


 144              		.file 7 "..\\..\\..\\PSoC-4-BLE-master\\100_Projects_in_100_Days\\Day049_BLE_Mesh_Flood\\Mesh_Floo
 145              		.file 8 "./Temperature.h"
 146              		.section	.debug_info,"",%progbits
 147              	.Ldebug_info0:
 148 0000 C0030000 		.4byte	0x3c0
 149 0004 0400     		.2byte	0x4
 150 0006 00000000 		.4byte	.Ldebug_abbrev0
 151 000a 04       		.byte	0x4
 152 000b 01       		.uleb128 0x1
 153 000c D7040000 		.4byte	.LASF112
 154 0010 0C       		.byte	0xc
 155 0011 76080000 		.4byte	.LASF113
 156 0015 C8010000 		.4byte	.LASF114
 157 0019 00000000 		.4byte	.Ldebug_ranges0+0
 158 001d 00000000 		.4byte	0
 159 0021 00000000 		.4byte	.Ldebug_line0
 160 0025 02       		.uleb128 0x2
 161 0026 01       		.byte	0x1
 162 0027 06       		.byte	0x6
 163 0028 53060000 		.4byte	.LASF0
 164 002c 02       		.uleb128 0x2
 165 002d 01       		.byte	0x1
 166 002e 08       		.byte	0x8
 167 002f E9050000 		.4byte	.LASF1
 168 0033 02       		.uleb128 0x2
 169 0034 02       		.byte	0x2
 170 0035 05       		.byte	0x5
 171 0036 9D000000 		.4byte	.LASF2
 172 003a 02       		.uleb128 0x2
 173 003b 02       		.byte	0x2
 174 003c 07       		.byte	0x7
 175 003d BC070000 		.4byte	.LASF3
 176 0041 02       		.uleb128 0x2
 177 0042 04       		.byte	0x4
 178 0043 05       		.byte	0x5
 179 0044 E0030000 		.4byte	.LASF4
 180 0048 02       		.uleb128 0x2
 181 0049 04       		.byte	0x4
 182 004a 07       		.byte	0x7
 183 004b 01070000 		.4byte	.LASF5
 184 004f 02       		.uleb128 0x2
 185 0050 08       		.byte	0x8
 186 0051 05       		.byte	0x5
 187 0052 59010000 		.4byte	.LASF6
 188 0056 02       		.uleb128 0x2
 189 0057 08       		.byte	0x8
 190 0058 07       		.byte	0x7
 191 0059 8F030000 		.4byte	.LASF7
 192 005d 03       		.uleb128 0x3
 193 005e 04       		.byte	0x4
 194 005f 05       		.byte	0x5
 195 0060 696E7400 		.ascii	"int\000"
 196 0064 02       		.uleb128 0x2
 197 0065 04       		.byte	0x4
 198 0066 07       		.byte	0x7
 199 0067 BC060000 		.4byte	.LASF8
 200 006b 04       		.uleb128 0x4
ARM GAS  C:\Users\User\AppData\Local\Temp\cc3pWpp2.s 			page 6


 201 006c 07090000 		.4byte	.LASF9
 202 0070 02       		.byte	0x2
 203 0071 E601     		.2byte	0x1e6
 204 0073 2C000000 		.4byte	0x2c
 205 0077 04       		.uleb128 0x4
 206 0078 4F020000 		.4byte	.LASF10
 207 007c 02       		.byte	0x2
 208 007d E701     		.2byte	0x1e7
 209 007f 3A000000 		.4byte	0x3a
 210 0083 04       		.uleb128 0x4
 211 0084 73090000 		.4byte	.LASF11
 212 0088 02       		.byte	0x2
 213 0089 E801     		.2byte	0x1e8
 214 008b 48000000 		.4byte	0x48
 215 008f 02       		.uleb128 0x2
 216 0090 04       		.byte	0x4
 217 0091 04       		.byte	0x4
 218 0092 2F030000 		.4byte	.LASF12
 219 0096 02       		.uleb128 0x2
 220 0097 08       		.byte	0x8
 221 0098 04       		.byte	0x4
 222 0099 DF090000 		.4byte	.LASF13
 223 009d 02       		.uleb128 0x2
 224 009e 01       		.byte	0x1
 225 009f 08       		.byte	0x8
 226 00a0 46080000 		.4byte	.LASF14
 227 00a4 05       		.uleb128 0x5
 228 00a5 6B000000 		.4byte	0x6b
 229 00a9 05       		.uleb128 0x5
 230 00aa 77000000 		.4byte	0x77
 231 00ae 06       		.uleb128 0x6
 232 00af A7050000 		.4byte	.LASF115
 233 00b3 04       		.byte	0x4
 234 00b4 03       		.byte	0x3
 235 00b5 30       		.byte	0x30
 236 00b6 D3000000 		.4byte	0xd3
 237 00ba 07       		.uleb128 0x7
 238 00bb 4F0B0000 		.4byte	.LASF15
 239 00bf 03       		.byte	0x3
 240 00c0 31       		.byte	0x31
 241 00c1 77000000 		.4byte	0x77
 242 00c5 00       		.byte	0
 243 00c6 07       		.uleb128 0x7
 244 00c7 B40A0000 		.4byte	.LASF16
 245 00cb 03       		.byte	0x3
 246 00cc 32       		.byte	0x32
 247 00cd 6B000000 		.4byte	0x6b
 248 00d1 02       		.byte	0x2
 249 00d2 00       		.byte	0
 250 00d3 02       		.uleb128 0x2
 251 00d4 08       		.byte	0x8
 252 00d5 04       		.byte	0x4
 253 00d6 B7050000 		.4byte	.LASF17
 254 00da 02       		.uleb128 0x2
 255 00db 04       		.byte	0x4
 256 00dc 07       		.byte	0x7
 257 00dd F2000000 		.4byte	.LASF18
ARM GAS  C:\Users\User\AppData\Local\Temp\cc3pWpp2.s 			page 7


 258 00e1 08       		.uleb128 0x8
 259 00e2 01       		.byte	0x1
 260 00e3 2C000000 		.4byte	0x2c
 261 00e7 04       		.byte	0x4
 262 00e8 3501     		.2byte	0x135
 263 00ea 9F020000 		.4byte	0x29f
 264 00ee 09       		.uleb128 0x9
 265 00ef BA020000 		.4byte	.LASF19
 266 00f3 00       		.byte	0
 267 00f4 09       		.uleb128 0x9
 268 00f5 B5010000 		.4byte	.LASF20
 269 00f9 01       		.byte	0x1
 270 00fa 09       		.uleb128 0x9
 271 00fb 3D0B0000 		.4byte	.LASF21
 272 00ff 02       		.byte	0x2
 273 0100 09       		.uleb128 0x9
 274 0101 460A0000 		.4byte	.LASF22
 275 0105 03       		.byte	0x3
 276 0106 09       		.uleb128 0x9
 277 0107 64000000 		.4byte	.LASF23
 278 010b 04       		.byte	0x4
 279 010c 09       		.uleb128 0x9
 280 010d 95040000 		.4byte	.LASF24
 281 0111 05       		.byte	0x5
 282 0112 09       		.uleb128 0x9
 283 0113 31000000 		.4byte	.LASF25
 284 0117 06       		.byte	0x6
 285 0118 09       		.uleb128 0x9
 286 0119 900A0000 		.4byte	.LASF26
 287 011d 20       		.byte	0x20
 288 011e 09       		.uleb128 0x9
 289 011f 13070000 		.4byte	.LASF27
 290 0123 21       		.byte	0x21
 291 0124 09       		.uleb128 0x9
 292 0125 E9030000 		.4byte	.LASF28
 293 0129 22       		.byte	0x22
 294 012a 09       		.uleb128 0x9
 295 012b B1040000 		.4byte	.LASF29
 296 012f 23       		.byte	0x23
 297 0130 09       		.uleb128 0x9
 298 0131 A0060000 		.4byte	.LASF30
 299 0135 24       		.byte	0x24
 300 0136 09       		.uleb128 0x9
 301 0137 A7000000 		.4byte	.LASF31
 302 013b 25       		.byte	0x25
 303 013c 09       		.uleb128 0x9
 304 013d 1E0A0000 		.4byte	.LASF32
 305 0141 26       		.byte	0x26
 306 0142 09       		.uleb128 0x9
 307 0143 3E040000 		.4byte	.LASF33
 308 0147 27       		.byte	0x27
 309 0148 09       		.uleb128 0x9
 310 0149 F20B0000 		.4byte	.LASF34
 311 014d 28       		.byte	0x28
 312 014e 09       		.uleb128 0x9
 313 014f 4B070000 		.4byte	.LASF35
 314 0153 29       		.byte	0x29
ARM GAS  C:\Users\User\AppData\Local\Temp\cc3pWpp2.s 			page 8


 315 0154 09       		.uleb128 0x9
 316 0155 E7070000 		.4byte	.LASF36
 317 0159 2A       		.byte	0x2a
 318 015a 09       		.uleb128 0x9
 319 015b 5B0B0000 		.4byte	.LASF37
 320 015f 2B       		.byte	0x2b
 321 0160 09       		.uleb128 0x9
 322 0161 56020000 		.4byte	.LASF38
 323 0165 2C       		.byte	0x2c
 324 0166 09       		.uleb128 0x9
 325 0167 45030000 		.4byte	.LASF39
 326 016b 2D       		.byte	0x2d
 327 016c 09       		.uleb128 0x9
 328 016d 79000000 		.4byte	.LASF40
 329 0171 2E       		.byte	0x2e
 330 0172 09       		.uleb128 0x9
 331 0173 690C0000 		.4byte	.LASF41
 332 0177 2F       		.byte	0x2f
 333 0178 09       		.uleb128 0x9
 334 0179 FB000000 		.4byte	.LASF42
 335 017d 30       		.byte	0x30
 336 017e 09       		.uleb128 0x9
 337 017f BB090000 		.4byte	.LASF43
 338 0183 31       		.byte	0x31
 339 0184 09       		.uleb128 0x9
 340 0185 6E030000 		.4byte	.LASF44
 341 0189 32       		.byte	0x32
 342 018a 09       		.uleb128 0x9
 343 018b 10080000 		.4byte	.LASF45
 344 018f 33       		.byte	0x33
 345 0190 09       		.uleb128 0x9
 346 0191 68070000 		.4byte	.LASF46
 347 0195 34       		.byte	0x34
 348 0196 09       		.uleb128 0x9
 349 0197 C9060000 		.4byte	.LASF47
 350 019b 35       		.byte	0x35
 351 019c 09       		.uleb128 0x9
 352 019d A6030000 		.4byte	.LASF48
 353 01a1 36       		.byte	0x36
 354 01a2 09       		.uleb128 0x9
 355 01a3 FC010000 		.4byte	.LASF49
 356 01a7 37       		.byte	0x37
 357 01a8 09       		.uleb128 0x9
 358 01a9 4A000000 		.4byte	.LASF50
 359 01ad 40       		.byte	0x40
 360 01ae 09       		.uleb128 0x9
 361 01af E6060000 		.4byte	.LASF51
 362 01b3 41       		.byte	0x41
 363 01b4 09       		.uleb128 0x9
 364 01b5 C1000000 		.4byte	.LASF52
 365 01b9 42       		.byte	0x42
 366 01ba 09       		.uleb128 0x9
 367 01bb 31020000 		.4byte	.LASF53
 368 01bf 43       		.byte	0x43
 369 01c0 09       		.uleb128 0x9
 370 01c1 150B0000 		.4byte	.LASF54
 371 01c5 44       		.byte	0x44
ARM GAS  C:\Users\User\AppData\Local\Temp\cc3pWpp2.s 			page 9


 372 01c6 09       		.uleb128 0x9
 373 01c7 D00A0000 		.4byte	.LASF55
 374 01cb 45       		.byte	0x45
 375 01cc 09       		.uleb128 0x9
 376 01cd 94010000 		.4byte	.LASF56
 377 01d1 46       		.byte	0x46
 378 01d2 09       		.uleb128 0x9
 379 01d3 35060000 		.4byte	.LASF57
 380 01d7 47       		.byte	0x47
 381 01d8 09       		.uleb128 0x9
 382 01d9 79060000 		.4byte	.LASF58
 383 01dd 48       		.byte	0x48
 384 01de 09       		.uleb128 0x9
 385 01df 80070000 		.4byte	.LASF59
 386 01e3 49       		.byte	0x49
 387 01e4 09       		.uleb128 0x9
 388 01e5 27090000 		.4byte	.LASF60
 389 01e9 4A       		.byte	0x4a
 390 01ea 09       		.uleb128 0x9
 391 01eb 7A020000 		.4byte	.LASF61
 392 01ef 4B       		.byte	0x4b
 393 01f0 09       		.uleb128 0x9
 394 01f1 5F060000 		.4byte	.LASF62
 395 01f5 4C       		.byte	0x4c
 396 01f6 09       		.uleb128 0x9
 397 01f7 7A010000 		.4byte	.LASF63
 398 01fb 4D       		.byte	0x4d
 399 01fc 09       		.uleb128 0x9
 400 01fd F70A0000 		.4byte	.LASF64
 401 0201 4E       		.byte	0x4e
 402 0202 09       		.uleb128 0x9
 403 0203 F7050000 		.4byte	.LASF65
 404 0207 4F       		.byte	0x4f
 405 0208 09       		.uleb128 0x9
 406 0209 D30B0000 		.4byte	.LASF66
 407 020d 50       		.byte	0x50
 408 020e 09       		.uleb128 0x9
 409 020f 54090000 		.4byte	.LASF67
 410 0213 51       		.byte	0x51
 411 0214 09       		.uleb128 0x9
 412 0215 74040000 		.4byte	.LASF68
 413 0219 52       		.byte	0x52
 414 021a 09       		.uleb128 0x9
 415 021b 0D040000 		.4byte	.LASF69
 416 021f 53       		.byte	0x53
 417 0220 09       		.uleb128 0x9
 418 0221 99020000 		.4byte	.LASF70
 419 0225 54       		.byte	0x54
 420 0226 09       		.uleb128 0x9
 421 0227 330C0000 		.4byte	.LASF71
 422 022b 55       		.byte	0x55
 423 022c 09       		.uleb128 0x9
 424 022d B10B0000 		.4byte	.LASF72
 425 0231 56       		.byte	0x56
 426 0232 09       		.uleb128 0x9
 427 0233 880B0000 		.4byte	.LASF73
 428 0237 57       		.byte	0x57
ARM GAS  C:\Users\User\AppData\Local\Temp\cc3pWpp2.s 			page 10


 429 0238 09       		.uleb128 0x9
 430 0239 99070000 		.4byte	.LASF74
 431 023d 58       		.byte	0x58
 432 023e 09       		.uleb128 0x9
 433 023f C3050000 		.4byte	.LASF75
 434 0243 70       		.byte	0x70
 435 0244 09       		.uleb128 0x9
 436 0245 1C010000 		.4byte	.LASF76
 437 0249 71       		.byte	0x71
 438 024a 09       		.uleb128 0x9
 439 024b EB080000 		.4byte	.LASF77
 440 024f 72       		.byte	0x72
 441 0250 09       		.uleb128 0x9
 442 0251 E2020000 		.4byte	.LASF78
 443 0255 73       		.byte	0x73
 444 0256 09       		.uleb128 0x9
 445 0257 89050000 		.4byte	.LASF79
 446 025b 74       		.byte	0x74
 447 025c 09       		.uleb128 0x9
 448 025d 2A070000 		.4byte	.LASF80
 449 0261 75       		.byte	0x75
 450 0262 09       		.uleb128 0x9
 451 0263 0E030000 		.4byte	.LASF81
 452 0267 76       		.byte	0x76
 453 0268 09       		.uleb128 0x9
 454 0269 5F0A0000 		.4byte	.LASF82
 455 026d 77       		.byte	0x77
 456 026e 09       		.uleb128 0x9
 457 026f 98090000 		.4byte	.LASF83
 458 0273 78       		.byte	0x78
 459 0274 09       		.uleb128 0x9
 460 0275 E6090000 		.4byte	.LASF84
 461 0279 79       		.byte	0x79
 462 027a 09       		.uleb128 0x9
 463 027b 65050000 		.4byte	.LASF85
 464 027f 7A       		.byte	0x7a
 465 0280 09       		.uleb128 0x9
 466 0281 7A090000 		.4byte	.LASF86
 467 0285 FA       		.byte	0xfa
 468 0286 09       		.uleb128 0x9
 469 0287 16060000 		.4byte	.LASF87
 470 028b FB       		.byte	0xfb
 471 028c 09       		.uleb128 0x9
 472 028d 570C0000 		.4byte	.LASF88
 473 0291 FC       		.byte	0xfc
 474 0292 09       		.uleb128 0x9
 475 0293 CF070000 		.4byte	.LASF89
 476 0297 FD       		.byte	0xfd
 477 0298 09       		.uleb128 0x9
 478 0299 7A0B0000 		.4byte	.LASF90
 479 029d FF       		.byte	0xff
 480 029e 00       		.byte	0
 481 029f 0A       		.uleb128 0xa
 482 02a0 01       		.byte	0x1
 483 02a1 2C000000 		.4byte	0x2c
 484 02a5 05       		.byte	0x5
 485 02a6 21       		.byte	0x21
ARM GAS  C:\Users\User\AppData\Local\Temp\cc3pWpp2.s 			page 11


 486 02a7 CA020000 		.4byte	0x2ca
 487 02ab 09       		.uleb128 0x9
 488 02ac 42010000 		.4byte	.LASF91
 489 02b0 00       		.byte	0
 490 02b1 09       		.uleb128 0x9
 491 02b2 BC0A0000 		.4byte	.LASF92
 492 02b6 01       		.byte	0x1
 493 02b7 09       		.uleb128 0x9
 494 02b8 4B080000 		.4byte	.LASF93
 495 02bc 02       		.byte	0x2
 496 02bd 09       		.uleb128 0x9
 497 02be 00000000 		.4byte	.LASF94
 498 02c2 03       		.byte	0x3
 499 02c3 09       		.uleb128 0x9
 500 02c4 61080000 		.4byte	.LASF95
 501 02c8 04       		.byte	0x4
 502 02c9 00       		.byte	0
 503 02ca 0A       		.uleb128 0xa
 504 02cb 01       		.byte	0x1
 505 02cc 2C000000 		.4byte	0x2c
 506 02d0 05       		.byte	0x5
 507 02d1 2C       		.byte	0x2c
 508 02d2 E9020000 		.4byte	0x2e9
 509 02d6 09       		.uleb128 0x9
 510 02d7 140C0000 		.4byte	.LASF96
 511 02db 00       		.byte	0
 512 02dc 09       		.uleb128 0x9
 513 02dd 00030000 		.4byte	.LASF97
 514 02e1 01       		.byte	0x1
 515 02e2 09       		.uleb128 0x9
 516 02e3 1B000000 		.4byte	.LASF98
 517 02e7 02       		.byte	0x2
 518 02e8 00       		.byte	0
 519 02e9 08       		.uleb128 0x8
 520 02ea 01       		.byte	0x1
 521 02eb 2C000000 		.4byte	0x2c
 522 02ef 06       		.byte	0x6
 523 02f0 EB08     		.2byte	0x8eb
 524 02f2 1B030000 		.4byte	0x31b
 525 02f6 09       		.uleb128 0x9
 526 02f7 45090000 		.4byte	.LASF99
 527 02fb 00       		.byte	0
 528 02fc 09       		.uleb128 0x9
 529 02fd 2E040000 		.4byte	.LASF100
 530 0301 01       		.byte	0x1
 531 0302 09       		.uleb128 0x9
 532 0303 DF000000 		.4byte	.LASF101
 533 0307 02       		.byte	0x2
 534 0308 09       		.uleb128 0x9
 535 0309 5D040000 		.4byte	.LASF102
 536 030d 02       		.byte	0x2
 537 030e 09       		.uleb128 0x9
 538 030f 18090000 		.4byte	.LASF103
 539 0313 03       		.byte	0x3
 540 0314 09       		.uleb128 0x9
 541 0315 D1020000 		.4byte	.LASF104
 542 0319 04       		.byte	0x4
ARM GAS  C:\Users\User\AppData\Local\Temp\cc3pWpp2.s 			page 12


 543 031a 00       		.byte	0
 544 031b 0B       		.uleb128 0xb
 545 031c 67010000 		.4byte	.LASF105
 546 0320 01       		.byte	0x1
 547 0321 22       		.byte	0x22
 548 0322 00000000 		.4byte	.LFB35
 549 0326 4C000000 		.4byte	.LFE35-.LFB35
 550 032a 01       		.uleb128 0x1
 551 032b 9C       		.byte	0x9c
 552 032c 4C030000 		.4byte	0x34c
 553 0330 0C       		.uleb128 0xc
 554 0331 330B0000 		.4byte	.LASF116
 555 0335 01       		.byte	0x1
 556 0336 22       		.byte	0x22
 557 0337 83000000 		.4byte	0x83
 558 033b 02       		.uleb128 0x2
 559 033c 91       		.byte	0x91
 560 033d 74       		.sleb128 -12
 561 033e 0D       		.uleb128 0xd
 562 033f 35030000 		.4byte	.LASF107
 563 0343 01       		.byte	0x1
 564 0344 37       		.byte	0x37
 565 0345 5D000000 		.4byte	0x5d
 566 0349 0E       		.uleb128 0xe
 567 034a 00       		.byte	0
 568 034b 00       		.byte	0
 569 034c 0B       		.uleb128 0xb
 570 034d 230C0000 		.4byte	.LASF106
 571 0351 01       		.byte	0x1
 572 0352 47       		.byte	0x47
 573 0353 00000000 		.4byte	.LFB36
 574 0357 34000000 		.4byte	.LFE36-.LFB36
 575 035b 01       		.uleb128 0x1
 576 035c 9C       		.byte	0x9c
 577 035d 6F030000 		.4byte	0x36f
 578 0361 0D       		.uleb128 0xd
 579 0362 090A0000 		.4byte	.LASF108
 580 0366 01       		.byte	0x1
 581 0367 4A       		.byte	0x4a
 582 0368 5D000000 		.4byte	0x5d
 583 036c 0E       		.uleb128 0xe
 584 036d 00       		.byte	0
 585 036e 00       		.byte	0
 586 036f 0F       		.uleb128 0xf
 587 0370 0D090000 		.4byte	.LASF117
 588 0374 08       		.byte	0x8
 589 0375 11       		.byte	0x11
 590 0376 A4000000 		.4byte	0xa4
 591 037a 05       		.uleb128 0x5
 592 037b 03       		.byte	0x3
 593 037c 00000000 		.4byte	flag_Timer
 594 0380 10       		.uleb128 0x10
 595 0381 AE000000 		.4byte	0xae
 596 0385 90030000 		.4byte	0x390
 597 0389 11       		.uleb128 0x11
 598 038a DA000000 		.4byte	0xda
 599 038e 07       		.byte	0x7
ARM GAS  C:\Users\User\AppData\Local\Temp\cc3pWpp2.s 			page 13


 600 038f 00       		.byte	0
 601 0390 12       		.uleb128 0x12
 602 0391 37080000 		.4byte	.LASF109
 603 0395 03       		.byte	0x3
 604 0396 34       		.byte	0x34
 605 0397 80030000 		.4byte	0x380
 606 039b 05       		.uleb128 0x5
 607 039c 03       		.byte	0x3
 608 039d 00000000 		.4byte	OneWire_Sensor
 609 03a1 12       		.uleb128 0x12
 610 03a2 7E0A0000 		.4byte	.LASF110
 611 03a6 03       		.byte	0x3
 612 03a7 39       		.byte	0x39
 613 03a8 A4000000 		.4byte	0xa4
 614 03ac 05       		.uleb128 0x5
 615 03ad 03       		.byte	0x3
 616 03ae 00000000 		.4byte	OneWire_DataReady
 617 03b2 12       		.uleb128 0x12
 618 03b3 C7030000 		.4byte	.LASF111
 619 03b7 07       		.byte	0x7
 620 03b8 25       		.byte	0x25
 621 03b9 A9000000 		.4byte	0xa9
 622 03bd 05       		.uleb128 0x5
 623 03be 03       		.byte	0x3
 624 03bf 00000000 		.4byte	current_watchdog_counter
 625 03c3 00       		.byte	0
 626              		.section	.debug_abbrev,"",%progbits
 627              	.Ldebug_abbrev0:
 628 0000 01       		.uleb128 0x1
 629 0001 11       		.uleb128 0x11
 630 0002 01       		.byte	0x1
 631 0003 25       		.uleb128 0x25
 632 0004 0E       		.uleb128 0xe
 633 0005 13       		.uleb128 0x13
 634 0006 0B       		.uleb128 0xb
 635 0007 03       		.uleb128 0x3
 636 0008 0E       		.uleb128 0xe
 637 0009 1B       		.uleb128 0x1b
 638 000a 0E       		.uleb128 0xe
 639 000b 55       		.uleb128 0x55
 640 000c 17       		.uleb128 0x17
 641 000d 11       		.uleb128 0x11
 642 000e 01       		.uleb128 0x1
 643 000f 10       		.uleb128 0x10
 644 0010 17       		.uleb128 0x17
 645 0011 00       		.byte	0
 646 0012 00       		.byte	0
 647 0013 02       		.uleb128 0x2
 648 0014 24       		.uleb128 0x24
 649 0015 00       		.byte	0
 650 0016 0B       		.uleb128 0xb
 651 0017 0B       		.uleb128 0xb
 652 0018 3E       		.uleb128 0x3e
 653 0019 0B       		.uleb128 0xb
 654 001a 03       		.uleb128 0x3
 655 001b 0E       		.uleb128 0xe
 656 001c 00       		.byte	0
ARM GAS  C:\Users\User\AppData\Local\Temp\cc3pWpp2.s 			page 14


 657 001d 00       		.byte	0
 658 001e 03       		.uleb128 0x3
 659 001f 24       		.uleb128 0x24
 660 0020 00       		.byte	0
 661 0021 0B       		.uleb128 0xb
 662 0022 0B       		.uleb128 0xb
 663 0023 3E       		.uleb128 0x3e
 664 0024 0B       		.uleb128 0xb
 665 0025 03       		.uleb128 0x3
 666 0026 08       		.uleb128 0x8
 667 0027 00       		.byte	0
 668 0028 00       		.byte	0
 669 0029 04       		.uleb128 0x4
 670 002a 16       		.uleb128 0x16
 671 002b 00       		.byte	0
 672 002c 03       		.uleb128 0x3
 673 002d 0E       		.uleb128 0xe
 674 002e 3A       		.uleb128 0x3a
 675 002f 0B       		.uleb128 0xb
 676 0030 3B       		.uleb128 0x3b
 677 0031 05       		.uleb128 0x5
 678 0032 49       		.uleb128 0x49
 679 0033 13       		.uleb128 0x13
 680 0034 00       		.byte	0
 681 0035 00       		.byte	0
 682 0036 05       		.uleb128 0x5
 683 0037 35       		.uleb128 0x35
 684 0038 00       		.byte	0
 685 0039 49       		.uleb128 0x49
 686 003a 13       		.uleb128 0x13
 687 003b 00       		.byte	0
 688 003c 00       		.byte	0
 689 003d 06       		.uleb128 0x6
 690 003e 13       		.uleb128 0x13
 691 003f 01       		.byte	0x1
 692 0040 03       		.uleb128 0x3
 693 0041 0E       		.uleb128 0xe
 694 0042 0B       		.uleb128 0xb
 695 0043 0B       		.uleb128 0xb
 696 0044 3A       		.uleb128 0x3a
 697 0045 0B       		.uleb128 0xb
 698 0046 3B       		.uleb128 0x3b
 699 0047 0B       		.uleb128 0xb
 700 0048 01       		.uleb128 0x1
 701 0049 13       		.uleb128 0x13
 702 004a 00       		.byte	0
 703 004b 00       		.byte	0
 704 004c 07       		.uleb128 0x7
 705 004d 0D       		.uleb128 0xd
 706 004e 00       		.byte	0
 707 004f 03       		.uleb128 0x3
 708 0050 0E       		.uleb128 0xe
 709 0051 3A       		.uleb128 0x3a
 710 0052 0B       		.uleb128 0xb
 711 0053 3B       		.uleb128 0x3b
 712 0054 0B       		.uleb128 0xb
 713 0055 49       		.uleb128 0x49
ARM GAS  C:\Users\User\AppData\Local\Temp\cc3pWpp2.s 			page 15


 714 0056 13       		.uleb128 0x13
 715 0057 38       		.uleb128 0x38
 716 0058 0B       		.uleb128 0xb
 717 0059 00       		.byte	0
 718 005a 00       		.byte	0
 719 005b 08       		.uleb128 0x8
 720 005c 04       		.uleb128 0x4
 721 005d 01       		.byte	0x1
 722 005e 0B       		.uleb128 0xb
 723 005f 0B       		.uleb128 0xb
 724 0060 49       		.uleb128 0x49
 725 0061 13       		.uleb128 0x13
 726 0062 3A       		.uleb128 0x3a
 727 0063 0B       		.uleb128 0xb
 728 0064 3B       		.uleb128 0x3b
 729 0065 05       		.uleb128 0x5
 730 0066 01       		.uleb128 0x1
 731 0067 13       		.uleb128 0x13
 732 0068 00       		.byte	0
 733 0069 00       		.byte	0
 734 006a 09       		.uleb128 0x9
 735 006b 28       		.uleb128 0x28
 736 006c 00       		.byte	0
 737 006d 03       		.uleb128 0x3
 738 006e 0E       		.uleb128 0xe
 739 006f 1C       		.uleb128 0x1c
 740 0070 0B       		.uleb128 0xb
 741 0071 00       		.byte	0
 742 0072 00       		.byte	0
 743 0073 0A       		.uleb128 0xa
 744 0074 04       		.uleb128 0x4
 745 0075 01       		.byte	0x1
 746 0076 0B       		.uleb128 0xb
 747 0077 0B       		.uleb128 0xb
 748 0078 49       		.uleb128 0x49
 749 0079 13       		.uleb128 0x13
 750 007a 3A       		.uleb128 0x3a
 751 007b 0B       		.uleb128 0xb
 752 007c 3B       		.uleb128 0x3b
 753 007d 0B       		.uleb128 0xb
 754 007e 01       		.uleb128 0x1
 755 007f 13       		.uleb128 0x13
 756 0080 00       		.byte	0
 757 0081 00       		.byte	0
 758 0082 0B       		.uleb128 0xb
 759 0083 2E       		.uleb128 0x2e
 760 0084 01       		.byte	0x1
 761 0085 3F       		.uleb128 0x3f
 762 0086 19       		.uleb128 0x19
 763 0087 03       		.uleb128 0x3
 764 0088 0E       		.uleb128 0xe
 765 0089 3A       		.uleb128 0x3a
 766 008a 0B       		.uleb128 0xb
 767 008b 3B       		.uleb128 0x3b
 768 008c 0B       		.uleb128 0xb
 769 008d 27       		.uleb128 0x27
 770 008e 19       		.uleb128 0x19
ARM GAS  C:\Users\User\AppData\Local\Temp\cc3pWpp2.s 			page 16


 771 008f 11       		.uleb128 0x11
 772 0090 01       		.uleb128 0x1
 773 0091 12       		.uleb128 0x12
 774 0092 06       		.uleb128 0x6
 775 0093 40       		.uleb128 0x40
 776 0094 18       		.uleb128 0x18
 777 0095 9642     		.uleb128 0x2116
 778 0097 19       		.uleb128 0x19
 779 0098 01       		.uleb128 0x1
 780 0099 13       		.uleb128 0x13
 781 009a 00       		.byte	0
 782 009b 00       		.byte	0
 783 009c 0C       		.uleb128 0xc
 784 009d 05       		.uleb128 0x5
 785 009e 00       		.byte	0
 786 009f 03       		.uleb128 0x3
 787 00a0 0E       		.uleb128 0xe
 788 00a1 3A       		.uleb128 0x3a
 789 00a2 0B       		.uleb128 0xb
 790 00a3 3B       		.uleb128 0x3b
 791 00a4 0B       		.uleb128 0xb
 792 00a5 49       		.uleb128 0x49
 793 00a6 13       		.uleb128 0x13
 794 00a7 02       		.uleb128 0x2
 795 00a8 18       		.uleb128 0x18
 796 00a9 00       		.byte	0
 797 00aa 00       		.byte	0
 798 00ab 0D       		.uleb128 0xd
 799 00ac 2E       		.uleb128 0x2e
 800 00ad 01       		.byte	0x1
 801 00ae 3F       		.uleb128 0x3f
 802 00af 19       		.uleb128 0x19
 803 00b0 03       		.uleb128 0x3
 804 00b1 0E       		.uleb128 0xe
 805 00b2 3A       		.uleb128 0x3a
 806 00b3 0B       		.uleb128 0xb
 807 00b4 3B       		.uleb128 0x3b
 808 00b5 0B       		.uleb128 0xb
 809 00b6 49       		.uleb128 0x49
 810 00b7 13       		.uleb128 0x13
 811 00b8 3C       		.uleb128 0x3c
 812 00b9 19       		.uleb128 0x19
 813 00ba 00       		.byte	0
 814 00bb 00       		.byte	0
 815 00bc 0E       		.uleb128 0xe
 816 00bd 18       		.uleb128 0x18
 817 00be 00       		.byte	0
 818 00bf 00       		.byte	0
 819 00c0 00       		.byte	0
 820 00c1 0F       		.uleb128 0xf
 821 00c2 34       		.uleb128 0x34
 822 00c3 00       		.byte	0
 823 00c4 03       		.uleb128 0x3
 824 00c5 0E       		.uleb128 0xe
 825 00c6 3A       		.uleb128 0x3a
 826 00c7 0B       		.uleb128 0xb
 827 00c8 3B       		.uleb128 0x3b
ARM GAS  C:\Users\User\AppData\Local\Temp\cc3pWpp2.s 			page 17


 828 00c9 0B       		.uleb128 0xb
 829 00ca 49       		.uleb128 0x49
 830 00cb 13       		.uleb128 0x13
 831 00cc 02       		.uleb128 0x2
 832 00cd 18       		.uleb128 0x18
 833 00ce 00       		.byte	0
 834 00cf 00       		.byte	0
 835 00d0 10       		.uleb128 0x10
 836 00d1 01       		.uleb128 0x1
 837 00d2 01       		.byte	0x1
 838 00d3 49       		.uleb128 0x49
 839 00d4 13       		.uleb128 0x13
 840 00d5 01       		.uleb128 0x1
 841 00d6 13       		.uleb128 0x13
 842 00d7 00       		.byte	0
 843 00d8 00       		.byte	0
 844 00d9 11       		.uleb128 0x11
 845 00da 21       		.uleb128 0x21
 846 00db 00       		.byte	0
 847 00dc 49       		.uleb128 0x49
 848 00dd 13       		.uleb128 0x13
 849 00de 2F       		.uleb128 0x2f
 850 00df 0B       		.uleb128 0xb
 851 00e0 00       		.byte	0
 852 00e1 00       		.byte	0
 853 00e2 12       		.uleb128 0x12
 854 00e3 34       		.uleb128 0x34
 855 00e4 00       		.byte	0
 856 00e5 03       		.uleb128 0x3
 857 00e6 0E       		.uleb128 0xe
 858 00e7 3A       		.uleb128 0x3a
 859 00e8 0B       		.uleb128 0xb
 860 00e9 3B       		.uleb128 0x3b
 861 00ea 0B       		.uleb128 0xb
 862 00eb 49       		.uleb128 0x49
 863 00ec 13       		.uleb128 0x13
 864 00ed 3F       		.uleb128 0x3f
 865 00ee 19       		.uleb128 0x19
 866 00ef 02       		.uleb128 0x2
 867 00f0 18       		.uleb128 0x18
 868 00f1 00       		.byte	0
 869 00f2 00       		.byte	0
 870 00f3 00       		.byte	0
 871              		.section	.debug_aranges,"",%progbits
 872 0000 24000000 		.4byte	0x24
 873 0004 0200     		.2byte	0x2
 874 0006 00000000 		.4byte	.Ldebug_info0
 875 000a 04       		.byte	0x4
 876 000b 00       		.byte	0
 877 000c 0000     		.2byte	0
 878 000e 0000     		.2byte	0
 879 0010 00000000 		.4byte	.LFB35
 880 0014 4C000000 		.4byte	.LFE35-.LFB35
 881 0018 00000000 		.4byte	.LFB36
 882 001c 34000000 		.4byte	.LFE36-.LFB36
 883 0020 00000000 		.4byte	0
 884 0024 00000000 		.4byte	0
ARM GAS  C:\Users\User\AppData\Local\Temp\cc3pWpp2.s 			page 18


 885              		.section	.debug_ranges,"",%progbits
 886              	.Ldebug_ranges0:
 887 0000 00000000 		.4byte	.LFB35
 888 0004 4C000000 		.4byte	.LFE35
 889 0008 00000000 		.4byte	.LFB36
 890 000c 34000000 		.4byte	.LFE36
 891 0010 00000000 		.4byte	0
 892 0014 00000000 		.4byte	0
 893              		.section	.debug_line,"",%progbits
 894              	.Ldebug_line0:
 895 0000 3E010000 		.section	.debug_str,"MS",%progbits,1
 895      02000B01 
 895      00000201 
 895      FB0E0D00 
 895      01010101 
 896              	.LASF94:
 897 0000 4359424C 		.ascii	"CYBLE_HTS_MEASURE_INTERVAL\000"
 897      455F4854 
 897      535F4D45 
 897      41535552 
 897      455F494E 
 898              	.LASF98:
 899 001b 4359424C 		.ascii	"CYBLE_HTS_DESCR_COUNT\000"
 899      455F4854 
 899      535F4445 
 899      5343525F 
 899      434F554E 
 900              	.LASF25:
 901 0031 4359424C 		.ascii	"CYBLE_EVT_MEMORY_REQUEST\000"
 901      455F4556 
 901      545F4D45 
 901      4D4F5259 
 901      5F524551 
 902              	.LASF50:
 903 004a 4359424C 		.ascii	"CYBLE_EVT_GATTC_ERROR_RSP\000"
 903      455F4556 
 903      545F4741 
 903      5454435F 
 903      4552524F 
 904              	.LASF23:
 905 0064 4359424C 		.ascii	"CYBLE_EVT_HCI_STATUS\000"
 905      455F4556 
 905      545F4843 
 905      495F5354 
 905      41545553 
 906              	.LASF40:
 907 0079 4359424C 		.ascii	"CYBLE_EVT_GAP_KEYPRESS_NOTIFICATION\000"
 907      455F4556 
 907      545F4741 
 907      505F4B45 
 907      59505245 
 908              	.LASF2:
 909 009d 73686F72 		.ascii	"short int\000"
 909      7420696E 
 909      7400
 910              	.LASF31:
 911 00a7 4359424C 		.ascii	"CYBLE_EVT_GAP_AUTH_FAILED\000"
ARM GAS  C:\Users\User\AppData\Local\Temp\cc3pWpp2.s 			page 19


 911      455F4556 
 911      545F4741 
 911      505F4155 
 911      54485F46 
 912              	.LASF52:
 913 00c1 4359424C 		.ascii	"CYBLE_EVT_GATT_DISCONNECT_IND\000"
 913      455F4556 
 913      545F4741 
 913      54545F44 
 913      4953434F 
 914              	.LASF101:
 915 00df 4359424C 		.ascii	"CYBLE_SRVI_CUSTOMS\000"
 915      455F5352 
 915      56495F43 
 915      5553544F 
 915      4D5300
 916              	.LASF18:
 917 00f2 73697A65 		.ascii	"sizetype\000"
 917      74797065 
 917      00
 918              	.LASF42:
 919 00fb 4359424C 		.ascii	"CYBLE_EVT_GAP_DATA_LENGTH_CHANGE\000"
 919      455F4556 
 919      545F4741 
 919      505F4441 
 919      54415F4C 
 920              	.LASF76:
 921 011c 4359424C 		.ascii	"CYBLE_EVT_L2CAP_CONN_PARAM_UPDATE_RSP\000"
 921      455F4556 
 921      545F4C32 
 921      4341505F 
 921      434F4E4E 
 922              	.LASF91:
 923 0142 4359424C 		.ascii	"CYBLE_HTS_TEMP_MEASURE\000"
 923      455F4854 
 923      535F5445 
 923      4D505F4D 
 923      45415355 
 924              	.LASF6:
 925 0159 6C6F6E67 		.ascii	"long long int\000"
 925      206C6F6E 
 925      6720696E 
 925      7400
 926              	.LASF105:
 927 0167 496E6974 		.ascii	"InitializeWatchdog\000"
 927      69616C69 
 927      7A655761 
 927      74636864 
 927      6F6700
 928              	.LASF63:
 929 017a 4359424C 		.ascii	"CYBLE_EVT_GATTC_WRITE_RSP\000"
 929      455F4556 
 929      545F4741 
 929      5454435F 
 929      57524954 
 930              	.LASF56:
 931 0194 4359424C 		.ascii	"CYBLE_EVT_GATTC_READ_BY_TYPE_RSP\000"
ARM GAS  C:\Users\User\AppData\Local\Temp\cc3pWpp2.s 			page 20


 931      455F4556 
 931      545F4741 
 931      5454435F 
 931      52454144 
 932              	.LASF20:
 933 01b5 4359424C 		.ascii	"CYBLE_EVT_STACK_ON\000"
 933      455F4556 
 933      545F5354 
 933      41434B5F 
 933      4F4E00
 934              	.LASF114:
 935 01c8 433A5C55 		.ascii	"C:\\Users\\User\\Desktop\\Hi\\Demo1\\TM_Mesh_System"
 935      73657273 
 935      5C557365 
 935      725C4465 
 935      736B746F 
 936 01f5 2E637964 		.ascii	".cydsn\000"
 936      736E00
 937              	.LASF49:
 938 01fc 4359424C 		.ascii	"CYBLE_EVT_GAP_SMP_LOC_P256_KEYS_GEN_AND_SET_COMPLET"
 938      455F4556 
 938      545F4741 
 938      505F534D 
 938      505F4C4F 
 939 022f 4500     		.ascii	"E\000"
 940              	.LASF53:
 941 0231 4359424C 		.ascii	"CYBLE_EVT_GATTS_XCNHG_MTU_REQ\000"
 941      455F4556 
 941      545F4741 
 941      5454535F 
 941      58434E48 
 942              	.LASF10:
 943 024f 75696E74 		.ascii	"uint16\000"
 943      313600
 944              	.LASF38:
 945 0256 4359424C 		.ascii	"CYBLE_EVT_GAP_KEYINFO_EXCHNGE_CMPLT\000"
 945      455F4556 
 945      545F4741 
 945      505F4B45 
 945      59494E46 
 946              	.LASF61:
 947 027a 4359424C 		.ascii	"CYBLE_EVT_GATTC_READ_MULTI_RSP\000"
 947      455F4556 
 947      545F4741 
 947      5454435F 
 947      52454144 
 948              	.LASF70:
 949 0299 4359424C 		.ascii	"CYBLE_EVT_GATTS_HANDLE_VALUE_CNF\000"
 949      455F4556 
 949      545F4741 
 949      5454535F 
 949      48414E44 
 950              	.LASF19:
 951 02ba 4359424C 		.ascii	"CYBLE_EVT_HOST_INVALID\000"
 951      455F4556 
 951      545F484F 
 951      53545F49 
ARM GAS  C:\Users\User\AppData\Local\Temp\cc3pWpp2.s 			page 21


 951      4E56414C 
 952              	.LASF104:
 953 02d1 4359424C 		.ascii	"CYBLE_SRVI_COUNT\000"
 953      455F5352 
 953      56495F43 
 953      4F554E54 
 953      00
 954              	.LASF78:
 955 02e2 4359424C 		.ascii	"CYBLE_EVT_L2CAP_CBFC_CONN_IND\000"
 955      455F4556 
 955      545F4C32 
 955      4341505F 
 955      43424643 
 956              	.LASF97:
 957 0300 4359424C 		.ascii	"CYBLE_HTS_VRD\000"
 957      455F4854 
 957      535F5652 
 957      4400
 958              	.LASF81:
 959 030e 4359424C 		.ascii	"CYBLE_EVT_L2CAP_CBFC_DISCONN_CNF\000"
 959      455F4556 
 959      545F4C32 
 959      4341505F 
 959      43424643 
 960              	.LASF12:
 961 032f 666C6F61 		.ascii	"float\000"
 961      7400
 962              	.LASF107:
 963 0335 6973725F 		.ascii	"isr_WDT_StartEx\000"
 963      5744545F 
 963      53746172 
 963      74457800 
 964              	.LASF39:
 965 0345 4359424C 		.ascii	"CYBLE_EVT_GAP_NUMERIC_COMPARISON_REQUEST\000"
 965      455F4556 
 965      545F4741 
 965      505F4E55 
 965      4D455249 
 966              	.LASF44:
 967 036e 4359424C 		.ascii	"CYBLE_EVT_GAPC_DIRECT_ADV_REPORT\000"
 967      455F4556 
 967      545F4741 
 967      50435F44 
 967      49524543 
 968              	.LASF7:
 969 038f 6C6F6E67 		.ascii	"long long unsigned int\000"
 969      206C6F6E 
 969      6720756E 
 969      7369676E 
 969      65642069 
 970              	.LASF48:
 971 03a6 4359424C 		.ascii	"CYBLE_EVT_GAP_AUTH_REQ_REPLY_ERR\000"
 971      455F4556 
 971      545F4741 
 971      505F4155 
 971      54485F52 
 972              	.LASF111:
ARM GAS  C:\Users\User\AppData\Local\Temp\cc3pWpp2.s 			page 22


 973 03c7 63757272 		.ascii	"current_watchdog_counter\000"
 973      656E745F 
 973      77617463 
 973      68646F67 
 973      5F636F75 
 974              	.LASF4:
 975 03e0 6C6F6E67 		.ascii	"long int\000"
 975      20696E74 
 975      00
 976              	.LASF28:
 977 03e9 4359424C 		.ascii	"CYBLE_EVT_GAP_PASSKEY_ENTRY_REQUEST\000"
 977      455F4556 
 977      545F4741 
 977      505F5041 
 977      53534B45 
 978              	.LASF69:
 979 040d 4359424C 		.ascii	"CYBLE_EVT_GATTC_HANDLE_VALUE_IND\000"
 979      455F4556 
 979      545F4741 
 979      5454435F 
 979      48414E44 
 980              	.LASF100:
 981 042e 4359424C 		.ascii	"CYBLE_SRVI_GATT\000"
 981      455F5352 
 981      56495F47 
 981      41545400 
 982              	.LASF33:
 983 043e 4359424C 		.ascii	"CYBLE_EVT_GAP_DEVICE_CONNECTED\000"
 983      455F4556 
 983      545F4741 
 983      505F4445 
 983      56494345 
 984              	.LASF102:
 985 045d 4359424C 		.ascii	"CYBLE_SRVI_CUSTOMS_END\000"
 985      455F5352 
 985      56495F43 
 985      5553544F 
 985      4D535F45 
 986              	.LASF68:
 987 0474 4359424C 		.ascii	"CYBLE_EVT_GATTC_HANDLE_VALUE_NTF\000"
 987      455F4556 
 987      545F4741 
 987      5454435F 
 987      48414E44 
 988              	.LASF24:
 989 0495 4359424C 		.ascii	"CYBLE_EVT_STACK_BUSY_STATUS\000"
 989      455F4556 
 989      545F5354 
 989      41434B5F 
 989      42555359 
 990              	.LASF29:
 991 04b1 4359424C 		.ascii	"CYBLE_EVT_GAP_PASSKEY_DISPLAY_REQUEST\000"
 991      455F4556 
 991      545F4741 
 991      505F5041 
 991      53534B45 
 992              	.LASF112:
ARM GAS  C:\Users\User\AppData\Local\Temp\cc3pWpp2.s 			page 23


 993 04d7 474E5520 		.ascii	"GNU C11 5.4.1 20160609 (release) [ARM/embedded-5-br"
 993      43313120 
 993      352E342E 
 993      31203230 
 993      31363036 
 994 050a 616E6368 		.ascii	"anch revision 237715] -mcpu=cortex-m0 -mthumb -g -O"
 994      20726576 
 994      6973696F 
 994      6E203233 
 994      37373135 
 995 053d 30202D66 		.ascii	"0 -ffunction-sections -ffat-lto-objects\000"
 995      66756E63 
 995      74696F6E 
 995      2D736563 
 995      74696F6E 
 996              	.LASF85:
 997 0565 4359424C 		.ascii	"CYBLE_EVT_L2CAP_CBFC_DATA_WRITE_IND\000"
 997      455F4556 
 997      545F4C32 
 997      4341505F 
 997      43424643 
 998              	.LASF79:
 999 0589 4359424C 		.ascii	"CYBLE_EVT_L2CAP_CBFC_CONN_CNF\000"
 999      455F4556 
 999      545F4C32 
 999      4341505F 
 999      43424643 
 1000              	.LASF115:
 1001 05a7 4F6E6557 		.ascii	"OneWire_TSensor\000"
 1001      6972655F 
 1001      5453656E 
 1001      736F7200 
 1002              	.LASF17:
 1003 05b7 6C6F6E67 		.ascii	"long double\000"
 1003      20646F75 
 1003      626C6500 
 1004              	.LASF75:
 1005 05c3 4359424C 		.ascii	"CYBLE_EVT_L2CAP_CONN_PARAM_UPDATE_REQ\000"
 1005      455F4556 
 1005      545F4C32 
 1005      4341505F 
 1005      434F4E4E 
 1006              	.LASF1:
 1007 05e9 756E7369 		.ascii	"unsigned char\000"
 1007      676E6564 
 1007      20636861 
 1007      7200
 1008              	.LASF65:
 1009 05f7 4359424C 		.ascii	"CYBLE_EVT_GATTS_PREP_WRITE_REQ\000"
 1009      455F4556 
 1009      545F4741 
 1009      5454535F 
 1009      50524550 
 1010              	.LASF87:
 1011 0616 4359424C 		.ascii	"CYBLE_EVT_LE_PING_AUTH_TIMEOUT\000"
 1011      455F4556 
 1011      545F4C45 
ARM GAS  C:\Users\User\AppData\Local\Temp\cc3pWpp2.s 			page 24


 1011      5F50494E 
 1011      475F4155 
 1012              	.LASF57:
 1013 0635 4359424C 		.ascii	"CYBLE_EVT_GATTC_FIND_INFO_RSP\000"
 1013      455F4556 
 1013      545F4741 
 1013      5454435F 
 1013      46494E44 
 1014              	.LASF0:
 1015 0653 7369676E 		.ascii	"signed char\000"
 1015      65642063 
 1015      68617200 
 1016              	.LASF62:
 1017 065f 4359424C 		.ascii	"CYBLE_EVT_GATTS_WRITE_REQ\000"
 1017      455F4556 
 1017      545F4741 
 1017      5454535F 
 1017      57524954 
 1018              	.LASF58:
 1019 0679 4359424C 		.ascii	"CYBLE_EVT_GATTC_FIND_BY_TYPE_VALUE_RSP\000"
 1019      455F4556 
 1019      545F4741 
 1019      5454435F 
 1019      46494E44 
 1020              	.LASF30:
 1021 06a0 4359424C 		.ascii	"CYBLE_EVT_GAP_AUTH_COMPLETE\000"
 1021      455F4556 
 1021      545F4741 
 1021      505F4155 
 1021      54485F43 
 1022              	.LASF8:
 1023 06bc 756E7369 		.ascii	"unsigned int\000"
 1023      676E6564 
 1023      20696E74 
 1023      00
 1024              	.LASF47:
 1025 06c9 4359424C 		.ascii	"CYBLE_EVT_GAP_SCAN_REQ_RECVD\000"
 1025      455F4556 
 1025      545F4741 
 1025      505F5343 
 1025      414E5F52 
 1026              	.LASF51:
 1027 06e6 4359424C 		.ascii	"CYBLE_EVT_GATT_CONNECT_IND\000"
 1027      455F4556 
 1027      545F4741 
 1027      54545F43 
 1027      4F4E4E45 
 1028              	.LASF5:
 1029 0701 6C6F6E67 		.ascii	"long unsigned int\000"
 1029      20756E73 
 1029      69676E65 
 1029      6420696E 
 1029      7400
 1030              	.LASF27:
 1031 0713 4359424C 		.ascii	"CYBLE_EVT_GAP_AUTH_REQ\000"
 1031      455F4556 
 1031      545F4741 
ARM GAS  C:\Users\User\AppData\Local\Temp\cc3pWpp2.s 			page 25


 1031      505F4155 
 1031      54485F52 
 1032              	.LASF80:
 1033 072a 4359424C 		.ascii	"CYBLE_EVT_L2CAP_CBFC_DISCONN_IND\000"
 1033      455F4556 
 1033      545F4C32 
 1033      4341505F 
 1033      43424643 
 1034              	.LASF35:
 1035 074b 4359424C 		.ascii	"CYBLE_EVT_GAP_ENCRYPT_CHANGE\000"
 1035      455F4556 
 1035      545F4741 
 1035      505F454E 
 1035      43525950 
 1036              	.LASF46:
 1037 0768 4359424C 		.ascii	"CYBLE_EVT_GAP_CONN_ESTB\000"
 1037      455F4556 
 1037      545F4741 
 1037      505F434F 
 1037      4E4E5F45 
 1038              	.LASF59:
 1039 0780 4359424C 		.ascii	"CYBLE_EVT_GATTC_READ_RSP\000"
 1039      455F4556 
 1039      545F4741 
 1039      5454435F 
 1039      52454144 
 1040              	.LASF74:
 1041 0799 4359424C 		.ascii	"CYBLE_EVT_GATTC_LONG_PROCEDURE_END\000"
 1041      455F4556 
 1041      545F4741 
 1041      5454435F 
 1041      4C4F4E47 
 1042              	.LASF3:
 1043 07bc 73686F72 		.ascii	"short unsigned int\000"
 1043      7420756E 
 1043      7369676E 
 1043      65642069 
 1043      6E7400
 1044              	.LASF89:
 1045 07cf 4359424C 		.ascii	"CYBLE_EVT_FLASH_CORRUPT\000"
 1045      455F4556 
 1045      545F464C 
 1045      4153485F 
 1045      434F5252 
 1046              	.LASF36:
 1047 07e7 4359424C 		.ascii	"CYBLE_EVT_GAP_CONNECTION_UPDATE_COMPLETE\000"
 1047      455F4556 
 1047      545F4741 
 1047      505F434F 
 1047      4E4E4543 
 1048              	.LASF45:
 1049 0810 4359424C 		.ascii	"CYBLE_EVT_GAP_SMP_NEGOTIATED_AUTH_INFO\000"
 1049      455F4556 
 1049      545F4741 
 1049      505F534D 
 1049      505F4E45 
 1050              	.LASF109:
ARM GAS  C:\Users\User\AppData\Local\Temp\cc3pWpp2.s 			page 26


 1051 0837 4F6E6557 		.ascii	"OneWire_Sensor\000"
 1051      6972655F 
 1051      53656E73 
 1051      6F7200
 1052              	.LASF14:
 1053 0846 63686172 		.ascii	"char\000"
 1053      00
 1054              	.LASF93:
 1055 084b 4359424C 		.ascii	"CYBLE_HTS_INTERM_TEMP\000"
 1055      455F4854 
 1055      535F494E 
 1055      5445524D 
 1055      5F54454D 
 1056              	.LASF95:
 1057 0861 4359424C 		.ascii	"CYBLE_HTS_CHAR_COUNT\000"
 1057      455F4854 
 1057      535F4348 
 1057      41525F43 
 1057      4F554E54 
 1058              	.LASF113:
 1059 0876 2E2E5C2E 		.ascii	"..\\..\\..\\PSoC-4-BLE-master\\100_Projects_in_100_"
 1059      2E5C2E2E 
 1059      5C50536F 
 1059      432D342D 
 1059      424C452D 
 1060 08a5 44617973 		.ascii	"Days\\Day049_BLE_Mesh_Flood\\Mesh_Flood\\Mesh_Flood"
 1060      5C446179 
 1060      3034395F 
 1060      424C455F 
 1060      4D657368 
 1061 08d5 5F50536F 		.ascii	"_PSoC4BLE.cydsn\\WDT.c\000"
 1061      4334424C 
 1061      452E6379 
 1061      64736E5C 
 1061      5744542E 
 1062              	.LASF77:
 1063 08eb 4359424C 		.ascii	"CYBLE_EVT_L2CAP_COMMAND_REJ\000"
 1063      455F4556 
 1063      545F4C32 
 1063      4341505F 
 1063      434F4D4D 
 1064              	.LASF9:
 1065 0907 75696E74 		.ascii	"uint8\000"
 1065      3800
 1066              	.LASF117:
 1067 090d 666C6167 		.ascii	"flag_Timer\000"
 1067      5F54696D 
 1067      657200
 1068              	.LASF103:
 1069 0918 4359424C 		.ascii	"CYBLE_SRVI_HTS\000"
 1069      455F5352 
 1069      56495F48 
 1069      545300
 1070              	.LASF60:
 1071 0927 4359424C 		.ascii	"CYBLE_EVT_GATTC_READ_BLOB_RSP\000"
 1071      455F4556 
 1071      545F4741 
ARM GAS  C:\Users\User\AppData\Local\Temp\cc3pWpp2.s 			page 27


 1071      5454435F 
 1071      52454144 
 1072              	.LASF99:
 1073 0945 4359424C 		.ascii	"CYBLE_SRVI_GAP\000"
 1073      455F5352 
 1073      56495F47 
 1073      415000
 1074              	.LASF67:
 1075 0954 4359424C 		.ascii	"CYBLE_EVT_GATTC_EXEC_WRITE_RSP\000"
 1075      455F4556 
 1075      545F4741 
 1075      5454435F 
 1075      45584543 
 1076              	.LASF11:
 1077 0973 75696E74 		.ascii	"uint32\000"
 1077      333200
 1078              	.LASF86:
 1079 097a 4359424C 		.ascii	"CYBLE_EVT_PENDING_FLASH_WRITE\000"
 1079      455F4556 
 1079      545F5045 
 1079      4E44494E 
 1079      475F464C 
 1080              	.LASF83:
 1081 0998 4359424C 		.ascii	"CYBLE_EVT_L2CAP_CBFC_RX_CREDIT_IND\000"
 1081      455F4556 
 1081      545F4C32 
 1081      4341505F 
 1081      43424643 
 1082              	.LASF43:
 1083 09bb 4359424C 		.ascii	"CYBLE_EVT_GAP_ENHANCE_CONN_COMPLETE\000"
 1083      455F4556 
 1083      545F4741 
 1083      505F454E 
 1083      48414E43 
 1084              	.LASF13:
 1085 09df 646F7562 		.ascii	"double\000"
 1085      6C6500
 1086              	.LASF84:
 1087 09e6 4359424C 		.ascii	"CYBLE_EVT_L2CAP_CBFC_TX_CREDIT_IND\000"
 1087      455F4556 
 1087      545F4C32 
 1087      4341505F 
 1087      43424643 
 1088              	.LASF108:
 1089 0a09 6973725F 		.ascii	"isr_WDT_ClearPending\000"
 1089      5744545F 
 1089      436C6561 
 1089      7250656E 
 1089      64696E67 
 1090              	.LASF32:
 1091 0a1e 4359424C 		.ascii	"CYBLE_EVT_GAPP_ADVERTISEMENT_START_STOP\000"
 1091      455F4556 
 1091      545F4741 
 1091      50505F41 
 1091      44564552 
 1092              	.LASF22:
 1093 0a46 4359424C 		.ascii	"CYBLE_EVT_HARDWARE_ERROR\000"
ARM GAS  C:\Users\User\AppData\Local\Temp\cc3pWpp2.s 			page 28


 1093      455F4556 
 1093      545F4841 
 1093      52445741 
 1093      52455F45 
 1094              	.LASF82:
 1095 0a5f 4359424C 		.ascii	"CYBLE_EVT_L2CAP_CBFC_DATA_READ\000"
 1095      455F4556 
 1095      545F4C32 
 1095      4341505F 
 1095      43424643 
 1096              	.LASF110:
 1097 0a7e 4F6E6557 		.ascii	"OneWire_DataReady\000"
 1097      6972655F 
 1097      44617461 
 1097      52656164 
 1097      7900
 1098              	.LASF26:
 1099 0a90 4359424C 		.ascii	"CYBLE_EVT_GAPC_SCAN_PROGRESS_RESULT\000"
 1099      455F4556 
 1099      545F4741 
 1099      50435F53 
 1099      43414E5F 
 1100              	.LASF16:
 1101 0ab4 70726573 		.ascii	"present\000"
 1101      656E7400 
 1102              	.LASF92:
 1103 0abc 4359424C 		.ascii	"CYBLE_HTS_TEMP_TYPE\000"
 1103      455F4854 
 1103      535F5445 
 1103      4D505F54 
 1103      59504500 
 1104              	.LASF55:
 1105 0ad0 4359424C 		.ascii	"CYBLE_EVT_GATTC_READ_BY_GROUP_TYPE_RSP\000"
 1105      455F4556 
 1105      545F4741 
 1105      5454435F 
 1105      52454144 
 1106              	.LASF64:
 1107 0af7 4359424C 		.ascii	"CYBLE_EVT_GATTS_WRITE_CMD_REQ\000"
 1107      455F4556 
 1107      545F4741 
 1107      5454535F 
 1107      57524954 
 1108              	.LASF54:
 1109 0b15 4359424C 		.ascii	"CYBLE_EVT_GATTC_XCHNG_MTU_RSP\000"
 1109      455F4556 
 1109      545F4741 
 1109      5454435F 
 1109      5843484E 
 1110              	.LASF116:
 1111 0b33 6D617463 		.ascii	"match_val\000"
 1111      685F7661 
 1111      6C00
 1112              	.LASF21:
 1113 0b3d 4359424C 		.ascii	"CYBLE_EVT_TIMEOUT\000"
 1113      455F4556 
 1113      545F5449 
ARM GAS  C:\Users\User\AppData\Local\Temp\cc3pWpp2.s 			page 29


 1113      4D454F55 
 1113      5400
 1114              	.LASF15:
 1115 0b4f 54656D70 		.ascii	"Temperature\000"
 1115      65726174 
 1115      75726500 
 1116              	.LASF37:
 1117 0b5b 4359424C 		.ascii	"CYBLE_EVT_GAPC_SCAN_START_STOP\000"
 1117      455F4556 
 1117      545F4741 
 1117      50435F53 
 1117      43414E5F 
 1118              	.LASF90:
 1119 0b7a 4359424C 		.ascii	"CYBLE_EVT_MAX\000"
 1119      455F4556 
 1119      545F4D41 
 1119      5800
 1120              	.LASF73:
 1121 0b88 4359424C 		.ascii	"CYBLE_EVT_GATTS_READ_CHAR_VAL_ACCESS_REQ\000"
 1121      455F4556 
 1121      545F4741 
 1121      5454535F 
 1121      52454144 
 1122              	.LASF72:
 1123 0bb1 4359424C 		.ascii	"CYBLE_EVT_GATTC_STOP_CMD_COMPLETE\000"
 1123      455F4556 
 1123      545F4741 
 1123      5454435F 
 1123      53544F50 
 1124              	.LASF66:
 1125 0bd3 4359424C 		.ascii	"CYBLE_EVT_GATTS_EXEC_WRITE_REQ\000"
 1125      455F4556 
 1125      545F4741 
 1125      5454535F 
 1125      45584543 
 1126              	.LASF34:
 1127 0bf2 4359424C 		.ascii	"CYBLE_EVT_GAP_DEVICE_DISCONNECTED\000"
 1127      455F4556 
 1127      545F4741 
 1127      505F4445 
 1127      56494345 
 1128              	.LASF96:
 1129 0c14 4359424C 		.ascii	"CYBLE_HTS_CCCD\000"
 1129      455F4854 
 1129      535F4343 
 1129      434400
 1130              	.LASF106:
 1131 0c23 5744545F 		.ascii	"WDT_INT_Handler\000"
 1131      494E545F 
 1131      48616E64 
 1131      6C657200 
 1132              	.LASF71:
 1133 0c33 4359424C 		.ascii	"CYBLE_EVT_GATTS_DATA_SIGNED_CMD_REQ\000"
 1133      455F4556 
 1133      545F4741 
 1133      5454535F 
 1133      44415441 
ARM GAS  C:\Users\User\AppData\Local\Temp\cc3pWpp2.s 			page 30


 1134              	.LASF88:
 1135 0c57 4359424C 		.ascii	"CYBLE_EVT_HCI_PKT\000"
 1135      455F4556 
 1135      545F4843 
 1135      495F504B 
 1135      5400
 1136              	.LASF41:
 1137 0c69 4359424C 		.ascii	"CYBLE_EVT_GAP_OOB_GENERATED_NOTIFICATION\000"
 1137      455F4556 
 1137      545F4741 
 1137      505F4F4F 
 1137      425F4745 
 1138              		.ident	"GCC: (GNU Tools for ARM Embedded Processors) 5.4.1 20160609 (release) [ARM/embedded-5-bran
