ARM GAS  C:\Users\User\AppData\Local\Temp\cc2Q0dtc.s 			page 1


   1              		.syntax unified
   2              		.cpu cortex-m0
   3              		.fpu softvfp
   4              		.eabi_attribute 20, 1
   5              		.eabi_attribute 21, 1
   6              		.eabi_attribute 23, 3
   7              		.eabi_attribute 24, 1
   8              		.eabi_attribute 25, 1
   9              		.eabi_attribute 26, 1
  10              		.eabi_attribute 30, 6
  11              		.eabi_attribute 34, 0
  12              		.eabi_attribute 18, 4
  13              		.thumb
  14              		.syntax unified
  15              		.file	"CommonFunctions.c"
  16              		.text
  17              	.Ltext0:
  18              		.cfi_sections	.debug_frame
  19              		.comm	OneWire_Sensor,32,4
  20              		.comm	OneWire_DataReady,1,1
  21              		.bss
  22              	flag_Timer:
  23 0000 00       		.space	1
  24              		.global	SystemFlag
  25 0001 000000   		.align	2
  26              		.type	SystemFlag, %object
  27              		.size	SystemFlag, 4
  28              	SystemFlag:
  29 0004 00000000 		.space	4
  30              		.section	.rodata
  31              		.align	2
  32              	.LC0:
  33 0000 54656D70 		.ascii	"Temperature sensor DS18S20:\015\012\000"
  33      65726174 
  33      75726520 
  33      73656E73 
  33      6F722044 
  34              		.section	.text.InitializeSystem,"ax",%progbits
  35              		.align	2
  36              		.global	InitializeSystem
  37              		.code	16
  38              		.thumb_func
  39              		.type	InitializeSystem, %function
  40              	InitializeSystem:
  41              	.LFB35:
  42              		.file 1 "CommonFunctions.c"
   1:CommonFunctions.c **** /****************************************************************************
   2:CommonFunctions.c **** * File Name: CommonFunctions.c
   3:CommonFunctions.c **** *
   4:CommonFunctions.c **** * Description:
   5:CommonFunctions.c **** * This file implements the common functions used by the application.
   6:CommonFunctions.c **** *
   7:CommonFunctions.c **** *****************************************************************************/
   8:CommonFunctions.c **** 
   9:CommonFunctions.c **** 
  10:CommonFunctions.c **** /*****************************************************************************
  11:CommonFunctions.c **** * Included headers
ARM GAS  C:\Users\User\AppData\Local\Temp\cc2Q0dtc.s 			page 2


  12:CommonFunctions.c **** *****************************************************************************/
  13:CommonFunctions.c **** #include "CommonFunctions.h"
  14:CommonFunctions.c **** #include "BLE_HTSS.h"
  15:CommonFunctions.c **** #include "Temperature.h"
  16:CommonFunctions.c **** 
  17:CommonFunctions.c **** /* System Flag used to indicate system status */
  18:CommonFunctions.c **** uint32 SystemFlag = 0;
  19:CommonFunctions.c **** 
  20:CommonFunctions.c **** 
  21:CommonFunctions.c **** /*****************************************************************************
  22:CommonFunctions.c **** * Function Name: InitializeSystem()
  23:CommonFunctions.c **** ******************************************************************************
  24:CommonFunctions.c **** * Summary:
  25:CommonFunctions.c **** * Initializes the complete system resources. 
  26:CommonFunctions.c **** *
  27:CommonFunctions.c **** * Parameters:
  28:CommonFunctions.c **** * None
  29:CommonFunctions.c **** *
  30:CommonFunctions.c **** * Return:
  31:CommonFunctions.c **** * None
  32:CommonFunctions.c **** *
  33:CommonFunctions.c **** * Theory:
  34:CommonFunctions.c **** * Initializes the system resources - enables BLE, starts UART and OneWire
  35:CommonFunctions.c **** * interrupt and drives the reference signals for temperature measurement. 
  36:CommonFunctions.c **** *
  37:CommonFunctions.c **** *****************************************************************************/
  38:CommonFunctions.c **** void InitializeSystem (void)
  39:CommonFunctions.c **** {
  43              		.loc 1 39 0
  44              		.cfi_startproc
  45              		@ args = 0, pretend = 0, frame = 0
  46              		@ frame_needed = 1, uses_anonymous_args = 0
  47 0000 80B5     		push	{r7, lr}
  48              		.cfi_def_cfa_offset 8
  49              		.cfi_offset 7, -8
  50              		.cfi_offset 14, -4
  51 0002 00AF     		add	r7, sp, #0
  52              		.cfi_def_cfa_register 7
  40:CommonFunctions.c ****     CyGlobalIntEnable;
  53              		.loc 1 40 0
  54              		.syntax divided
  55              	@ 40 "CommonFunctions.c" 1
  56 0004 62B6     		CPSIE   i
  57              	@ 0 "" 2
  41:CommonFunctions.c ****     
  42:CommonFunctions.c ****     /* Enable BLE and related resouces */
  43:CommonFunctions.c ****     EnableBLE();
  58              		.loc 1 43 0
  59              		.thumb
  60              		.syntax unified
  61 0006 FFF7FEFF 		bl	EnableBLE
  44:CommonFunctions.c ****     
  45:CommonFunctions.c ****     /* Start UART */
  46:CommonFunctions.c ****     UART_DEB_Start();
  62              		.loc 1 46 0
  63 000a FFF7FEFF 		bl	UART_DEB_Start
  47:CommonFunctions.c ****     CyDelay(100);// waiting for clear start after power on
ARM GAS  C:\Users\User\AppData\Local\Temp\cc2Q0dtc.s 			page 3


  64              		.loc 1 47 0
  65 000e 6420     		movs	r0, #100
  66 0010 FFF7FEFF 		bl	CyDelay
  48:CommonFunctions.c ****     UART_DEB_UartPutCRLF(' ');
  67              		.loc 1 48 0
  68 0014 2020     		movs	r0, #32
  69 0016 FFF7FEFF 		bl	UART_DEB_UartPutCRLF
  49:CommonFunctions.c ****     UART_DEB_UartPutString("Temperature sensor DS18S20:\r\n");
  70              		.loc 1 49 0
  71 001a 064B     		ldr	r3, .L2
  72 001c 1800     		movs	r0, r3
  73 001e FFF7FEFF 		bl	UART_DEB_UartPutString
  50:CommonFunctions.c ****     
  51:CommonFunctions.c ****     /* Start OneWire */
  52:CommonFunctions.c ****     OneWire_Start();
  74              		.loc 1 52 0
  75 0022 FFF7FEFF 		bl	OneWire_Start
  53:CommonFunctions.c ****     isr_Timer_StartEx(isr_Timer);
  76              		.loc 1 53 0
  77 0026 044B     		ldr	r3, .L2+4
  78 0028 1800     		movs	r0, r3
  79 002a FFF7FEFF 		bl	isr_Timer_StartEx
  54:CommonFunctions.c **** }
  80              		.loc 1 54 0
  81 002e C046     		nop
  82 0030 BD46     		mov	sp, r7
  83              		@ sp needed
  84 0032 80BD     		pop	{r7, pc}
  85              	.L3:
  86              		.align	2
  87              	.L2:
  88 0034 00000000 		.word	.LC0
  89 0038 00000000 		.word	isr_Timer
  90              		.cfi_endproc
  91              	.LFE35:
  92              		.size	InitializeSystem, .-InitializeSystem
  93              		.text
  94              	.Letext0:
  95              		.file 2 "Generated_Source\\PSoC4/cytypes.h"
  96              		.file 3 "Generated_Source\\PSoC4/OneWire.h"
  97              		.file 4 "Generated_Source\\PSoC4/BLE_Stack.h"
  98              		.file 5 "Generated_Source\\PSoC4/BLE_dis.h"
  99              		.file 6 "Generated_Source\\PSoC4/BLE_hts.h"
 100              		.file 7 "Temperature.h"
 101              		.section	.debug_info,"",%progbits
 102              	.Ldebug_info0:
 103 0000 8F030000 		.4byte	0x38f
 104 0004 0400     		.2byte	0x4
 105 0006 00000000 		.4byte	.Ldebug_abbrev0
 106 000a 04       		.byte	0x4
 107 000b 01       		.uleb128 0x1
 108 000c BA040000 		.4byte	.LASF112
 109 0010 0C       		.byte	0xc
 110 0011 79000000 		.4byte	.LASF113
 111 0015 89040000 		.4byte	.LASF114
 112 0019 00000000 		.4byte	.Ldebug_ranges0+0
 113 001d 00000000 		.4byte	0
ARM GAS  C:\Users\User\AppData\Local\Temp\cc2Q0dtc.s 			page 4


 114 0021 00000000 		.4byte	.Ldebug_line0
 115 0025 02       		.uleb128 0x2
 116 0026 01       		.byte	0x1
 117 0027 06       		.byte	0x6
 118 0028 36060000 		.4byte	.LASF0
 119 002c 02       		.uleb128 0x2
 120 002d 01       		.byte	0x1
 121 002e 08       		.byte	0x8
 122 002f CC050000 		.4byte	.LASF1
 123 0033 02       		.uleb128 0x2
 124 0034 02       		.byte	0x2
 125 0035 05       		.byte	0x5
 126 0036 AF000000 		.4byte	.LASF2
 127 003a 02       		.uleb128 0x2
 128 003b 02       		.byte	0x2
 129 003c 07       		.byte	0x7
 130 003d 91070000 		.4byte	.LASF3
 131 0041 02       		.uleb128 0x2
 132 0042 04       		.byte	0x4
 133 0043 05       		.byte	0x5
 134 0044 AD030000 		.4byte	.LASF4
 135 0048 02       		.uleb128 0x2
 136 0049 04       		.byte	0x4
 137 004a 07       		.byte	0x7
 138 004b E4060000 		.4byte	.LASF5
 139 004f 02       		.uleb128 0x2
 140 0050 08       		.byte	0x8
 141 0051 05       		.byte	0x5
 142 0052 59010000 		.4byte	.LASF6
 143 0056 02       		.uleb128 0x2
 144 0057 08       		.byte	0x8
 145 0058 07       		.byte	0x7
 146 0059 75030000 		.4byte	.LASF7
 147 005d 03       		.uleb128 0x3
 148 005e 04       		.byte	0x4
 149 005f 05       		.byte	0x5
 150 0060 696E7400 		.ascii	"int\000"
 151 0064 02       		.uleb128 0x2
 152 0065 04       		.byte	0x4
 153 0066 07       		.byte	0x7
 154 0067 9F060000 		.4byte	.LASF8
 155 006b 04       		.uleb128 0x4
 156 006c 9E080000 		.4byte	.LASF9
 157 0070 02       		.byte	0x2
 158 0071 E601     		.2byte	0x1e6
 159 0073 2C000000 		.4byte	0x2c
 160 0077 04       		.uleb128 0x4
 161 0078 3D020000 		.4byte	.LASF10
 162 007c 02       		.byte	0x2
 163 007d E701     		.2byte	0x1e7
 164 007f 3A000000 		.4byte	0x3a
 165 0083 04       		.uleb128 0x4
 166 0084 04090000 		.4byte	.LASF11
 167 0088 02       		.byte	0x2
 168 0089 E801     		.2byte	0x1e8
 169 008b 48000000 		.4byte	0x48
 170 008f 02       		.uleb128 0x2
ARM GAS  C:\Users\User\AppData\Local\Temp\cc2Q0dtc.s 			page 5


 171 0090 04       		.byte	0x4
 172 0091 04       		.byte	0x4
 173 0092 0C030000 		.4byte	.LASF12
 174 0096 02       		.uleb128 0x2
 175 0097 08       		.byte	0x8
 176 0098 04       		.byte	0x4
 177 0099 70090000 		.4byte	.LASF13
 178 009d 02       		.uleb128 0x2
 179 009e 01       		.byte	0x1
 180 009f 08       		.byte	0x8
 181 00a0 2C080000 		.4byte	.LASF14
 182 00a4 05       		.uleb128 0x5
 183 00a5 6B000000 		.4byte	0x6b
 184 00a9 06       		.uleb128 0x6
 185 00aa 8A050000 		.4byte	.LASF115
 186 00ae 04       		.byte	0x4
 187 00af 03       		.byte	0x3
 188 00b0 30       		.byte	0x30
 189 00b1 CE000000 		.4byte	0xce
 190 00b5 07       		.uleb128 0x7
 191 00b6 FE0A0000 		.4byte	.LASF15
 192 00ba 03       		.byte	0x3
 193 00bb 31       		.byte	0x31
 194 00bc 77000000 		.4byte	0x77
 195 00c0 00       		.byte	0
 196 00c1 07       		.uleb128 0x7
 197 00c2 5D0A0000 		.4byte	.LASF16
 198 00c6 03       		.byte	0x3
 199 00c7 32       		.byte	0x32
 200 00c8 6B000000 		.4byte	0x6b
 201 00cc 02       		.byte	0x2
 202 00cd 00       		.byte	0
 203 00ce 02       		.uleb128 0x2
 204 00cf 08       		.byte	0x8
 205 00d0 04       		.byte	0x4
 206 00d1 9A050000 		.4byte	.LASF17
 207 00d5 02       		.uleb128 0x2
 208 00d6 04       		.byte	0x4
 209 00d7 07       		.byte	0x7
 210 00d8 F1000000 		.4byte	.LASF18
 211 00dc 08       		.uleb128 0x8
 212 00dd 01       		.byte	0x1
 213 00de 2C000000 		.4byte	0x2c
 214 00e2 04       		.byte	0x4
 215 00e3 4D01     		.2byte	0x14d
 216 00e5 9A020000 		.4byte	0x29a
 217 00e9 09       		.uleb128 0x9
 218 00ea A8020000 		.4byte	.LASF19
 219 00ee 00       		.byte	0
 220 00ef 09       		.uleb128 0x9
 221 00f0 D7010000 		.4byte	.LASF20
 222 00f4 01       		.byte	0x1
 223 00f5 09       		.uleb128 0x9
 224 00f6 EC0A0000 		.4byte	.LASF21
 225 00fa 02       		.byte	0x2
 226 00fb 09       		.uleb128 0x9
 227 00fc D3090000 		.4byte	.LASF22
ARM GAS  C:\Users\User\AppData\Local\Temp\cc2Q0dtc.s 			page 6


 228 0100 03       		.byte	0x3
 229 0101 09       		.uleb128 0x9
 230 0102 64000000 		.4byte	.LASF23
 231 0106 04       		.byte	0x4
 232 0107 09       		.uleb128 0x9
 233 0108 56040000 		.4byte	.LASF24
 234 010c 05       		.byte	0x5
 235 010d 09       		.uleb128 0x9
 236 010e 31000000 		.4byte	.LASF25
 237 0112 06       		.byte	0x6
 238 0113 09       		.uleb128 0x9
 239 0114 1D0A0000 		.4byte	.LASF26
 240 0118 20       		.byte	0x20
 241 0119 09       		.uleb128 0x9
 242 011a 01070000 		.4byte	.LASF27
 243 011e 21       		.byte	0x21
 244 011f 09       		.uleb128 0x9
 245 0120 AF090000 		.4byte	.LASF28
 246 0124 22       		.byte	0x22
 247 0125 09       		.uleb128 0x9
 248 0126 78080000 		.4byte	.LASF29
 249 012a 23       		.byte	0x23
 250 012b 09       		.uleb128 0x9
 251 012c 83060000 		.4byte	.LASF30
 252 0130 24       		.byte	0x24
 253 0131 09       		.uleb128 0x9
 254 0132 B9000000 		.4byte	.LASF31
 255 0136 25       		.byte	0x25
 256 0137 09       		.uleb128 0x9
 257 0138 0D040000 		.4byte	.LASF32
 258 013c 26       		.byte	0x26
 259 013d 09       		.uleb128 0x9
 260 013e EE030000 		.4byte	.LASF33
 261 0142 27       		.byte	0x27
 262 0143 09       		.uleb128 0x9
 263 0144 A10B0000 		.4byte	.LASF34
 264 0148 28       		.byte	0x28
 265 0149 09       		.uleb128 0x9
 266 014a 39070000 		.4byte	.LASF35
 267 014e 29       		.byte	0x29
 268 014f 09       		.uleb128 0x9
 269 0150 CD070000 		.4byte	.LASF36
 270 0154 2A       		.byte	0x2a
 271 0155 09       		.uleb128 0x9
 272 0156 0A0B0000 		.4byte	.LASF37
 273 015a 2B       		.byte	0x2b
 274 015b 09       		.uleb128 0x9
 275 015c 44020000 		.4byte	.LASF38
 276 0160 2C       		.byte	0x2c
 277 0161 09       		.uleb128 0x9
 278 0162 2B030000 		.4byte	.LASF39
 279 0166 2D       		.byte	0x2d
 280 0167 09       		.uleb128 0x9
 281 0168 8B000000 		.4byte	.LASF40
 282 016c 2E       		.byte	0x2e
 283 016d 09       		.uleb128 0x9
 284 016e 1C0C0000 		.4byte	.LASF41
ARM GAS  C:\Users\User\AppData\Local\Temp\cc2Q0dtc.s 			page 7


 285 0172 2F       		.byte	0x2f
 286 0173 09       		.uleb128 0x9
 287 0174 FA000000 		.4byte	.LASF42
 288 0178 30       		.byte	0x30
 289 0179 09       		.uleb128 0x9
 290 017a 4C090000 		.4byte	.LASF43
 291 017e 31       		.byte	0x31
 292 017f 09       		.uleb128 0x9
 293 0180 54030000 		.4byte	.LASF44
 294 0184 32       		.byte	0x32
 295 0185 09       		.uleb128 0x9
 296 0186 F6070000 		.4byte	.LASF45
 297 018a 33       		.byte	0x33
 298 018b 09       		.uleb128 0x9
 299 018c 56070000 		.4byte	.LASF46
 300 0190 34       		.byte	0x34
 301 0191 09       		.uleb128 0x9
 302 0192 AC060000 		.4byte	.LASF47
 303 0196 35       		.byte	0x35
 304 0197 09       		.uleb128 0x9
 305 0198 8C030000 		.4byte	.LASF48
 306 019c 36       		.byte	0x36
 307 019d 09       		.uleb128 0x9
 308 019e EA010000 		.4byte	.LASF49
 309 01a2 37       		.byte	0x37
 310 01a3 09       		.uleb128 0x9
 311 01a4 4A000000 		.4byte	.LASF50
 312 01a8 40       		.byte	0x40
 313 01a9 09       		.uleb128 0x9
 314 01aa C9060000 		.4byte	.LASF51
 315 01ae 41       		.byte	0x41
 316 01af 09       		.uleb128 0x9
 317 01b0 D3000000 		.4byte	.LASF52
 318 01b4 42       		.byte	0x42
 319 01b5 09       		.uleb128 0x9
 320 01b6 1F020000 		.4byte	.LASF53
 321 01ba 43       		.byte	0x43
 322 01bb 09       		.uleb128 0x9
 323 01bc B70A0000 		.4byte	.LASF54
 324 01c0 44       		.byte	0x44
 325 01c1 09       		.uleb128 0x9
 326 01c2 790A0000 		.4byte	.LASF55
 327 01c6 45       		.byte	0x45
 328 01c7 09       		.uleb128 0x9
 329 01c8 B6010000 		.4byte	.LASF56
 330 01cc 46       		.byte	0x46
 331 01cd 09       		.uleb128 0x9
 332 01ce 18060000 		.4byte	.LASF57
 333 01d2 47       		.byte	0x47
 334 01d3 09       		.uleb128 0x9
 335 01d4 5C060000 		.4byte	.LASF58
 336 01d8 48       		.byte	0x48
 337 01d9 09       		.uleb128 0x9
 338 01da 12030000 		.4byte	.LASF59
 339 01de 49       		.byte	0x49
 340 01df 09       		.uleb128 0x9
 341 01e0 C7080000 		.4byte	.LASF60
ARM GAS  C:\Users\User\AppData\Local\Temp\cc2Q0dtc.s 			page 8


 342 01e4 4A       		.byte	0x4a
 343 01e5 09       		.uleb128 0x9
 344 01e6 68020000 		.4byte	.LASF61
 345 01ea 4B       		.byte	0x4b
 346 01eb 09       		.uleb128 0x9
 347 01ec 42060000 		.4byte	.LASF62
 348 01f0 4C       		.byte	0x4c
 349 01f1 09       		.uleb128 0x9
 350 01f2 9C010000 		.4byte	.LASF63
 351 01f6 4D       		.byte	0x4d
 352 01f7 09       		.uleb128 0x9
 353 01f8 7E010000 		.4byte	.LASF64
 354 01fc 4E       		.byte	0x4e
 355 01fd 09       		.uleb128 0x9
 356 01fe DA050000 		.4byte	.LASF65
 357 0202 4F       		.byte	0x4f
 358 0203 09       		.uleb128 0x9
 359 0204 820B0000 		.4byte	.LASF66
 360 0208 50       		.byte	0x50
 361 0209 09       		.uleb128 0x9
 362 020a E5080000 		.4byte	.LASF67
 363 020e 51       		.byte	0x51
 364 020f 09       		.uleb128 0x9
 365 0210 35040000 		.4byte	.LASF68
 366 0214 52       		.byte	0x52
 367 0215 09       		.uleb128 0x9
 368 0216 B6030000 		.4byte	.LASF69
 369 021a 53       		.byte	0x53
 370 021b 09       		.uleb128 0x9
 371 021c 87020000 		.4byte	.LASF70
 372 0220 54       		.byte	0x54
 373 0221 09       		.uleb128 0x9
 374 0222 D20B0000 		.4byte	.LASF71
 375 0226 55       		.byte	0x55
 376 0227 09       		.uleb128 0x9
 377 0228 600B0000 		.4byte	.LASF72
 378 022c 56       		.byte	0x56
 379 022d 09       		.uleb128 0x9
 380 022e 370B0000 		.4byte	.LASF73
 381 0232 57       		.byte	0x57
 382 0233 09       		.uleb128 0x9
 383 0234 6E070000 		.4byte	.LASF74
 384 0238 58       		.byte	0x58
 385 0239 09       		.uleb128 0x9
 386 023a A6050000 		.4byte	.LASF75
 387 023e 70       		.byte	0x70
 388 023f 09       		.uleb128 0x9
 389 0240 1B010000 		.4byte	.LASF76
 390 0244 71       		.byte	0x71
 391 0245 09       		.uleb128 0x9
 392 0246 5C080000 		.4byte	.LASF77
 393 024a 72       		.byte	0x72
 394 024b 09       		.uleb128 0x9
 395 024c BF020000 		.4byte	.LASF78
 396 0250 73       		.byte	0x73
 397 0251 09       		.uleb128 0x9
 398 0252 6C050000 		.4byte	.LASF79
ARM GAS  C:\Users\User\AppData\Local\Temp\cc2Q0dtc.s 			page 9


 399 0256 74       		.byte	0x74
 400 0257 09       		.uleb128 0x9
 401 0258 18070000 		.4byte	.LASF80
 402 025c 75       		.byte	0x75
 403 025d 09       		.uleb128 0x9
 404 025e EB020000 		.4byte	.LASF81
 405 0262 76       		.byte	0x76
 406 0263 09       		.uleb128 0x9
 407 0264 EC090000 		.4byte	.LASF82
 408 0268 77       		.byte	0x77
 409 0269 09       		.uleb128 0x9
 410 026a 29090000 		.4byte	.LASF83
 411 026e 78       		.byte	0x78
 412 026f 09       		.uleb128 0x9
 413 0270 77090000 		.4byte	.LASF84
 414 0274 79       		.byte	0x79
 415 0275 09       		.uleb128 0x9
 416 0276 48050000 		.4byte	.LASF85
 417 027a 7A       		.byte	0x7a
 418 027b 09       		.uleb128 0x9
 419 027c 0B090000 		.4byte	.LASF86
 420 0280 FA       		.byte	0xfa
 421 0281 09       		.uleb128 0x9
 422 0282 F9050000 		.4byte	.LASF87
 423 0286 FB       		.byte	0xfb
 424 0287 09       		.uleb128 0x9
 425 0288 F60B0000 		.4byte	.LASF88
 426 028c FC       		.byte	0xfc
 427 028d 09       		.uleb128 0x9
 428 028e B5070000 		.4byte	.LASF89
 429 0292 FD       		.byte	0xfd
 430 0293 09       		.uleb128 0x9
 431 0294 290B0000 		.4byte	.LASF90
 432 0298 FF       		.byte	0xff
 433 0299 00       		.byte	0
 434 029a 0A       		.uleb128 0xa
 435 029b 01       		.byte	0x1
 436 029c 2C000000 		.4byte	0x2c
 437 02a0 05       		.byte	0x5
 438 02a1 22       		.byte	0x22
 439 02a2 E3020000 		.4byte	0x2e3
 440 02a6 09       		.uleb128 0x9
 441 02a7 410A0000 		.4byte	.LASF91
 442 02ab 00       		.byte	0
 443 02ac 09       		.uleb128 0x9
 444 02ad 72040000 		.4byte	.LASF92
 445 02b1 01       		.byte	0x1
 446 02b2 09       		.uleb128 0x9
 447 02b3 41010000 		.4byte	.LASF93
 448 02b7 02       		.byte	0x2
 449 02b8 09       		.uleb128 0x9
 450 02b9 D50A0000 		.4byte	.LASF94
 451 02bd 03       		.byte	0x3
 452 02be 09       		.uleb128 0x9
 453 02bf A00A0000 		.4byte	.LASF95
 454 02c3 04       		.byte	0x4
 455 02c4 09       		.uleb128 0x9
ARM GAS  C:\Users\User\AppData\Local\Temp\cc2Q0dtc.s 			page 10


 456 02c5 67010000 		.4byte	.LASF96
 457 02c9 05       		.byte	0x5
 458 02ca 09       		.uleb128 0x9
 459 02cb 080C0000 		.4byte	.LASF97
 460 02cf 06       		.byte	0x6
 461 02d0 09       		.uleb128 0x9
 462 02d1 AF080000 		.4byte	.LASF98
 463 02d5 07       		.byte	0x7
 464 02d6 09       		.uleb128 0x9
 465 02d7 450C0000 		.4byte	.LASF99
 466 02db 08       		.byte	0x8
 467 02dc 09       		.uleb128 0x9
 468 02dd 9A090000 		.4byte	.LASF100
 469 02e1 09       		.byte	0x9
 470 02e2 00       		.byte	0
 471 02e3 0A       		.uleb128 0xa
 472 02e4 01       		.byte	0x1
 473 02e5 2C000000 		.4byte	0x2c
 474 02e9 06       		.byte	0x6
 475 02ea 21       		.byte	0x21
 476 02eb 0E030000 		.4byte	0x30e
 477 02ef 09       		.uleb128 0x9
 478 02f0 D7030000 		.4byte	.LASF101
 479 02f4 00       		.byte	0
 480 02f5 09       		.uleb128 0x9
 481 02f6 650A0000 		.4byte	.LASF102
 482 02fa 01       		.byte	0x1
 483 02fb 09       		.uleb128 0x9
 484 02fc 31080000 		.4byte	.LASF103
 485 0300 02       		.byte	0x2
 486 0301 09       		.uleb128 0x9
 487 0302 00000000 		.4byte	.LASF104
 488 0306 03       		.byte	0x3
 489 0307 09       		.uleb128 0x9
 490 0308 47080000 		.4byte	.LASF105
 491 030c 04       		.byte	0x4
 492 030d 00       		.byte	0
 493 030e 0A       		.uleb128 0xa
 494 030f 01       		.byte	0x1
 495 0310 2C000000 		.4byte	0x2c
 496 0314 06       		.byte	0x6
 497 0315 2C       		.byte	0x2c
 498 0316 2D030000 		.4byte	0x32d
 499 031a 09       		.uleb128 0x9
 500 031b C30B0000 		.4byte	.LASF106
 501 031f 00       		.byte	0
 502 0320 09       		.uleb128 0x9
 503 0321 DD020000 		.4byte	.LASF107
 504 0325 01       		.byte	0x1
 505 0326 09       		.uleb128 0x9
 506 0327 1B000000 		.4byte	.LASF108
 507 032b 02       		.byte	0x2
 508 032c 00       		.byte	0
 509 032d 0B       		.uleb128 0xb
 510 032e A4070000 		.4byte	.LASF116
 511 0332 01       		.byte	0x1
 512 0333 26       		.byte	0x26
ARM GAS  C:\Users\User\AppData\Local\Temp\cc2Q0dtc.s 			page 11


 513 0334 00000000 		.4byte	.LFB35
 514 0338 3C000000 		.4byte	.LFE35-.LFB35
 515 033c 01       		.uleb128 0x1
 516 033d 9C       		.byte	0x9c
 517 033e 0C       		.uleb128 0xc
 518 033f A4080000 		.4byte	.LASF117
 519 0343 07       		.byte	0x7
 520 0344 11       		.byte	0x11
 521 0345 A4000000 		.4byte	0xa4
 522 0349 05       		.uleb128 0x5
 523 034a 03       		.byte	0x3
 524 034b 00000000 		.4byte	flag_Timer
 525 034f 0D       		.uleb128 0xd
 526 0350 A9000000 		.4byte	0xa9
 527 0354 5F030000 		.4byte	0x35f
 528 0358 0E       		.uleb128 0xe
 529 0359 D5000000 		.4byte	0xd5
 530 035d 07       		.byte	0x7
 531 035e 00       		.byte	0
 532 035f 0F       		.uleb128 0xf
 533 0360 1D080000 		.4byte	.LASF109
 534 0364 03       		.byte	0x3
 535 0365 34       		.byte	0x34
 536 0366 4F030000 		.4byte	0x34f
 537 036a 05       		.uleb128 0x5
 538 036b 03       		.byte	0x3
 539 036c 00000000 		.4byte	OneWire_Sensor
 540 0370 0F       		.uleb128 0xf
 541 0371 0B0A0000 		.4byte	.LASF110
 542 0375 03       		.byte	0x3
 543 0376 39       		.byte	0x39
 544 0377 A4000000 		.4byte	0xa4
 545 037b 05       		.uleb128 0x5
 546 037c 03       		.byte	0x3
 547 037d 00000000 		.4byte	OneWire_DataReady
 548 0381 0F       		.uleb128 0xf
 549 0382 F6060000 		.4byte	.LASF111
 550 0386 01       		.byte	0x1
 551 0387 12       		.byte	0x12
 552 0388 83000000 		.4byte	0x83
 553 038c 05       		.uleb128 0x5
 554 038d 03       		.byte	0x3
 555 038e 00000000 		.4byte	SystemFlag
 556 0392 00       		.byte	0
 557              		.section	.debug_abbrev,"",%progbits
 558              	.Ldebug_abbrev0:
 559 0000 01       		.uleb128 0x1
 560 0001 11       		.uleb128 0x11
 561 0002 01       		.byte	0x1
 562 0003 25       		.uleb128 0x25
 563 0004 0E       		.uleb128 0xe
 564 0005 13       		.uleb128 0x13
 565 0006 0B       		.uleb128 0xb
 566 0007 03       		.uleb128 0x3
 567 0008 0E       		.uleb128 0xe
 568 0009 1B       		.uleb128 0x1b
 569 000a 0E       		.uleb128 0xe
ARM GAS  C:\Users\User\AppData\Local\Temp\cc2Q0dtc.s 			page 12


 570 000b 55       		.uleb128 0x55
 571 000c 17       		.uleb128 0x17
 572 000d 11       		.uleb128 0x11
 573 000e 01       		.uleb128 0x1
 574 000f 10       		.uleb128 0x10
 575 0010 17       		.uleb128 0x17
 576 0011 00       		.byte	0
 577 0012 00       		.byte	0
 578 0013 02       		.uleb128 0x2
 579 0014 24       		.uleb128 0x24
 580 0015 00       		.byte	0
 581 0016 0B       		.uleb128 0xb
 582 0017 0B       		.uleb128 0xb
 583 0018 3E       		.uleb128 0x3e
 584 0019 0B       		.uleb128 0xb
 585 001a 03       		.uleb128 0x3
 586 001b 0E       		.uleb128 0xe
 587 001c 00       		.byte	0
 588 001d 00       		.byte	0
 589 001e 03       		.uleb128 0x3
 590 001f 24       		.uleb128 0x24
 591 0020 00       		.byte	0
 592 0021 0B       		.uleb128 0xb
 593 0022 0B       		.uleb128 0xb
 594 0023 3E       		.uleb128 0x3e
 595 0024 0B       		.uleb128 0xb
 596 0025 03       		.uleb128 0x3
 597 0026 08       		.uleb128 0x8
 598 0027 00       		.byte	0
 599 0028 00       		.byte	0
 600 0029 04       		.uleb128 0x4
 601 002a 16       		.uleb128 0x16
 602 002b 00       		.byte	0
 603 002c 03       		.uleb128 0x3
 604 002d 0E       		.uleb128 0xe
 605 002e 3A       		.uleb128 0x3a
 606 002f 0B       		.uleb128 0xb
 607 0030 3B       		.uleb128 0x3b
 608 0031 05       		.uleb128 0x5
 609 0032 49       		.uleb128 0x49
 610 0033 13       		.uleb128 0x13
 611 0034 00       		.byte	0
 612 0035 00       		.byte	0
 613 0036 05       		.uleb128 0x5
 614 0037 35       		.uleb128 0x35
 615 0038 00       		.byte	0
 616 0039 49       		.uleb128 0x49
 617 003a 13       		.uleb128 0x13
 618 003b 00       		.byte	0
 619 003c 00       		.byte	0
 620 003d 06       		.uleb128 0x6
 621 003e 13       		.uleb128 0x13
 622 003f 01       		.byte	0x1
 623 0040 03       		.uleb128 0x3
 624 0041 0E       		.uleb128 0xe
 625 0042 0B       		.uleb128 0xb
 626 0043 0B       		.uleb128 0xb
ARM GAS  C:\Users\User\AppData\Local\Temp\cc2Q0dtc.s 			page 13


 627 0044 3A       		.uleb128 0x3a
 628 0045 0B       		.uleb128 0xb
 629 0046 3B       		.uleb128 0x3b
 630 0047 0B       		.uleb128 0xb
 631 0048 01       		.uleb128 0x1
 632 0049 13       		.uleb128 0x13
 633 004a 00       		.byte	0
 634 004b 00       		.byte	0
 635 004c 07       		.uleb128 0x7
 636 004d 0D       		.uleb128 0xd
 637 004e 00       		.byte	0
 638 004f 03       		.uleb128 0x3
 639 0050 0E       		.uleb128 0xe
 640 0051 3A       		.uleb128 0x3a
 641 0052 0B       		.uleb128 0xb
 642 0053 3B       		.uleb128 0x3b
 643 0054 0B       		.uleb128 0xb
 644 0055 49       		.uleb128 0x49
 645 0056 13       		.uleb128 0x13
 646 0057 38       		.uleb128 0x38
 647 0058 0B       		.uleb128 0xb
 648 0059 00       		.byte	0
 649 005a 00       		.byte	0
 650 005b 08       		.uleb128 0x8
 651 005c 04       		.uleb128 0x4
 652 005d 01       		.byte	0x1
 653 005e 0B       		.uleb128 0xb
 654 005f 0B       		.uleb128 0xb
 655 0060 49       		.uleb128 0x49
 656 0061 13       		.uleb128 0x13
 657 0062 3A       		.uleb128 0x3a
 658 0063 0B       		.uleb128 0xb
 659 0064 3B       		.uleb128 0x3b
 660 0065 05       		.uleb128 0x5
 661 0066 01       		.uleb128 0x1
 662 0067 13       		.uleb128 0x13
 663 0068 00       		.byte	0
 664 0069 00       		.byte	0
 665 006a 09       		.uleb128 0x9
 666 006b 28       		.uleb128 0x28
 667 006c 00       		.byte	0
 668 006d 03       		.uleb128 0x3
 669 006e 0E       		.uleb128 0xe
 670 006f 1C       		.uleb128 0x1c
 671 0070 0B       		.uleb128 0xb
 672 0071 00       		.byte	0
 673 0072 00       		.byte	0
 674 0073 0A       		.uleb128 0xa
 675 0074 04       		.uleb128 0x4
 676 0075 01       		.byte	0x1
 677 0076 0B       		.uleb128 0xb
 678 0077 0B       		.uleb128 0xb
 679 0078 49       		.uleb128 0x49
 680 0079 13       		.uleb128 0x13
 681 007a 3A       		.uleb128 0x3a
 682 007b 0B       		.uleb128 0xb
 683 007c 3B       		.uleb128 0x3b
ARM GAS  C:\Users\User\AppData\Local\Temp\cc2Q0dtc.s 			page 14


 684 007d 0B       		.uleb128 0xb
 685 007e 01       		.uleb128 0x1
 686 007f 13       		.uleb128 0x13
 687 0080 00       		.byte	0
 688 0081 00       		.byte	0
 689 0082 0B       		.uleb128 0xb
 690 0083 2E       		.uleb128 0x2e
 691 0084 00       		.byte	0
 692 0085 3F       		.uleb128 0x3f
 693 0086 19       		.uleb128 0x19
 694 0087 03       		.uleb128 0x3
 695 0088 0E       		.uleb128 0xe
 696 0089 3A       		.uleb128 0x3a
 697 008a 0B       		.uleb128 0xb
 698 008b 3B       		.uleb128 0x3b
 699 008c 0B       		.uleb128 0xb
 700 008d 27       		.uleb128 0x27
 701 008e 19       		.uleb128 0x19
 702 008f 11       		.uleb128 0x11
 703 0090 01       		.uleb128 0x1
 704 0091 12       		.uleb128 0x12
 705 0092 06       		.uleb128 0x6
 706 0093 40       		.uleb128 0x40
 707 0094 18       		.uleb128 0x18
 708 0095 9642     		.uleb128 0x2116
 709 0097 19       		.uleb128 0x19
 710 0098 00       		.byte	0
 711 0099 00       		.byte	0
 712 009a 0C       		.uleb128 0xc
 713 009b 34       		.uleb128 0x34
 714 009c 00       		.byte	0
 715 009d 03       		.uleb128 0x3
 716 009e 0E       		.uleb128 0xe
 717 009f 3A       		.uleb128 0x3a
 718 00a0 0B       		.uleb128 0xb
 719 00a1 3B       		.uleb128 0x3b
 720 00a2 0B       		.uleb128 0xb
 721 00a3 49       		.uleb128 0x49
 722 00a4 13       		.uleb128 0x13
 723 00a5 02       		.uleb128 0x2
 724 00a6 18       		.uleb128 0x18
 725 00a7 00       		.byte	0
 726 00a8 00       		.byte	0
 727 00a9 0D       		.uleb128 0xd
 728 00aa 01       		.uleb128 0x1
 729 00ab 01       		.byte	0x1
 730 00ac 49       		.uleb128 0x49
 731 00ad 13       		.uleb128 0x13
 732 00ae 01       		.uleb128 0x1
 733 00af 13       		.uleb128 0x13
 734 00b0 00       		.byte	0
 735 00b1 00       		.byte	0
 736 00b2 0E       		.uleb128 0xe
 737 00b3 21       		.uleb128 0x21
 738 00b4 00       		.byte	0
 739 00b5 49       		.uleb128 0x49
 740 00b6 13       		.uleb128 0x13
ARM GAS  C:\Users\User\AppData\Local\Temp\cc2Q0dtc.s 			page 15


 741 00b7 2F       		.uleb128 0x2f
 742 00b8 0B       		.uleb128 0xb
 743 00b9 00       		.byte	0
 744 00ba 00       		.byte	0
 745 00bb 0F       		.uleb128 0xf
 746 00bc 34       		.uleb128 0x34
 747 00bd 00       		.byte	0
 748 00be 03       		.uleb128 0x3
 749 00bf 0E       		.uleb128 0xe
 750 00c0 3A       		.uleb128 0x3a
 751 00c1 0B       		.uleb128 0xb
 752 00c2 3B       		.uleb128 0x3b
 753 00c3 0B       		.uleb128 0xb
 754 00c4 49       		.uleb128 0x49
 755 00c5 13       		.uleb128 0x13
 756 00c6 3F       		.uleb128 0x3f
 757 00c7 19       		.uleb128 0x19
 758 00c8 02       		.uleb128 0x2
 759 00c9 18       		.uleb128 0x18
 760 00ca 00       		.byte	0
 761 00cb 00       		.byte	0
 762 00cc 00       		.byte	0
 763              		.section	.debug_aranges,"",%progbits
 764 0000 1C000000 		.4byte	0x1c
 765 0004 0200     		.2byte	0x2
 766 0006 00000000 		.4byte	.Ldebug_info0
 767 000a 04       		.byte	0x4
 768 000b 00       		.byte	0
 769 000c 0000     		.2byte	0
 770 000e 0000     		.2byte	0
 771 0010 00000000 		.4byte	.LFB35
 772 0014 3C000000 		.4byte	.LFE35-.LFB35
 773 0018 00000000 		.4byte	0
 774 001c 00000000 		.4byte	0
 775              		.section	.debug_ranges,"",%progbits
 776              	.Ldebug_ranges0:
 777 0000 00000000 		.4byte	.LFB35
 778 0004 3C000000 		.4byte	.LFE35
 779 0008 00000000 		.4byte	0
 780 000c 00000000 		.4byte	0
 781              		.section	.debug_line,"",%progbits
 782              	.Ldebug_line0:
 783 0000 B1000000 		.section	.debug_str,"MS",%progbits,1
 783      02009300 
 783      00000201 
 783      FB0E0D00 
 783      01010101 
 784              	.LASF104:
 785 0000 4359424C 		.ascii	"CYBLE_HTS_MEASURE_INTERVAL\000"
 785      455F4854 
 785      535F4D45 
 785      41535552 
 785      455F494E 
 786              	.LASF108:
 787 001b 4359424C 		.ascii	"CYBLE_HTS_DESCR_COUNT\000"
 787      455F4854 
 787      535F4445 
ARM GAS  C:\Users\User\AppData\Local\Temp\cc2Q0dtc.s 			page 16


 787      5343525F 
 787      434F554E 
 788              	.LASF25:
 789 0031 4359424C 		.ascii	"CYBLE_EVT_MEMORY_REQUEST\000"
 789      455F4556 
 789      545F4D45 
 789      4D4F5259 
 789      5F524551 
 790              	.LASF50:
 791 004a 4359424C 		.ascii	"CYBLE_EVT_GATTC_ERROR_RSP\000"
 791      455F4556 
 791      545F4741 
 791      5454435F 
 791      4552524F 
 792              	.LASF23:
 793 0064 4359424C 		.ascii	"CYBLE_EVT_HCI_STATUS\000"
 793      455F4556 
 793      545F4843 
 793      495F5354 
 793      41545553 
 794              	.LASF113:
 795 0079 436F6D6D 		.ascii	"CommonFunctions.c\000"
 795      6F6E4675 
 795      6E637469 
 795      6F6E732E 
 795      6300
 796              	.LASF40:
 797 008b 4359424C 		.ascii	"CYBLE_EVT_GAP_KEYPRESS_NOTIFICATION\000"
 797      455F4556 
 797      545F4741 
 797      505F4B45 
 797      59505245 
 798              	.LASF2:
 799 00af 73686F72 		.ascii	"short int\000"
 799      7420696E 
 799      7400
 800              	.LASF31:
 801 00b9 4359424C 		.ascii	"CYBLE_EVT_GAP_AUTH_FAILED\000"
 801      455F4556 
 801      545F4741 
 801      505F4155 
 801      54485F46 
 802              	.LASF52:
 803 00d3 4359424C 		.ascii	"CYBLE_EVT_GATT_DISCONNECT_IND\000"
 803      455F4556 
 803      545F4741 
 803      54545F44 
 803      4953434F 
 804              	.LASF18:
 805 00f1 73697A65 		.ascii	"sizetype\000"
 805      74797065 
 805      00
 806              	.LASF42:
 807 00fa 4359424C 		.ascii	"CYBLE_EVT_GAP_DATA_LENGTH_CHANGE\000"
 807      455F4556 
 807      545F4741 
 807      505F4441 
ARM GAS  C:\Users\User\AppData\Local\Temp\cc2Q0dtc.s 			page 17


 807      54415F4C 
 808              	.LASF76:
 809 011b 4359424C 		.ascii	"CYBLE_EVT_L2CAP_CONN_PARAM_UPDATE_RSP\000"
 809      455F4556 
 809      545F4C32 
 809      4341505F 
 809      434F4E4E 
 810              	.LASF93:
 811 0141 4359424C 		.ascii	"CYBLE_DIS_SERIAL_NUMBER\000"
 811      455F4449 
 811      535F5345 
 811      5249414C 
 811      5F4E554D 
 812              	.LASF6:
 813 0159 6C6F6E67 		.ascii	"long long int\000"
 813      206C6F6E 
 813      6720696E 
 813      7400
 814              	.LASF96:
 815 0167 4359424C 		.ascii	"CYBLE_DIS_SOFTWARE_REV\000"
 815      455F4449 
 815      535F534F 
 815      46545741 
 815      52455F52 
 816              	.LASF64:
 817 017e 4359424C 		.ascii	"CYBLE_EVT_GATTS_WRITE_CMD_REQ\000"
 817      455F4556 
 817      545F4741 
 817      5454535F 
 817      57524954 
 818              	.LASF63:
 819 019c 4359424C 		.ascii	"CYBLE_EVT_GATTC_WRITE_RSP\000"
 819      455F4556 
 819      545F4741 
 819      5454435F 
 819      57524954 
 820              	.LASF56:
 821 01b6 4359424C 		.ascii	"CYBLE_EVT_GATTC_READ_BY_TYPE_RSP\000"
 821      455F4556 
 821      545F4741 
 821      5454435F 
 821      52454144 
 822              	.LASF20:
 823 01d7 4359424C 		.ascii	"CYBLE_EVT_STACK_ON\000"
 823      455F4556 
 823      545F5354 
 823      41434B5F 
 823      4F4E00
 824              	.LASF49:
 825 01ea 4359424C 		.ascii	"CYBLE_EVT_GAP_SMP_LOC_P256_KEYS_GEN_AND_SET_COMPLET"
 825      455F4556 
 825      545F4741 
 825      505F534D 
 825      505F4C4F 
 826 021d 4500     		.ascii	"E\000"
 827              	.LASF53:
 828 021f 4359424C 		.ascii	"CYBLE_EVT_GATTS_XCNHG_MTU_REQ\000"
ARM GAS  C:\Users\User\AppData\Local\Temp\cc2Q0dtc.s 			page 18


 828      455F4556 
 828      545F4741 
 828      5454535F 
 828      58434E48 
 829              	.LASF10:
 830 023d 75696E74 		.ascii	"uint16\000"
 830      313600
 831              	.LASF38:
 832 0244 4359424C 		.ascii	"CYBLE_EVT_GAP_KEYINFO_EXCHNGE_CMPLT\000"
 832      455F4556 
 832      545F4741 
 832      505F4B45 
 832      59494E46 
 833              	.LASF61:
 834 0268 4359424C 		.ascii	"CYBLE_EVT_GATTC_READ_MULTI_RSP\000"
 834      455F4556 
 834      545F4741 
 834      5454435F 
 834      52454144 
 835              	.LASF70:
 836 0287 4359424C 		.ascii	"CYBLE_EVT_GATTS_HANDLE_VALUE_CNF\000"
 836      455F4556 
 836      545F4741 
 836      5454535F 
 836      48414E44 
 837              	.LASF19:
 838 02a8 4359424C 		.ascii	"CYBLE_EVT_HOST_INVALID\000"
 838      455F4556 
 838      545F484F 
 838      53545F49 
 838      4E56414C 
 839              	.LASF78:
 840 02bf 4359424C 		.ascii	"CYBLE_EVT_L2CAP_CBFC_CONN_IND\000"
 840      455F4556 
 840      545F4C32 
 840      4341505F 
 840      43424643 
 841              	.LASF107:
 842 02dd 4359424C 		.ascii	"CYBLE_HTS_VRD\000"
 842      455F4854 
 842      535F5652 
 842      4400
 843              	.LASF81:
 844 02eb 4359424C 		.ascii	"CYBLE_EVT_L2CAP_CBFC_DISCONN_CNF\000"
 844      455F4556 
 844      545F4C32 
 844      4341505F 
 844      43424643 
 845              	.LASF12:
 846 030c 666C6F61 		.ascii	"float\000"
 846      7400
 847              	.LASF59:
 848 0312 4359424C 		.ascii	"CYBLE_EVT_GATTC_READ_RSP\000"
 848      455F4556 
 848      545F4741 
 848      5454435F 
 848      52454144 
ARM GAS  C:\Users\User\AppData\Local\Temp\cc2Q0dtc.s 			page 19


 849              	.LASF39:
 850 032b 4359424C 		.ascii	"CYBLE_EVT_GAP_NUMERIC_COMPARISON_REQUEST\000"
 850      455F4556 
 850      545F4741 
 850      505F4E55 
 850      4D455249 
 851              	.LASF44:
 852 0354 4359424C 		.ascii	"CYBLE_EVT_GAPC_DIRECT_ADV_REPORT\000"
 852      455F4556 
 852      545F4741 
 852      50435F44 
 852      49524543 
 853              	.LASF7:
 854 0375 6C6F6E67 		.ascii	"long long unsigned int\000"
 854      206C6F6E 
 854      6720756E 
 854      7369676E 
 854      65642069 
 855              	.LASF48:
 856 038c 4359424C 		.ascii	"CYBLE_EVT_GAP_AUTH_REQ_REPLY_ERR\000"
 856      455F4556 
 856      545F4741 
 856      505F4155 
 856      54485F52 
 857              	.LASF4:
 858 03ad 6C6F6E67 		.ascii	"long int\000"
 858      20696E74 
 858      00
 859              	.LASF69:
 860 03b6 4359424C 		.ascii	"CYBLE_EVT_GATTC_HANDLE_VALUE_IND\000"
 860      455F4556 
 860      545F4741 
 860      5454435F 
 860      48414E44 
 861              	.LASF101:
 862 03d7 4359424C 		.ascii	"CYBLE_HTS_TEMP_MEASURE\000"
 862      455F4854 
 862      535F5445 
 862      4D505F4D 
 862      45415355 
 863              	.LASF33:
 864 03ee 4359424C 		.ascii	"CYBLE_EVT_GAP_DEVICE_CONNECTED\000"
 864      455F4556 
 864      545F4741 
 864      505F4445 
 864      56494345 
 865              	.LASF32:
 866 040d 4359424C 		.ascii	"CYBLE_EVT_GAPP_ADVERTISEMENT_START_STOP\000"
 866      455F4556 
 866      545F4741 
 866      50505F41 
 866      44564552 
 867              	.LASF68:
 868 0435 4359424C 		.ascii	"CYBLE_EVT_GATTC_HANDLE_VALUE_NTF\000"
 868      455F4556 
 868      545F4741 
 868      5454435F 
ARM GAS  C:\Users\User\AppData\Local\Temp\cc2Q0dtc.s 			page 20


 868      48414E44 
 869              	.LASF24:
 870 0456 4359424C 		.ascii	"CYBLE_EVT_STACK_BUSY_STATUS\000"
 870      455F4556 
 870      545F5354 
 870      41434B5F 
 870      42555359 
 871              	.LASF92:
 872 0472 4359424C 		.ascii	"CYBLE_DIS_MODEL_NUMBER\000"
 872      455F4449 
 872      535F4D4F 
 872      44454C5F 
 872      4E554D42 
 873              	.LASF114:
 874 0489 433A5C55 		.ascii	"C:\\Users\\User\\Desktop\\Hi\\Demo1\\DS18x8_demo.cy"
 874      73657273 
 874      5C557365 
 874      725C4465 
 874      736B746F 
 875 04b6 64736E00 		.ascii	"dsn\000"
 876              	.LASF112:
 877 04ba 474E5520 		.ascii	"GNU C11 5.4.1 20160609 (release) [ARM/embedded-5-br"
 877      43313120 
 877      352E342E 
 877      31203230 
 877      31363036 
 878 04ed 616E6368 		.ascii	"anch revision 237715] -mcpu=cortex-m0 -mthumb -g -O"
 878      20726576 
 878      6973696F 
 878      6E203233 
 878      37373135 
 879 0520 30202D66 		.ascii	"0 -ffunction-sections -ffat-lto-objects\000"
 879      66756E63 
 879      74696F6E 
 879      2D736563 
 879      74696F6E 
 880              	.LASF85:
 881 0548 4359424C 		.ascii	"CYBLE_EVT_L2CAP_CBFC_DATA_WRITE_IND\000"
 881      455F4556 
 881      545F4C32 
 881      4341505F 
 881      43424643 
 882              	.LASF79:
 883 056c 4359424C 		.ascii	"CYBLE_EVT_L2CAP_CBFC_CONN_CNF\000"
 883      455F4556 
 883      545F4C32 
 883      4341505F 
 883      43424643 
 884              	.LASF115:
 885 058a 4F6E6557 		.ascii	"OneWire_TSensor\000"
 885      6972655F 
 885      5453656E 
 885      736F7200 
 886              	.LASF17:
 887 059a 6C6F6E67 		.ascii	"long double\000"
 887      20646F75 
 887      626C6500 
ARM GAS  C:\Users\User\AppData\Local\Temp\cc2Q0dtc.s 			page 21


 888              	.LASF75:
 889 05a6 4359424C 		.ascii	"CYBLE_EVT_L2CAP_CONN_PARAM_UPDATE_REQ\000"
 889      455F4556 
 889      545F4C32 
 889      4341505F 
 889      434F4E4E 
 890              	.LASF1:
 891 05cc 756E7369 		.ascii	"unsigned char\000"
 891      676E6564 
 891      20636861 
 891      7200
 892              	.LASF65:
 893 05da 4359424C 		.ascii	"CYBLE_EVT_GATTS_PREP_WRITE_REQ\000"
 893      455F4556 
 893      545F4741 
 893      5454535F 
 893      50524550 
 894              	.LASF87:
 895 05f9 4359424C 		.ascii	"CYBLE_EVT_LE_PING_AUTH_TIMEOUT\000"
 895      455F4556 
 895      545F4C45 
 895      5F50494E 
 895      475F4155 
 896              	.LASF57:
 897 0618 4359424C 		.ascii	"CYBLE_EVT_GATTC_FIND_INFO_RSP\000"
 897      455F4556 
 897      545F4741 
 897      5454435F 
 897      46494E44 
 898              	.LASF0:
 899 0636 7369676E 		.ascii	"signed char\000"
 899      65642063 
 899      68617200 
 900              	.LASF62:
 901 0642 4359424C 		.ascii	"CYBLE_EVT_GATTS_WRITE_REQ\000"
 901      455F4556 
 901      545F4741 
 901      5454535F 
 901      57524954 
 902              	.LASF58:
 903 065c 4359424C 		.ascii	"CYBLE_EVT_GATTC_FIND_BY_TYPE_VALUE_RSP\000"
 903      455F4556 
 903      545F4741 
 903      5454435F 
 903      46494E44 
 904              	.LASF30:
 905 0683 4359424C 		.ascii	"CYBLE_EVT_GAP_AUTH_COMPLETE\000"
 905      455F4556 
 905      545F4741 
 905      505F4155 
 905      54485F43 
 906              	.LASF8:
 907 069f 756E7369 		.ascii	"unsigned int\000"
 907      676E6564 
 907      20696E74 
 907      00
 908              	.LASF47:
ARM GAS  C:\Users\User\AppData\Local\Temp\cc2Q0dtc.s 			page 22


 909 06ac 4359424C 		.ascii	"CYBLE_EVT_GAP_SCAN_REQ_RECVD\000"
 909      455F4556 
 909      545F4741 
 909      505F5343 
 909      414E5F52 
 910              	.LASF51:
 911 06c9 4359424C 		.ascii	"CYBLE_EVT_GATT_CONNECT_IND\000"
 911      455F4556 
 911      545F4741 
 911      54545F43 
 911      4F4E4E45 
 912              	.LASF5:
 913 06e4 6C6F6E67 		.ascii	"long unsigned int\000"
 913      20756E73 
 913      69676E65 
 913      6420696E 
 913      7400
 914              	.LASF111:
 915 06f6 53797374 		.ascii	"SystemFlag\000"
 915      656D466C 
 915      616700
 916              	.LASF27:
 917 0701 4359424C 		.ascii	"CYBLE_EVT_GAP_AUTH_REQ\000"
 917      455F4556 
 917      545F4741 
 917      505F4155 
 917      54485F52 
 918              	.LASF80:
 919 0718 4359424C 		.ascii	"CYBLE_EVT_L2CAP_CBFC_DISCONN_IND\000"
 919      455F4556 
 919      545F4C32 
 919      4341505F 
 919      43424643 
 920              	.LASF35:
 921 0739 4359424C 		.ascii	"CYBLE_EVT_GAP_ENCRYPT_CHANGE\000"
 921      455F4556 
 921      545F4741 
 921      505F454E 
 921      43525950 
 922              	.LASF46:
 923 0756 4359424C 		.ascii	"CYBLE_EVT_GAP_CONN_ESTB\000"
 923      455F4556 
 923      545F4741 
 923      505F434F 
 923      4E4E5F45 
 924              	.LASF74:
 925 076e 4359424C 		.ascii	"CYBLE_EVT_GATTC_LONG_PROCEDURE_END\000"
 925      455F4556 
 925      545F4741 
 925      5454435F 
 925      4C4F4E47 
 926              	.LASF3:
 927 0791 73686F72 		.ascii	"short unsigned int\000"
 927      7420756E 
 927      7369676E 
 927      65642069 
 927      6E7400
ARM GAS  C:\Users\User\AppData\Local\Temp\cc2Q0dtc.s 			page 23


 928              	.LASF116:
 929 07a4 496E6974 		.ascii	"InitializeSystem\000"
 929      69616C69 
 929      7A655379 
 929      7374656D 
 929      00
 930              	.LASF89:
 931 07b5 4359424C 		.ascii	"CYBLE_EVT_FLASH_CORRUPT\000"
 931      455F4556 
 931      545F464C 
 931      4153485F 
 931      434F5252 
 932              	.LASF36:
 933 07cd 4359424C 		.ascii	"CYBLE_EVT_GAP_CONNECTION_UPDATE_COMPLETE\000"
 933      455F4556 
 933      545F4741 
 933      505F434F 
 933      4E4E4543 
 934              	.LASF45:
 935 07f6 4359424C 		.ascii	"CYBLE_EVT_GAP_SMP_NEGOTIATED_AUTH_INFO\000"
 935      455F4556 
 935      545F4741 
 935      505F534D 
 935      505F4E45 
 936              	.LASF109:
 937 081d 4F6E6557 		.ascii	"OneWire_Sensor\000"
 937      6972655F 
 937      53656E73 
 937      6F7200
 938              	.LASF14:
 939 082c 63686172 		.ascii	"char\000"
 939      00
 940              	.LASF103:
 941 0831 4359424C 		.ascii	"CYBLE_HTS_INTERM_TEMP\000"
 941      455F4854 
 941      535F494E 
 941      5445524D 
 941      5F54454D 
 942              	.LASF105:
 943 0847 4359424C 		.ascii	"CYBLE_HTS_CHAR_COUNT\000"
 943      455F4854 
 943      535F4348 
 943      41525F43 
 943      4F554E54 
 944              	.LASF77:
 945 085c 4359424C 		.ascii	"CYBLE_EVT_L2CAP_COMMAND_REJ\000"
 945      455F4556 
 945      545F4C32 
 945      4341505F 
 945      434F4D4D 
 946              	.LASF29:
 947 0878 4359424C 		.ascii	"CYBLE_EVT_GAP_PASSKEY_DISPLAY_REQUEST\000"
 947      455F4556 
 947      545F4741 
 947      505F5041 
 947      53534B45 
 948              	.LASF9:
ARM GAS  C:\Users\User\AppData\Local\Temp\cc2Q0dtc.s 			page 24


 949 089e 75696E74 		.ascii	"uint8\000"
 949      3800
 950              	.LASF117:
 951 08a4 666C6167 		.ascii	"flag_Timer\000"
 951      5F54696D 
 951      657200
 952              	.LASF98:
 953 08af 4359424C 		.ascii	"CYBLE_DIS_REG_CERT_DATA\000"
 953      455F4449 
 953      535F5245 
 953      475F4345 
 953      52545F44 
 954              	.LASF60:
 955 08c7 4359424C 		.ascii	"CYBLE_EVT_GATTC_READ_BLOB_RSP\000"
 955      455F4556 
 955      545F4741 
 955      5454435F 
 955      52454144 
 956              	.LASF67:
 957 08e5 4359424C 		.ascii	"CYBLE_EVT_GATTC_EXEC_WRITE_RSP\000"
 957      455F4556 
 957      545F4741 
 957      5454435F 
 957      45584543 
 958              	.LASF11:
 959 0904 75696E74 		.ascii	"uint32\000"
 959      333200
 960              	.LASF86:
 961 090b 4359424C 		.ascii	"CYBLE_EVT_PENDING_FLASH_WRITE\000"
 961      455F4556 
 961      545F5045 
 961      4E44494E 
 961      475F464C 
 962              	.LASF83:
 963 0929 4359424C 		.ascii	"CYBLE_EVT_L2CAP_CBFC_RX_CREDIT_IND\000"
 963      455F4556 
 963      545F4C32 
 963      4341505F 
 963      43424643 
 964              	.LASF43:
 965 094c 4359424C 		.ascii	"CYBLE_EVT_GAP_ENHANCE_CONN_COMPLETE\000"
 965      455F4556 
 965      545F4741 
 965      505F454E 
 965      48414E43 
 966              	.LASF13:
 967 0970 646F7562 		.ascii	"double\000"
 967      6C6500
 968              	.LASF84:
 969 0977 4359424C 		.ascii	"CYBLE_EVT_L2CAP_CBFC_TX_CREDIT_IND\000"
 969      455F4556 
 969      545F4C32 
 969      4341505F 
 969      43424643 
 970              	.LASF100:
 971 099a 4359424C 		.ascii	"CYBLE_DIS_CHAR_COUNT\000"
 971      455F4449 
ARM GAS  C:\Users\User\AppData\Local\Temp\cc2Q0dtc.s 			page 25


 971      535F4348 
 971      41525F43 
 971      4F554E54 
 972              	.LASF28:
 973 09af 4359424C 		.ascii	"CYBLE_EVT_GAP_PASSKEY_ENTRY_REQUEST\000"
 973      455F4556 
 973      545F4741 
 973      505F5041 
 973      53534B45 
 974              	.LASF22:
 975 09d3 4359424C 		.ascii	"CYBLE_EVT_HARDWARE_ERROR\000"
 975      455F4556 
 975      545F4841 
 975      52445741 
 975      52455F45 
 976              	.LASF82:
 977 09ec 4359424C 		.ascii	"CYBLE_EVT_L2CAP_CBFC_DATA_READ\000"
 977      455F4556 
 977      545F4C32 
 977      4341505F 
 977      43424643 
 978              	.LASF110:
 979 0a0b 4F6E6557 		.ascii	"OneWire_DataReady\000"
 979      6972655F 
 979      44617461 
 979      52656164 
 979      7900
 980              	.LASF26:
 981 0a1d 4359424C 		.ascii	"CYBLE_EVT_GAPC_SCAN_PROGRESS_RESULT\000"
 981      455F4556 
 981      545F4741 
 981      50435F53 
 981      43414E5F 
 982              	.LASF91:
 983 0a41 4359424C 		.ascii	"CYBLE_DIS_MANUFACTURER_NAME\000"
 983      455F4449 
 983      535F4D41 
 983      4E554641 
 983      43545552 
 984              	.LASF16:
 985 0a5d 70726573 		.ascii	"present\000"
 985      656E7400 
 986              	.LASF102:
 987 0a65 4359424C 		.ascii	"CYBLE_HTS_TEMP_TYPE\000"
 987      455F4854 
 987      535F5445 
 987      4D505F54 
 987      59504500 
 988              	.LASF55:
 989 0a79 4359424C 		.ascii	"CYBLE_EVT_GATTC_READ_BY_GROUP_TYPE_RSP\000"
 989      455F4556 
 989      545F4741 
 989      5454435F 
 989      52454144 
 990              	.LASF95:
 991 0aa0 4359424C 		.ascii	"CYBLE_DIS_FIRMWARE_REV\000"
 991      455F4449 
ARM GAS  C:\Users\User\AppData\Local\Temp\cc2Q0dtc.s 			page 26


 991      535F4649 
 991      524D5741 
 991      52455F52 
 992              	.LASF54:
 993 0ab7 4359424C 		.ascii	"CYBLE_EVT_GATTC_XCHNG_MTU_RSP\000"
 993      455F4556 
 993      545F4741 
 993      5454435F 
 993      5843484E 
 994              	.LASF94:
 995 0ad5 4359424C 		.ascii	"CYBLE_DIS_HARDWARE_REV\000"
 995      455F4449 
 995      535F4841 
 995      52445741 
 995      52455F52 
 996              	.LASF21:
 997 0aec 4359424C 		.ascii	"CYBLE_EVT_TIMEOUT\000"
 997      455F4556 
 997      545F5449 
 997      4D454F55 
 997      5400
 998              	.LASF15:
 999 0afe 54656D70 		.ascii	"Temperature\000"
 999      65726174 
 999      75726500 
 1000              	.LASF37:
 1001 0b0a 4359424C 		.ascii	"CYBLE_EVT_GAPC_SCAN_START_STOP\000"
 1001      455F4556 
 1001      545F4741 
 1001      50435F53 
 1001      43414E5F 
 1002              	.LASF90:
 1003 0b29 4359424C 		.ascii	"CYBLE_EVT_MAX\000"
 1003      455F4556 
 1003      545F4D41 
 1003      5800
 1004              	.LASF73:
 1005 0b37 4359424C 		.ascii	"CYBLE_EVT_GATTS_READ_CHAR_VAL_ACCESS_REQ\000"
 1005      455F4556 
 1005      545F4741 
 1005      5454535F 
 1005      52454144 
 1006              	.LASF72:
 1007 0b60 4359424C 		.ascii	"CYBLE_EVT_GATTC_STOP_CMD_COMPLETE\000"
 1007      455F4556 
 1007      545F4741 
 1007      5454435F 
 1007      53544F50 
 1008              	.LASF66:
 1009 0b82 4359424C 		.ascii	"CYBLE_EVT_GATTS_EXEC_WRITE_REQ\000"
 1009      455F4556 
 1009      545F4741 
 1009      5454535F 
 1009      45584543 
 1010              	.LASF34:
 1011 0ba1 4359424C 		.ascii	"CYBLE_EVT_GAP_DEVICE_DISCONNECTED\000"
 1011      455F4556 
ARM GAS  C:\Users\User\AppData\Local\Temp\cc2Q0dtc.s 			page 27


 1011      545F4741 
 1011      505F4445 
 1011      56494345 
 1012              	.LASF106:
 1013 0bc3 4359424C 		.ascii	"CYBLE_HTS_CCCD\000"
 1013      455F4854 
 1013      535F4343 
 1013      434400
 1014              	.LASF71:
 1015 0bd2 4359424C 		.ascii	"CYBLE_EVT_GATTS_DATA_SIGNED_CMD_REQ\000"
 1015      455F4556 
 1015      545F4741 
 1015      5454535F 
 1015      44415441 
 1016              	.LASF88:
 1017 0bf6 4359424C 		.ascii	"CYBLE_EVT_HCI_PKT\000"
 1017      455F4556 
 1017      545F4843 
 1017      495F504B 
 1017      5400
 1018              	.LASF97:
 1019 0c08 4359424C 		.ascii	"CYBLE_DIS_SYSTEM_ID\000"
 1019      455F4449 
 1019      535F5359 
 1019      5354454D 
 1019      5F494400 
 1020              	.LASF41:
 1021 0c1c 4359424C 		.ascii	"CYBLE_EVT_GAP_OOB_GENERATED_NOTIFICATION\000"
 1021      455F4556 
 1021      545F4741 
 1021      505F4F4F 
 1021      425F4745 
 1022              	.LASF99:
 1023 0c45 4359424C 		.ascii	"CYBLE_DIS_PNP_ID\000"
 1023      455F4449 
 1023      535F504E 
 1023      505F4944 
 1023      00
 1024              		.ident	"GCC: (GNU Tools for ARM Embedded Processors) 5.4.1 20160609 (release) [ARM/embedded-5-bran
