ARM GAS  C:\Users\User\AppData\Local\Temp\cckOmu7k.s 			page 1


   1              		.syntax unified
   2              		.cpu cortex-m0
   3              		.fpu softvfp
   4              		.eabi_attribute 20, 1
   5              		.eabi_attribute 21, 1
   6              		.eabi_attribute 23, 3
   7              		.eabi_attribute 24, 1
   8              		.eabi_attribute 25, 1
   9              		.eabi_attribute 26, 1
  10              		.eabi_attribute 30, 6
  11              		.eabi_attribute 34, 0
  12              		.eabi_attribute 18, 4
  13              		.thumb
  14              		.syntax unified
  15              		.file	"main.c"
  16              		.text
  17              	.Ltext0:
  18              		.cfi_sections	.debug_frame
  19              		.comm	OneWire_Sensor,32,4
  20              		.comm	OneWire_DataReady,1,1
  21              		.bss
  22              	flag_Timer:
  23 0000 00       		.space	1
  24              		.global	__aeabi_f2uiz
  25              		.section	.text.main,"ax",%progbits
  26              		.align	2
  27              		.global	main
  28              		.code	16
  29              		.thumb_func
  30              		.type	main, %function
  31              	main:
  32              	.LFB36:
  33              		.file 1 "main.c"
   1:main.c        **** /****************************************************************************
   2:main.c        **** * File Name: main.c
   3:main.c        **** *
   4:main.c        **** * Description:
   5:main.c        **** * This file merges the whole code and send temperature
   6:main.c        **** * measurements via BLE and UART.
   7:main.c        **** *
   8:main.c        **** * Authors: Yaroslav Morozevych, Sophiia Myntiuk, Yana Mularska
   9:main.c        **** *
  10:main.c        **** *****************************************************************************/
  11:main.c        **** 
  12:main.c        **** 
  13:main.c        **** /*****************************************************************************
  14:main.c        **** * Included common headers
  15:main.c        **** *****************************************************************************/
  16:main.c        **** #include <project.h>
  17:main.c        **** #include <stdlib.h>
  18:main.c        **** #include <stdio.h>
  19:main.c        **** 
  20:main.c        **** 
  21:main.c        **** /*****************************************************************************
  22:main.c        **** * Included header files with the initialization of all need functions
  23:main.c        **** *****************************************************************************/
  24:main.c        **** #include "CommonFunctions.h"
ARM GAS  C:\Users\User\AppData\Local\Temp\cckOmu7k.s 			page 2


  25:main.c        **** #include "WatchdogTimer.h"
  26:main.c        **** #include "BLE_HTSS.h"
  27:main.c        **** #include "Temperature.h"
  28:main.c        **** 
  29:main.c        **** 
  30:main.c        **** /*****************************************************************************
  31:main.c        **** * Function Name: main()
  32:main.c        **** ******************************************************************************
  33:main.c        **** * Description:
  34:main.c        **** * Measure temperature every second and  
  35:main.c        **** * Send result to Terminal using UART and via BLE
  36:main.c        **** *
  37:main.c        **** *****************************************************************************/
  38:main.c        **** int main()
  39:main.c        **** {
  34              		.loc 1 39 0
  35              		.cfi_startproc
  36              		@ args = 0, pretend = 0, frame = 8
  37              		@ frame_needed = 1, uses_anonymous_args = 0
  38 0000 80B5     		push	{r7, lr}
  39              		.cfi_def_cfa_offset 8
  40              		.cfi_offset 7, -8
  41              		.cfi_offset 14, -4
  42 0002 82B0     		sub	sp, sp, #8
  43              		.cfi_def_cfa_offset 16
  44 0004 00AF     		add	r7, sp, #0
  45              		.cfi_def_cfa_register 7
  40:main.c        ****     /* Local variable used to store temperature information */
  41:main.c        ****     float temperature;
  42:main.c        ****     
  43:main.c        ****     /* Initialize the complete system */
  44:main.c        ****     InitializeSystem();
  46              		.loc 1 44 0
  47 0006 FFF7FEFF 		bl	InitializeSystem
  45:main.c        ****     /* Force first measument instantly */
  46:main.c        ****     flag_Timer = 1;
  48              		.loc 1 46 0
  49 000a 134B     		ldr	r3, .L4
  50 000c 0122     		movs	r2, #1
  51 000e 1A70     		strb	r2, [r3]
  52              	.L3:
  47:main.c        ****     
  48:main.c        ****     for(;;) 
  49:main.c        ****     { 
  50:main.c        ****         /* Process all pending BLE events in the stack */
  51:main.c        ****         CyBle_ProcessEvents();
  53              		.loc 1 51 0
  54 0010 FFF7FEFF 		bl	CyBle_ProcessEvents
  52:main.c        ****         
  53:main.c        ****         /***********************************************************************
  54:main.c        ****         * Wait for connection established with Central device
  55:main.c        ****         ***********************************************************************/
  56:main.c        ****         if(CyBle_GetState() == CYBLE_STATE_CONNECTED)
  55              		.loc 1 56 0
  56 0014 114B     		ldr	r3, .L4+4
  57 0016 1B78     		ldrb	r3, [r3]
  58 0018 022B     		cmp	r3, #2
ARM GAS  C:\Users\User\AppData\Local\Temp\cckOmu7k.s 			page 3


  59 001a F9D1     		bne	.L3
  57:main.c        ****         {
  58:main.c        ****             /* Process all pending BLE events in the stack */
  59:main.c        ****             CyBle_ProcessEvents();
  60              		.loc 1 59 0
  61 001c FFF7FEFF 		bl	CyBle_ProcessEvents
  60:main.c        ****             /* Periodically measure temperature and send results to the Client */
  61:main.c        ****             if(SystemFlag & WAKEUP_SOURCE_WDT)
  62              		.loc 1 61 0
  63 0020 0F4B     		ldr	r3, .L4+8
  64 0022 1B68     		ldr	r3, [r3]
  65 0024 0122     		movs	r2, #1
  66 0026 1340     		ands	r3, r2
  67 0028 F2D0     		beq	.L3
  62:main.c        ****             {
  63:main.c        ****                 /* Clear WDT wakeup source flag */
  64:main.c        ****                 SystemFlag &= ~WAKEUP_SOURCE_WDT;
  68              		.loc 1 64 0
  69 002a 0D4B     		ldr	r3, .L4+8
  70 002c 1B68     		ldr	r3, [r3]
  71 002e 0122     		movs	r2, #1
  72 0030 9343     		bics	r3, r2
  73 0032 1A00     		movs	r2, r3
  74 0034 0A4B     		ldr	r3, .L4+8
  75 0036 1A60     		str	r2, [r3]
  65:main.c        ****                 /* Measure temperature */
  66:main.c        ****                 temperature = ProcessTemperature(flag_Timer);
  76              		.loc 1 66 0
  77 0038 074B     		ldr	r3, .L4
  78 003a 1B78     		ldrb	r3, [r3]
  79 003c DBB2     		uxtb	r3, r3
  80 003e 1800     		movs	r0, r3
  81 0040 FFF7FEFF 		bl	ProcessTemperature
  82 0044 031C     		adds	r3, r0, #0
  83 0046 7B60     		str	r3, [r7, #4]
  67:main.c        ****                 /* Send temperature information over BLE */
  68:main.c        ****                 ProcessBLE(temperature);
  84              		.loc 1 68 0
  85 0048 7868     		ldr	r0, [r7, #4]
  86 004a FFF7FEFF 		bl	__aeabi_f2uiz
  87 004e 0300     		movs	r3, r0
  88 0050 1800     		movs	r0, r3
  89 0052 FFF7FEFF 		bl	ProcessBLE
  69:main.c        ****             }
  70:main.c        ****         }
  71:main.c        ****     }
  90              		.loc 1 71 0
  91 0056 DBE7     		b	.L3
  92              	.L5:
  93              		.align	2
  94              	.L4:
  95 0058 00000000 		.word	flag_Timer
  96 005c 00000000 		.word	cyBle_state
  97 0060 00000000 		.word	SystemFlag
  98              		.cfi_endproc
  99              	.LFE36:
 100              		.size	main, .-main
ARM GAS  C:\Users\User\AppData\Local\Temp\cckOmu7k.s 			page 4


 101              		.text
 102              	.Letext0:
 103              		.file 2 "Generated_Source\\PSoC4/cytypes.h"
 104              		.file 3 "Generated_Source\\PSoC4/OneWire.h"
 105              		.file 4 "Generated_Source\\PSoC4/BLE_Stack.h"
 106              		.file 5 "Generated_Source\\PSoC4/BLE_dis.h"
 107              		.file 6 "Generated_Source\\PSoC4/BLE_hts.h"
 108              		.file 7 "Generated_Source\\PSoC4/BLE_eventHandler.h"
 109              		.file 8 "Temperature.h"
 110              		.file 9 "CommonFunctions.h"
 111              		.section	.debug_info,"",%progbits
 112              	.Ldebug_info0:
 113 0000 E4030000 		.4byte	0x3e4
 114 0004 0400     		.2byte	0x4
 115 0006 00000000 		.4byte	.Ldebug_abbrev0
 116 000a 04       		.byte	0x4
 117 000b 01       		.uleb128 0x1
 118 000c 28060000 		.4byte	.LASF121
 119 0010 0C       		.byte	0xc
 120 0011 E3050000 		.4byte	.LASF122
 121 0015 CC080000 		.4byte	.LASF123
 122 0019 00000000 		.4byte	.Ldebug_ranges0+0
 123 001d 00000000 		.4byte	0
 124 0021 00000000 		.4byte	.Ldebug_line0
 125 0025 02       		.uleb128 0x2
 126 0026 01       		.byte	0x1
 127 0027 06       		.byte	0x6
 128 0028 4A020000 		.4byte	.LASF0
 129 002c 02       		.uleb128 0x2
 130 002d 01       		.byte	0x1
 131 002e 08       		.byte	0x8
 132 002f 15090000 		.4byte	.LASF1
 133 0033 02       		.uleb128 0x2
 134 0034 02       		.byte	0x2
 135 0035 05       		.byte	0x5
 136 0036 3F090000 		.4byte	.LASF2
 137 003a 02       		.uleb128 0x2
 138 003b 02       		.byte	0x2
 139 003c 07       		.byte	0x7
 140 003d 37050000 		.4byte	.LASF3
 141 0041 02       		.uleb128 0x2
 142 0042 04       		.byte	0x4
 143 0043 05       		.byte	0x5
 144 0044 5A010000 		.4byte	.LASF4
 145 0048 02       		.uleb128 0x2
 146 0049 04       		.byte	0x4
 147 004a 07       		.byte	0x7
 148 004b 73040000 		.4byte	.LASF5
 149 004f 02       		.uleb128 0x2
 150 0050 08       		.byte	0x8
 151 0051 05       		.byte	0x5
 152 0052 3C020000 		.4byte	.LASF6
 153 0056 02       		.uleb128 0x2
 154 0057 08       		.byte	0x8
 155 0058 07       		.byte	0x7
 156 0059 6E010000 		.4byte	.LASF7
 157 005d 03       		.uleb128 0x3
ARM GAS  C:\Users\User\AppData\Local\Temp\cckOmu7k.s 			page 5


 158 005e 04       		.byte	0x4
 159 005f 05       		.byte	0x5
 160 0060 696E7400 		.ascii	"int\000"
 161 0064 02       		.uleb128 0x2
 162 0065 04       		.byte	0x4
 163 0066 07       		.byte	0x7
 164 0067 47040000 		.4byte	.LASF8
 165 006b 04       		.uleb128 0x4
 166 006c 2B030000 		.4byte	.LASF9
 167 0070 02       		.byte	0x2
 168 0071 E601     		.2byte	0x1e6
 169 0073 2C000000 		.4byte	0x2c
 170 0077 04       		.uleb128 0x4
 171 0078 23090000 		.4byte	.LASF10
 172 007c 02       		.byte	0x2
 173 007d E701     		.2byte	0x1e7
 174 007f 3A000000 		.4byte	0x3a
 175 0083 04       		.uleb128 0x4
 176 0084 88030000 		.4byte	.LASF11
 177 0088 02       		.byte	0x2
 178 0089 E801     		.2byte	0x1e8
 179 008b 48000000 		.4byte	0x48
 180 008f 02       		.uleb128 0x2
 181 0090 04       		.byte	0x4
 182 0091 04       		.byte	0x4
 183 0092 390A0000 		.4byte	.LASF12
 184 0096 02       		.uleb128 0x2
 185 0097 08       		.byte	0x8
 186 0098 04       		.byte	0x4
 187 0099 50030000 		.4byte	.LASF13
 188 009d 02       		.uleb128 0x2
 189 009e 01       		.byte	0x1
 190 009f 08       		.byte	0x8
 191 00a0 6E0A0000 		.4byte	.LASF14
 192 00a4 05       		.uleb128 0x5
 193 00a5 6B000000 		.4byte	0x6b
 194 00a9 06       		.uleb128 0x6
 195 00aa 7F090000 		.4byte	.LASF124
 196 00ae 04       		.byte	0x4
 197 00af 03       		.byte	0x3
 198 00b0 30       		.byte	0x30
 199 00b1 CE000000 		.4byte	0xce
 200 00b5 07       		.uleb128 0x7
 201 00b6 840B0000 		.4byte	.LASF15
 202 00ba 03       		.byte	0x3
 203 00bb 31       		.byte	0x31
 204 00bc 77000000 		.4byte	0x77
 205 00c0 00       		.byte	0
 206 00c1 07       		.uleb128 0x7
 207 00c2 98050000 		.4byte	.LASF16
 208 00c6 03       		.byte	0x3
 209 00c7 32       		.byte	0x32
 210 00c8 6B000000 		.4byte	0x6b
 211 00cc 02       		.byte	0x2
 212 00cd 00       		.byte	0
 213 00ce 02       		.uleb128 0x2
 214 00cf 08       		.byte	0x8
ARM GAS  C:\Users\User\AppData\Local\Temp\cckOmu7k.s 			page 6


 215 00d0 04       		.byte	0x4
 216 00d1 8F030000 		.4byte	.LASF17
 217 00d5 02       		.uleb128 0x2
 218 00d6 04       		.byte	0x4
 219 00d7 07       		.byte	0x7
 220 00d8 8C070000 		.4byte	.LASF18
 221 00dc 08       		.uleb128 0x8
 222 00dd 01       		.byte	0x1
 223 00de 2C000000 		.4byte	0x2c
 224 00e2 04       		.byte	0x4
 225 00e3 4D01     		.2byte	0x14d
 226 00e5 9A020000 		.4byte	0x29a
 227 00e9 09       		.uleb128 0x9
 228 00ea 4A050000 		.4byte	.LASF19
 229 00ee 00       		.byte	0
 230 00ef 09       		.uleb128 0x9
 231 00f0 56020000 		.4byte	.LASF20
 232 00f4 01       		.byte	0x1
 233 00f5 09       		.uleb128 0x9
 234 00f6 48010000 		.4byte	.LASF21
 235 00fa 02       		.byte	0x2
 236 00fb 09       		.uleb128 0x9
 237 00fc 4D0B0000 		.4byte	.LASF22
 238 0100 03       		.byte	0x3
 239 0101 09       		.uleb128 0x9
 240 0102 85010000 		.4byte	.LASF23
 241 0106 04       		.byte	0x4
 242 0107 09       		.uleb128 0x9
 243 0108 32000000 		.4byte	.LASF24
 244 010c 05       		.byte	0x5
 245 010d 09       		.uleb128 0x9
 246 010e 7F050000 		.4byte	.LASF25
 247 0112 06       		.byte	0x6
 248 0113 09       		.uleb128 0x9
 249 0114 01040000 		.4byte	.LASF26
 250 0118 20       		.byte	0x20
 251 0119 09       		.uleb128 0x9
 252 011a 9C020000 		.4byte	.LASF27
 253 011e 21       		.byte	0x21
 254 011f 09       		.uleb128 0x9
 255 0120 A0050000 		.4byte	.LASF28
 256 0124 22       		.byte	0x22
 257 0125 09       		.uleb128 0x9
 258 0126 270B0000 		.4byte	.LASF29
 259 012a 23       		.byte	0x23
 260 012b 09       		.uleb128 0x9
 261 012c 32080000 		.4byte	.LASF30
 262 0130 24       		.byte	0x24
 263 0131 09       		.uleb128 0x9
 264 0132 AE070000 		.4byte	.LASF31
 265 0136 25       		.byte	0x25
 266 0137 09       		.uleb128 0x9
 267 0138 03030000 		.4byte	.LASF32
 268 013c 26       		.byte	0x26
 269 013d 09       		.uleb128 0x9
 270 013e C4050000 		.4byte	.LASF33
 271 0142 27       		.byte	0x27
ARM GAS  C:\Users\User\AppData\Local\Temp\cckOmu7k.s 			page 7


 272 0143 09       		.uleb128 0x9
 273 0144 730A0000 		.4byte	.LASF34
 274 0148 28       		.byte	0x28
 275 0149 09       		.uleb128 0x9
 276 014a DE010000 		.4byte	.LASF35
 277 014e 29       		.byte	0x29
 278 014f 09       		.uleb128 0x9
 279 0150 97000000 		.4byte	.LASF36
 280 0154 2A       		.byte	0x2a
 281 0155 09       		.uleb128 0x9
 282 0156 7D020000 		.4byte	.LASF37
 283 015a 2B       		.byte	0x2b
 284 015b 09       		.uleb128 0x9
 285 015c F90B0000 		.4byte	.LASF38
 286 0160 2C       		.byte	0x2c
 287 0161 09       		.uleb128 0x9
 288 0162 FB010000 		.4byte	.LASF39
 289 0166 2D       		.byte	0x2d
 290 0167 09       		.uleb128 0x9
 291 0168 CA0A0000 		.4byte	.LASF40
 292 016c 2E       		.byte	0x2e
 293 016d 09       		.uleb128 0x9
 294 016e E1000000 		.4byte	.LASF41
 295 0172 2F       		.byte	0x2f
 296 0173 09       		.uleb128 0x9
 297 0174 11080000 		.4byte	.LASF42
 298 0178 30       		.byte	0x30
 299 0179 09       		.uleb128 0x9
 300 017a 690C0000 		.4byte	.LASF43
 301 017e 31       		.byte	0x31
 302 017f 09       		.uleb128 0x9
 303 0180 F0070000 		.4byte	.LASF44
 304 0184 32       		.byte	0x32
 305 0185 09       		.uleb128 0x9
 306 0186 120A0000 		.4byte	.LASF45
 307 018a 33       		.byte	0x33
 308 018b 09       		.uleb128 0x9
 309 018c 85040000 		.4byte	.LASF46
 310 0190 34       		.byte	0x34
 311 0191 09       		.uleb128 0x9
 312 0192 E4030000 		.4byte	.LASF47
 313 0196 35       		.byte	0x35
 314 0197 09       		.uleb128 0x9
 315 0198 EA050000 		.4byte	.LASF48
 316 019c 36       		.byte	0x36
 317 019d 09       		.uleb128 0x9
 318 019e 18070000 		.4byte	.LASF49
 319 01a2 37       		.byte	0x37
 320 01a3 09       		.uleb128 0x9
 321 01a4 F8090000 		.4byte	.LASF50
 322 01a8 40       		.byte	0x40
 323 01a9 09       		.uleb128 0x9
 324 01aa B6060000 		.4byte	.LASF51
 325 01ae 41       		.byte	0x41
 326 01af 09       		.uleb128 0x9
 327 01b0 A90C0000 		.4byte	.LASF52
 328 01b4 42       		.byte	0x42
ARM GAS  C:\Users\User\AppData\Local\Temp\cckOmu7k.s 			page 8


 329 01b5 09       		.uleb128 0x9
 330 01b6 660B0000 		.4byte	.LASF53
 331 01ba 43       		.byte	0x43
 332 01bb 09       		.uleb128 0x9
 333 01bc B7040000 		.4byte	.LASF54
 334 01c0 44       		.byte	0x44
 335 01c1 09       		.uleb128 0x9
 336 01c2 A5080000 		.4byte	.LASF55
 337 01c6 45       		.byte	0x45
 338 01c7 09       		.uleb128 0x9
 339 01c8 6B070000 		.4byte	.LASF56
 340 01cc 46       		.byte	0x46
 341 01cd 09       		.uleb128 0x9
 342 01ce 61050000 		.4byte	.LASF57
 343 01d2 47       		.byte	0x47
 344 01d3 09       		.uleb128 0x9
 345 01d4 D20B0000 		.4byte	.LASF58
 346 01d8 48       		.byte	0x48
 347 01d9 09       		.uleb128 0x9
 348 01da B3020000 		.4byte	.LASF59
 349 01de 49       		.byte	0x49
 350 01df 09       		.uleb128 0x9
 351 01e0 9E0B0000 		.4byte	.LASF60
 352 01e4 4A       		.byte	0x4a
 353 01e5 09       		.uleb128 0x9
 354 01e6 0A010000 		.4byte	.LASF61
 355 01ea 4B       		.byte	0x4b
 356 01eb 09       		.uleb128 0x9
 357 01ec 9D040000 		.4byte	.LASF62
 358 01f0 4C       		.byte	0x4c
 359 01f1 09       		.uleb128 0x9
 360 01f2 D6070000 		.4byte	.LASF63
 361 01f6 4D       		.byte	0x4d
 362 01f7 09       		.uleb128 0x9
 363 01f8 CC020000 		.4byte	.LASF64
 364 01fc 4E       		.byte	0x4e
 365 01fd 09       		.uleb128 0x9
 366 01fe B8090000 		.4byte	.LASF65
 367 0202 4F       		.byte	0x4f
 368 0203 09       		.uleb128 0x9
 369 0204 29010000 		.4byte	.LASF66
 370 0208 50       		.byte	0x50
 371 0209 09       		.uleb128 0x9
 372 020a 31030000 		.4byte	.LASF67
 373 020e 51       		.byte	0x51
 374 020f 09       		.uleb128 0x9
 375 0210 4E080000 		.4byte	.LASF68
 376 0214 52       		.byte	0x52
 377 0215 09       		.uleb128 0x9
 378 0216 5E090000 		.4byte	.LASF69
 379 021a 53       		.byte	0x53
 380 021b 09       		.uleb128 0x9
 381 021c D7090000 		.4byte	.LASF70
 382 0220 54       		.byte	0x54
 383 0221 09       		.uleb128 0x9
 384 0222 D5040000 		.4byte	.LASF71
 385 0226 55       		.byte	0x55
ARM GAS  C:\Users\User\AppData\Local\Temp\cckOmu7k.s 			page 9


 386 0227 09       		.uleb128 0x9
 387 0228 25040000 		.4byte	.LASF72
 388 022c 56       		.byte	0x56
 389 022d 09       		.uleb128 0x9
 390 022e A10A0000 		.4byte	.LASF73
 391 0232 57       		.byte	0x57
 392 0233 09       		.uleb128 0x9
 393 0234 14050000 		.4byte	.LASF74
 394 0238 58       		.byte	0x58
 395 0239 09       		.uleb128 0x9
 396 023a B8010000 		.4byte	.LASF75
 397 023e 70       		.byte	0x70
 398 023f 09       		.uleb128 0x9
 399 0240 3E0C0000 		.4byte	.LASF76
 400 0244 71       		.byte	0x71
 401 0245 09       		.uleb128 0x9
 402 0246 D1060000 		.4byte	.LASF77
 403 024a 72       		.byte	0x72
 404 024b 09       		.uleb128 0x9
 405 024c 4D070000 		.4byte	.LASF78
 406 0250 73       		.byte	0x73
 407 0251 09       		.uleb128 0x9
 408 0252 87080000 		.4byte	.LASF79
 409 0256 74       		.byte	0x74
 410 0257 09       		.uleb128 0x9
 411 0258 1D0C0000 		.4byte	.LASF80
 412 025c 75       		.byte	0x75
 413 025d 09       		.uleb128 0x9
 414 025e C0000000 		.4byte	.LASF81
 415 0262 76       		.byte	0x76
 416 0263 09       		.uleb128 0x9
 417 0264 62000000 		.4byte	.LASF82
 418 0268 77       		.byte	0x77
 419 0269 09       		.uleb128 0x9
 420 026a 00000000 		.4byte	.LASF83
 421 026e 78       		.byte	0x78
 422 026f 09       		.uleb128 0x9
 423 0270 EE0A0000 		.4byte	.LASF84
 424 0274 79       		.byte	0x79
 425 0275 09       		.uleb128 0x9
 426 0276 C0030000 		.4byte	.LASF85
 427 027a 7A       		.byte	0x7a
 428 027b 09       		.uleb128 0x9
 429 027c 9A010000 		.4byte	.LASF86
 430 0280 FA       		.byte	0xfa
 431 0281 09       		.uleb128 0x9
 432 0282 54040000 		.4byte	.LASF87
 433 0286 FB       		.byte	0xfb
 434 0287 09       		.uleb128 0x9
 435 0288 8F090000 		.4byte	.LASF88
 436 028c FC       		.byte	0xfc
 437 028d 09       		.uleb128 0x9
 438 028e 3F0A0000 		.4byte	.LASF89
 439 0292 FD       		.byte	0xfd
 440 0293 09       		.uleb128 0x9
 441 0294 B2030000 		.4byte	.LASF90
 442 0298 FF       		.byte	0xff
ARM GAS  C:\Users\User\AppData\Local\Temp\cckOmu7k.s 			page 10


 443 0299 00       		.byte	0
 444 029a 0A       		.uleb128 0xa
 445 029b 01       		.byte	0x1
 446 029c 2C000000 		.4byte	0x2c
 447 02a0 05       		.byte	0x5
 448 02a1 22       		.byte	0x22
 449 02a2 E3020000 		.4byte	0x2e3
 450 02a6 09       		.uleb128 0x9
 451 02a7 8D0C0000 		.4byte	.LASF91
 452 02ab 00       		.byte	0
 453 02ac 09       		.uleb128 0x9
 454 02ad 570A0000 		.4byte	.LASF92
 455 02b1 01       		.byte	0x1
 456 02b2 09       		.uleb128 0x9
 457 02b3 FD080000 		.4byte	.LASF93
 458 02b7 02       		.byte	0x2
 459 02b8 09       		.uleb128 0x9
 460 02b9 9B030000 		.4byte	.LASF94
 461 02bd 03       		.byte	0x3
 462 02be 09       		.uleb128 0x9
 463 02bf 62030000 		.4byte	.LASF95
 464 02c3 04       		.byte	0x4
 465 02c4 09       		.uleb128 0x9
 466 02c5 A1090000 		.4byte	.LASF96
 467 02c9 05       		.byte	0x5
 468 02ca 09       		.uleb128 0x9
 469 02cb 04070000 		.4byte	.LASF97
 470 02cf 06       		.byte	0x6
 471 02d0 09       		.uleb128 0x9
 472 02d1 6F080000 		.4byte	.LASF98
 473 02d5 07       		.byte	0x7
 474 02d6 09       		.uleb128 0x9
 475 02d7 0B060000 		.4byte	.LASF99
 476 02db 08       		.byte	0x8
 477 02dc 09       		.uleb128 0x9
 478 02dd 2A090000 		.4byte	.LASF100
 479 02e1 09       		.byte	0x9
 480 02e2 00       		.byte	0
 481 02e3 0A       		.uleb128 0xa
 482 02e4 01       		.byte	0x1
 483 02e5 2C000000 		.4byte	0x2c
 484 02e9 06       		.byte	0x6
 485 02ea 21       		.byte	0x21
 486 02eb 0E030000 		.4byte	0x30e
 487 02ef 09       		.uleb128 0x9
 488 02f0 ED060000 		.4byte	.LASF101
 489 02f4 00       		.byte	0
 490 02f5 09       		.uleb128 0x9
 491 02f6 69020000 		.4byte	.LASF102
 492 02fa 01       		.byte	0x1
 493 02fb 09       		.uleb128 0x9
 494 02fc 81000000 		.4byte	.LASF103
 495 0300 02       		.byte	0x2
 496 0301 09       		.uleb128 0x9
 497 0302 F9040000 		.4byte	.LASF104
 498 0306 03       		.byte	0x3
 499 0307 09       		.uleb128 0x9
ARM GAS  C:\Users\User\AppData\Local\Temp\cckOmu7k.s 			page 11


 500 0308 49090000 		.4byte	.LASF105
 501 030c 04       		.byte	0x4
 502 030d 00       		.byte	0
 503 030e 0A       		.uleb128 0xa
 504 030f 01       		.byte	0x1
 505 0310 2C000000 		.4byte	0x2c
 506 0314 06       		.byte	0x6
 507 0315 2C       		.byte	0x2c
 508 0316 2D030000 		.4byte	0x32d
 509 031a 09       		.uleb128 0x9
 510 031b 23000000 		.4byte	.LASF106
 511 031f 00       		.byte	0
 512 0320 09       		.uleb128 0x9
 513 0321 C8070000 		.4byte	.LASF107
 514 0325 01       		.byte	0x1
 515 0326 09       		.uleb128 0x9
 516 0327 110B0000 		.4byte	.LASF108
 517 032b 02       		.byte	0x2
 518 032c 00       		.byte	0
 519 032d 08       		.uleb128 0x8
 520 032e 01       		.byte	0x1
 521 032f 2C000000 		.4byte	0x2c
 522 0333 07       		.byte	0x7
 523 0334 5008     		.2byte	0x850
 524 0336 59030000 		.4byte	0x359
 525 033a 09       		.uleb128 0x9
 526 033b 4E000000 		.4byte	.LASF109
 527 033f 00       		.byte	0
 528 0340 09       		.uleb128 0x9
 529 0341 95070000 		.4byte	.LASF110
 530 0345 01       		.byte	0x1
 531 0346 09       		.uleb128 0x9
 532 0347 BC0B0000 		.4byte	.LASF111
 533 034b 02       		.byte	0x2
 534 034c 09       		.uleb128 0x9
 535 034d 24020000 		.4byte	.LASF112
 536 0351 03       		.byte	0x3
 537 0352 09       		.uleb128 0x9
 538 0353 EA020000 		.4byte	.LASF113
 539 0357 04       		.byte	0x4
 540 0358 00       		.byte	0
 541 0359 04       		.uleb128 0x4
 542 035a 900B0000 		.4byte	.LASF114
 543 035e 07       		.byte	0x7
 544 035f 5E08     		.2byte	0x85e
 545 0361 2D030000 		.4byte	0x32d
 546 0365 0B       		.uleb128 0xb
 547 0366 640C0000 		.4byte	.LASF125
 548 036a 01       		.byte	0x1
 549 036b 26       		.byte	0x26
 550 036c 5D000000 		.4byte	0x5d
 551 0370 00000000 		.4byte	.LFB36
 552 0374 64000000 		.4byte	.LFE36-.LFB36
 553 0378 01       		.uleb128 0x1
 554 0379 9C       		.byte	0x9c
 555 037a 8D030000 		.4byte	0x38d
 556 037e 0C       		.uleb128 0xc
ARM GAS  C:\Users\User\AppData\Local\Temp\cckOmu7k.s 			page 12


 557 037f 950A0000 		.4byte	.LASF115
 558 0383 01       		.byte	0x1
 559 0384 29       		.byte	0x29
 560 0385 8F000000 		.4byte	0x8f
 561 0389 02       		.uleb128 0x2
 562 038a 91       		.byte	0x91
 563 038b 74       		.sleb128 -12
 564 038c 00       		.byte	0
 565 038d 0C       		.uleb128 0xc
 566 038e 63010000 		.4byte	.LASF116
 567 0392 08       		.byte	0x8
 568 0393 11       		.byte	0x11
 569 0394 A4000000 		.4byte	0xa4
 570 0398 05       		.uleb128 0x5
 571 0399 03       		.byte	0x3
 572 039a 00000000 		.4byte	flag_Timer
 573 039e 0D       		.uleb128 0xd
 574 039f A9000000 		.4byte	0xa9
 575 03a3 AE030000 		.4byte	0x3ae
 576 03a7 0E       		.uleb128 0xe
 577 03a8 D5000000 		.4byte	0xd5
 578 03ac 07       		.byte	0x7
 579 03ad 00       		.byte	0
 580 03ae 0F       		.uleb128 0xf
 581 03af 79030000 		.4byte	.LASF117
 582 03b3 03       		.byte	0x3
 583 03b4 34       		.byte	0x34
 584 03b5 9E030000 		.4byte	0x39e
 585 03b9 05       		.uleb128 0x5
 586 03ba 03       		.byte	0x3
 587 03bb 00000000 		.4byte	OneWire_Sensor
 588 03bf 0F       		.uleb128 0xf
 589 03c0 C70C0000 		.4byte	.LASF118
 590 03c4 03       		.byte	0x3
 591 03c5 39       		.byte	0x39
 592 03c6 A4000000 		.4byte	0xa4
 593 03ca 05       		.uleb128 0x5
 594 03cb 03       		.byte	0x3
 595 03cc 00000000 		.4byte	OneWire_DataReady
 596 03d0 10       		.uleb128 0x10
 597 03d1 1C060000 		.4byte	.LASF119
 598 03d5 07       		.byte	0x7
 599 03d6 A90A     		.2byte	0xaa9
 600 03d8 59030000 		.4byte	0x359
 601 03dc 11       		.uleb128 0x11
 602 03dd 57030000 		.4byte	.LASF120
 603 03e1 09       		.byte	0x9
 604 03e2 1A       		.byte	0x1a
 605 03e3 83000000 		.4byte	0x83
 606 03e7 00       		.byte	0
 607              		.section	.debug_abbrev,"",%progbits
 608              	.Ldebug_abbrev0:
 609 0000 01       		.uleb128 0x1
 610 0001 11       		.uleb128 0x11
 611 0002 01       		.byte	0x1
 612 0003 25       		.uleb128 0x25
 613 0004 0E       		.uleb128 0xe
ARM GAS  C:\Users\User\AppData\Local\Temp\cckOmu7k.s 			page 13


 614 0005 13       		.uleb128 0x13
 615 0006 0B       		.uleb128 0xb
 616 0007 03       		.uleb128 0x3
 617 0008 0E       		.uleb128 0xe
 618 0009 1B       		.uleb128 0x1b
 619 000a 0E       		.uleb128 0xe
 620 000b 55       		.uleb128 0x55
 621 000c 17       		.uleb128 0x17
 622 000d 11       		.uleb128 0x11
 623 000e 01       		.uleb128 0x1
 624 000f 10       		.uleb128 0x10
 625 0010 17       		.uleb128 0x17
 626 0011 00       		.byte	0
 627 0012 00       		.byte	0
 628 0013 02       		.uleb128 0x2
 629 0014 24       		.uleb128 0x24
 630 0015 00       		.byte	0
 631 0016 0B       		.uleb128 0xb
 632 0017 0B       		.uleb128 0xb
 633 0018 3E       		.uleb128 0x3e
 634 0019 0B       		.uleb128 0xb
 635 001a 03       		.uleb128 0x3
 636 001b 0E       		.uleb128 0xe
 637 001c 00       		.byte	0
 638 001d 00       		.byte	0
 639 001e 03       		.uleb128 0x3
 640 001f 24       		.uleb128 0x24
 641 0020 00       		.byte	0
 642 0021 0B       		.uleb128 0xb
 643 0022 0B       		.uleb128 0xb
 644 0023 3E       		.uleb128 0x3e
 645 0024 0B       		.uleb128 0xb
 646 0025 03       		.uleb128 0x3
 647 0026 08       		.uleb128 0x8
 648 0027 00       		.byte	0
 649 0028 00       		.byte	0
 650 0029 04       		.uleb128 0x4
 651 002a 16       		.uleb128 0x16
 652 002b 00       		.byte	0
 653 002c 03       		.uleb128 0x3
 654 002d 0E       		.uleb128 0xe
 655 002e 3A       		.uleb128 0x3a
 656 002f 0B       		.uleb128 0xb
 657 0030 3B       		.uleb128 0x3b
 658 0031 05       		.uleb128 0x5
 659 0032 49       		.uleb128 0x49
 660 0033 13       		.uleb128 0x13
 661 0034 00       		.byte	0
 662 0035 00       		.byte	0
 663 0036 05       		.uleb128 0x5
 664 0037 35       		.uleb128 0x35
 665 0038 00       		.byte	0
 666 0039 49       		.uleb128 0x49
 667 003a 13       		.uleb128 0x13
 668 003b 00       		.byte	0
 669 003c 00       		.byte	0
 670 003d 06       		.uleb128 0x6
ARM GAS  C:\Users\User\AppData\Local\Temp\cckOmu7k.s 			page 14


 671 003e 13       		.uleb128 0x13
 672 003f 01       		.byte	0x1
 673 0040 03       		.uleb128 0x3
 674 0041 0E       		.uleb128 0xe
 675 0042 0B       		.uleb128 0xb
 676 0043 0B       		.uleb128 0xb
 677 0044 3A       		.uleb128 0x3a
 678 0045 0B       		.uleb128 0xb
 679 0046 3B       		.uleb128 0x3b
 680 0047 0B       		.uleb128 0xb
 681 0048 01       		.uleb128 0x1
 682 0049 13       		.uleb128 0x13
 683 004a 00       		.byte	0
 684 004b 00       		.byte	0
 685 004c 07       		.uleb128 0x7
 686 004d 0D       		.uleb128 0xd
 687 004e 00       		.byte	0
 688 004f 03       		.uleb128 0x3
 689 0050 0E       		.uleb128 0xe
 690 0051 3A       		.uleb128 0x3a
 691 0052 0B       		.uleb128 0xb
 692 0053 3B       		.uleb128 0x3b
 693 0054 0B       		.uleb128 0xb
 694 0055 49       		.uleb128 0x49
 695 0056 13       		.uleb128 0x13
 696 0057 38       		.uleb128 0x38
 697 0058 0B       		.uleb128 0xb
 698 0059 00       		.byte	0
 699 005a 00       		.byte	0
 700 005b 08       		.uleb128 0x8
 701 005c 04       		.uleb128 0x4
 702 005d 01       		.byte	0x1
 703 005e 0B       		.uleb128 0xb
 704 005f 0B       		.uleb128 0xb
 705 0060 49       		.uleb128 0x49
 706 0061 13       		.uleb128 0x13
 707 0062 3A       		.uleb128 0x3a
 708 0063 0B       		.uleb128 0xb
 709 0064 3B       		.uleb128 0x3b
 710 0065 05       		.uleb128 0x5
 711 0066 01       		.uleb128 0x1
 712 0067 13       		.uleb128 0x13
 713 0068 00       		.byte	0
 714 0069 00       		.byte	0
 715 006a 09       		.uleb128 0x9
 716 006b 28       		.uleb128 0x28
 717 006c 00       		.byte	0
 718 006d 03       		.uleb128 0x3
 719 006e 0E       		.uleb128 0xe
 720 006f 1C       		.uleb128 0x1c
 721 0070 0B       		.uleb128 0xb
 722 0071 00       		.byte	0
 723 0072 00       		.byte	0
 724 0073 0A       		.uleb128 0xa
 725 0074 04       		.uleb128 0x4
 726 0075 01       		.byte	0x1
 727 0076 0B       		.uleb128 0xb
ARM GAS  C:\Users\User\AppData\Local\Temp\cckOmu7k.s 			page 15


 728 0077 0B       		.uleb128 0xb
 729 0078 49       		.uleb128 0x49
 730 0079 13       		.uleb128 0x13
 731 007a 3A       		.uleb128 0x3a
 732 007b 0B       		.uleb128 0xb
 733 007c 3B       		.uleb128 0x3b
 734 007d 0B       		.uleb128 0xb
 735 007e 01       		.uleb128 0x1
 736 007f 13       		.uleb128 0x13
 737 0080 00       		.byte	0
 738 0081 00       		.byte	0
 739 0082 0B       		.uleb128 0xb
 740 0083 2E       		.uleb128 0x2e
 741 0084 01       		.byte	0x1
 742 0085 3F       		.uleb128 0x3f
 743 0086 19       		.uleb128 0x19
 744 0087 03       		.uleb128 0x3
 745 0088 0E       		.uleb128 0xe
 746 0089 3A       		.uleb128 0x3a
 747 008a 0B       		.uleb128 0xb
 748 008b 3B       		.uleb128 0x3b
 749 008c 0B       		.uleb128 0xb
 750 008d 49       		.uleb128 0x49
 751 008e 13       		.uleb128 0x13
 752 008f 11       		.uleb128 0x11
 753 0090 01       		.uleb128 0x1
 754 0091 12       		.uleb128 0x12
 755 0092 06       		.uleb128 0x6
 756 0093 40       		.uleb128 0x40
 757 0094 18       		.uleb128 0x18
 758 0095 9642     		.uleb128 0x2116
 759 0097 19       		.uleb128 0x19
 760 0098 01       		.uleb128 0x1
 761 0099 13       		.uleb128 0x13
 762 009a 00       		.byte	0
 763 009b 00       		.byte	0
 764 009c 0C       		.uleb128 0xc
 765 009d 34       		.uleb128 0x34
 766 009e 00       		.byte	0
 767 009f 03       		.uleb128 0x3
 768 00a0 0E       		.uleb128 0xe
 769 00a1 3A       		.uleb128 0x3a
 770 00a2 0B       		.uleb128 0xb
 771 00a3 3B       		.uleb128 0x3b
 772 00a4 0B       		.uleb128 0xb
 773 00a5 49       		.uleb128 0x49
 774 00a6 13       		.uleb128 0x13
 775 00a7 02       		.uleb128 0x2
 776 00a8 18       		.uleb128 0x18
 777 00a9 00       		.byte	0
 778 00aa 00       		.byte	0
 779 00ab 0D       		.uleb128 0xd
 780 00ac 01       		.uleb128 0x1
 781 00ad 01       		.byte	0x1
 782 00ae 49       		.uleb128 0x49
 783 00af 13       		.uleb128 0x13
 784 00b0 01       		.uleb128 0x1
ARM GAS  C:\Users\User\AppData\Local\Temp\cckOmu7k.s 			page 16


 785 00b1 13       		.uleb128 0x13
 786 00b2 00       		.byte	0
 787 00b3 00       		.byte	0
 788 00b4 0E       		.uleb128 0xe
 789 00b5 21       		.uleb128 0x21
 790 00b6 00       		.byte	0
 791 00b7 49       		.uleb128 0x49
 792 00b8 13       		.uleb128 0x13
 793 00b9 2F       		.uleb128 0x2f
 794 00ba 0B       		.uleb128 0xb
 795 00bb 00       		.byte	0
 796 00bc 00       		.byte	0
 797 00bd 0F       		.uleb128 0xf
 798 00be 34       		.uleb128 0x34
 799 00bf 00       		.byte	0
 800 00c0 03       		.uleb128 0x3
 801 00c1 0E       		.uleb128 0xe
 802 00c2 3A       		.uleb128 0x3a
 803 00c3 0B       		.uleb128 0xb
 804 00c4 3B       		.uleb128 0x3b
 805 00c5 0B       		.uleb128 0xb
 806 00c6 49       		.uleb128 0x49
 807 00c7 13       		.uleb128 0x13
 808 00c8 3F       		.uleb128 0x3f
 809 00c9 19       		.uleb128 0x19
 810 00ca 02       		.uleb128 0x2
 811 00cb 18       		.uleb128 0x18
 812 00cc 00       		.byte	0
 813 00cd 00       		.byte	0
 814 00ce 10       		.uleb128 0x10
 815 00cf 34       		.uleb128 0x34
 816 00d0 00       		.byte	0
 817 00d1 03       		.uleb128 0x3
 818 00d2 0E       		.uleb128 0xe
 819 00d3 3A       		.uleb128 0x3a
 820 00d4 0B       		.uleb128 0xb
 821 00d5 3B       		.uleb128 0x3b
 822 00d6 05       		.uleb128 0x5
 823 00d7 49       		.uleb128 0x49
 824 00d8 13       		.uleb128 0x13
 825 00d9 3F       		.uleb128 0x3f
 826 00da 19       		.uleb128 0x19
 827 00db 3C       		.uleb128 0x3c
 828 00dc 19       		.uleb128 0x19
 829 00dd 00       		.byte	0
 830 00de 00       		.byte	0
 831 00df 11       		.uleb128 0x11
 832 00e0 34       		.uleb128 0x34
 833 00e1 00       		.byte	0
 834 00e2 03       		.uleb128 0x3
 835 00e3 0E       		.uleb128 0xe
 836 00e4 3A       		.uleb128 0x3a
 837 00e5 0B       		.uleb128 0xb
 838 00e6 3B       		.uleb128 0x3b
 839 00e7 0B       		.uleb128 0xb
 840 00e8 49       		.uleb128 0x49
 841 00e9 13       		.uleb128 0x13
ARM GAS  C:\Users\User\AppData\Local\Temp\cckOmu7k.s 			page 17


 842 00ea 3F       		.uleb128 0x3f
 843 00eb 19       		.uleb128 0x19
 844 00ec 3C       		.uleb128 0x3c
 845 00ed 19       		.uleb128 0x19
 846 00ee 00       		.byte	0
 847 00ef 00       		.byte	0
 848 00f0 00       		.byte	0
 849              		.section	.debug_aranges,"",%progbits
 850 0000 1C000000 		.4byte	0x1c
 851 0004 0200     		.2byte	0x2
 852 0006 00000000 		.4byte	.Ldebug_info0
 853 000a 04       		.byte	0x4
 854 000b 00       		.byte	0
 855 000c 0000     		.2byte	0
 856 000e 0000     		.2byte	0
 857 0010 00000000 		.4byte	.LFB36
 858 0014 64000000 		.4byte	.LFE36-.LFB36
 859 0018 00000000 		.4byte	0
 860 001c 00000000 		.4byte	0
 861              		.section	.debug_ranges,"",%progbits
 862              	.Ldebug_ranges0:
 863 0000 00000000 		.4byte	.LFB36
 864 0004 64000000 		.4byte	.LFE36
 865 0008 00000000 		.4byte	0
 866 000c 00000000 		.4byte	0
 867              		.section	.debug_line,"",%progbits
 868              	.Ldebug_line0:
 869 0000 D2000000 		.section	.debug_str,"MS",%progbits,1
 869      0200B300 
 869      00000201 
 869      FB0E0D00 
 869      01010101 
 870              	.LASF83:
 871 0000 4359424C 		.ascii	"CYBLE_EVT_L2CAP_CBFC_RX_CREDIT_IND\000"
 871      455F4556 
 871      545F4C32 
 871      4341505F 
 871      43424643 
 872              	.LASF106:
 873 0023 4359424C 		.ascii	"CYBLE_HTS_CCCD\000"
 873      455F4854 
 873      535F4343 
 873      434400
 874              	.LASF24:
 875 0032 4359424C 		.ascii	"CYBLE_EVT_STACK_BUSY_STATUS\000"
 875      455F4556 
 875      545F5354 
 875      41434B5F 
 875      42555359 
 876              	.LASF109:
 877 004e 4359424C 		.ascii	"CYBLE_STATE_STOPPED\000"
 877      455F5354 
 877      4154455F 
 877      53544F50 
 877      50454400 
 878              	.LASF82:
 879 0062 4359424C 		.ascii	"CYBLE_EVT_L2CAP_CBFC_DATA_READ\000"
ARM GAS  C:\Users\User\AppData\Local\Temp\cckOmu7k.s 			page 18


 879      455F4556 
 879      545F4C32 
 879      4341505F 
 879      43424643 
 880              	.LASF103:
 881 0081 4359424C 		.ascii	"CYBLE_HTS_INTERM_TEMP\000"
 881      455F4854 
 881      535F494E 
 881      5445524D 
 881      5F54454D 
 882              	.LASF36:
 883 0097 4359424C 		.ascii	"CYBLE_EVT_GAP_CONNECTION_UPDATE_COMPLETE\000"
 883      455F4556 
 883      545F4741 
 883      505F434F 
 883      4E4E4543 
 884              	.LASF81:
 885 00c0 4359424C 		.ascii	"CYBLE_EVT_L2CAP_CBFC_DISCONN_CNF\000"
 885      455F4556 
 885      545F4C32 
 885      4341505F 
 885      43424643 
 886              	.LASF41:
 887 00e1 4359424C 		.ascii	"CYBLE_EVT_GAP_OOB_GENERATED_NOTIFICATION\000"
 887      455F4556 
 887      545F4741 
 887      505F4F4F 
 887      425F4745 
 888              	.LASF61:
 889 010a 4359424C 		.ascii	"CYBLE_EVT_GATTC_READ_MULTI_RSP\000"
 889      455F4556 
 889      545F4741 
 889      5454435F 
 889      52454144 
 890              	.LASF66:
 891 0129 4359424C 		.ascii	"CYBLE_EVT_GATTS_EXEC_WRITE_REQ\000"
 891      455F4556 
 891      545F4741 
 891      5454535F 
 891      45584543 
 892              	.LASF21:
 893 0148 4359424C 		.ascii	"CYBLE_EVT_TIMEOUT\000"
 893      455F4556 
 893      545F5449 
 893      4D454F55 
 893      5400
 894              	.LASF4:
 895 015a 6C6F6E67 		.ascii	"long int\000"
 895      20696E74 
 895      00
 896              	.LASF116:
 897 0163 666C6167 		.ascii	"flag_Timer\000"
 897      5F54696D 
 897      657200
 898              	.LASF7:
 899 016e 6C6F6E67 		.ascii	"long long unsigned int\000"
 899      206C6F6E 
ARM GAS  C:\Users\User\AppData\Local\Temp\cckOmu7k.s 			page 19


 899      6720756E 
 899      7369676E 
 899      65642069 
 900              	.LASF23:
 901 0185 4359424C 		.ascii	"CYBLE_EVT_HCI_STATUS\000"
 901      455F4556 
 901      545F4843 
 901      495F5354 
 901      41545553 
 902              	.LASF86:
 903 019a 4359424C 		.ascii	"CYBLE_EVT_PENDING_FLASH_WRITE\000"
 903      455F4556 
 903      545F5045 
 903      4E44494E 
 903      475F464C 
 904              	.LASF75:
 905 01b8 4359424C 		.ascii	"CYBLE_EVT_L2CAP_CONN_PARAM_UPDATE_REQ\000"
 905      455F4556 
 905      545F4C32 
 905      4341505F 
 905      434F4E4E 
 906              	.LASF35:
 907 01de 4359424C 		.ascii	"CYBLE_EVT_GAP_ENCRYPT_CHANGE\000"
 907      455F4556 
 907      545F4741 
 907      505F454E 
 907      43525950 
 908              	.LASF39:
 909 01fb 4359424C 		.ascii	"CYBLE_EVT_GAP_NUMERIC_COMPARISON_REQUEST\000"
 909      455F4556 
 909      545F4741 
 909      505F4E55 
 909      4D455249 
 910              	.LASF112:
 911 0224 4359424C 		.ascii	"CYBLE_STATE_ADVERTISING\000"
 911      455F5354 
 911      4154455F 
 911      41445645 
 911      52544953 
 912              	.LASF6:
 913 023c 6C6F6E67 		.ascii	"long long int\000"
 913      206C6F6E 
 913      6720696E 
 913      7400
 914              	.LASF0:
 915 024a 7369676E 		.ascii	"signed char\000"
 915      65642063 
 915      68617200 
 916              	.LASF20:
 917 0256 4359424C 		.ascii	"CYBLE_EVT_STACK_ON\000"
 917      455F4556 
 917      545F5354 
 917      41434B5F 
 917      4F4E00
 918              	.LASF102:
 919 0269 4359424C 		.ascii	"CYBLE_HTS_TEMP_TYPE\000"
 919      455F4854 
ARM GAS  C:\Users\User\AppData\Local\Temp\cckOmu7k.s 			page 20


 919      535F5445 
 919      4D505F54 
 919      59504500 
 920              	.LASF37:
 921 027d 4359424C 		.ascii	"CYBLE_EVT_GAPC_SCAN_START_STOP\000"
 921      455F4556 
 921      545F4741 
 921      50435F53 
 921      43414E5F 
 922              	.LASF27:
 923 029c 4359424C 		.ascii	"CYBLE_EVT_GAP_AUTH_REQ\000"
 923      455F4556 
 923      545F4741 
 923      505F4155 
 923      54485F52 
 924              	.LASF59:
 925 02b3 4359424C 		.ascii	"CYBLE_EVT_GATTC_READ_RSP\000"
 925      455F4556 
 925      545F4741 
 925      5454435F 
 925      52454144 
 926              	.LASF64:
 927 02cc 4359424C 		.ascii	"CYBLE_EVT_GATTS_WRITE_CMD_REQ\000"
 927      455F4556 
 927      545F4741 
 927      5454535F 
 927      57524954 
 928              	.LASF113:
 929 02ea 4359424C 		.ascii	"CYBLE_STATE_DISCONNECTED\000"
 929      455F5354 
 929      4154455F 
 929      44495343 
 929      4F4E4E45 
 930              	.LASF32:
 931 0303 4359424C 		.ascii	"CYBLE_EVT_GAPP_ADVERTISEMENT_START_STOP\000"
 931      455F4556 
 931      545F4741 
 931      50505F41 
 931      44564552 
 932              	.LASF9:
 933 032b 75696E74 		.ascii	"uint8\000"
 933      3800
 934              	.LASF67:
 935 0331 4359424C 		.ascii	"CYBLE_EVT_GATTC_EXEC_WRITE_RSP\000"
 935      455F4556 
 935      545F4741 
 935      5454435F 
 935      45584543 
 936              	.LASF13:
 937 0350 646F7562 		.ascii	"double\000"
 937      6C6500
 938              	.LASF120:
 939 0357 53797374 		.ascii	"SystemFlag\000"
 939      656D466C 
 939      616700
 940              	.LASF95:
 941 0362 4359424C 		.ascii	"CYBLE_DIS_FIRMWARE_REV\000"
ARM GAS  C:\Users\User\AppData\Local\Temp\cckOmu7k.s 			page 21


 941      455F4449 
 941      535F4649 
 941      524D5741 
 941      52455F52 
 942              	.LASF117:
 943 0379 4F6E6557 		.ascii	"OneWire_Sensor\000"
 943      6972655F 
 943      53656E73 
 943      6F7200
 944              	.LASF11:
 945 0388 75696E74 		.ascii	"uint32\000"
 945      333200
 946              	.LASF17:
 947 038f 6C6F6E67 		.ascii	"long double\000"
 947      20646F75 
 947      626C6500 
 948              	.LASF94:
 949 039b 4359424C 		.ascii	"CYBLE_DIS_HARDWARE_REV\000"
 949      455F4449 
 949      535F4841 
 949      52445741 
 949      52455F52 
 950              	.LASF90:
 951 03b2 4359424C 		.ascii	"CYBLE_EVT_MAX\000"
 951      455F4556 
 951      545F4D41 
 951      5800
 952              	.LASF85:
 953 03c0 4359424C 		.ascii	"CYBLE_EVT_L2CAP_CBFC_DATA_WRITE_IND\000"
 953      455F4556 
 953      545F4C32 
 953      4341505F 
 953      43424643 
 954              	.LASF47:
 955 03e4 4359424C 		.ascii	"CYBLE_EVT_GAP_SCAN_REQ_RECVD\000"
 955      455F4556 
 955      545F4741 
 955      505F5343 
 955      414E5F52 
 956              	.LASF26:
 957 0401 4359424C 		.ascii	"CYBLE_EVT_GAPC_SCAN_PROGRESS_RESULT\000"
 957      455F4556 
 957      545F4741 
 957      50435F53 
 957      43414E5F 
 958              	.LASF72:
 959 0425 4359424C 		.ascii	"CYBLE_EVT_GATTC_STOP_CMD_COMPLETE\000"
 959      455F4556 
 959      545F4741 
 959      5454435F 
 959      53544F50 
 960              	.LASF8:
 961 0447 756E7369 		.ascii	"unsigned int\000"
 961      676E6564 
 961      20696E74 
 961      00
 962              	.LASF87:
ARM GAS  C:\Users\User\AppData\Local\Temp\cckOmu7k.s 			page 22


 963 0454 4359424C 		.ascii	"CYBLE_EVT_LE_PING_AUTH_TIMEOUT\000"
 963      455F4556 
 963      545F4C45 
 963      5F50494E 
 963      475F4155 
 964              	.LASF5:
 965 0473 6C6F6E67 		.ascii	"long unsigned int\000"
 965      20756E73 
 965      69676E65 
 965      6420696E 
 965      7400
 966              	.LASF46:
 967 0485 4359424C 		.ascii	"CYBLE_EVT_GAP_CONN_ESTB\000"
 967      455F4556 
 967      545F4741 
 967      505F434F 
 967      4E4E5F45 
 968              	.LASF62:
 969 049d 4359424C 		.ascii	"CYBLE_EVT_GATTS_WRITE_REQ\000"
 969      455F4556 
 969      545F4741 
 969      5454535F 
 969      57524954 
 970              	.LASF54:
 971 04b7 4359424C 		.ascii	"CYBLE_EVT_GATTC_XCHNG_MTU_RSP\000"
 971      455F4556 
 971      545F4741 
 971      5454435F 
 971      5843484E 
 972              	.LASF71:
 973 04d5 4359424C 		.ascii	"CYBLE_EVT_GATTS_DATA_SIGNED_CMD_REQ\000"
 973      455F4556 
 973      545F4741 
 973      5454535F 
 973      44415441 
 974              	.LASF104:
 975 04f9 4359424C 		.ascii	"CYBLE_HTS_MEASURE_INTERVAL\000"
 975      455F4854 
 975      535F4D45 
 975      41535552 
 975      455F494E 
 976              	.LASF74:
 977 0514 4359424C 		.ascii	"CYBLE_EVT_GATTC_LONG_PROCEDURE_END\000"
 977      455F4556 
 977      545F4741 
 977      5454435F 
 977      4C4F4E47 
 978              	.LASF3:
 979 0537 73686F72 		.ascii	"short unsigned int\000"
 979      7420756E 
 979      7369676E 
 979      65642069 
 979      6E7400
 980              	.LASF19:
 981 054a 4359424C 		.ascii	"CYBLE_EVT_HOST_INVALID\000"
 981      455F4556 
 981      545F484F 
ARM GAS  C:\Users\User\AppData\Local\Temp\cckOmu7k.s 			page 23


 981      53545F49 
 981      4E56414C 
 982              	.LASF57:
 983 0561 4359424C 		.ascii	"CYBLE_EVT_GATTC_FIND_INFO_RSP\000"
 983      455F4556 
 983      545F4741 
 983      5454435F 
 983      46494E44 
 984              	.LASF25:
 985 057f 4359424C 		.ascii	"CYBLE_EVT_MEMORY_REQUEST\000"
 985      455F4556 
 985      545F4D45 
 985      4D4F5259 
 985      5F524551 
 986              	.LASF16:
 987 0598 70726573 		.ascii	"present\000"
 987      656E7400 
 988              	.LASF28:
 989 05a0 4359424C 		.ascii	"CYBLE_EVT_GAP_PASSKEY_ENTRY_REQUEST\000"
 989      455F4556 
 989      545F4741 
 989      505F5041 
 989      53534B45 
 990              	.LASF33:
 991 05c4 4359424C 		.ascii	"CYBLE_EVT_GAP_DEVICE_CONNECTED\000"
 991      455F4556 
 991      545F4741 
 991      505F4445 
 991      56494345 
 992              	.LASF122:
 993 05e3 6D61696E 		.ascii	"main.c\000"
 993      2E6300
 994              	.LASF48:
 995 05ea 4359424C 		.ascii	"CYBLE_EVT_GAP_AUTH_REQ_REPLY_ERR\000"
 995      455F4556 
 995      545F4741 
 995      505F4155 
 995      54485F52 
 996              	.LASF99:
 997 060b 4359424C 		.ascii	"CYBLE_DIS_PNP_ID\000"
 997      455F4449 
 997      535F504E 
 997      505F4944 
 997      00
 998              	.LASF119:
 999 061c 6379426C 		.ascii	"cyBle_state\000"
 999      655F7374 
 999      61746500 
 1000              	.LASF121:
 1001 0628 474E5520 		.ascii	"GNU C11 5.4.1 20160609 (release) [ARM/embedded-5-br"
 1001      43313120 
 1001      352E342E 
 1001      31203230 
 1001      31363036 
 1002 065b 616E6368 		.ascii	"anch revision 237715] -mcpu=cortex-m0 -mthumb -g -O"
 1002      20726576 
 1002      6973696F 
ARM GAS  C:\Users\User\AppData\Local\Temp\cckOmu7k.s 			page 24


 1002      6E203233 
 1002      37373135 
 1003 068e 30202D66 		.ascii	"0 -ffunction-sections -ffat-lto-objects\000"
 1003      66756E63 
 1003      74696F6E 
 1003      2D736563 
 1003      74696F6E 
 1004              	.LASF51:
 1005 06b6 4359424C 		.ascii	"CYBLE_EVT_GATT_CONNECT_IND\000"
 1005      455F4556 
 1005      545F4741 
 1005      54545F43 
 1005      4F4E4E45 
 1006              	.LASF77:
 1007 06d1 4359424C 		.ascii	"CYBLE_EVT_L2CAP_COMMAND_REJ\000"
 1007      455F4556 
 1007      545F4C32 
 1007      4341505F 
 1007      434F4D4D 
 1008              	.LASF101:
 1009 06ed 4359424C 		.ascii	"CYBLE_HTS_TEMP_MEASURE\000"
 1009      455F4854 
 1009      535F5445 
 1009      4D505F4D 
 1009      45415355 
 1010              	.LASF97:
 1011 0704 4359424C 		.ascii	"CYBLE_DIS_SYSTEM_ID\000"
 1011      455F4449 
 1011      535F5359 
 1011      5354454D 
 1011      5F494400 
 1012              	.LASF49:
 1013 0718 4359424C 		.ascii	"CYBLE_EVT_GAP_SMP_LOC_P256_KEYS_GEN_AND_SET_COMPLET"
 1013      455F4556 
 1013      545F4741 
 1013      505F534D 
 1013      505F4C4F 
 1014 074b 4500     		.ascii	"E\000"
 1015              	.LASF78:
 1016 074d 4359424C 		.ascii	"CYBLE_EVT_L2CAP_CBFC_CONN_IND\000"
 1016      455F4556 
 1016      545F4C32 
 1016      4341505F 
 1016      43424643 
 1017              	.LASF56:
 1018 076b 4359424C 		.ascii	"CYBLE_EVT_GATTC_READ_BY_TYPE_RSP\000"
 1018      455F4556 
 1018      545F4741 
 1018      5454435F 
 1018      52454144 
 1019              	.LASF18:
 1020 078c 73697A65 		.ascii	"sizetype\000"
 1020      74797065 
 1020      00
 1021              	.LASF110:
 1022 0795 4359424C 		.ascii	"CYBLE_STATE_INITIALIZING\000"
 1022      455F5354 
ARM GAS  C:\Users\User\AppData\Local\Temp\cckOmu7k.s 			page 25


 1022      4154455F 
 1022      494E4954 
 1022      49414C49 
 1023              	.LASF31:
 1024 07ae 4359424C 		.ascii	"CYBLE_EVT_GAP_AUTH_FAILED\000"
 1024      455F4556 
 1024      545F4741 
 1024      505F4155 
 1024      54485F46 
 1025              	.LASF107:
 1026 07c8 4359424C 		.ascii	"CYBLE_HTS_VRD\000"
 1026      455F4854 
 1026      535F5652 
 1026      4400
 1027              	.LASF63:
 1028 07d6 4359424C 		.ascii	"CYBLE_EVT_GATTC_WRITE_RSP\000"
 1028      455F4556 
 1028      545F4741 
 1028      5454435F 
 1028      57524954 
 1029              	.LASF44:
 1030 07f0 4359424C 		.ascii	"CYBLE_EVT_GAPC_DIRECT_ADV_REPORT\000"
 1030      455F4556 
 1030      545F4741 
 1030      50435F44 
 1030      49524543 
 1031              	.LASF42:
 1032 0811 4359424C 		.ascii	"CYBLE_EVT_GAP_DATA_LENGTH_CHANGE\000"
 1032      455F4556 
 1032      545F4741 
 1032      505F4441 
 1032      54415F4C 
 1033              	.LASF30:
 1034 0832 4359424C 		.ascii	"CYBLE_EVT_GAP_AUTH_COMPLETE\000"
 1034      455F4556 
 1034      545F4741 
 1034      505F4155 
 1034      54485F43 
 1035              	.LASF68:
 1036 084e 4359424C 		.ascii	"CYBLE_EVT_GATTC_HANDLE_VALUE_NTF\000"
 1036      455F4556 
 1036      545F4741 
 1036      5454435F 
 1036      48414E44 
 1037              	.LASF98:
 1038 086f 4359424C 		.ascii	"CYBLE_DIS_REG_CERT_DATA\000"
 1038      455F4449 
 1038      535F5245 
 1038      475F4345 
 1038      52545F44 
 1039              	.LASF79:
 1040 0887 4359424C 		.ascii	"CYBLE_EVT_L2CAP_CBFC_CONN_CNF\000"
 1040      455F4556 
 1040      545F4C32 
 1040      4341505F 
 1040      43424643 
 1041              	.LASF55:
ARM GAS  C:\Users\User\AppData\Local\Temp\cckOmu7k.s 			page 26


 1042 08a5 4359424C 		.ascii	"CYBLE_EVT_GATTC_READ_BY_GROUP_TYPE_RSP\000"
 1042      455F4556 
 1042      545F4741 
 1042      5454435F 
 1042      52454144 
 1043              	.LASF123:
 1044 08cc 433A5C55 		.ascii	"C:\\Users\\User\\Desktop\\Hi\\Demo1\\DS18x8_demo.cy"
 1044      73657273 
 1044      5C557365 
 1044      725C4465 
 1044      736B746F 
 1045 08f9 64736E00 		.ascii	"dsn\000"
 1046              	.LASF93:
 1047 08fd 4359424C 		.ascii	"CYBLE_DIS_SERIAL_NUMBER\000"
 1047      455F4449 
 1047      535F5345 
 1047      5249414C 
 1047      5F4E554D 
 1048              	.LASF1:
 1049 0915 756E7369 		.ascii	"unsigned char\000"
 1049      676E6564 
 1049      20636861 
 1049      7200
 1050              	.LASF10:
 1051 0923 75696E74 		.ascii	"uint16\000"
 1051      313600
 1052              	.LASF100:
 1053 092a 4359424C 		.ascii	"CYBLE_DIS_CHAR_COUNT\000"
 1053      455F4449 
 1053      535F4348 
 1053      41525F43 
 1053      4F554E54 
 1054              	.LASF2:
 1055 093f 73686F72 		.ascii	"short int\000"
 1055      7420696E 
 1055      7400
 1056              	.LASF105:
 1057 0949 4359424C 		.ascii	"CYBLE_HTS_CHAR_COUNT\000"
 1057      455F4854 
 1057      535F4348 
 1057      41525F43 
 1057      4F554E54 
 1058              	.LASF69:
 1059 095e 4359424C 		.ascii	"CYBLE_EVT_GATTC_HANDLE_VALUE_IND\000"
 1059      455F4556 
 1059      545F4741 
 1059      5454435F 
 1059      48414E44 
 1060              	.LASF124:
 1061 097f 4F6E6557 		.ascii	"OneWire_TSensor\000"
 1061      6972655F 
 1061      5453656E 
 1061      736F7200 
 1062              	.LASF88:
 1063 098f 4359424C 		.ascii	"CYBLE_EVT_HCI_PKT\000"
 1063      455F4556 
 1063      545F4843 
ARM GAS  C:\Users\User\AppData\Local\Temp\cckOmu7k.s 			page 27


 1063      495F504B 
 1063      5400
 1064              	.LASF96:
 1065 09a1 4359424C 		.ascii	"CYBLE_DIS_SOFTWARE_REV\000"
 1065      455F4449 
 1065      535F534F 
 1065      46545741 
 1065      52455F52 
 1066              	.LASF65:
 1067 09b8 4359424C 		.ascii	"CYBLE_EVT_GATTS_PREP_WRITE_REQ\000"
 1067      455F4556 
 1067      545F4741 
 1067      5454535F 
 1067      50524550 
 1068              	.LASF70:
 1069 09d7 4359424C 		.ascii	"CYBLE_EVT_GATTS_HANDLE_VALUE_CNF\000"
 1069      455F4556 
 1069      545F4741 
 1069      5454535F 
 1069      48414E44 
 1070              	.LASF50:
 1071 09f8 4359424C 		.ascii	"CYBLE_EVT_GATTC_ERROR_RSP\000"
 1071      455F4556 
 1071      545F4741 
 1071      5454435F 
 1071      4552524F 
 1072              	.LASF45:
 1073 0a12 4359424C 		.ascii	"CYBLE_EVT_GAP_SMP_NEGOTIATED_AUTH_INFO\000"
 1073      455F4556 
 1073      545F4741 
 1073      505F534D 
 1073      505F4E45 
 1074              	.LASF12:
 1075 0a39 666C6F61 		.ascii	"float\000"
 1075      7400
 1076              	.LASF89:
 1077 0a3f 4359424C 		.ascii	"CYBLE_EVT_FLASH_CORRUPT\000"
 1077      455F4556 
 1077      545F464C 
 1077      4153485F 
 1077      434F5252 
 1078              	.LASF92:
 1079 0a57 4359424C 		.ascii	"CYBLE_DIS_MODEL_NUMBER\000"
 1079      455F4449 
 1079      535F4D4F 
 1079      44454C5F 
 1079      4E554D42 
 1080              	.LASF14:
 1081 0a6e 63686172 		.ascii	"char\000"
 1081      00
 1082              	.LASF34:
 1083 0a73 4359424C 		.ascii	"CYBLE_EVT_GAP_DEVICE_DISCONNECTED\000"
 1083      455F4556 
 1083      545F4741 
 1083      505F4445 
 1083      56494345 
 1084              	.LASF115:
ARM GAS  C:\Users\User\AppData\Local\Temp\cckOmu7k.s 			page 28


 1085 0a95 74656D70 		.ascii	"temperature\000"
 1085      65726174 
 1085      75726500 
 1086              	.LASF73:
 1087 0aa1 4359424C 		.ascii	"CYBLE_EVT_GATTS_READ_CHAR_VAL_ACCESS_REQ\000"
 1087      455F4556 
 1087      545F4741 
 1087      5454535F 
 1087      52454144 
 1088              	.LASF40:
 1089 0aca 4359424C 		.ascii	"CYBLE_EVT_GAP_KEYPRESS_NOTIFICATION\000"
 1089      455F4556 
 1089      545F4741 
 1089      505F4B45 
 1089      59505245 
 1090              	.LASF84:
 1091 0aee 4359424C 		.ascii	"CYBLE_EVT_L2CAP_CBFC_TX_CREDIT_IND\000"
 1091      455F4556 
 1091      545F4C32 
 1091      4341505F 
 1091      43424643 
 1092              	.LASF108:
 1093 0b11 4359424C 		.ascii	"CYBLE_HTS_DESCR_COUNT\000"
 1093      455F4854 
 1093      535F4445 
 1093      5343525F 
 1093      434F554E 
 1094              	.LASF29:
 1095 0b27 4359424C 		.ascii	"CYBLE_EVT_GAP_PASSKEY_DISPLAY_REQUEST\000"
 1095      455F4556 
 1095      545F4741 
 1095      505F5041 
 1095      53534B45 
 1096              	.LASF22:
 1097 0b4d 4359424C 		.ascii	"CYBLE_EVT_HARDWARE_ERROR\000"
 1097      455F4556 
 1097      545F4841 
 1097      52445741 
 1097      52455F45 
 1098              	.LASF53:
 1099 0b66 4359424C 		.ascii	"CYBLE_EVT_GATTS_XCNHG_MTU_REQ\000"
 1099      455F4556 
 1099      545F4741 
 1099      5454535F 
 1099      58434E48 
 1100              	.LASF15:
 1101 0b84 54656D70 		.ascii	"Temperature\000"
 1101      65726174 
 1101      75726500 
 1102              	.LASF114:
 1103 0b90 4359424C 		.ascii	"CYBLE_STATE_T\000"
 1103      455F5354 
 1103      4154455F 
 1103      5400
 1104              	.LASF60:
 1105 0b9e 4359424C 		.ascii	"CYBLE_EVT_GATTC_READ_BLOB_RSP\000"
 1105      455F4556 
ARM GAS  C:\Users\User\AppData\Local\Temp\cckOmu7k.s 			page 29


 1105      545F4741 
 1105      5454435F 
 1105      52454144 
 1106              	.LASF111:
 1107 0bbc 4359424C 		.ascii	"CYBLE_STATE_CONNECTED\000"
 1107      455F5354 
 1107      4154455F 
 1107      434F4E4E 
 1107      45435445 
 1108              	.LASF58:
 1109 0bd2 4359424C 		.ascii	"CYBLE_EVT_GATTC_FIND_BY_TYPE_VALUE_RSP\000"
 1109      455F4556 
 1109      545F4741 
 1109      5454435F 
 1109      46494E44 
 1110              	.LASF38:
 1111 0bf9 4359424C 		.ascii	"CYBLE_EVT_GAP_KEYINFO_EXCHNGE_CMPLT\000"
 1111      455F4556 
 1111      545F4741 
 1111      505F4B45 
 1111      59494E46 
 1112              	.LASF80:
 1113 0c1d 4359424C 		.ascii	"CYBLE_EVT_L2CAP_CBFC_DISCONN_IND\000"
 1113      455F4556 
 1113      545F4C32 
 1113      4341505F 
 1113      43424643 
 1114              	.LASF76:
 1115 0c3e 4359424C 		.ascii	"CYBLE_EVT_L2CAP_CONN_PARAM_UPDATE_RSP\000"
 1115      455F4556 
 1115      545F4C32 
 1115      4341505F 
 1115      434F4E4E 
 1116              	.LASF125:
 1117 0c64 6D61696E 		.ascii	"main\000"
 1117      00
 1118              	.LASF43:
 1119 0c69 4359424C 		.ascii	"CYBLE_EVT_GAP_ENHANCE_CONN_COMPLETE\000"
 1119      455F4556 
 1119      545F4741 
 1119      505F454E 
 1119      48414E43 
 1120              	.LASF91:
 1121 0c8d 4359424C 		.ascii	"CYBLE_DIS_MANUFACTURER_NAME\000"
 1121      455F4449 
 1121      535F4D41 
 1121      4E554641 
 1121      43545552 
 1122              	.LASF52:
 1123 0ca9 4359424C 		.ascii	"CYBLE_EVT_GATT_DISCONNECT_IND\000"
 1123      455F4556 
 1123      545F4741 
 1123      54545F44 
 1123      4953434F 
 1124              	.LASF118:
 1125 0cc7 4F6E6557 		.ascii	"OneWire_DataReady\000"
 1125      6972655F 
ARM GAS  C:\Users\User\AppData\Local\Temp\cckOmu7k.s 			page 30


 1125      44617461 
 1125      52656164 
 1125      7900
 1126              		.ident	"GCC: (GNU Tools for ARM Embedded Processors) 5.4.1 20160609 (release) [ARM/embedded-5-bran
