ARM GAS  C:\Users\User\AppData\Local\Temp\ccELIHfu.s 			page 1


   1              		.syntax unified
   2              		.cpu cortex-m0
   3              		.fpu softvfp
   4              		.eabi_attribute 20, 1
   5              		.eabi_attribute 21, 1
   6              		.eabi_attribute 23, 3
   7              		.eabi_attribute 24, 1
   8              		.eabi_attribute 25, 1
   9              		.eabi_attribute 26, 1
  10              		.eabi_attribute 30, 6
  11              		.eabi_attribute 34, 0
  12              		.eabi_attribute 18, 4
  13              		.thumb
  14              		.syntax unified
  15              		.file	"OneWire_ControlReg_SEL_PM.c"
  16              		.text
  17              	.Ltext0:
  18              		.cfi_sections	.debug_frame
  19              		.bss
  20              		.align	2
  21              	OneWire_ControlReg_SEL_backup:
  22 0000 00       		.space	1
  23              		.section	.text.OneWire_ControlReg_SEL_SaveConfig,"ax",%progbits
  24              		.align	2
  25              		.global	OneWire_ControlReg_SEL_SaveConfig
  26              		.code	16
  27              		.thumb_func
  28              		.type	OneWire_ControlReg_SEL_SaveConfig, %function
  29              	OneWire_ControlReg_SEL_SaveConfig:
  30              	.LFB0:
  31              		.file 1 "Generated_Source\\PSoC4\\OneWire_ControlReg_SEL_PM.c"
   1:Generated_Source\PSoC4/OneWire_ControlReg_SEL_PM.c **** /*******************************************************************************
   2:Generated_Source\PSoC4/OneWire_ControlReg_SEL_PM.c **** * File Name: OneWire_ControlReg_SEL_PM.c
   3:Generated_Source\PSoC4/OneWire_ControlReg_SEL_PM.c **** * Version 1.80
   4:Generated_Source\PSoC4/OneWire_ControlReg_SEL_PM.c **** *
   5:Generated_Source\PSoC4/OneWire_ControlReg_SEL_PM.c **** * Description:
   6:Generated_Source\PSoC4/OneWire_ControlReg_SEL_PM.c **** *  This file contains the setup, control, and status commands to support 
   7:Generated_Source\PSoC4/OneWire_ControlReg_SEL_PM.c **** *  the component operation in the low power mode. 
   8:Generated_Source\PSoC4/OneWire_ControlReg_SEL_PM.c **** *
   9:Generated_Source\PSoC4/OneWire_ControlReg_SEL_PM.c **** * Note:
  10:Generated_Source\PSoC4/OneWire_ControlReg_SEL_PM.c **** *
  11:Generated_Source\PSoC4/OneWire_ControlReg_SEL_PM.c **** ********************************************************************************
  12:Generated_Source\PSoC4/OneWire_ControlReg_SEL_PM.c **** * Copyright 2015, Cypress Semiconductor Corporation.  All rights reserved.
  13:Generated_Source\PSoC4/OneWire_ControlReg_SEL_PM.c **** * You may use this file only in accordance with the license, terms, conditions, 
  14:Generated_Source\PSoC4/OneWire_ControlReg_SEL_PM.c **** * disclaimers, and limitations in the end user license agreement accompanying 
  15:Generated_Source\PSoC4/OneWire_ControlReg_SEL_PM.c **** * the software package with which this file was provided.
  16:Generated_Source\PSoC4/OneWire_ControlReg_SEL_PM.c **** *******************************************************************************/
  17:Generated_Source\PSoC4/OneWire_ControlReg_SEL_PM.c **** 
  18:Generated_Source\PSoC4/OneWire_ControlReg_SEL_PM.c **** #include "OneWire_ControlReg_SEL.h"
  19:Generated_Source\PSoC4/OneWire_ControlReg_SEL_PM.c **** 
  20:Generated_Source\PSoC4/OneWire_ControlReg_SEL_PM.c **** /* Check for removal by optimization */
  21:Generated_Source\PSoC4/OneWire_ControlReg_SEL_PM.c **** #if !defined(OneWire_ControlReg_SEL_Sync_ctrl_reg__REMOVED)
  22:Generated_Source\PSoC4/OneWire_ControlReg_SEL_PM.c **** 
  23:Generated_Source\PSoC4/OneWire_ControlReg_SEL_PM.c **** static OneWire_ControlReg_SEL_BACKUP_STRUCT  OneWire_ControlReg_SEL_backup = {0u};
  24:Generated_Source\PSoC4/OneWire_ControlReg_SEL_PM.c **** 
  25:Generated_Source\PSoC4/OneWire_ControlReg_SEL_PM.c ****     
  26:Generated_Source\PSoC4/OneWire_ControlReg_SEL_PM.c **** /*******************************************************************************
ARM GAS  C:\Users\User\AppData\Local\Temp\ccELIHfu.s 			page 2


  27:Generated_Source\PSoC4/OneWire_ControlReg_SEL_PM.c **** * Function Name: OneWire_ControlReg_SEL_SaveConfig
  28:Generated_Source\PSoC4/OneWire_ControlReg_SEL_PM.c **** ********************************************************************************
  29:Generated_Source\PSoC4/OneWire_ControlReg_SEL_PM.c **** *
  30:Generated_Source\PSoC4/OneWire_ControlReg_SEL_PM.c **** * Summary:
  31:Generated_Source\PSoC4/OneWire_ControlReg_SEL_PM.c **** *  Saves the control register value.
  32:Generated_Source\PSoC4/OneWire_ControlReg_SEL_PM.c **** *
  33:Generated_Source\PSoC4/OneWire_ControlReg_SEL_PM.c **** * Parameters:
  34:Generated_Source\PSoC4/OneWire_ControlReg_SEL_PM.c **** *  None
  35:Generated_Source\PSoC4/OneWire_ControlReg_SEL_PM.c **** *
  36:Generated_Source\PSoC4/OneWire_ControlReg_SEL_PM.c **** * Return:
  37:Generated_Source\PSoC4/OneWire_ControlReg_SEL_PM.c **** *  None
  38:Generated_Source\PSoC4/OneWire_ControlReg_SEL_PM.c **** *
  39:Generated_Source\PSoC4/OneWire_ControlReg_SEL_PM.c **** *******************************************************************************/
  40:Generated_Source\PSoC4/OneWire_ControlReg_SEL_PM.c **** void OneWire_ControlReg_SEL_SaveConfig(void) 
  41:Generated_Source\PSoC4/OneWire_ControlReg_SEL_PM.c **** {
  32              		.loc 1 41 0
  33              		.cfi_startproc
  34              		@ args = 0, pretend = 0, frame = 0
  35              		@ frame_needed = 1, uses_anonymous_args = 0
  36 0000 80B5     		push	{r7, lr}
  37              		.cfi_def_cfa_offset 8
  38              		.cfi_offset 7, -8
  39              		.cfi_offset 14, -4
  40 0002 00AF     		add	r7, sp, #0
  41              		.cfi_def_cfa_register 7
  42:Generated_Source\PSoC4/OneWire_ControlReg_SEL_PM.c ****     OneWire_ControlReg_SEL_backup.controlState = OneWire_ControlReg_SEL_Control;
  42              		.loc 1 42 0
  43 0004 034B     		ldr	r3, .L2
  44 0006 1B78     		ldrb	r3, [r3]
  45 0008 DAB2     		uxtb	r2, r3
  46 000a 034B     		ldr	r3, .L2+4
  47 000c 1A70     		strb	r2, [r3]
  43:Generated_Source\PSoC4/OneWire_ControlReg_SEL_PM.c **** }
  48              		.loc 1 43 0
  49 000e C046     		nop
  50 0010 BD46     		mov	sp, r7
  51              		@ sp needed
  52 0012 80BD     		pop	{r7, pc}
  53              	.L3:
  54              		.align	2
  55              	.L2:
  56 0014 73000F40 		.word	1074724979
  57 0018 00000000 		.word	OneWire_ControlReg_SEL_backup
  58              		.cfi_endproc
  59              	.LFE0:
  60              		.size	OneWire_ControlReg_SEL_SaveConfig, .-OneWire_ControlReg_SEL_SaveConfig
  61              		.section	.text.OneWire_ControlReg_SEL_RestoreConfig,"ax",%progbits
  62              		.align	2
  63              		.global	OneWire_ControlReg_SEL_RestoreConfig
  64              		.code	16
  65              		.thumb_func
  66              		.type	OneWire_ControlReg_SEL_RestoreConfig, %function
  67              	OneWire_ControlReg_SEL_RestoreConfig:
  68              	.LFB1:
  44:Generated_Source\PSoC4/OneWire_ControlReg_SEL_PM.c **** 
  45:Generated_Source\PSoC4/OneWire_ControlReg_SEL_PM.c **** 
  46:Generated_Source\PSoC4/OneWire_ControlReg_SEL_PM.c **** /*******************************************************************************
ARM GAS  C:\Users\User\AppData\Local\Temp\ccELIHfu.s 			page 3


  47:Generated_Source\PSoC4/OneWire_ControlReg_SEL_PM.c **** * Function Name: OneWire_ControlReg_SEL_RestoreConfig
  48:Generated_Source\PSoC4/OneWire_ControlReg_SEL_PM.c **** ********************************************************************************
  49:Generated_Source\PSoC4/OneWire_ControlReg_SEL_PM.c **** *
  50:Generated_Source\PSoC4/OneWire_ControlReg_SEL_PM.c **** * Summary:
  51:Generated_Source\PSoC4/OneWire_ControlReg_SEL_PM.c **** *  Restores the control register value.
  52:Generated_Source\PSoC4/OneWire_ControlReg_SEL_PM.c **** *
  53:Generated_Source\PSoC4/OneWire_ControlReg_SEL_PM.c **** * Parameters:
  54:Generated_Source\PSoC4/OneWire_ControlReg_SEL_PM.c **** *  None
  55:Generated_Source\PSoC4/OneWire_ControlReg_SEL_PM.c **** *
  56:Generated_Source\PSoC4/OneWire_ControlReg_SEL_PM.c **** * Return:
  57:Generated_Source\PSoC4/OneWire_ControlReg_SEL_PM.c **** *  None
  58:Generated_Source\PSoC4/OneWire_ControlReg_SEL_PM.c **** *
  59:Generated_Source\PSoC4/OneWire_ControlReg_SEL_PM.c **** *
  60:Generated_Source\PSoC4/OneWire_ControlReg_SEL_PM.c **** *******************************************************************************/
  61:Generated_Source\PSoC4/OneWire_ControlReg_SEL_PM.c **** void OneWire_ControlReg_SEL_RestoreConfig(void) 
  62:Generated_Source\PSoC4/OneWire_ControlReg_SEL_PM.c **** {
  69              		.loc 1 62 0
  70              		.cfi_startproc
  71              		@ args = 0, pretend = 0, frame = 0
  72              		@ frame_needed = 1, uses_anonymous_args = 0
  73 0000 80B5     		push	{r7, lr}
  74              		.cfi_def_cfa_offset 8
  75              		.cfi_offset 7, -8
  76              		.cfi_offset 14, -4
  77 0002 00AF     		add	r7, sp, #0
  78              		.cfi_def_cfa_register 7
  63:Generated_Source\PSoC4/OneWire_ControlReg_SEL_PM.c ****      OneWire_ControlReg_SEL_Control = OneWire_ControlReg_SEL_backup.controlState;
  79              		.loc 1 63 0
  80 0004 034A     		ldr	r2, .L5
  81 0006 044B     		ldr	r3, .L5+4
  82 0008 1B78     		ldrb	r3, [r3]
  83 000a 1370     		strb	r3, [r2]
  64:Generated_Source\PSoC4/OneWire_ControlReg_SEL_PM.c **** }
  84              		.loc 1 64 0
  85 000c C046     		nop
  86 000e BD46     		mov	sp, r7
  87              		@ sp needed
  88 0010 80BD     		pop	{r7, pc}
  89              	.L6:
  90 0012 C046     		.align	2
  91              	.L5:
  92 0014 73000F40 		.word	1074724979
  93 0018 00000000 		.word	OneWire_ControlReg_SEL_backup
  94              		.cfi_endproc
  95              	.LFE1:
  96              		.size	OneWire_ControlReg_SEL_RestoreConfig, .-OneWire_ControlReg_SEL_RestoreConfig
  97              		.section	.text.OneWire_ControlReg_SEL_Sleep,"ax",%progbits
  98              		.align	2
  99              		.global	OneWire_ControlReg_SEL_Sleep
 100              		.code	16
 101              		.thumb_func
 102              		.type	OneWire_ControlReg_SEL_Sleep, %function
 103              	OneWire_ControlReg_SEL_Sleep:
 104              	.LFB2:
  65:Generated_Source\PSoC4/OneWire_ControlReg_SEL_PM.c **** 
  66:Generated_Source\PSoC4/OneWire_ControlReg_SEL_PM.c **** 
  67:Generated_Source\PSoC4/OneWire_ControlReg_SEL_PM.c **** /*******************************************************************************
ARM GAS  C:\Users\User\AppData\Local\Temp\ccELIHfu.s 			page 4


  68:Generated_Source\PSoC4/OneWire_ControlReg_SEL_PM.c **** * Function Name: OneWire_ControlReg_SEL_Sleep
  69:Generated_Source\PSoC4/OneWire_ControlReg_SEL_PM.c **** ********************************************************************************
  70:Generated_Source\PSoC4/OneWire_ControlReg_SEL_PM.c **** *
  71:Generated_Source\PSoC4/OneWire_ControlReg_SEL_PM.c **** * Summary:
  72:Generated_Source\PSoC4/OneWire_ControlReg_SEL_PM.c **** *  Prepares the component for entering the low power mode.
  73:Generated_Source\PSoC4/OneWire_ControlReg_SEL_PM.c **** *
  74:Generated_Source\PSoC4/OneWire_ControlReg_SEL_PM.c **** * Parameters:
  75:Generated_Source\PSoC4/OneWire_ControlReg_SEL_PM.c **** *  None
  76:Generated_Source\PSoC4/OneWire_ControlReg_SEL_PM.c **** *
  77:Generated_Source\PSoC4/OneWire_ControlReg_SEL_PM.c **** * Return:
  78:Generated_Source\PSoC4/OneWire_ControlReg_SEL_PM.c **** *  None
  79:Generated_Source\PSoC4/OneWire_ControlReg_SEL_PM.c **** *
  80:Generated_Source\PSoC4/OneWire_ControlReg_SEL_PM.c **** *******************************************************************************/
  81:Generated_Source\PSoC4/OneWire_ControlReg_SEL_PM.c **** void OneWire_ControlReg_SEL_Sleep(void) 
  82:Generated_Source\PSoC4/OneWire_ControlReg_SEL_PM.c **** {
 105              		.loc 1 82 0
 106              		.cfi_startproc
 107              		@ args = 0, pretend = 0, frame = 0
 108              		@ frame_needed = 1, uses_anonymous_args = 0
 109 0000 80B5     		push	{r7, lr}
 110              		.cfi_def_cfa_offset 8
 111              		.cfi_offset 7, -8
 112              		.cfi_offset 14, -4
 113 0002 00AF     		add	r7, sp, #0
 114              		.cfi_def_cfa_register 7
  83:Generated_Source\PSoC4/OneWire_ControlReg_SEL_PM.c ****     OneWire_ControlReg_SEL_SaveConfig();
 115              		.loc 1 83 0
 116 0004 FFF7FEFF 		bl	OneWire_ControlReg_SEL_SaveConfig
  84:Generated_Source\PSoC4/OneWire_ControlReg_SEL_PM.c **** }
 117              		.loc 1 84 0
 118 0008 C046     		nop
 119 000a BD46     		mov	sp, r7
 120              		@ sp needed
 121 000c 80BD     		pop	{r7, pc}
 122              		.cfi_endproc
 123              	.LFE2:
 124              		.size	OneWire_ControlReg_SEL_Sleep, .-OneWire_ControlReg_SEL_Sleep
 125 000e C046     		.section	.text.OneWire_ControlReg_SEL_Wakeup,"ax",%progbits
 126              		.align	2
 127              		.global	OneWire_ControlReg_SEL_Wakeup
 128              		.code	16
 129              		.thumb_func
 130              		.type	OneWire_ControlReg_SEL_Wakeup, %function
 131              	OneWire_ControlReg_SEL_Wakeup:
 132              	.LFB3:
  85:Generated_Source\PSoC4/OneWire_ControlReg_SEL_PM.c **** 
  86:Generated_Source\PSoC4/OneWire_ControlReg_SEL_PM.c **** 
  87:Generated_Source\PSoC4/OneWire_ControlReg_SEL_PM.c **** /*******************************************************************************
  88:Generated_Source\PSoC4/OneWire_ControlReg_SEL_PM.c **** * Function Name: OneWire_ControlReg_SEL_Wakeup
  89:Generated_Source\PSoC4/OneWire_ControlReg_SEL_PM.c **** ********************************************************************************
  90:Generated_Source\PSoC4/OneWire_ControlReg_SEL_PM.c **** *
  91:Generated_Source\PSoC4/OneWire_ControlReg_SEL_PM.c **** * Summary:
  92:Generated_Source\PSoC4/OneWire_ControlReg_SEL_PM.c **** *  Restores the component after waking up from the low power mode.
  93:Generated_Source\PSoC4/OneWire_ControlReg_SEL_PM.c **** *
  94:Generated_Source\PSoC4/OneWire_ControlReg_SEL_PM.c **** * Parameters:
  95:Generated_Source\PSoC4/OneWire_ControlReg_SEL_PM.c **** *  None
  96:Generated_Source\PSoC4/OneWire_ControlReg_SEL_PM.c **** *
ARM GAS  C:\Users\User\AppData\Local\Temp\ccELIHfu.s 			page 5


  97:Generated_Source\PSoC4/OneWire_ControlReg_SEL_PM.c **** * Return:
  98:Generated_Source\PSoC4/OneWire_ControlReg_SEL_PM.c **** *  None
  99:Generated_Source\PSoC4/OneWire_ControlReg_SEL_PM.c **** *
 100:Generated_Source\PSoC4/OneWire_ControlReg_SEL_PM.c **** *******************************************************************************/
 101:Generated_Source\PSoC4/OneWire_ControlReg_SEL_PM.c **** void OneWire_ControlReg_SEL_Wakeup(void)  
 102:Generated_Source\PSoC4/OneWire_ControlReg_SEL_PM.c **** {
 133              		.loc 1 102 0
 134              		.cfi_startproc
 135              		@ args = 0, pretend = 0, frame = 0
 136              		@ frame_needed = 1, uses_anonymous_args = 0
 137 0000 80B5     		push	{r7, lr}
 138              		.cfi_def_cfa_offset 8
 139              		.cfi_offset 7, -8
 140              		.cfi_offset 14, -4
 141 0002 00AF     		add	r7, sp, #0
 142              		.cfi_def_cfa_register 7
 103:Generated_Source\PSoC4/OneWire_ControlReg_SEL_PM.c ****     OneWire_ControlReg_SEL_RestoreConfig();
 143              		.loc 1 103 0
 144 0004 FFF7FEFF 		bl	OneWire_ControlReg_SEL_RestoreConfig
 104:Generated_Source\PSoC4/OneWire_ControlReg_SEL_PM.c **** }
 145              		.loc 1 104 0
 146 0008 C046     		nop
 147 000a BD46     		mov	sp, r7
 148              		@ sp needed
 149 000c 80BD     		pop	{r7, pc}
 150              		.cfi_endproc
 151              	.LFE3:
 152              		.size	OneWire_ControlReg_SEL_Wakeup, .-OneWire_ControlReg_SEL_Wakeup
 153 000e C046     		.text
 154              	.Letext0:
 155              		.file 2 "Generated_Source\\PSoC4\\cytypes.h"
 156              		.file 3 "Generated_Source\\PSoC4\\OneWire_ControlReg_SEL.h"
 157              		.section	.debug_info,"",%progbits
 158              	.Ldebug_info0:
 159 0000 0F010000 		.4byte	0x10f
 160 0004 0400     		.2byte	0x4
 161 0006 00000000 		.4byte	.Ldebug_abbrev0
 162 000a 04       		.byte	0x4
 163 000b 01       		.uleb128 0x1
 164 000c EC000000 		.4byte	.LASF19
 165 0010 0C       		.byte	0xc
 166 0011 00000000 		.4byte	.LASF20
 167 0015 0A020000 		.4byte	.LASF21
 168 0019 00000000 		.4byte	.Ldebug_ranges0+0
 169 001d 00000000 		.4byte	0
 170 0021 00000000 		.4byte	.Ldebug_line0
 171 0025 02       		.uleb128 0x2
 172 0026 01       		.byte	0x1
 173 0027 06       		.byte	0x6
 174 0028 59020000 		.4byte	.LASF0
 175 002c 02       		.uleb128 0x2
 176 002d 01       		.byte	0x1
 177 002e 08       		.byte	0x8
 178 002f 92000000 		.4byte	.LASF1
 179 0033 02       		.uleb128 0x2
 180 0034 02       		.byte	0x2
 181 0035 05       		.byte	0x5
ARM GAS  C:\Users\User\AppData\Local\Temp\ccELIHfu.s 			page 6


 182 0036 3B020000 		.4byte	.LASF2
 183 003a 02       		.uleb128 0x2
 184 003b 02       		.byte	0x2
 185 003c 07       		.byte	0x7
 186 003d D9000000 		.4byte	.LASF3
 187 0041 02       		.uleb128 0x2
 188 0042 04       		.byte	0x4
 189 0043 05       		.byte	0x5
 190 0044 4B020000 		.4byte	.LASF4
 191 0048 02       		.uleb128 0x2
 192 0049 04       		.byte	0x4
 193 004a 07       		.byte	0x7
 194 004b C7000000 		.4byte	.LASF5
 195 004f 02       		.uleb128 0x2
 196 0050 08       		.byte	0x8
 197 0051 05       		.byte	0x5
 198 0052 FC010000 		.4byte	.LASF6
 199 0056 02       		.uleb128 0x2
 200 0057 08       		.byte	0x8
 201 0058 07       		.byte	0x7
 202 0059 C0010000 		.4byte	.LASF7
 203 005d 03       		.uleb128 0x3
 204 005e 04       		.byte	0x4
 205 005f 05       		.byte	0x5
 206 0060 696E7400 		.ascii	"int\000"
 207 0064 02       		.uleb128 0x2
 208 0065 04       		.byte	0x4
 209 0066 07       		.byte	0x7
 210 0067 B3010000 		.4byte	.LASF8
 211 006b 04       		.uleb128 0x4
 212 006c 45020000 		.4byte	.LASF12
 213 0070 02       		.byte	0x2
 214 0071 E601     		.2byte	0x1e6
 215 0073 2C000000 		.4byte	0x2c
 216 0077 02       		.uleb128 0x2
 217 0078 04       		.byte	0x4
 218 0079 04       		.byte	0x4
 219 007a 8C000000 		.4byte	.LASF9
 220 007e 02       		.uleb128 0x2
 221 007f 08       		.byte	0x8
 222 0080 04       		.byte	0x4
 223 0081 AC010000 		.4byte	.LASF10
 224 0085 02       		.uleb128 0x2
 225 0086 01       		.byte	0x1
 226 0087 08       		.byte	0x8
 227 0088 54020000 		.4byte	.LASF11
 228 008c 04       		.uleb128 0x4
 229 008d C2000000 		.4byte	.LASF13
 230 0091 02       		.byte	0x2
 231 0092 9002     		.2byte	0x290
 232 0094 98000000 		.4byte	0x98
 233 0098 05       		.uleb128 0x5
 234 0099 6B000000 		.4byte	0x6b
 235 009d 06       		.uleb128 0x6
 236 009e 01       		.byte	0x1
 237 009f 03       		.byte	0x3
 238 00a0 24       		.byte	0x24
ARM GAS  C:\Users\User\AppData\Local\Temp\ccELIHfu.s 			page 7


 239 00a1 B2000000 		.4byte	0xb2
 240 00a5 07       		.uleb128 0x7
 241 00a6 7A010000 		.4byte	.LASF22
 242 00aa 03       		.byte	0x3
 243 00ab 26       		.byte	0x26
 244 00ac 6B000000 		.4byte	0x6b
 245 00b0 00       		.byte	0
 246 00b1 00       		.byte	0
 247 00b2 08       		.uleb128 0x8
 248 00b3 87010000 		.4byte	.LASF14
 249 00b7 03       		.byte	0x3
 250 00b8 28       		.byte	0x28
 251 00b9 9D000000 		.4byte	0x9d
 252 00bd 09       		.uleb128 0x9
 253 00be A0000000 		.4byte	.LASF15
 254 00c2 01       		.byte	0x1
 255 00c3 28       		.byte	0x28
 256 00c4 00000000 		.4byte	.LFB0
 257 00c8 1C000000 		.4byte	.LFE0-.LFB0
 258 00cc 01       		.uleb128 0x1
 259 00cd 9C       		.byte	0x9c
 260 00ce 09       		.uleb128 0x9
 261 00cf D7010000 		.4byte	.LASF16
 262 00d3 01       		.byte	0x1
 263 00d4 3D       		.byte	0x3d
 264 00d5 00000000 		.4byte	.LFB1
 265 00d9 1C000000 		.4byte	.LFE1-.LFB1
 266 00dd 01       		.uleb128 0x1
 267 00de 9C       		.byte	0x9c
 268 00df 0A       		.uleb128 0xa
 269 00e0 6F000000 		.4byte	.LASF17
 270 00e4 01       		.byte	0x1
 271 00e5 51       		.byte	0x51
 272 00e6 00000000 		.4byte	.LFB2
 273 00ea 0E000000 		.4byte	.LFE2-.LFB2
 274 00ee 01       		.uleb128 0x1
 275 00ef 9C       		.byte	0x9c
 276 00f0 0A       		.uleb128 0xa
 277 00f1 51000000 		.4byte	.LASF18
 278 00f5 01       		.byte	0x1
 279 00f6 65       		.byte	0x65
 280 00f7 00000000 		.4byte	.LFB3
 281 00fb 0E000000 		.4byte	.LFE3-.LFB3
 282 00ff 01       		.uleb128 0x1
 283 0100 9C       		.byte	0x9c
 284 0101 0B       		.uleb128 0xb
 285 0102 33000000 		.4byte	.LASF23
 286 0106 01       		.byte	0x1
 287 0107 17       		.byte	0x17
 288 0108 B2000000 		.4byte	0xb2
 289 010c 05       		.uleb128 0x5
 290 010d 03       		.byte	0x3
 291 010e 00000000 		.4byte	OneWire_ControlReg_SEL_backup
 292 0112 00       		.byte	0
 293              		.section	.debug_abbrev,"",%progbits
 294              	.Ldebug_abbrev0:
 295 0000 01       		.uleb128 0x1
ARM GAS  C:\Users\User\AppData\Local\Temp\ccELIHfu.s 			page 8


 296 0001 11       		.uleb128 0x11
 297 0002 01       		.byte	0x1
 298 0003 25       		.uleb128 0x25
 299 0004 0E       		.uleb128 0xe
 300 0005 13       		.uleb128 0x13
 301 0006 0B       		.uleb128 0xb
 302 0007 03       		.uleb128 0x3
 303 0008 0E       		.uleb128 0xe
 304 0009 1B       		.uleb128 0x1b
 305 000a 0E       		.uleb128 0xe
 306 000b 55       		.uleb128 0x55
 307 000c 17       		.uleb128 0x17
 308 000d 11       		.uleb128 0x11
 309 000e 01       		.uleb128 0x1
 310 000f 10       		.uleb128 0x10
 311 0010 17       		.uleb128 0x17
 312 0011 00       		.byte	0
 313 0012 00       		.byte	0
 314 0013 02       		.uleb128 0x2
 315 0014 24       		.uleb128 0x24
 316 0015 00       		.byte	0
 317 0016 0B       		.uleb128 0xb
 318 0017 0B       		.uleb128 0xb
 319 0018 3E       		.uleb128 0x3e
 320 0019 0B       		.uleb128 0xb
 321 001a 03       		.uleb128 0x3
 322 001b 0E       		.uleb128 0xe
 323 001c 00       		.byte	0
 324 001d 00       		.byte	0
 325 001e 03       		.uleb128 0x3
 326 001f 24       		.uleb128 0x24
 327 0020 00       		.byte	0
 328 0021 0B       		.uleb128 0xb
 329 0022 0B       		.uleb128 0xb
 330 0023 3E       		.uleb128 0x3e
 331 0024 0B       		.uleb128 0xb
 332 0025 03       		.uleb128 0x3
 333 0026 08       		.uleb128 0x8
 334 0027 00       		.byte	0
 335 0028 00       		.byte	0
 336 0029 04       		.uleb128 0x4
 337 002a 16       		.uleb128 0x16
 338 002b 00       		.byte	0
 339 002c 03       		.uleb128 0x3
 340 002d 0E       		.uleb128 0xe
 341 002e 3A       		.uleb128 0x3a
 342 002f 0B       		.uleb128 0xb
 343 0030 3B       		.uleb128 0x3b
 344 0031 05       		.uleb128 0x5
 345 0032 49       		.uleb128 0x49
 346 0033 13       		.uleb128 0x13
 347 0034 00       		.byte	0
 348 0035 00       		.byte	0
 349 0036 05       		.uleb128 0x5
 350 0037 35       		.uleb128 0x35
 351 0038 00       		.byte	0
 352 0039 49       		.uleb128 0x49
ARM GAS  C:\Users\User\AppData\Local\Temp\ccELIHfu.s 			page 9


 353 003a 13       		.uleb128 0x13
 354 003b 00       		.byte	0
 355 003c 00       		.byte	0
 356 003d 06       		.uleb128 0x6
 357 003e 13       		.uleb128 0x13
 358 003f 01       		.byte	0x1
 359 0040 0B       		.uleb128 0xb
 360 0041 0B       		.uleb128 0xb
 361 0042 3A       		.uleb128 0x3a
 362 0043 0B       		.uleb128 0xb
 363 0044 3B       		.uleb128 0x3b
 364 0045 0B       		.uleb128 0xb
 365 0046 01       		.uleb128 0x1
 366 0047 13       		.uleb128 0x13
 367 0048 00       		.byte	0
 368 0049 00       		.byte	0
 369 004a 07       		.uleb128 0x7
 370 004b 0D       		.uleb128 0xd
 371 004c 00       		.byte	0
 372 004d 03       		.uleb128 0x3
 373 004e 0E       		.uleb128 0xe
 374 004f 3A       		.uleb128 0x3a
 375 0050 0B       		.uleb128 0xb
 376 0051 3B       		.uleb128 0x3b
 377 0052 0B       		.uleb128 0xb
 378 0053 49       		.uleb128 0x49
 379 0054 13       		.uleb128 0x13
 380 0055 38       		.uleb128 0x38
 381 0056 0B       		.uleb128 0xb
 382 0057 00       		.byte	0
 383 0058 00       		.byte	0
 384 0059 08       		.uleb128 0x8
 385 005a 16       		.uleb128 0x16
 386 005b 00       		.byte	0
 387 005c 03       		.uleb128 0x3
 388 005d 0E       		.uleb128 0xe
 389 005e 3A       		.uleb128 0x3a
 390 005f 0B       		.uleb128 0xb
 391 0060 3B       		.uleb128 0x3b
 392 0061 0B       		.uleb128 0xb
 393 0062 49       		.uleb128 0x49
 394 0063 13       		.uleb128 0x13
 395 0064 00       		.byte	0
 396 0065 00       		.byte	0
 397 0066 09       		.uleb128 0x9
 398 0067 2E       		.uleb128 0x2e
 399 0068 00       		.byte	0
 400 0069 3F       		.uleb128 0x3f
 401 006a 19       		.uleb128 0x19
 402 006b 03       		.uleb128 0x3
 403 006c 0E       		.uleb128 0xe
 404 006d 3A       		.uleb128 0x3a
 405 006e 0B       		.uleb128 0xb
 406 006f 3B       		.uleb128 0x3b
 407 0070 0B       		.uleb128 0xb
 408 0071 27       		.uleb128 0x27
 409 0072 19       		.uleb128 0x19
ARM GAS  C:\Users\User\AppData\Local\Temp\ccELIHfu.s 			page 10


 410 0073 11       		.uleb128 0x11
 411 0074 01       		.uleb128 0x1
 412 0075 12       		.uleb128 0x12
 413 0076 06       		.uleb128 0x6
 414 0077 40       		.uleb128 0x40
 415 0078 18       		.uleb128 0x18
 416 0079 9742     		.uleb128 0x2117
 417 007b 19       		.uleb128 0x19
 418 007c 00       		.byte	0
 419 007d 00       		.byte	0
 420 007e 0A       		.uleb128 0xa
 421 007f 2E       		.uleb128 0x2e
 422 0080 00       		.byte	0
 423 0081 3F       		.uleb128 0x3f
 424 0082 19       		.uleb128 0x19
 425 0083 03       		.uleb128 0x3
 426 0084 0E       		.uleb128 0xe
 427 0085 3A       		.uleb128 0x3a
 428 0086 0B       		.uleb128 0xb
 429 0087 3B       		.uleb128 0x3b
 430 0088 0B       		.uleb128 0xb
 431 0089 27       		.uleb128 0x27
 432 008a 19       		.uleb128 0x19
 433 008b 11       		.uleb128 0x11
 434 008c 01       		.uleb128 0x1
 435 008d 12       		.uleb128 0x12
 436 008e 06       		.uleb128 0x6
 437 008f 40       		.uleb128 0x40
 438 0090 18       		.uleb128 0x18
 439 0091 9642     		.uleb128 0x2116
 440 0093 19       		.uleb128 0x19
 441 0094 00       		.byte	0
 442 0095 00       		.byte	0
 443 0096 0B       		.uleb128 0xb
 444 0097 34       		.uleb128 0x34
 445 0098 00       		.byte	0
 446 0099 03       		.uleb128 0x3
 447 009a 0E       		.uleb128 0xe
 448 009b 3A       		.uleb128 0x3a
 449 009c 0B       		.uleb128 0xb
 450 009d 3B       		.uleb128 0x3b
 451 009e 0B       		.uleb128 0xb
 452 009f 49       		.uleb128 0x49
 453 00a0 13       		.uleb128 0x13
 454 00a1 02       		.uleb128 0x2
 455 00a2 18       		.uleb128 0x18
 456 00a3 00       		.byte	0
 457 00a4 00       		.byte	0
 458 00a5 00       		.byte	0
 459              		.section	.debug_aranges,"",%progbits
 460 0000 34000000 		.4byte	0x34
 461 0004 0200     		.2byte	0x2
 462 0006 00000000 		.4byte	.Ldebug_info0
 463 000a 04       		.byte	0x4
 464 000b 00       		.byte	0
 465 000c 0000     		.2byte	0
 466 000e 0000     		.2byte	0
ARM GAS  C:\Users\User\AppData\Local\Temp\ccELIHfu.s 			page 11


 467 0010 00000000 		.4byte	.LFB0
 468 0014 1C000000 		.4byte	.LFE0-.LFB0
 469 0018 00000000 		.4byte	.LFB1
 470 001c 1C000000 		.4byte	.LFE1-.LFB1
 471 0020 00000000 		.4byte	.LFB2
 472 0024 0E000000 		.4byte	.LFE2-.LFB2
 473 0028 00000000 		.4byte	.LFB3
 474 002c 0E000000 		.4byte	.LFE3-.LFB3
 475 0030 00000000 		.4byte	0
 476 0034 00000000 		.4byte	0
 477              		.section	.debug_ranges,"",%progbits
 478              	.Ldebug_ranges0:
 479 0000 00000000 		.4byte	.LFB0
 480 0004 1C000000 		.4byte	.LFE0
 481 0008 00000000 		.4byte	.LFB1
 482 000c 1C000000 		.4byte	.LFE1
 483 0010 00000000 		.4byte	.LFB2
 484 0014 0E000000 		.4byte	.LFE2
 485 0018 00000000 		.4byte	.LFB3
 486 001c 0E000000 		.4byte	.LFE3
 487 0020 00000000 		.4byte	0
 488 0024 00000000 		.4byte	0
 489              		.section	.debug_line,"",%progbits
 490              	.Ldebug_line0:
 491 0000 BE000000 		.section	.debug_str,"MS",%progbits,1
 491      02007200 
 491      00000201 
 491      FB0E0D00 
 491      01010101 
 492              	.LASF20:
 493 0000 47656E65 		.ascii	"Generated_Source\\PSoC4\\OneWire_ControlReg_SEL_PM."
 493      72617465 
 493      645F536F 
 493      75726365 
 493      5C50536F 
 494 0031 6300     		.ascii	"c\000"
 495              	.LASF23:
 496 0033 4F6E6557 		.ascii	"OneWire_ControlReg_SEL_backup\000"
 496      6972655F 
 496      436F6E74 
 496      726F6C52 
 496      65675F53 
 497              	.LASF18:
 498 0051 4F6E6557 		.ascii	"OneWire_ControlReg_SEL_Wakeup\000"
 498      6972655F 
 498      436F6E74 
 498      726F6C52 
 498      65675F53 
 499              	.LASF17:
 500 006f 4F6E6557 		.ascii	"OneWire_ControlReg_SEL_Sleep\000"
 500      6972655F 
 500      436F6E74 
 500      726F6C52 
 500      65675F53 
 501              	.LASF9:
 502 008c 666C6F61 		.ascii	"float\000"
 502      7400
ARM GAS  C:\Users\User\AppData\Local\Temp\ccELIHfu.s 			page 12


 503              	.LASF1:
 504 0092 756E7369 		.ascii	"unsigned char\000"
 504      676E6564 
 504      20636861 
 504      7200
 505              	.LASF15:
 506 00a0 4F6E6557 		.ascii	"OneWire_ControlReg_SEL_SaveConfig\000"
 506      6972655F 
 506      436F6E74 
 506      726F6C52 
 506      65675F53 
 507              	.LASF13:
 508 00c2 72656738 		.ascii	"reg8\000"
 508      00
 509              	.LASF5:
 510 00c7 6C6F6E67 		.ascii	"long unsigned int\000"
 510      20756E73 
 510      69676E65 
 510      6420696E 
 510      7400
 511              	.LASF3:
 512 00d9 73686F72 		.ascii	"short unsigned int\000"
 512      7420756E 
 512      7369676E 
 512      65642069 
 512      6E7400
 513              	.LASF19:
 514 00ec 474E5520 		.ascii	"GNU C11 5.4.1 20160609 (release) [ARM/embedded-5-br"
 514      43313120 
 514      352E342E 
 514      31203230 
 514      31363036 
 515 011f 616E6368 		.ascii	"anch revision 237715] -mcpu=cortex-m0 -mthumb -g -O"
 515      20726576 
 515      6973696F 
 515      6E203233 
 515      37373135 
 516 0152 30202D66 		.ascii	"0 -ffunction-sections -ffat-lto-objects\000"
 516      66756E63 
 516      74696F6E 
 516      2D736563 
 516      74696F6E 
 517              	.LASF22:
 518 017a 636F6E74 		.ascii	"controlState\000"
 518      726F6C53 
 518      74617465 
 518      00
 519              	.LASF14:
 520 0187 4F6E6557 		.ascii	"OneWire_ControlReg_SEL_BACKUP_STRUCT\000"
 520      6972655F 
 520      436F6E74 
 520      726F6C52 
 520      65675F53 
 521              	.LASF10:
 522 01ac 646F7562 		.ascii	"double\000"
 522      6C6500
 523              	.LASF8:
ARM GAS  C:\Users\User\AppData\Local\Temp\ccELIHfu.s 			page 13


 524 01b3 756E7369 		.ascii	"unsigned int\000"
 524      676E6564 
 524      20696E74 
 524      00
 525              	.LASF7:
 526 01c0 6C6F6E67 		.ascii	"long long unsigned int\000"
 526      206C6F6E 
 526      6720756E 
 526      7369676E 
 526      65642069 
 527              	.LASF16:
 528 01d7 4F6E6557 		.ascii	"OneWire_ControlReg_SEL_RestoreConfig\000"
 528      6972655F 
 528      436F6E74 
 528      726F6C52 
 528      65675F53 
 529              	.LASF6:
 530 01fc 6C6F6E67 		.ascii	"long long int\000"
 530      206C6F6E 
 530      6720696E 
 530      7400
 531              	.LASF21:
 532 020a 433A5C55 		.ascii	"C:\\Users\\User\\Desktop\\Hi\\Demo1\\DS18x8_demo.cy"
 532      73657273 
 532      5C557365 
 532      725C4465 
 532      736B746F 
 533 0237 64736E00 		.ascii	"dsn\000"
 534              	.LASF2:
 535 023b 73686F72 		.ascii	"short int\000"
 535      7420696E 
 535      7400
 536              	.LASF12:
 537 0245 75696E74 		.ascii	"uint8\000"
 537      3800
 538              	.LASF4:
 539 024b 6C6F6E67 		.ascii	"long int\000"
 539      20696E74 
 539      00
 540              	.LASF11:
 541 0254 63686172 		.ascii	"char\000"
 541      00
 542              	.LASF0:
 543 0259 7369676E 		.ascii	"signed char\000"
 543      65642063 
 543      68617200 
 544              		.ident	"GCC: (GNU Tools for ARM Embedded Processors) 5.4.1 20160609 (release) [ARM/embedded-5-bran
