ARM GAS  C:\Users\User\AppData\Local\Temp\cclEK6aU.s 			page 1


   1              		.syntax unified
   2              		.cpu cortex-m0
   3              		.fpu softvfp
   4              		.eabi_attribute 20, 1
   5              		.eabi_attribute 21, 1
   6              		.eabi_attribute 23, 3
   7              		.eabi_attribute 24, 1
   8              		.eabi_attribute 25, 1
   9              		.eabi_attribute 26, 1
  10              		.eabi_attribute 30, 6
  11              		.eabi_attribute 34, 0
  12              		.eabi_attribute 18, 4
  13              		.thumb
  14              		.syntax unified
  15              		.file	"Temperature.c"
  16              		.text
  17              	.Ltext0:
  18              		.cfi_sections	.debug_frame
  19              		.comm	OneWire_Sensor,32,4
  20              		.comm	OneWire_DataReady,1,1
  21              		.bss
  22              	flag_Timer:
  23 0000 00       		.space	1
  24              		.section	.text.isr_Timer,"ax",%progbits
  25              		.align	2
  26              		.global	isr_Timer
  27              		.code	16
  28              		.thumb_func
  29              		.type	isr_Timer, %function
  30              	isr_Timer:
  31              	.LFB35:
  32              		.file 1 "Temperature.c"
   1:Temperature.c **** /****************************************************************************
   2:Temperature.c **** * File Name: Temperature.c
   3:Temperature.c **** *
   4:Temperature.c **** * Description:
   5:Temperature.c **** * This file implements the common functions for temperature measuring.
   6:Temperature.c **** *
   7:Temperature.c **** * Authors: Yaroslav Morozevych, Sophiia Myntiuk, Yana Mularska
   8:Temperature.c **** *
   9:Temperature.c **** *****************************************************************************/
  10:Temperature.c **** 
  11:Temperature.c **** 
  12:Temperature.c **** /*****************************************************************************
  13:Temperature.c **** * Included headers
  14:Temperature.c **** *****************************************************************************/
  15:Temperature.c **** #include <project.h>
  16:Temperature.c **** #include "Temperature.h"
  17:Temperature.c **** 
  18:Temperature.c **** 
  19:Temperature.c **** /* Enable Interrupts */
  20:Temperature.c **** CY_ISR(isr_Timer) 
  21:Temperature.c **** {
  33              		.loc 1 21 0
  34              		.cfi_startproc
  35              		@ args = 0, pretend = 0, frame = 0
  36              		@ frame_needed = 1, uses_anonymous_args = 0
ARM GAS  C:\Users\User\AppData\Local\Temp\cclEK6aU.s 			page 2


  37 0000 80B5     		push	{r7, lr}
  38              		.cfi_def_cfa_offset 8
  39              		.cfi_offset 7, -8
  40              		.cfi_offset 14, -4
  41 0002 00AF     		add	r7, sp, #0
  42              		.cfi_def_cfa_register 7
  22:Temperature.c ****     flag_Timer = 1;
  43              		.loc 1 22 0
  44 0004 024B     		ldr	r3, .L2
  45 0006 0122     		movs	r2, #1
  46 0008 1A70     		strb	r2, [r3]
  23:Temperature.c **** }
  47              		.loc 1 23 0
  48 000a C046     		nop
  49 000c BD46     		mov	sp, r7
  50              		@ sp needed
  51 000e 80BD     		pop	{r7, pc}
  52              	.L3:
  53              		.align	2
  54              	.L2:
  55 0010 00000000 		.word	flag_Timer
  56              		.cfi_endproc
  57              	.LFE35:
  58              		.size	isr_Timer, .-isr_Timer
  59              		.section	.text.ProcessTemperature,"ax",%progbits
  60              		.align	2
  61              		.global	ProcessTemperature
  62              		.code	16
  63              		.thumb_func
  64              		.type	ProcessTemperature, %function
  65              	ProcessTemperature:
  66              	.LFB36:
  24:Temperature.c **** 
  25:Temperature.c **** 
  26:Temperature.c **** /*****************************************************************************
  27:Temperature.c **** * Function Name: ProcessTemperature()
  28:Temperature.c **** ******************************************************************************
  29:Temperature.c **** * Description:
  30:Temperature.c **** * Returns temperature measured by DS18S20 sensor when data is ready
  31:Temperature.c **** *
  32:Temperature.c **** * Parameters:
  33:Temperature.c **** * (CYBIT) flag_Timer - timer used by DS18S20 (look for in TopDesign.cysch)
  34:Temperature.c **** *
  35:Temperature.c **** * Return:
  36:Temperature.c **** * (float) temperature - temperature
  37:Temperature.c **** *
  38:Temperature.c **** *****************************************************************************/
  39:Temperature.c **** float ProcessTemperature(CYBIT flag_Timer) {
  67              		.loc 1 39 0
  68              		.cfi_startproc
  69              		@ args = 0, pretend = 0, frame = 16
  70              		@ frame_needed = 1, uses_anonymous_args = 0
  71 0000 80B5     		push	{r7, lr}
  72              		.cfi_def_cfa_offset 8
  73              		.cfi_offset 7, -8
  74              		.cfi_offset 14, -4
  75 0002 84B0     		sub	sp, sp, #16
ARM GAS  C:\Users\User\AppData\Local\Temp\cclEK6aU.s 			page 3


  76              		.cfi_def_cfa_offset 24
  77 0004 00AF     		add	r7, sp, #0
  78              		.cfi_def_cfa_register 7
  79 0006 0200     		movs	r2, r0
  80 0008 FB1D     		adds	r3, r7, #7
  81 000a 1A70     		strb	r2, [r3]
  40:Temperature.c ****     float temperature = 0;
  82              		.loc 1 40 0
  83 000c 0023     		movs	r3, #0
  84 000e FB60     		str	r3, [r7, #12]
  41:Temperature.c ****  
  42:Temperature.c ****     if(flag_Timer) //read DS18B20 on timer, intervals > 1sec
  85              		.loc 1 42 0
  86 0010 FB1D     		adds	r3, r7, #7
  87 0012 1B78     		ldrb	r3, [r3]
  88 0014 002B     		cmp	r3, #0
  89 0016 04D0     		beq	.L5
  43:Temperature.c **** 	{   
  44:Temperature.c ****         flag_Timer = 0;
  90              		.loc 1 44 0
  91 0018 FB1D     		adds	r3, r7, #7
  92 001a 0022     		movs	r2, #0
  93 001c 1A70     		strb	r2, [r3]
  45:Temperature.c ****         OneWire_SendTemperatureRequest();                                       
  94              		.loc 1 45 0
  95 001e FFF7FEFF 		bl	OneWire_SendTemperatureRequest
  96              	.L5:
  46:Temperature.c ****     }
  47:Temperature.c ****     
  48:Temperature.c ****     if (OneWire_DataReady) // DS18 completed temperature measurement - begin read dataa
  97              		.loc 1 48 0
  98 0022 084B     		ldr	r3, .L8
  99 0024 1B78     		ldrb	r3, [r3]
 100 0026 DBB2     		uxtb	r3, r3
 101 0028 002B     		cmp	r3, #0
 102 002a 05D0     		beq	.L6
  49:Temperature.c **** 	{   
  50:Temperature.c ****         OneWire_ReadTemperature();
 103              		.loc 1 50 0
 104 002c FFF7FEFF 		bl	OneWire_ReadTemperature
  51:Temperature.c ****         temperature = ReportTemperature();
 105              		.loc 1 51 0
 106 0030 FFF7FEFF 		bl	ReportTemperature
 107 0034 031C     		adds	r3, r0, #0
 108 0036 FB60     		str	r3, [r7, #12]
 109              	.L6:
  52:Temperature.c ****     }
  53:Temperature.c ****     return temperature;
 110              		.loc 1 53 0
 111 0038 FB68     		ldr	r3, [r7, #12]
  54:Temperature.c **** }
 112              		.loc 1 54 0
 113 003a 181C     		adds	r0, r3, #0
 114 003c BD46     		mov	sp, r7
 115 003e 04B0     		add	sp, sp, #16
 116              		@ sp needed
 117 0040 80BD     		pop	{r7, pc}
ARM GAS  C:\Users\User\AppData\Local\Temp\cclEK6aU.s 			page 4


 118              	.L9:
 119 0042 C046     		.align	2
 120              	.L8:
 121 0044 00000000 		.word	OneWire_DataReady
 122              		.cfi_endproc
 123              	.LFE36:
 124              		.size	ProcessTemperature, .-ProcessTemperature
 125              		.section	.rodata
 126              		.align	2
 127              	.LC3:
 128 0000 0900     		.ascii	"\011\000"
 129              		.section	.text.ReportTemperature,"ax",%progbits
 130              		.align	2
 131              		.global	ReportTemperature
 132              		.code	16
 133              		.thumb_func
 134              		.type	ReportTemperature, %function
 135              	ReportTemperature:
 136              	.LFB37:
  55:Temperature.c **** 
  56:Temperature.c **** 
  57:Temperature.c **** 
  58:Temperature.c **** /*****************************************************************************
  59:Temperature.c **** * Function Name: ReportTemperature()
  60:Temperature.c **** ******************************************************************************
  61:Temperature.c **** * Description:
  62:Temperature.c **** * Convert temperature code to degC and 
  63:Temperature.c **** * Send result to Terminal using UART
  64:Temperature.c **** *
  65:Temperature.c **** * Parameters:
  66:Temperature.c **** * None
  67:Temperature.c **** *
  68:Temperature.c **** * Return:
  69:Temperature.c **** * (float) temperature - temperature
  70:Temperature.c **** *
  71:Temperature.c **** *****************************************************************************/
  72:Temperature.c **** float ReportTemperature(void) 
  73:Temperature.c **** {
 137              		.loc 1 73 0
 138              		.cfi_startproc
 139              		@ args = 0, pretend = 0, frame = 96
 140              		@ frame_needed = 1, uses_anonymous_args = 0
 141 0000 80B5     		push	{r7, lr}
 142              		.cfi_def_cfa_offset 8
 143              		.cfi_offset 7, -8
 144              		.cfi_offset 14, -4
 145 0002 98B0     		sub	sp, sp, #96
 146              		.cfi_def_cfa_offset 104
 147 0004 00AF     		add	r7, sp, #0
 148              		.cfi_def_cfa_register 7
  74:Temperature.c ****     char strMsg[80]={};         // output UART buffer
 149              		.loc 1 74 0
 150 0006 0C23     		movs	r3, #12
 151 0008 FB18     		adds	r3, r7, r3
 152 000a 1800     		movs	r0, r3
 153 000c 5023     		movs	r3, #80
 154 000e 1A00     		movs	r2, r3
ARM GAS  C:\Users\User\AppData\Local\Temp\cclEK6aU.s 			page 5


 155 0010 0021     		movs	r1, #0
 156 0012 FFF7FEFF 		bl	memset
  75:Temperature.c ****     char buf[8];                // temp buffer
  76:Temperature.c ****     static uint32 counter = 0;  // sample counter
  77:Temperature.c ****     
  78:Temperature.c ****     counter++; 
 157              		.loc 1 78 0
 158 0016 294B     		ldr	r3, .L12
 159 0018 1B68     		ldr	r3, [r3]
 160 001a 5A1C     		adds	r2, r3, #1
 161 001c 274B     		ldr	r3, .L12
 162 001e 1A60     		str	r2, [r3]
  79:Temperature.c ****     float temperature = OneWire_GetTemperatureAsFloat(0);
 163              		.loc 1 79 0
 164 0020 0020     		movs	r0, #0
 165 0022 FFF7FEFF 		bl	OneWire_GetTemperatureAsFloat
 166 0026 031C     		adds	r3, r0, #0
 167 0028 FB65     		str	r3, [r7, #92]
  80:Temperature.c ****     
  81:Temperature.c ****     strcat(strMsg, itoa10(counter, buf)); strcat(strMsg, "\t");
 168              		.loc 1 81 0
 169 002a 244B     		ldr	r3, .L12
 170 002c 1B68     		ldr	r3, [r3]
 171 002e 1A00     		movs	r2, r3
 172 0030 3B1D     		adds	r3, r7, #4
 173 0032 1900     		movs	r1, r3
 174 0034 1000     		movs	r0, r2
 175 0036 FFF7FEFF 		bl	itoa10
 176 003a 0200     		movs	r2, r0
 177 003c 0C23     		movs	r3, #12
 178 003e FB18     		adds	r3, r7, r3
 179 0040 1100     		movs	r1, r2
 180 0042 1800     		movs	r0, r3
 181 0044 FFF7FEFF 		bl	strcat
 182 0048 0C23     		movs	r3, #12
 183 004a FB18     		adds	r3, r7, r3
 184 004c 1800     		movs	r0, r3
 185 004e FFF7FEFF 		bl	strlen
 186 0052 0300     		movs	r3, r0
 187 0054 1A00     		movs	r2, r3
 188 0056 0C23     		movs	r3, #12
 189 0058 FB18     		adds	r3, r7, r3
 190 005a 9A18     		adds	r2, r3, r2
 191 005c 184B     		ldr	r3, .L12+4
 192 005e 1000     		movs	r0, r2
 193 0060 1900     		movs	r1, r3
 194 0062 0223     		movs	r3, #2
 195 0064 1A00     		movs	r2, r3
 196 0066 FFF7FEFF 		bl	memcpy
  82:Temperature.c ****     strcat(strMsg, OneWire_GetTemperatureAsString(0)); strcat(strMsg, "\t");
 197              		.loc 1 82 0
 198 006a 0020     		movs	r0, #0
 199 006c FFF7FEFF 		bl	OneWire_GetTemperatureAsString
 200 0070 0200     		movs	r2, r0
 201 0072 0C23     		movs	r3, #12
 202 0074 FB18     		adds	r3, r7, r3
 203 0076 1100     		movs	r1, r2
ARM GAS  C:\Users\User\AppData\Local\Temp\cclEK6aU.s 			page 6


 204 0078 1800     		movs	r0, r3
 205 007a FFF7FEFF 		bl	strcat
 206 007e 0C23     		movs	r3, #12
 207 0080 FB18     		adds	r3, r7, r3
 208 0082 1800     		movs	r0, r3
 209 0084 FFF7FEFF 		bl	strlen
 210 0088 0300     		movs	r3, r0
 211 008a 1A00     		movs	r2, r3
 212 008c 0C23     		movs	r3, #12
 213 008e FB18     		adds	r3, r7, r3
 214 0090 9A18     		adds	r2, r3, r2
 215 0092 0B4B     		ldr	r3, .L12+4
 216 0094 1000     		movs	r0, r2
 217 0096 1900     		movs	r1, r3
 218 0098 0223     		movs	r3, #2
 219 009a 1A00     		movs	r2, r3
 220 009c FFF7FEFF 		bl	memcpy
  83:Temperature.c **** 
  84:Temperature.c ****     UART_DEB_UartPutString(strMsg);  
 221              		.loc 1 84 0
 222 00a0 0C23     		movs	r3, #12
 223 00a2 FB18     		adds	r3, r7, r3
 224 00a4 1800     		movs	r0, r3
 225 00a6 FFF7FEFF 		bl	UART_DEB_UartPutString
  85:Temperature.c ****     UART_DEB_UartPutCRLF(' ');
 226              		.loc 1 85 0
 227 00aa 2020     		movs	r0, #32
 228 00ac FFF7FEFF 		bl	UART_DEB_UartPutCRLF
  86:Temperature.c ****     return temperature;
 229              		.loc 1 86 0
 230 00b0 FB6D     		ldr	r3, [r7, #92]
  87:Temperature.c **** }
 231              		.loc 1 87 0
 232 00b2 181C     		adds	r0, r3, #0
 233 00b4 BD46     		mov	sp, r7
 234 00b6 18B0     		add	sp, sp, #96
 235              		@ sp needed
 236 00b8 80BD     		pop	{r7, pc}
 237              	.L13:
 238 00ba C046     		.align	2
 239              	.L12:
 240 00bc 04000000 		.word	counter.7700
 241 00c0 00000000 		.word	.LC3
 242              		.cfi_endproc
 243              	.LFE37:
 244              		.size	ReportTemperature, .-ReportTemperature
 245              		.bss
 246 0001 000000   		.align	2
 247              	counter.7700:
 248 0004 00000000 		.space	4
 249              		.text
 250              	.Letext0:
 251              		.file 2 "Generated_Source\\PSoC4/cytypes.h"
 252              		.file 3 "Generated_Source\\PSoC4/OneWire.h"
 253              		.file 4 "Generated_Source\\PSoC4/BLE_Stack.h"
 254              		.file 5 "Generated_Source\\PSoC4/BLE_dis.h"
 255              		.file 6 "Generated_Source\\PSoC4/BLE_hts.h"
ARM GAS  C:\Users\User\AppData\Local\Temp\cclEK6aU.s 			page 7


 256              		.file 7 "Temperature.h"
 257              		.section	.debug_info,"",%progbits
 258              	.Ldebug_info0:
 259 0000 2B040000 		.4byte	0x42b
 260 0004 0400     		.2byte	0x4
 261 0006 00000000 		.4byte	.Ldebug_abbrev0
 262 000a 04       		.byte	0x4
 263 000b 01       		.uleb128 0x1
 264 000c E6040000 		.4byte	.LASF117
 265 0010 0C       		.byte	0xc
 266 0011 95010000 		.4byte	.LASF118
 267 0015 B5040000 		.4byte	.LASF119
 268 0019 00000000 		.4byte	.Ldebug_ranges0+0
 269 001d 00000000 		.4byte	0
 270 0021 00000000 		.4byte	.Ldebug_line0
 271 0025 02       		.uleb128 0x2
 272 0026 01       		.byte	0x1
 273 0027 06       		.byte	0x6
 274 0028 4B060000 		.4byte	.LASF0
 275 002c 02       		.uleb128 0x2
 276 002d 01       		.byte	0x1
 277 002e 08       		.byte	0x8
 278 002f F8050000 		.4byte	.LASF1
 279 0033 02       		.uleb128 0x2
 280 0034 02       		.byte	0x2
 281 0035 05       		.byte	0x5
 282 0036 C6000000 		.4byte	.LASF2
 283 003a 02       		.uleb128 0x2
 284 003b 02       		.byte	0x2
 285 003c 07       		.byte	0x7
 286 003d 82080000 		.4byte	.LASF3
 287 0041 02       		.uleb128 0x2
 288 0042 04       		.byte	0x4
 289 0043 05       		.byte	0x5
 290 0044 D9030000 		.4byte	.LASF4
 291 0048 02       		.uleb128 0x2
 292 0049 04       		.byte	0x4
 293 004a 07       		.byte	0x7
 294 004b F9060000 		.4byte	.LASF5
 295 004f 02       		.uleb128 0x2
 296 0050 08       		.byte	0x8
 297 0051 05       		.byte	0x5
 298 0052 70010000 		.4byte	.LASF6
 299 0056 02       		.uleb128 0x2
 300 0057 08       		.byte	0x8
 301 0058 07       		.byte	0x7
 302 0059 A1030000 		.4byte	.LASF7
 303 005d 03       		.uleb128 0x3
 304 005e 04       		.byte	0x4
 305 005f 05       		.byte	0x5
 306 0060 696E7400 		.ascii	"int\000"
 307 0064 02       		.uleb128 0x2
 308 0065 04       		.byte	0x4
 309 0066 07       		.byte	0x7
 310 0067 B4060000 		.4byte	.LASF8
 311 006b 04       		.uleb128 0x4
 312 006c BB080000 		.4byte	.LASF9
ARM GAS  C:\Users\User\AppData\Local\Temp\cclEK6aU.s 			page 8


 313 0070 02       		.byte	0x2
 314 0071 E601     		.2byte	0x1e6
 315 0073 2C000000 		.4byte	0x2c
 316 0077 04       		.uleb128 0x4
 317 0078 E4080000 		.4byte	.LASF10
 318 007c 02       		.byte	0x2
 319 007d E701     		.2byte	0x1e7
 320 007f 3A000000 		.4byte	0x3a
 321 0083 04       		.uleb128 0x4
 322 0084 28090000 		.4byte	.LASF11
 323 0088 02       		.byte	0x2
 324 0089 E801     		.2byte	0x1e8
 325 008b 48000000 		.4byte	0x48
 326 008f 02       		.uleb128 0x2
 327 0090 04       		.byte	0x4
 328 0091 04       		.byte	0x4
 329 0092 38030000 		.4byte	.LASF12
 330 0096 02       		.uleb128 0x2
 331 0097 08       		.byte	0x8
 332 0098 04       		.byte	0x4
 333 0099 94090000 		.4byte	.LASF13
 334 009d 02       		.uleb128 0x2
 335 009e 01       		.byte	0x1
 336 009f 08       		.byte	0x8
 337 00a0 36080000 		.4byte	.LASF14
 338 00a4 05       		.uleb128 0x5
 339 00a5 6B000000 		.4byte	0x6b
 340 00a9 06       		.uleb128 0x6
 341 00aa B6050000 		.4byte	.LASF120
 342 00ae 04       		.byte	0x4
 343 00af 03       		.byte	0x3
 344 00b0 30       		.byte	0x30
 345 00b1 CE000000 		.4byte	0xce
 346 00b5 07       		.uleb128 0x7
 347 00b6 400B0000 		.4byte	.LASF15
 348 00ba 03       		.byte	0x3
 349 00bb 31       		.byte	0x31
 350 00bc 77000000 		.4byte	0x77
 351 00c0 00       		.byte	0
 352 00c1 07       		.uleb128 0x7
 353 00c2 9F0A0000 		.4byte	.LASF16
 354 00c6 03       		.byte	0x3
 355 00c7 32       		.byte	0x32
 356 00c8 6B000000 		.4byte	0x6b
 357 00cc 02       		.byte	0x2
 358 00cd 00       		.byte	0
 359 00ce 02       		.uleb128 0x2
 360 00cf 08       		.byte	0x8
 361 00d0 04       		.byte	0x4
 362 00d1 C6050000 		.4byte	.LASF17
 363 00d5 02       		.uleb128 0x2
 364 00d6 04       		.byte	0x4
 365 00d7 07       		.byte	0x7
 366 00d8 08010000 		.4byte	.LASF18
 367 00dc 08       		.uleb128 0x8
 368 00dd 9D000000 		.4byte	0x9d
 369 00e1 EC000000 		.4byte	0xec
ARM GAS  C:\Users\User\AppData\Local\Temp\cclEK6aU.s 			page 9


 370 00e5 09       		.uleb128 0x9
 371 00e6 D5000000 		.4byte	0xd5
 372 00ea 07       		.byte	0x7
 373 00eb 00       		.byte	0
 374 00ec 0A       		.uleb128 0xa
 375 00ed 01       		.byte	0x1
 376 00ee 2C000000 		.4byte	0x2c
 377 00f2 04       		.byte	0x4
 378 00f3 4D01     		.2byte	0x14d
 379 00f5 AA020000 		.4byte	0x2aa
 380 00f9 0B       		.uleb128 0xb
 381 00fa D4020000 		.4byte	.LASF19
 382 00fe 00       		.byte	0
 383 00ff 0B       		.uleb128 0xb
 384 0100 FC010000 		.4byte	.LASF20
 385 0104 01       		.byte	0x1
 386 0105 0B       		.uleb128 0xb
 387 0106 2E0B0000 		.4byte	.LASF21
 388 010a 02       		.byte	0x2
 389 010b 0B       		.uleb128 0xb
 390 010c 030A0000 		.4byte	.LASF22
 391 0110 03       		.byte	0x3
 392 0111 0B       		.uleb128 0xb
 393 0112 83000000 		.4byte	.LASF23
 394 0116 04       		.byte	0x4
 395 0117 0B       		.uleb128 0xb
 396 0118 82040000 		.4byte	.LASF24
 397 011c 05       		.byte	0x5
 398 011d 0B       		.uleb128 0xb
 399 011e 50000000 		.4byte	.LASF25
 400 0122 06       		.byte	0x6
 401 0123 0B       		.uleb128 0xb
 402 0124 4D0A0000 		.4byte	.LASF26
 403 0128 20       		.byte	0x20
 404 0129 0B       		.uleb128 0xb
 405 012a 0B070000 		.4byte	.LASF27
 406 012e 21       		.byte	0x21
 407 012f 0B       		.uleb128 0xb
 408 0130 D3090000 		.4byte	.LASF28
 409 0134 22       		.byte	0x22
 410 0135 0B       		.uleb128 0xb
 411 0136 95080000 		.4byte	.LASF29
 412 013a 23       		.byte	0x23
 413 013b 0B       		.uleb128 0xb
 414 013c 98060000 		.4byte	.LASF30
 415 0140 24       		.byte	0x24
 416 0141 0B       		.uleb128 0xb
 417 0142 D0000000 		.4byte	.LASF31
 418 0146 25       		.byte	0x25
 419 0147 0B       		.uleb128 0xb
 420 0148 39040000 		.4byte	.LASF32
 421 014c 26       		.byte	0x26
 422 014d 0B       		.uleb128 0xb
 423 014e 1A040000 		.4byte	.LASF33
 424 0152 27       		.byte	0x27
 425 0153 0B       		.uleb128 0xb
 426 0154 CB0B0000 		.4byte	.LASF34
ARM GAS  C:\Users\User\AppData\Local\Temp\cclEK6aU.s 			page 10


 427 0158 28       		.byte	0x28
 428 0159 0B       		.uleb128 0xb
 429 015a 43070000 		.4byte	.LASF35
 430 015e 29       		.byte	0x29
 431 015f 0B       		.uleb128 0xb
 432 0160 D7070000 		.4byte	.LASF36
 433 0164 2A       		.byte	0x2a
 434 0165 0B       		.uleb128 0xb
 435 0166 4C0B0000 		.4byte	.LASF37
 436 016a 2B       		.byte	0x2b
 437 016b 0B       		.uleb128 0xb
 438 016c 9B070000 		.4byte	.LASF38
 439 0170 2C       		.byte	0x2c
 440 0171 0B       		.uleb128 0xb
 441 0172 57030000 		.4byte	.LASF39
 442 0176 2D       		.byte	0x2d
 443 0177 0B       		.uleb128 0xb
 444 0178 A2000000 		.4byte	.LASF40
 445 017c 2E       		.byte	0x2e
 446 017d 0B       		.uleb128 0xb
 447 017e 460C0000 		.4byte	.LASF41
 448 0182 2F       		.byte	0x2f
 449 0183 0B       		.uleb128 0xb
 450 0184 11010000 		.4byte	.LASF42
 451 0188 30       		.byte	0x30
 452 0189 0B       		.uleb128 0xb
 453 018a 70090000 		.4byte	.LASF43
 454 018e 31       		.byte	0x31
 455 018f 0B       		.uleb128 0xb
 456 0190 80030000 		.4byte	.LASF44
 457 0194 32       		.byte	0x32
 458 0195 0B       		.uleb128 0xb
 459 0196 00080000 		.4byte	.LASF45
 460 019a 33       		.byte	0x33
 461 019b 0B       		.uleb128 0xb
 462 019c 60070000 		.4byte	.LASF46
 463 01a0 34       		.byte	0x34
 464 01a1 0B       		.uleb128 0xb
 465 01a2 C1060000 		.4byte	.LASF47
 466 01a6 35       		.byte	0x35
 467 01a7 0B       		.uleb128 0xb
 468 01a8 B8030000 		.4byte	.LASF48
 469 01ac 36       		.byte	0x36
 470 01ad 0B       		.uleb128 0xb
 471 01ae 22020000 		.4byte	.LASF49
 472 01b2 37       		.byte	0x37
 473 01b3 0B       		.uleb128 0xb
 474 01b4 69000000 		.4byte	.LASF50
 475 01b8 40       		.byte	0x40
 476 01b9 0B       		.uleb128 0xb
 477 01ba DE060000 		.4byte	.LASF51
 478 01be 41       		.byte	0x41
 479 01bf 0B       		.uleb128 0xb
 480 01c0 EA000000 		.4byte	.LASF52
 481 01c4 42       		.byte	0x42
 482 01c5 0B       		.uleb128 0xb
 483 01c6 57020000 		.4byte	.LASF53
ARM GAS  C:\Users\User\AppData\Local\Temp\cclEK6aU.s 			page 11


 484 01ca 43       		.byte	0x43
 485 01cb 0B       		.uleb128 0xb
 486 01cc F90A0000 		.4byte	.LASF54
 487 01d0 44       		.byte	0x44
 488 01d1 0B       		.uleb128 0xb
 489 01d2 BB0A0000 		.4byte	.LASF55
 490 01d6 45       		.byte	0x45
 491 01d7 0B       		.uleb128 0xb
 492 01d8 DB010000 		.4byte	.LASF56
 493 01dc 46       		.byte	0x46
 494 01dd 0B       		.uleb128 0xb
 495 01de 2D060000 		.4byte	.LASF57
 496 01e2 47       		.byte	0x47
 497 01e3 0B       		.uleb128 0xb
 498 01e4 71060000 		.4byte	.LASF58
 499 01e8 48       		.byte	0x48
 500 01e9 0B       		.uleb128 0xb
 501 01ea 3E030000 		.4byte	.LASF59
 502 01ee 49       		.byte	0x49
 503 01ef 0B       		.uleb128 0xb
 504 01f0 EB080000 		.4byte	.LASF60
 505 01f4 4A       		.byte	0x4a
 506 01f5 0B       		.uleb128 0xb
 507 01f6 94020000 		.4byte	.LASF61
 508 01fa 4B       		.byte	0x4b
 509 01fb 0B       		.uleb128 0xb
 510 01fc 57060000 		.4byte	.LASF62
 511 0200 4C       		.byte	0x4c
 512 0201 0B       		.uleb128 0xb
 513 0202 C1010000 		.4byte	.LASF63
 514 0206 4D       		.byte	0x4d
 515 0207 0B       		.uleb128 0xb
 516 0208 A3010000 		.4byte	.LASF64
 517 020c 4E       		.byte	0x4e
 518 020d 0B       		.uleb128 0xb
 519 020e 1B000000 		.4byte	.LASF65
 520 0212 4F       		.byte	0x4f
 521 0213 0B       		.uleb128 0xb
 522 0214 75020000 		.4byte	.LASF66
 523 0218 50       		.byte	0x50
 524 0219 0B       		.uleb128 0xb
 525 021a 09090000 		.4byte	.LASF67
 526 021e 51       		.byte	0x51
 527 021f 0B       		.uleb128 0xb
 528 0220 61040000 		.4byte	.LASF68
 529 0224 52       		.byte	0x52
 530 0225 0B       		.uleb128 0xb
 531 0226 E2030000 		.4byte	.LASF69
 532 022a 53       		.byte	0x53
 533 022b 0B       		.uleb128 0xb
 534 022c B3020000 		.4byte	.LASF70
 535 0230 54       		.byte	0x54
 536 0231 0B       		.uleb128 0xb
 537 0232 FC0B0000 		.4byte	.LASF71
 538 0236 55       		.byte	0x55
 539 0237 0B       		.uleb128 0xb
 540 0238 A20B0000 		.4byte	.LASF72
ARM GAS  C:\Users\User\AppData\Local\Temp\cclEK6aU.s 			page 12


 541 023c 56       		.byte	0x56
 542 023d 0B       		.uleb128 0xb
 543 023e 790B0000 		.4byte	.LASF73
 544 0242 57       		.byte	0x57
 545 0243 0B       		.uleb128 0xb
 546 0244 78070000 		.4byte	.LASF74
 547 0248 58       		.byte	0x58
 548 0249 0B       		.uleb128 0xb
 549 024a D2050000 		.4byte	.LASF75
 550 024e 70       		.byte	0x70
 551 024f 0B       		.uleb128 0xb
 552 0250 32010000 		.4byte	.LASF76
 553 0254 71       		.byte	0x71
 554 0255 0B       		.uleb128 0xb
 555 0256 66080000 		.4byte	.LASF77
 556 025a 72       		.byte	0x72
 557 025b 0B       		.uleb128 0xb
 558 025c EB020000 		.4byte	.LASF78
 559 0260 73       		.byte	0x73
 560 0261 0B       		.uleb128 0xb
 561 0262 98050000 		.4byte	.LASF79
 562 0266 74       		.byte	0x74
 563 0267 0B       		.uleb128 0xb
 564 0268 22070000 		.4byte	.LASF80
 565 026c 75       		.byte	0x75
 566 026d 0B       		.uleb128 0xb
 567 026e 17030000 		.4byte	.LASF81
 568 0272 76       		.byte	0x76
 569 0273 0B       		.uleb128 0xb
 570 0274 1C0A0000 		.4byte	.LASF82
 571 0278 77       		.byte	0x77
 572 0279 0B       		.uleb128 0xb
 573 027a 4D090000 		.4byte	.LASF83
 574 027e 78       		.byte	0x78
 575 027f 0B       		.uleb128 0xb
 576 0280 9B090000 		.4byte	.LASF84
 577 0284 79       		.byte	0x79
 578 0285 0B       		.uleb128 0xb
 579 0286 74050000 		.4byte	.LASF85
 580 028a 7A       		.byte	0x7a
 581 028b 0B       		.uleb128 0xb
 582 028c 2F090000 		.4byte	.LASF86
 583 0290 FA       		.byte	0xfa
 584 0291 0B       		.uleb128 0xb
 585 0292 0E060000 		.4byte	.LASF87
 586 0296 FB       		.byte	0xfb
 587 0297 0B       		.uleb128 0xb
 588 0298 200C0000 		.4byte	.LASF88
 589 029c FC       		.byte	0xfc
 590 029d 0B       		.uleb128 0xb
 591 029e BF070000 		.4byte	.LASF89
 592 02a2 FD       		.byte	0xfd
 593 02a3 0B       		.uleb128 0xb
 594 02a4 6B0B0000 		.4byte	.LASF90
 595 02a8 FF       		.byte	0xff
 596 02a9 00       		.byte	0
 597 02aa 0C       		.uleb128 0xc
ARM GAS  C:\Users\User\AppData\Local\Temp\cclEK6aU.s 			page 13


 598 02ab 01       		.byte	0x1
 599 02ac 2C000000 		.4byte	0x2c
 600 02b0 05       		.byte	0x5
 601 02b1 22       		.byte	0x22
 602 02b2 F3020000 		.4byte	0x2f3
 603 02b6 0B       		.uleb128 0xb
 604 02b7 710A0000 		.4byte	.LASF91
 605 02bb 00       		.byte	0
 606 02bc 0B       		.uleb128 0xb
 607 02bd 9E040000 		.4byte	.LASF92
 608 02c1 01       		.byte	0x1
 609 02c2 0B       		.uleb128 0xb
 610 02c3 58010000 		.4byte	.LASF93
 611 02c7 02       		.byte	0x2
 612 02c8 0B       		.uleb128 0xb
 613 02c9 170B0000 		.4byte	.LASF94
 614 02cd 03       		.byte	0x3
 615 02ce 0B       		.uleb128 0xb
 616 02cf E20A0000 		.4byte	.LASF95
 617 02d3 04       		.byte	0x4
 618 02d4 0B       		.uleb128 0xb
 619 02d5 7E010000 		.4byte	.LASF96
 620 02d9 05       		.byte	0x5
 621 02da 0B       		.uleb128 0xb
 622 02db 320C0000 		.4byte	.LASF97
 623 02df 06       		.byte	0x6
 624 02e0 0B       		.uleb128 0xb
 625 02e1 CC080000 		.4byte	.LASF98
 626 02e5 07       		.byte	0x7
 627 02e6 0B       		.uleb128 0xb
 628 02e7 6F0C0000 		.4byte	.LASF99
 629 02eb 08       		.byte	0x8
 630 02ec 0B       		.uleb128 0xb
 631 02ed BE090000 		.4byte	.LASF100
 632 02f1 09       		.byte	0x9
 633 02f2 00       		.byte	0
 634 02f3 0C       		.uleb128 0xc
 635 02f4 01       		.byte	0x1
 636 02f5 2C000000 		.4byte	0x2c
 637 02f9 06       		.byte	0x6
 638 02fa 21       		.byte	0x21
 639 02fb 1E030000 		.4byte	0x31e
 640 02ff 0B       		.uleb128 0xb
 641 0300 03040000 		.4byte	.LASF101
 642 0304 00       		.byte	0
 643 0305 0B       		.uleb128 0xb
 644 0306 A70A0000 		.4byte	.LASF102
 645 030a 01       		.byte	0x1
 646 030b 0B       		.uleb128 0xb
 647 030c 3B080000 		.4byte	.LASF103
 648 0310 02       		.byte	0x2
 649 0311 0B       		.uleb128 0xb
 650 0312 00000000 		.4byte	.LASF104
 651 0316 03       		.byte	0x3
 652 0317 0B       		.uleb128 0xb
 653 0318 51080000 		.4byte	.LASF105
 654 031c 04       		.byte	0x4
ARM GAS  C:\Users\User\AppData\Local\Temp\cclEK6aU.s 			page 14


 655 031d 00       		.byte	0
 656 031e 0C       		.uleb128 0xc
 657 031f 01       		.byte	0x1
 658 0320 2C000000 		.4byte	0x2c
 659 0324 06       		.byte	0x6
 660 0325 2C       		.byte	0x2c
 661 0326 3D030000 		.4byte	0x33d
 662 032a 0B       		.uleb128 0xb
 663 032b ED0B0000 		.4byte	.LASF106
 664 032f 00       		.byte	0
 665 0330 0B       		.uleb128 0xb
 666 0331 09030000 		.4byte	.LASF107
 667 0335 01       		.byte	0x1
 668 0336 0B       		.uleb128 0xb
 669 0337 3A000000 		.4byte	.LASF108
 670 033b 02       		.byte	0x2
 671 033c 00       		.byte	0
 672 033d 0D       		.uleb128 0xd
 673 033e 98000000 		.4byte	.LASF121
 674 0342 01       		.byte	0x1
 675 0343 14       		.byte	0x14
 676 0344 00000000 		.4byte	.LFB35
 677 0348 14000000 		.4byte	.LFE35-.LFB35
 678 034c 01       		.uleb128 0x1
 679 034d 9C       		.byte	0x9c
 680 034e 0E       		.uleb128 0xe
 681 034f 0F020000 		.4byte	.LASF109
 682 0353 01       		.byte	0x1
 683 0354 27       		.byte	0x27
 684 0355 8F000000 		.4byte	0x8f
 685 0359 00000000 		.4byte	.LFB36
 686 035d 48000000 		.4byte	.LFE36-.LFB36
 687 0361 01       		.uleb128 0x1
 688 0362 9C       		.byte	0x9c
 689 0363 84030000 		.4byte	0x384
 690 0367 0F       		.uleb128 0xf
 691 0368 C1080000 		.4byte	.LASF114
 692 036c 01       		.byte	0x1
 693 036d 27       		.byte	0x27
 694 036e 6B000000 		.4byte	0x6b
 695 0372 02       		.uleb128 0x2
 696 0373 91       		.byte	0x91
 697 0374 6F       		.sleb128 -17
 698 0375 10       		.uleb128 0x10
 699 0376 F7090000 		.4byte	.LASF111
 700 037a 01       		.byte	0x1
 701 037b 28       		.byte	0x28
 702 037c 8F000000 		.4byte	0x8f
 703 0380 02       		.uleb128 0x2
 704 0381 91       		.byte	0x91
 705 0382 74       		.sleb128 -12
 706 0383 00       		.byte	0
 707 0384 0E       		.uleb128 0xe
 708 0385 8D0A0000 		.4byte	.LASF110
 709 0389 01       		.byte	0x1
 710 038a 48       		.byte	0x48
 711 038b 8F000000 		.4byte	0x8f
ARM GAS  C:\Users\User\AppData\Local\Temp\cclEK6aU.s 			page 15


 712 038f 00000000 		.4byte	.LFB37
 713 0393 C4000000 		.4byte	.LFE37-.LFB37
 714 0397 01       		.uleb128 0x1
 715 0398 9C       		.byte	0x9c
 716 0399 DB030000 		.4byte	0x3db
 717 039d 10       		.uleb128 0x10
 718 039e C40B0000 		.4byte	.LASF112
 719 03a2 01       		.byte	0x1
 720 03a3 4A       		.byte	0x4a
 721 03a4 DB030000 		.4byte	0x3db
 722 03a8 03       		.uleb128 0x3
 723 03a9 91       		.byte	0x91
 724 03aa A47F     		.sleb128 -92
 725 03ac 11       		.uleb128 0x11
 726 03ad 62756600 		.ascii	"buf\000"
 727 03b1 01       		.byte	0x1
 728 03b2 4B       		.byte	0x4b
 729 03b3 DC000000 		.4byte	0xdc
 730 03b7 03       		.uleb128 0x3
 731 03b8 91       		.byte	0x91
 732 03b9 9C7F     		.sleb128 -100
 733 03bb 10       		.uleb128 0x10
 734 03bc 06060000 		.4byte	.LASF113
 735 03c0 01       		.byte	0x1
 736 03c1 4C       		.byte	0x4c
 737 03c2 83000000 		.4byte	0x83
 738 03c6 05       		.uleb128 0x5
 739 03c7 03       		.byte	0x3
 740 03c8 04000000 		.4byte	counter.7700
 741 03cc 10       		.uleb128 0x10
 742 03cd F7090000 		.4byte	.LASF111
 743 03d1 01       		.byte	0x1
 744 03d2 4F       		.byte	0x4f
 745 03d3 8F000000 		.4byte	0x8f
 746 03d7 02       		.uleb128 0x2
 747 03d8 91       		.byte	0x91
 748 03d9 74       		.sleb128 -12
 749 03da 00       		.byte	0
 750 03db 08       		.uleb128 0x8
 751 03dc 9D000000 		.4byte	0x9d
 752 03e0 EB030000 		.4byte	0x3eb
 753 03e4 09       		.uleb128 0x9
 754 03e5 D5000000 		.4byte	0xd5
 755 03e9 4F       		.byte	0x4f
 756 03ea 00       		.byte	0
 757 03eb 10       		.uleb128 0x10
 758 03ec C1080000 		.4byte	.LASF114
 759 03f0 07       		.byte	0x7
 760 03f1 11       		.byte	0x11
 761 03f2 A4000000 		.4byte	0xa4
 762 03f6 05       		.uleb128 0x5
 763 03f7 03       		.byte	0x3
 764 03f8 00000000 		.4byte	flag_Timer
 765 03fc 08       		.uleb128 0x8
 766 03fd A9000000 		.4byte	0xa9
 767 0401 0C040000 		.4byte	0x40c
 768 0405 09       		.uleb128 0x9
ARM GAS  C:\Users\User\AppData\Local\Temp\cclEK6aU.s 			page 16


 769 0406 D5000000 		.4byte	0xd5
 770 040a 07       		.byte	0x7
 771 040b 00       		.byte	0
 772 040c 12       		.uleb128 0x12
 773 040d 27080000 		.4byte	.LASF115
 774 0411 03       		.byte	0x3
 775 0412 34       		.byte	0x34
 776 0413 FC030000 		.4byte	0x3fc
 777 0417 05       		.uleb128 0x5
 778 0418 03       		.byte	0x3
 779 0419 00000000 		.4byte	OneWire_Sensor
 780 041d 12       		.uleb128 0x12
 781 041e 3B0A0000 		.4byte	.LASF116
 782 0422 03       		.byte	0x3
 783 0423 39       		.byte	0x39
 784 0424 A4000000 		.4byte	0xa4
 785 0428 05       		.uleb128 0x5
 786 0429 03       		.byte	0x3
 787 042a 00000000 		.4byte	OneWire_DataReady
 788 042e 00       		.byte	0
 789              		.section	.debug_abbrev,"",%progbits
 790              	.Ldebug_abbrev0:
 791 0000 01       		.uleb128 0x1
 792 0001 11       		.uleb128 0x11
 793 0002 01       		.byte	0x1
 794 0003 25       		.uleb128 0x25
 795 0004 0E       		.uleb128 0xe
 796 0005 13       		.uleb128 0x13
 797 0006 0B       		.uleb128 0xb
 798 0007 03       		.uleb128 0x3
 799 0008 0E       		.uleb128 0xe
 800 0009 1B       		.uleb128 0x1b
 801 000a 0E       		.uleb128 0xe
 802 000b 55       		.uleb128 0x55
 803 000c 17       		.uleb128 0x17
 804 000d 11       		.uleb128 0x11
 805 000e 01       		.uleb128 0x1
 806 000f 10       		.uleb128 0x10
 807 0010 17       		.uleb128 0x17
 808 0011 00       		.byte	0
 809 0012 00       		.byte	0
 810 0013 02       		.uleb128 0x2
 811 0014 24       		.uleb128 0x24
 812 0015 00       		.byte	0
 813 0016 0B       		.uleb128 0xb
 814 0017 0B       		.uleb128 0xb
 815 0018 3E       		.uleb128 0x3e
 816 0019 0B       		.uleb128 0xb
 817 001a 03       		.uleb128 0x3
 818 001b 0E       		.uleb128 0xe
 819 001c 00       		.byte	0
 820 001d 00       		.byte	0
 821 001e 03       		.uleb128 0x3
 822 001f 24       		.uleb128 0x24
 823 0020 00       		.byte	0
 824 0021 0B       		.uleb128 0xb
 825 0022 0B       		.uleb128 0xb
ARM GAS  C:\Users\User\AppData\Local\Temp\cclEK6aU.s 			page 17


 826 0023 3E       		.uleb128 0x3e
 827 0024 0B       		.uleb128 0xb
 828 0025 03       		.uleb128 0x3
 829 0026 08       		.uleb128 0x8
 830 0027 00       		.byte	0
 831 0028 00       		.byte	0
 832 0029 04       		.uleb128 0x4
 833 002a 16       		.uleb128 0x16
 834 002b 00       		.byte	0
 835 002c 03       		.uleb128 0x3
 836 002d 0E       		.uleb128 0xe
 837 002e 3A       		.uleb128 0x3a
 838 002f 0B       		.uleb128 0xb
 839 0030 3B       		.uleb128 0x3b
 840 0031 05       		.uleb128 0x5
 841 0032 49       		.uleb128 0x49
 842 0033 13       		.uleb128 0x13
 843 0034 00       		.byte	0
 844 0035 00       		.byte	0
 845 0036 05       		.uleb128 0x5
 846 0037 35       		.uleb128 0x35
 847 0038 00       		.byte	0
 848 0039 49       		.uleb128 0x49
 849 003a 13       		.uleb128 0x13
 850 003b 00       		.byte	0
 851 003c 00       		.byte	0
 852 003d 06       		.uleb128 0x6
 853 003e 13       		.uleb128 0x13
 854 003f 01       		.byte	0x1
 855 0040 03       		.uleb128 0x3
 856 0041 0E       		.uleb128 0xe
 857 0042 0B       		.uleb128 0xb
 858 0043 0B       		.uleb128 0xb
 859 0044 3A       		.uleb128 0x3a
 860 0045 0B       		.uleb128 0xb
 861 0046 3B       		.uleb128 0x3b
 862 0047 0B       		.uleb128 0xb
 863 0048 01       		.uleb128 0x1
 864 0049 13       		.uleb128 0x13
 865 004a 00       		.byte	0
 866 004b 00       		.byte	0
 867 004c 07       		.uleb128 0x7
 868 004d 0D       		.uleb128 0xd
 869 004e 00       		.byte	0
 870 004f 03       		.uleb128 0x3
 871 0050 0E       		.uleb128 0xe
 872 0051 3A       		.uleb128 0x3a
 873 0052 0B       		.uleb128 0xb
 874 0053 3B       		.uleb128 0x3b
 875 0054 0B       		.uleb128 0xb
 876 0055 49       		.uleb128 0x49
 877 0056 13       		.uleb128 0x13
 878 0057 38       		.uleb128 0x38
 879 0058 0B       		.uleb128 0xb
 880 0059 00       		.byte	0
 881 005a 00       		.byte	0
 882 005b 08       		.uleb128 0x8
ARM GAS  C:\Users\User\AppData\Local\Temp\cclEK6aU.s 			page 18


 883 005c 01       		.uleb128 0x1
 884 005d 01       		.byte	0x1
 885 005e 49       		.uleb128 0x49
 886 005f 13       		.uleb128 0x13
 887 0060 01       		.uleb128 0x1
 888 0061 13       		.uleb128 0x13
 889 0062 00       		.byte	0
 890 0063 00       		.byte	0
 891 0064 09       		.uleb128 0x9
 892 0065 21       		.uleb128 0x21
 893 0066 00       		.byte	0
 894 0067 49       		.uleb128 0x49
 895 0068 13       		.uleb128 0x13
 896 0069 2F       		.uleb128 0x2f
 897 006a 0B       		.uleb128 0xb
 898 006b 00       		.byte	0
 899 006c 00       		.byte	0
 900 006d 0A       		.uleb128 0xa
 901 006e 04       		.uleb128 0x4
 902 006f 01       		.byte	0x1
 903 0070 0B       		.uleb128 0xb
 904 0071 0B       		.uleb128 0xb
 905 0072 49       		.uleb128 0x49
 906 0073 13       		.uleb128 0x13
 907 0074 3A       		.uleb128 0x3a
 908 0075 0B       		.uleb128 0xb
 909 0076 3B       		.uleb128 0x3b
 910 0077 05       		.uleb128 0x5
 911 0078 01       		.uleb128 0x1
 912 0079 13       		.uleb128 0x13
 913 007a 00       		.byte	0
 914 007b 00       		.byte	0
 915 007c 0B       		.uleb128 0xb
 916 007d 28       		.uleb128 0x28
 917 007e 00       		.byte	0
 918 007f 03       		.uleb128 0x3
 919 0080 0E       		.uleb128 0xe
 920 0081 1C       		.uleb128 0x1c
 921 0082 0B       		.uleb128 0xb
 922 0083 00       		.byte	0
 923 0084 00       		.byte	0
 924 0085 0C       		.uleb128 0xc
 925 0086 04       		.uleb128 0x4
 926 0087 01       		.byte	0x1
 927 0088 0B       		.uleb128 0xb
 928 0089 0B       		.uleb128 0xb
 929 008a 49       		.uleb128 0x49
 930 008b 13       		.uleb128 0x13
 931 008c 3A       		.uleb128 0x3a
 932 008d 0B       		.uleb128 0xb
 933 008e 3B       		.uleb128 0x3b
 934 008f 0B       		.uleb128 0xb
 935 0090 01       		.uleb128 0x1
 936 0091 13       		.uleb128 0x13
 937 0092 00       		.byte	0
 938 0093 00       		.byte	0
 939 0094 0D       		.uleb128 0xd
ARM GAS  C:\Users\User\AppData\Local\Temp\cclEK6aU.s 			page 19


 940 0095 2E       		.uleb128 0x2e
 941 0096 00       		.byte	0
 942 0097 3F       		.uleb128 0x3f
 943 0098 19       		.uleb128 0x19
 944 0099 03       		.uleb128 0x3
 945 009a 0E       		.uleb128 0xe
 946 009b 3A       		.uleb128 0x3a
 947 009c 0B       		.uleb128 0xb
 948 009d 3B       		.uleb128 0x3b
 949 009e 0B       		.uleb128 0xb
 950 009f 27       		.uleb128 0x27
 951 00a0 19       		.uleb128 0x19
 952 00a1 11       		.uleb128 0x11
 953 00a2 01       		.uleb128 0x1
 954 00a3 12       		.uleb128 0x12
 955 00a4 06       		.uleb128 0x6
 956 00a5 40       		.uleb128 0x40
 957 00a6 18       		.uleb128 0x18
 958 00a7 9742     		.uleb128 0x2117
 959 00a9 19       		.uleb128 0x19
 960 00aa 00       		.byte	0
 961 00ab 00       		.byte	0
 962 00ac 0E       		.uleb128 0xe
 963 00ad 2E       		.uleb128 0x2e
 964 00ae 01       		.byte	0x1
 965 00af 3F       		.uleb128 0x3f
 966 00b0 19       		.uleb128 0x19
 967 00b1 03       		.uleb128 0x3
 968 00b2 0E       		.uleb128 0xe
 969 00b3 3A       		.uleb128 0x3a
 970 00b4 0B       		.uleb128 0xb
 971 00b5 3B       		.uleb128 0x3b
 972 00b6 0B       		.uleb128 0xb
 973 00b7 27       		.uleb128 0x27
 974 00b8 19       		.uleb128 0x19
 975 00b9 49       		.uleb128 0x49
 976 00ba 13       		.uleb128 0x13
 977 00bb 11       		.uleb128 0x11
 978 00bc 01       		.uleb128 0x1
 979 00bd 12       		.uleb128 0x12
 980 00be 06       		.uleb128 0x6
 981 00bf 40       		.uleb128 0x40
 982 00c0 18       		.uleb128 0x18
 983 00c1 9642     		.uleb128 0x2116
 984 00c3 19       		.uleb128 0x19
 985 00c4 01       		.uleb128 0x1
 986 00c5 13       		.uleb128 0x13
 987 00c6 00       		.byte	0
 988 00c7 00       		.byte	0
 989 00c8 0F       		.uleb128 0xf
 990 00c9 05       		.uleb128 0x5
 991 00ca 00       		.byte	0
 992 00cb 03       		.uleb128 0x3
 993 00cc 0E       		.uleb128 0xe
 994 00cd 3A       		.uleb128 0x3a
 995 00ce 0B       		.uleb128 0xb
 996 00cf 3B       		.uleb128 0x3b
ARM GAS  C:\Users\User\AppData\Local\Temp\cclEK6aU.s 			page 20


 997 00d0 0B       		.uleb128 0xb
 998 00d1 49       		.uleb128 0x49
 999 00d2 13       		.uleb128 0x13
 1000 00d3 02       		.uleb128 0x2
 1001 00d4 18       		.uleb128 0x18
 1002 00d5 00       		.byte	0
 1003 00d6 00       		.byte	0
 1004 00d7 10       		.uleb128 0x10
 1005 00d8 34       		.uleb128 0x34
 1006 00d9 00       		.byte	0
 1007 00da 03       		.uleb128 0x3
 1008 00db 0E       		.uleb128 0xe
 1009 00dc 3A       		.uleb128 0x3a
 1010 00dd 0B       		.uleb128 0xb
 1011 00de 3B       		.uleb128 0x3b
 1012 00df 0B       		.uleb128 0xb
 1013 00e0 49       		.uleb128 0x49
 1014 00e1 13       		.uleb128 0x13
 1015 00e2 02       		.uleb128 0x2
 1016 00e3 18       		.uleb128 0x18
 1017 00e4 00       		.byte	0
 1018 00e5 00       		.byte	0
 1019 00e6 11       		.uleb128 0x11
 1020 00e7 34       		.uleb128 0x34
 1021 00e8 00       		.byte	0
 1022 00e9 03       		.uleb128 0x3
 1023 00ea 08       		.uleb128 0x8
 1024 00eb 3A       		.uleb128 0x3a
 1025 00ec 0B       		.uleb128 0xb
 1026 00ed 3B       		.uleb128 0x3b
 1027 00ee 0B       		.uleb128 0xb
 1028 00ef 49       		.uleb128 0x49
 1029 00f0 13       		.uleb128 0x13
 1030 00f1 02       		.uleb128 0x2
 1031 00f2 18       		.uleb128 0x18
 1032 00f3 00       		.byte	0
 1033 00f4 00       		.byte	0
 1034 00f5 12       		.uleb128 0x12
 1035 00f6 34       		.uleb128 0x34
 1036 00f7 00       		.byte	0
 1037 00f8 03       		.uleb128 0x3
 1038 00f9 0E       		.uleb128 0xe
 1039 00fa 3A       		.uleb128 0x3a
 1040 00fb 0B       		.uleb128 0xb
 1041 00fc 3B       		.uleb128 0x3b
 1042 00fd 0B       		.uleb128 0xb
 1043 00fe 49       		.uleb128 0x49
 1044 00ff 13       		.uleb128 0x13
 1045 0100 3F       		.uleb128 0x3f
 1046 0101 19       		.uleb128 0x19
 1047 0102 02       		.uleb128 0x2
 1048 0103 18       		.uleb128 0x18
 1049 0104 00       		.byte	0
 1050 0105 00       		.byte	0
 1051 0106 00       		.byte	0
 1052              		.section	.debug_aranges,"",%progbits
 1053 0000 2C000000 		.4byte	0x2c
ARM GAS  C:\Users\User\AppData\Local\Temp\cclEK6aU.s 			page 21


 1054 0004 0200     		.2byte	0x2
 1055 0006 00000000 		.4byte	.Ldebug_info0
 1056 000a 04       		.byte	0x4
 1057 000b 00       		.byte	0
 1058 000c 0000     		.2byte	0
 1059 000e 0000     		.2byte	0
 1060 0010 00000000 		.4byte	.LFB35
 1061 0014 14000000 		.4byte	.LFE35-.LFB35
 1062 0018 00000000 		.4byte	.LFB36
 1063 001c 48000000 		.4byte	.LFE36-.LFB36
 1064 0020 00000000 		.4byte	.LFB37
 1065 0024 C4000000 		.4byte	.LFE37-.LFB37
 1066 0028 00000000 		.4byte	0
 1067 002c 00000000 		.4byte	0
 1068              		.section	.debug_ranges,"",%progbits
 1069              	.Ldebug_ranges0:
 1070 0000 00000000 		.4byte	.LFB35
 1071 0004 14000000 		.4byte	.LFE35
 1072 0008 00000000 		.4byte	.LFB36
 1073 000c 48000000 		.4byte	.LFE36
 1074 0010 00000000 		.4byte	.LFB37
 1075 0014 C4000000 		.4byte	.LFE37
 1076 0018 00000000 		.4byte	0
 1077 001c 00000000 		.4byte	0
 1078              		.section	.debug_line,"",%progbits
 1079              	.Ldebug_line0:
 1080 0000 D9000000 		.section	.debug_str,"MS",%progbits,1
 1080      02008F00 
 1080      00000201 
 1080      FB0E0D00 
 1080      01010101 
 1081              	.LASF104:
 1082 0000 4359424C 		.ascii	"CYBLE_HTS_MEASURE_INTERVAL\000"
 1082      455F4854 
 1082      535F4D45 
 1082      41535552 
 1082      455F494E 
 1083              	.LASF65:
 1084 001b 4359424C 		.ascii	"CYBLE_EVT_GATTS_PREP_WRITE_REQ\000"
 1084      455F4556 
 1084      545F4741 
 1084      5454535F 
 1084      50524550 
 1085              	.LASF108:
 1086 003a 4359424C 		.ascii	"CYBLE_HTS_DESCR_COUNT\000"
 1086      455F4854 
 1086      535F4445 
 1086      5343525F 
 1086      434F554E 
 1087              	.LASF25:
 1088 0050 4359424C 		.ascii	"CYBLE_EVT_MEMORY_REQUEST\000"
 1088      455F4556 
 1088      545F4D45 
 1088      4D4F5259 
 1088      5F524551 
 1089              	.LASF50:
 1090 0069 4359424C 		.ascii	"CYBLE_EVT_GATTC_ERROR_RSP\000"
ARM GAS  C:\Users\User\AppData\Local\Temp\cclEK6aU.s 			page 22


 1090      455F4556 
 1090      545F4741 
 1090      5454435F 
 1090      4552524F 
 1091              	.LASF23:
 1092 0083 4359424C 		.ascii	"CYBLE_EVT_HCI_STATUS\000"
 1092      455F4556 
 1092      545F4843 
 1092      495F5354 
 1092      41545553 
 1093              	.LASF121:
 1094 0098 6973725F 		.ascii	"isr_Timer\000"
 1094      54696D65 
 1094      7200
 1095              	.LASF40:
 1096 00a2 4359424C 		.ascii	"CYBLE_EVT_GAP_KEYPRESS_NOTIFICATION\000"
 1096      455F4556 
 1096      545F4741 
 1096      505F4B45 
 1096      59505245 
 1097              	.LASF2:
 1098 00c6 73686F72 		.ascii	"short int\000"
 1098      7420696E 
 1098      7400
 1099              	.LASF31:
 1100 00d0 4359424C 		.ascii	"CYBLE_EVT_GAP_AUTH_FAILED\000"
 1100      455F4556 
 1100      545F4741 
 1100      505F4155 
 1100      54485F46 
 1101              	.LASF52:
 1102 00ea 4359424C 		.ascii	"CYBLE_EVT_GATT_DISCONNECT_IND\000"
 1102      455F4556 
 1102      545F4741 
 1102      54545F44 
 1102      4953434F 
 1103              	.LASF18:
 1104 0108 73697A65 		.ascii	"sizetype\000"
 1104      74797065 
 1104      00
 1105              	.LASF42:
 1106 0111 4359424C 		.ascii	"CYBLE_EVT_GAP_DATA_LENGTH_CHANGE\000"
 1106      455F4556 
 1106      545F4741 
 1106      505F4441 
 1106      54415F4C 
 1107              	.LASF76:
 1108 0132 4359424C 		.ascii	"CYBLE_EVT_L2CAP_CONN_PARAM_UPDATE_RSP\000"
 1108      455F4556 
 1108      545F4C32 
 1108      4341505F 
 1108      434F4E4E 
 1109              	.LASF93:
 1110 0158 4359424C 		.ascii	"CYBLE_DIS_SERIAL_NUMBER\000"
 1110      455F4449 
 1110      535F5345 
 1110      5249414C 
ARM GAS  C:\Users\User\AppData\Local\Temp\cclEK6aU.s 			page 23


 1110      5F4E554D 
 1111              	.LASF6:
 1112 0170 6C6F6E67 		.ascii	"long long int\000"
 1112      206C6F6E 
 1112      6720696E 
 1112      7400
 1113              	.LASF96:
 1114 017e 4359424C 		.ascii	"CYBLE_DIS_SOFTWARE_REV\000"
 1114      455F4449 
 1114      535F534F 
 1114      46545741 
 1114      52455F52 
 1115              	.LASF118:
 1116 0195 54656D70 		.ascii	"Temperature.c\000"
 1116      65726174 
 1116      7572652E 
 1116      6300
 1117              	.LASF64:
 1118 01a3 4359424C 		.ascii	"CYBLE_EVT_GATTS_WRITE_CMD_REQ\000"
 1118      455F4556 
 1118      545F4741 
 1118      5454535F 
 1118      57524954 
 1119              	.LASF63:
 1120 01c1 4359424C 		.ascii	"CYBLE_EVT_GATTC_WRITE_RSP\000"
 1120      455F4556 
 1120      545F4741 
 1120      5454435F 
 1120      57524954 
 1121              	.LASF56:
 1122 01db 4359424C 		.ascii	"CYBLE_EVT_GATTC_READ_BY_TYPE_RSP\000"
 1122      455F4556 
 1122      545F4741 
 1122      5454435F 
 1122      52454144 
 1123              	.LASF20:
 1124 01fc 4359424C 		.ascii	"CYBLE_EVT_STACK_ON\000"
 1124      455F4556 
 1124      545F5354 
 1124      41434B5F 
 1124      4F4E00
 1125              	.LASF109:
 1126 020f 50726F63 		.ascii	"ProcessTemperature\000"
 1126      65737354 
 1126      656D7065 
 1126      72617475 
 1126      726500
 1127              	.LASF49:
 1128 0222 4359424C 		.ascii	"CYBLE_EVT_GAP_SMP_LOC_P256_KEYS_GEN_AND_SET_COMPLET"
 1128      455F4556 
 1128      545F4741 
 1128      505F534D 
 1128      505F4C4F 
 1129 0255 4500     		.ascii	"E\000"
 1130              	.LASF53:
 1131 0257 4359424C 		.ascii	"CYBLE_EVT_GATTS_XCNHG_MTU_REQ\000"
 1131      455F4556 
ARM GAS  C:\Users\User\AppData\Local\Temp\cclEK6aU.s 			page 24


 1131      545F4741 
 1131      5454535F 
 1131      58434E48 
 1132              	.LASF66:
 1133 0275 4359424C 		.ascii	"CYBLE_EVT_GATTS_EXEC_WRITE_REQ\000"
 1133      455F4556 
 1133      545F4741 
 1133      5454535F 
 1133      45584543 
 1134              	.LASF61:
 1135 0294 4359424C 		.ascii	"CYBLE_EVT_GATTC_READ_MULTI_RSP\000"
 1135      455F4556 
 1135      545F4741 
 1135      5454435F 
 1135      52454144 
 1136              	.LASF70:
 1137 02b3 4359424C 		.ascii	"CYBLE_EVT_GATTS_HANDLE_VALUE_CNF\000"
 1137      455F4556 
 1137      545F4741 
 1137      5454535F 
 1137      48414E44 
 1138              	.LASF19:
 1139 02d4 4359424C 		.ascii	"CYBLE_EVT_HOST_INVALID\000"
 1139      455F4556 
 1139      545F484F 
 1139      53545F49 
 1139      4E56414C 
 1140              	.LASF78:
 1141 02eb 4359424C 		.ascii	"CYBLE_EVT_L2CAP_CBFC_CONN_IND\000"
 1141      455F4556 
 1141      545F4C32 
 1141      4341505F 
 1141      43424643 
 1142              	.LASF107:
 1143 0309 4359424C 		.ascii	"CYBLE_HTS_VRD\000"
 1143      455F4854 
 1143      535F5652 
 1143      4400
 1144              	.LASF81:
 1145 0317 4359424C 		.ascii	"CYBLE_EVT_L2CAP_CBFC_DISCONN_CNF\000"
 1145      455F4556 
 1145      545F4C32 
 1145      4341505F 
 1145      43424643 
 1146              	.LASF12:
 1147 0338 666C6F61 		.ascii	"float\000"
 1147      7400
 1148              	.LASF59:
 1149 033e 4359424C 		.ascii	"CYBLE_EVT_GATTC_READ_RSP\000"
 1149      455F4556 
 1149      545F4741 
 1149      5454435F 
 1149      52454144 
 1150              	.LASF39:
 1151 0357 4359424C 		.ascii	"CYBLE_EVT_GAP_NUMERIC_COMPARISON_REQUEST\000"
 1151      455F4556 
 1151      545F4741 
ARM GAS  C:\Users\User\AppData\Local\Temp\cclEK6aU.s 			page 25


 1151      505F4E55 
 1151      4D455249 
 1152              	.LASF44:
 1153 0380 4359424C 		.ascii	"CYBLE_EVT_GAPC_DIRECT_ADV_REPORT\000"
 1153      455F4556 
 1153      545F4741 
 1153      50435F44 
 1153      49524543 
 1154              	.LASF7:
 1155 03a1 6C6F6E67 		.ascii	"long long unsigned int\000"
 1155      206C6F6E 
 1155      6720756E 
 1155      7369676E 
 1155      65642069 
 1156              	.LASF48:
 1157 03b8 4359424C 		.ascii	"CYBLE_EVT_GAP_AUTH_REQ_REPLY_ERR\000"
 1157      455F4556 
 1157      545F4741 
 1157      505F4155 
 1157      54485F52 
 1158              	.LASF4:
 1159 03d9 6C6F6E67 		.ascii	"long int\000"
 1159      20696E74 
 1159      00
 1160              	.LASF69:
 1161 03e2 4359424C 		.ascii	"CYBLE_EVT_GATTC_HANDLE_VALUE_IND\000"
 1161      455F4556 
 1161      545F4741 
 1161      5454435F 
 1161      48414E44 
 1162              	.LASF101:
 1163 0403 4359424C 		.ascii	"CYBLE_HTS_TEMP_MEASURE\000"
 1163      455F4854 
 1163      535F5445 
 1163      4D505F4D 
 1163      45415355 
 1164              	.LASF33:
 1165 041a 4359424C 		.ascii	"CYBLE_EVT_GAP_DEVICE_CONNECTED\000"
 1165      455F4556 
 1165      545F4741 
 1165      505F4445 
 1165      56494345 
 1166              	.LASF32:
 1167 0439 4359424C 		.ascii	"CYBLE_EVT_GAPP_ADVERTISEMENT_START_STOP\000"
 1167      455F4556 
 1167      545F4741 
 1167      50505F41 
 1167      44564552 
 1168              	.LASF68:
 1169 0461 4359424C 		.ascii	"CYBLE_EVT_GATTC_HANDLE_VALUE_NTF\000"
 1169      455F4556 
 1169      545F4741 
 1169      5454435F 
 1169      48414E44 
 1170              	.LASF24:
 1171 0482 4359424C 		.ascii	"CYBLE_EVT_STACK_BUSY_STATUS\000"
 1171      455F4556 
ARM GAS  C:\Users\User\AppData\Local\Temp\cclEK6aU.s 			page 26


 1171      545F5354 
 1171      41434B5F 
 1171      42555359 
 1172              	.LASF92:
 1173 049e 4359424C 		.ascii	"CYBLE_DIS_MODEL_NUMBER\000"
 1173      455F4449 
 1173      535F4D4F 
 1173      44454C5F 
 1173      4E554D42 
 1174              	.LASF119:
 1175 04b5 433A5C55 		.ascii	"C:\\Users\\User\\Desktop\\Hi\\Demo1\\DS18x8_demo.cy"
 1175      73657273 
 1175      5C557365 
 1175      725C4465 
 1175      736B746F 
 1176 04e2 64736E00 		.ascii	"dsn\000"
 1177              	.LASF117:
 1178 04e6 474E5520 		.ascii	"GNU C11 5.4.1 20160609 (release) [ARM/embedded-5-br"
 1178      43313120 
 1178      352E342E 
 1178      31203230 
 1178      31363036 
 1179 0519 616E6368 		.ascii	"anch revision 237715] -mcpu=cortex-m0 -mthumb -g -O"
 1179      20726576 
 1179      6973696F 
 1179      6E203233 
 1179      37373135 
 1180 054c 30202D66 		.ascii	"0 -ffunction-sections -ffat-lto-objects\000"
 1180      66756E63 
 1180      74696F6E 
 1180      2D736563 
 1180      74696F6E 
 1181              	.LASF85:
 1182 0574 4359424C 		.ascii	"CYBLE_EVT_L2CAP_CBFC_DATA_WRITE_IND\000"
 1182      455F4556 
 1182      545F4C32 
 1182      4341505F 
 1182      43424643 
 1183              	.LASF79:
 1184 0598 4359424C 		.ascii	"CYBLE_EVT_L2CAP_CBFC_CONN_CNF\000"
 1184      455F4556 
 1184      545F4C32 
 1184      4341505F 
 1184      43424643 
 1185              	.LASF120:
 1186 05b6 4F6E6557 		.ascii	"OneWire_TSensor\000"
 1186      6972655F 
 1186      5453656E 
 1186      736F7200 
 1187              	.LASF17:
 1188 05c6 6C6F6E67 		.ascii	"long double\000"
 1188      20646F75 
 1188      626C6500 
 1189              	.LASF75:
 1190 05d2 4359424C 		.ascii	"CYBLE_EVT_L2CAP_CONN_PARAM_UPDATE_REQ\000"
 1190      455F4556 
 1190      545F4C32 
ARM GAS  C:\Users\User\AppData\Local\Temp\cclEK6aU.s 			page 27


 1190      4341505F 
 1190      434F4E4E 
 1191              	.LASF1:
 1192 05f8 756E7369 		.ascii	"unsigned char\000"
 1192      676E6564 
 1192      20636861 
 1192      7200
 1193              	.LASF113:
 1194 0606 636F756E 		.ascii	"counter\000"
 1194      74657200 
 1195              	.LASF87:
 1196 060e 4359424C 		.ascii	"CYBLE_EVT_LE_PING_AUTH_TIMEOUT\000"
 1196      455F4556 
 1196      545F4C45 
 1196      5F50494E 
 1196      475F4155 
 1197              	.LASF57:
 1198 062d 4359424C 		.ascii	"CYBLE_EVT_GATTC_FIND_INFO_RSP\000"
 1198      455F4556 
 1198      545F4741 
 1198      5454435F 
 1198      46494E44 
 1199              	.LASF0:
 1200 064b 7369676E 		.ascii	"signed char\000"
 1200      65642063 
 1200      68617200 
 1201              	.LASF62:
 1202 0657 4359424C 		.ascii	"CYBLE_EVT_GATTS_WRITE_REQ\000"
 1202      455F4556 
 1202      545F4741 
 1202      5454535F 
 1202      57524954 
 1203              	.LASF58:
 1204 0671 4359424C 		.ascii	"CYBLE_EVT_GATTC_FIND_BY_TYPE_VALUE_RSP\000"
 1204      455F4556 
 1204      545F4741 
 1204      5454435F 
 1204      46494E44 
 1205              	.LASF30:
 1206 0698 4359424C 		.ascii	"CYBLE_EVT_GAP_AUTH_COMPLETE\000"
 1206      455F4556 
 1206      545F4741 
 1206      505F4155 
 1206      54485F43 
 1207              	.LASF8:
 1208 06b4 756E7369 		.ascii	"unsigned int\000"
 1208      676E6564 
 1208      20696E74 
 1208      00
 1209              	.LASF47:
 1210 06c1 4359424C 		.ascii	"CYBLE_EVT_GAP_SCAN_REQ_RECVD\000"
 1210      455F4556 
 1210      545F4741 
 1210      505F5343 
 1210      414E5F52 
 1211              	.LASF51:
 1212 06de 4359424C 		.ascii	"CYBLE_EVT_GATT_CONNECT_IND\000"
ARM GAS  C:\Users\User\AppData\Local\Temp\cclEK6aU.s 			page 28


 1212      455F4556 
 1212      545F4741 
 1212      54545F43 
 1212      4F4E4E45 
 1213              	.LASF5:
 1214 06f9 6C6F6E67 		.ascii	"long unsigned int\000"
 1214      20756E73 
 1214      69676E65 
 1214      6420696E 
 1214      7400
 1215              	.LASF27:
 1216 070b 4359424C 		.ascii	"CYBLE_EVT_GAP_AUTH_REQ\000"
 1216      455F4556 
 1216      545F4741 
 1216      505F4155 
 1216      54485F52 
 1217              	.LASF80:
 1218 0722 4359424C 		.ascii	"CYBLE_EVT_L2CAP_CBFC_DISCONN_IND\000"
 1218      455F4556 
 1218      545F4C32 
 1218      4341505F 
 1218      43424643 
 1219              	.LASF35:
 1220 0743 4359424C 		.ascii	"CYBLE_EVT_GAP_ENCRYPT_CHANGE\000"
 1220      455F4556 
 1220      545F4741 
 1220      505F454E 
 1220      43525950 
 1221              	.LASF46:
 1222 0760 4359424C 		.ascii	"CYBLE_EVT_GAP_CONN_ESTB\000"
 1222      455F4556 
 1222      545F4741 
 1222      505F434F 
 1222      4E4E5F45 
 1223              	.LASF74:
 1224 0778 4359424C 		.ascii	"CYBLE_EVT_GATTC_LONG_PROCEDURE_END\000"
 1224      455F4556 
 1224      545F4741 
 1224      5454435F 
 1224      4C4F4E47 
 1225              	.LASF38:
 1226 079b 4359424C 		.ascii	"CYBLE_EVT_GAP_KEYINFO_EXCHNGE_CMPLT\000"
 1226      455F4556 
 1226      545F4741 
 1226      505F4B45 
 1226      59494E46 
 1227              	.LASF89:
 1228 07bf 4359424C 		.ascii	"CYBLE_EVT_FLASH_CORRUPT\000"
 1228      455F4556 
 1228      545F464C 
 1228      4153485F 
 1228      434F5252 
 1229              	.LASF36:
 1230 07d7 4359424C 		.ascii	"CYBLE_EVT_GAP_CONNECTION_UPDATE_COMPLETE\000"
 1230      455F4556 
 1230      545F4741 
 1230      505F434F 
ARM GAS  C:\Users\User\AppData\Local\Temp\cclEK6aU.s 			page 29


 1230      4E4E4543 
 1231              	.LASF45:
 1232 0800 4359424C 		.ascii	"CYBLE_EVT_GAP_SMP_NEGOTIATED_AUTH_INFO\000"
 1232      455F4556 
 1232      545F4741 
 1232      505F534D 
 1232      505F4E45 
 1233              	.LASF115:
 1234 0827 4F6E6557 		.ascii	"OneWire_Sensor\000"
 1234      6972655F 
 1234      53656E73 
 1234      6F7200
 1235              	.LASF14:
 1236 0836 63686172 		.ascii	"char\000"
 1236      00
 1237              	.LASF103:
 1238 083b 4359424C 		.ascii	"CYBLE_HTS_INTERM_TEMP\000"
 1238      455F4854 
 1238      535F494E 
 1238      5445524D 
 1238      5F54454D 
 1239              	.LASF105:
 1240 0851 4359424C 		.ascii	"CYBLE_HTS_CHAR_COUNT\000"
 1240      455F4854 
 1240      535F4348 
 1240      41525F43 
 1240      4F554E54 
 1241              	.LASF77:
 1242 0866 4359424C 		.ascii	"CYBLE_EVT_L2CAP_COMMAND_REJ\000"
 1242      455F4556 
 1242      545F4C32 
 1242      4341505F 
 1242      434F4D4D 
 1243              	.LASF3:
 1244 0882 73686F72 		.ascii	"short unsigned int\000"
 1244      7420756E 
 1244      7369676E 
 1244      65642069 
 1244      6E7400
 1245              	.LASF29:
 1246 0895 4359424C 		.ascii	"CYBLE_EVT_GAP_PASSKEY_DISPLAY_REQUEST\000"
 1246      455F4556 
 1246      545F4741 
 1246      505F5041 
 1246      53534B45 
 1247              	.LASF9:
 1248 08bb 75696E74 		.ascii	"uint8\000"
 1248      3800
 1249              	.LASF114:
 1250 08c1 666C6167 		.ascii	"flag_Timer\000"
 1250      5F54696D 
 1250      657200
 1251              	.LASF98:
 1252 08cc 4359424C 		.ascii	"CYBLE_DIS_REG_CERT_DATA\000"
 1252      455F4449 
 1252      535F5245 
 1252      475F4345 
ARM GAS  C:\Users\User\AppData\Local\Temp\cclEK6aU.s 			page 30


 1252      52545F44 
 1253              	.LASF10:
 1254 08e4 75696E74 		.ascii	"uint16\000"
 1254      313600
 1255              	.LASF60:
 1256 08eb 4359424C 		.ascii	"CYBLE_EVT_GATTC_READ_BLOB_RSP\000"
 1256      455F4556 
 1256      545F4741 
 1256      5454435F 
 1256      52454144 
 1257              	.LASF67:
 1258 0909 4359424C 		.ascii	"CYBLE_EVT_GATTC_EXEC_WRITE_RSP\000"
 1258      455F4556 
 1258      545F4741 
 1258      5454435F 
 1258      45584543 
 1259              	.LASF11:
 1260 0928 75696E74 		.ascii	"uint32\000"
 1260      333200
 1261              	.LASF86:
 1262 092f 4359424C 		.ascii	"CYBLE_EVT_PENDING_FLASH_WRITE\000"
 1262      455F4556 
 1262      545F5045 
 1262      4E44494E 
 1262      475F464C 
 1263              	.LASF83:
 1264 094d 4359424C 		.ascii	"CYBLE_EVT_L2CAP_CBFC_RX_CREDIT_IND\000"
 1264      455F4556 
 1264      545F4C32 
 1264      4341505F 
 1264      43424643 
 1265              	.LASF43:
 1266 0970 4359424C 		.ascii	"CYBLE_EVT_GAP_ENHANCE_CONN_COMPLETE\000"
 1266      455F4556 
 1266      545F4741 
 1266      505F454E 
 1266      48414E43 
 1267              	.LASF13:
 1268 0994 646F7562 		.ascii	"double\000"
 1268      6C6500
 1269              	.LASF84:
 1270 099b 4359424C 		.ascii	"CYBLE_EVT_L2CAP_CBFC_TX_CREDIT_IND\000"
 1270      455F4556 
 1270      545F4C32 
 1270      4341505F 
 1270      43424643 
 1271              	.LASF100:
 1272 09be 4359424C 		.ascii	"CYBLE_DIS_CHAR_COUNT\000"
 1272      455F4449 
 1272      535F4348 
 1272      41525F43 
 1272      4F554E54 
 1273              	.LASF28:
 1274 09d3 4359424C 		.ascii	"CYBLE_EVT_GAP_PASSKEY_ENTRY_REQUEST\000"
 1274      455F4556 
 1274      545F4741 
 1274      505F5041 
ARM GAS  C:\Users\User\AppData\Local\Temp\cclEK6aU.s 			page 31


 1274      53534B45 
 1275              	.LASF111:
 1276 09f7 74656D70 		.ascii	"temperature\000"
 1276      65726174 
 1276      75726500 
 1277              	.LASF22:
 1278 0a03 4359424C 		.ascii	"CYBLE_EVT_HARDWARE_ERROR\000"
 1278      455F4556 
 1278      545F4841 
 1278      52445741 
 1278      52455F45 
 1279              	.LASF82:
 1280 0a1c 4359424C 		.ascii	"CYBLE_EVT_L2CAP_CBFC_DATA_READ\000"
 1280      455F4556 
 1280      545F4C32 
 1280      4341505F 
 1280      43424643 
 1281              	.LASF116:
 1282 0a3b 4F6E6557 		.ascii	"OneWire_DataReady\000"
 1282      6972655F 
 1282      44617461 
 1282      52656164 
 1282      7900
 1283              	.LASF26:
 1284 0a4d 4359424C 		.ascii	"CYBLE_EVT_GAPC_SCAN_PROGRESS_RESULT\000"
 1284      455F4556 
 1284      545F4741 
 1284      50435F53 
 1284      43414E5F 
 1285              	.LASF91:
 1286 0a71 4359424C 		.ascii	"CYBLE_DIS_MANUFACTURER_NAME\000"
 1286      455F4449 
 1286      535F4D41 
 1286      4E554641 
 1286      43545552 
 1287              	.LASF110:
 1288 0a8d 5265706F 		.ascii	"ReportTemperature\000"
 1288      72745465 
 1288      6D706572 
 1288      61747572 
 1288      6500
 1289              	.LASF16:
 1290 0a9f 70726573 		.ascii	"present\000"
 1290      656E7400 
 1291              	.LASF102:
 1292 0aa7 4359424C 		.ascii	"CYBLE_HTS_TEMP_TYPE\000"
 1292      455F4854 
 1292      535F5445 
 1292      4D505F54 
 1292      59504500 
 1293              	.LASF55:
 1294 0abb 4359424C 		.ascii	"CYBLE_EVT_GATTC_READ_BY_GROUP_TYPE_RSP\000"
 1294      455F4556 
 1294      545F4741 
 1294      5454435F 
 1294      52454144 
 1295              	.LASF95:
ARM GAS  C:\Users\User\AppData\Local\Temp\cclEK6aU.s 			page 32


 1296 0ae2 4359424C 		.ascii	"CYBLE_DIS_FIRMWARE_REV\000"
 1296      455F4449 
 1296      535F4649 
 1296      524D5741 
 1296      52455F52 
 1297              	.LASF54:
 1298 0af9 4359424C 		.ascii	"CYBLE_EVT_GATTC_XCHNG_MTU_RSP\000"
 1298      455F4556 
 1298      545F4741 
 1298      5454435F 
 1298      5843484E 
 1299              	.LASF94:
 1300 0b17 4359424C 		.ascii	"CYBLE_DIS_HARDWARE_REV\000"
 1300      455F4449 
 1300      535F4841 
 1300      52445741 
 1300      52455F52 
 1301              	.LASF21:
 1302 0b2e 4359424C 		.ascii	"CYBLE_EVT_TIMEOUT\000"
 1302      455F4556 
 1302      545F5449 
 1302      4D454F55 
 1302      5400
 1303              	.LASF15:
 1304 0b40 54656D70 		.ascii	"Temperature\000"
 1304      65726174 
 1304      75726500 
 1305              	.LASF37:
 1306 0b4c 4359424C 		.ascii	"CYBLE_EVT_GAPC_SCAN_START_STOP\000"
 1306      455F4556 
 1306      545F4741 
 1306      50435F53 
 1306      43414E5F 
 1307              	.LASF90:
 1308 0b6b 4359424C 		.ascii	"CYBLE_EVT_MAX\000"
 1308      455F4556 
 1308      545F4D41 
 1308      5800
 1309              	.LASF73:
 1310 0b79 4359424C 		.ascii	"CYBLE_EVT_GATTS_READ_CHAR_VAL_ACCESS_REQ\000"
 1310      455F4556 
 1310      545F4741 
 1310      5454535F 
 1310      52454144 
 1311              	.LASF72:
 1312 0ba2 4359424C 		.ascii	"CYBLE_EVT_GATTC_STOP_CMD_COMPLETE\000"
 1312      455F4556 
 1312      545F4741 
 1312      5454435F 
 1312      53544F50 
 1313              	.LASF112:
 1314 0bc4 7374724D 		.ascii	"strMsg\000"
 1314      736700
 1315              	.LASF34:
 1316 0bcb 4359424C 		.ascii	"CYBLE_EVT_GAP_DEVICE_DISCONNECTED\000"
 1316      455F4556 
 1316      545F4741 
ARM GAS  C:\Users\User\AppData\Local\Temp\cclEK6aU.s 			page 33


 1316      505F4445 
 1316      56494345 
 1317              	.LASF106:
 1318 0bed 4359424C 		.ascii	"CYBLE_HTS_CCCD\000"
 1318      455F4854 
 1318      535F4343 
 1318      434400
 1319              	.LASF71:
 1320 0bfc 4359424C 		.ascii	"CYBLE_EVT_GATTS_DATA_SIGNED_CMD_REQ\000"
 1320      455F4556 
 1320      545F4741 
 1320      5454535F 
 1320      44415441 
 1321              	.LASF88:
 1322 0c20 4359424C 		.ascii	"CYBLE_EVT_HCI_PKT\000"
 1322      455F4556 
 1322      545F4843 
 1322      495F504B 
 1322      5400
 1323              	.LASF97:
 1324 0c32 4359424C 		.ascii	"CYBLE_DIS_SYSTEM_ID\000"
 1324      455F4449 
 1324      535F5359 
 1324      5354454D 
 1324      5F494400 
 1325              	.LASF41:
 1326 0c46 4359424C 		.ascii	"CYBLE_EVT_GAP_OOB_GENERATED_NOTIFICATION\000"
 1326      455F4556 
 1326      545F4741 
 1326      505F4F4F 
 1326      425F4745 
 1327              	.LASF99:
 1328 0c6f 4359424C 		.ascii	"CYBLE_DIS_PNP_ID\000"
 1328      455F4449 
 1328      535F504E 
 1328      505F4944 
 1328      00
 1329              		.ident	"GCC: (GNU Tools for ARM Embedded Processors) 5.4.1 20160609 (release) [ARM/embedded-5-bran
